RUN	mysimulations.Gatling24	gatling24	1670481119869	Gatling Execution	3.6.1
USER	BlazeHomePage	START	1670481121504
REQUEST	Homepage_tx	Homepage_request	1670481121525	1670481122041	OK	 
REQUEST	Homepage_tx	jquery.min.js	1670481122105	1670481122449	OK	 
REQUEST	Homepage_tx	bootstrap.min.js	1670481122106	1670481122511	OK	 
REQUEST	Homepage_tx	bootstrap-table.js	1670481122106	1670481122576	OK	 
REQUEST	Homepage_tx	bootstrap-table.css	1670481122109	1670481122833	OK	 
REQUEST	Homepage_tx	bootstrap.min.css	1670481122108	1670481123010	OK	 
GROUP	Homepage_tx	1670481121506	1670481123021	1436	OK
REQUEST	FindFlight_tx	FindFlightRequest	1670481128045	1670481128426	OK	 
REQUEST	FindFlight_tx	bootstrap-table.css	1670481128457	1670481128731	OK	 
REQUEST	FindFlight_tx	bootstrap-table.js	1670481128455	1670481128735	OK	 
REQUEST	FindFlight_tx	bootstrap.min.css	1670481128456	1670481128736	OK	 
REQUEST	FindFlight_tx	bootstrap.min.js	1670481128455	1670481128738	OK	 
GROUP	FindFlight_tx	1670481128040	1670481128738	665	OK
REQUEST	selectFlight_tx	SelectFlight_request	1670481133758	1670481134135	OK	 
REQUEST	selectFlight_tx	bootstrap-table.js	1670481134148	1670481134412	OK	 
REQUEST	selectFlight_tx	bootstrap-table.css	1670481134151	1670481134431	OK	 
REQUEST	selectFlight_tx	bootstrap.min.css	1670481134149	1670481134432	OK	 
REQUEST	selectFlight_tx	bootstrap.min.js	1670481134146	1670481134434	OK	 
GROUP	selectFlight_tx	1670481133755	1670481134434	666	OK
REQUEST	purchaseTicket_tx	purchaseTicket_request	1670481139440	1670481139890	OK	 
REQUEST	purchaseTicket_tx	bootstrap-table.js	1670481139937	1670481140191	OK	 
REQUEST	purchaseTicket_tx	bootstrap.min.css	1670481139939	1670481140197	OK	 
REQUEST	purchaseTicket_tx	bootstrap.min.js	1670481139936	1670481140210	OK	 
REQUEST	purchaseTicket_tx	bootstrap-table.css	1670481139940	1670481140212	OK	 
GROUP	purchaseTicket_tx	1670481139438	1670481140212	727	OK
USER	BlazeHomePage	END	1670481140232
