RUN	mysimulations.Gatling16	gatling16	1670403946451	 	3.6.1
USER	BlazeHomePage	START	1670403948097
REQUEST	Homepage_tx	Homepage_request	1670403948119	1670403948683	OK	 
REQUEST	Homepage_tx	bootstrap.min.js	1670403948744	1670403949058	OK	 
REQUEST	Homepage_tx	jquery.min.js	1670403948743	1670403949111	OK	 
REQUEST	Homepage_tx	bootstrap-table.js	1670403948745	1670403949458	OK	 
REQUEST	Homepage_tx	bootstrap-table.css	1670403948747	1670403949497	OK	 
REQUEST	Homepage_tx	bootstrap.min.css	1670403948746	1670403949520	OK	 
GROUP	Homepage_tx	1670403948098	1670403949529	1353	OK
REQUEST	FindFlight_tx	FindFlightRequest	1670403954539	1670403954905	OK	 
REQUEST	FindFlight_tx	bootstrap.min.js	1670403954938	1670403955199	OK	 
REQUEST	FindFlight_tx	bootstrap.min.css	1670403954941	1670403955209	OK	 
REQUEST	FindFlight_tx	bootstrap-table.js	1670403954939	1670403955211	OK	 
REQUEST	FindFlight_tx	bootstrap-table.css	1670403954942	1670403955212	OK	 
GROUP	FindFlight_tx	1670403954535	1670403955213	642	OK
REQUEST	selectFlight_tx	SelectFlight_request	1670403960226	1670403960603	OK	 
REQUEST	selectFlight_tx	bootstrap.min.js	1670403960616	1670403960877	OK	 
REQUEST	selectFlight_tx	bootstrap-table.css	1670403960621	1670403960880	OK	 
REQUEST	selectFlight_tx	bootstrap.min.css	1670403960619	1670403960882	OK	 
REQUEST	selectFlight_tx	bootstrap-table.js	1670403960618	1670403960883	OK	 
GROUP	selectFlight_tx	1670403960224	1670403960883	646	OK
REQUEST	purchaseTicket_tx	purchaseTicket_request	1670403965898	1670403966271	OK	 
REQUEST	purchaseTicket_tx	bootstrap-table.js	1670403966326	1670403966597	OK	 
REQUEST	purchaseTicket_tx	bootstrap.min.js	1670403966325	1670403966599	OK	 
REQUEST	purchaseTicket_tx	bootstrap-table.css	1670403966329	1670403966600	OK	 
REQUEST	purchaseTicket_tx	bootstrap.min.css	1670403966327	1670403966601	OK	 
GROUP	purchaseTicket_tx	1670403965896	1670403966601	650	OK
USER	BlazeHomePage	END	1670403966608
