RUN	mysimulations.Gatling24	gatling24	1670480603367	Gatling Execution	3.6.1
USER	BlazeHomePage	START	1670480604706
REQUEST	Homepage_tx	Homepage_request	1670480604734	1670480605363	OK	 
REQUEST	Homepage_tx	jquery.min.js	1670480605433	1670480605522	OK	 
REQUEST	Homepage_tx	bootstrap.min.js	1670480605434	1670480605752	OK	 
REQUEST	Homepage_tx	bootstrap-table.css	1670480605436	1670480605855	OK	 
REQUEST	Homepage_tx	bootstrap-table.js	1670480605435	1670480605934	OK	 
REQUEST	Homepage_tx	bootstrap.min.css	1670480605435	1670480606335	OK	 
GROUP	Homepage_tx	1670480604708	1670480606343	1545	OK
REQUEST	FindFlight_tx	FindFlightRequest	1670480611355	1670480611791	OK	 
REQUEST	FindFlight_tx	bootstrap.min.js	1670480611825	1670480612091	OK	 
REQUEST	FindFlight_tx	bootstrap-table.js	1670480611826	1670480612095	OK	 
REQUEST	FindFlight_tx	bootstrap.min.css	1670480611829	1670480612098	OK	 
REQUEST	FindFlight_tx	bootstrap-table.css	1670480611831	1670480612111	OK	 
GROUP	FindFlight_tx	1670480611349	1670480612112	724	OK
REQUEST	selectFlight_tx	SelectFlight_request	1670480617125	1670480617533	OK	 
REQUEST	selectFlight_tx	bootstrap.min.js	1670480617538	1670480617791	OK	 
REQUEST	selectFlight_tx	bootstrap-table.js	1670480617539	1670480617795	OK	 
REQUEST	selectFlight_tx	bootstrap.min.css	1670480617540	1670480617812	OK	 
REQUEST	selectFlight_tx	bootstrap-table.css	1670480617541	1670480617816	OK	 
GROUP	selectFlight_tx	1670480617124	1670480617817	688	OK
REQUEST	purchaseTicket_tx	purchaseTicket_request	1670480622821	1670480623184	OK	 
REQUEST	purchaseTicket_tx	bootstrap-table.js	1670480623240	1670480623512	OK	 
REQUEST	purchaseTicket_tx	bootstrap.min.js	1670480623239	1670480623514	OK	 
REQUEST	purchaseTicket_tx	bootstrap-table.css	1670480623245	1670480623515	OK	 
REQUEST	purchaseTicket_tx	bootstrap.min.css	1670480623242	1670480623517	OK	 
GROUP	purchaseTicket_tx	1670480622819	1670480623518	643	OK
USER	BlazeHomePage	END	1670480623523
