ASSERTION	AAEDAAECAwAAAAAAAIizQA==
ASSERTION	AAIDAAECAwAAAAAAAIizQA==
RUN	mysimulations.Gatling22	gatling22	1670475988114	Gatling Execution	3.6.1
USER	BlazeHomePage	START	1670475989878
USER	BlazeHomePage	START	1670475990841
REQUEST	Homepage_tx	Homepage_request	1670475990670	1670475991225	OK	 
USER	BlazeHomePage	START	1670475991836
REQUEST	Homepage_tx	Homepage_request	1670475991652	1670475992148	OK	 
REQUEST	Homepage_tx	jquery.min.js	1670475992672	1670475992738	OK	 
USER	BlazeHomePage	START	1670475992797
REQUEST	Homepage_tx	bootstrap.min.js	1670475993198	1670475993557	OK	 
USER	BlazeHomePage	START	1670475993786
REQUEST	Homepage_tx	bootstrap-table.js	1670475993679	1670475994020	OK	 
USER	BlazeHomePage	START	1670475994791
REQUEST	Homepage_tx	bootstrap.min.css	1670475994187	1670475994798	OK	 
REQUEST	Homepage_tx	bootstrap-table.css	1670475994652	1670475995057	OK	 
GROUP	Homepage_tx	1670475989886	1670475995059	4289	OK
REQUEST	Homepage_tx	jquery.min.js	1670475995351	1670475995385	OK	 
REQUEST	Homepage_tx	Homepage_request	1670475995012	1670475995537	OK	 
USER	BlazeHomePage	START	1670475995785
REQUEST	Homepage_tx	bootstrap.min.js	1670475995679	1670475995981	OK	 
REQUEST	Homepage_tx	bootstrap-table.js	1670475996021	1670475996400	OK	 
USER	BlazeHomePage	START	1670475996795
REQUEST	Homepage_tx	bootstrap-table.css	1670475996659	1670475996923	OK	 
REQUEST	Homepage_tx	bootstrap.min.css	1670475996360	1670475997363	OK	 
GROUP	Homepage_tx	1670475990841	1670475997365	5708	OK
REQUEST	Homepage_tx	Homepage_request	1670475996922	1670475997437	OK	 
REQUEST	Homepage_tx	Homepage_request	1670475997169	1670475997664	OK	 
USER	BlazeHomePage	START	1670475997789
REQUEST	Homepage_tx	Homepage_request	1670475997418	1670475997934	OK	 
REQUEST	Homepage_tx	jquery.min.js	1670475997929	1670475997976	OK	 
REQUEST	FindFlight_tx	FindFlightRequest	1670475997652	1670475998032	OK	 
REQUEST	Homepage_tx	bootstrap.min.js	1670475998173	1670475998564	OK	 
USER	BlazeHomePage	START	1670475998795
REQUEST	Homepage_tx	bootstrap-table.js	1670475998426	1670475998905	OK	 
REQUEST	Homepage_tx	bootstrap-table.css	1670475998892	1670475999314	OK	 
REQUEST	Homepage_tx	bootstrap.min.css	1670475998672	1670475999327	OK	 
GROUP	Homepage_tx	1670475991836	1670475999330	4312	OK
REQUEST	Homepage_tx	Homepage_request	1670475999092	1670475999616	OK	 
REQUEST	Homepage_tx	jquery.min.js	1670475999677	1670475999707	OK	 
USER	BlazeHomePage	START	1670475999783
REQUEST	Homepage_tx	Homepage_request	1670475999292	1670475999819	OK	 
REQUEST	FindFlight_tx	FindFlightRequest	1670475999492	1670475999852	OK	 
REQUEST	Homepage_tx	bootstrap.min.js	1670475999908	1670476000298	OK	 
REQUEST	Homepage_tx	bootstrap-table.js	1670476000109	1670476000697	OK	 
REQUEST	Homepage_tx	jquery.min.js	1670476000682	1670476000721	OK	 
USER	BlazeHomePage	START	1670476000790
REQUEST	Homepage_tx	bootstrap-table.css	1670476000510	1670476000947	OK	 
REQUEST	Homepage_tx	bootstrap.min.css	1670476000311	1670476001156	OK	 
GROUP	Homepage_tx	1670475992797	1670476001158	4224	OK
REQUEST	Homepage_tx	bootstrap.min.js	1670476000912	1670476001232	OK	 
REQUEST	Homepage_tx	bootstrap-table.js	1670476001111	1670476001768	OK	 
USER	BlazeHomePage	START	1670476001796
REQUEST	Homepage_tx	jquery.min.js	1670476001899	1670476001933	OK	 
REQUEST	Homepage_tx	bootstrap-table.css	1670476001501	1670476001934	OK	 
REQUEST	Homepage_tx	bootstrap.min.css	1670476001302	1670476002189	OK	 
GROUP	Homepage_tx	1670475993786	1670476002191	5015	OK
REQUEST	Homepage_tx	Homepage_request	1670476001672	1670476002266	OK	 
REQUEST	Homepage_tx	bootstrap.min.js	1670476002092	1670476002567	OK	 
USER	BlazeHomePage	START	1670476002796
REQUEST	Homepage_tx	bootstrap-table.js	1670476002301	1670476002832	OK	 
REQUEST	Homepage_tx	bootstrap-table.css	1670476002672	1670476002934	OK	 
REQUEST	FindFlight_tx	bootstrap.min.js	1670476002891	1670476003165	OK	 
REQUEST	Homepage_tx	bootstrap.min.css	1670476002499	1670476003223	OK	 
GROUP	Homepage_tx	1670475994791	1670476003224	5797	OK
REQUEST	FindFlight_tx	bootstrap-table.js	1670476003092	1670476003356	OK	 
REQUEST	FindFlight_tx	bootstrap.min.css	1670476003294	1670476003573	OK	 
REQUEST	FindFlight_tx	bootstrap-table.css	1670476003493	1670476003755	OK	 
GROUP	FindFlight_tx	1670475995059	1670476003756	6039	OK
USER	BlazeHomePage	START	1670476003789
REQUEST	Homepage_tx	jquery.min.js	1670476004087	1670476004120	OK	 
REQUEST	Homepage_tx	Homepage_request	1670476003679	1670476004181	OK	 
REQUEST	FindFlight_tx	FindFlightRequest	1670476003882	1670476004245	OK	 
REQUEST	Homepage_tx	bootstrap.min.js	1670476004287	1670476004688	OK	 
USER	BlazeHomePage	START	1670476004796
REQUEST	Homepage_tx	bootstrap-table.js	1670476004487	1670476004999	OK	 
REQUEST	Homepage_tx	bootstrap-table.css	1670476004862	1670476005123	OK	 
REQUEST	Homepage_tx	jquery.min.js	1670476005263	1670476005292	OK	 
REQUEST	Homepage_tx	bootstrap.min.css	1670476004657	1670476005362	OK	 
GROUP	Homepage_tx	1670475995785	1670476005363	6267	OK
REQUEST	Homepage_tx	Homepage_request	1670476005062	1670476005566	OK	 
REQUEST	Homepage_tx	bootstrap.min.js	1670476005467	1670476005767	OK	 
USER	BlazeHomePage	START	1670476005793
REQUEST	Homepage_tx	bootstrap-table.js	1670476005652	1670476006122	OK	 
REQUEST	Homepage_tx	bootstrap-table.css	1670476006081	1670476006487	OK	 
REQUEST	FindFlight_tx	bootstrap.min.js	1670476006279	1670476006539	OK	 
REQUEST	Homepage_tx	bootstrap.min.css	1670476005878	1670476006695	OK	 
GROUP	Homepage_tx	1670475996795	1670476006698	7402	OK
REQUEST	FindFlight_tx	bootstrap-table.js	1670476006482	1670476006742	OK	 
USER	BlazeHomePage	START	1670476006790
REQUEST	FindFlight_tx	bootstrap.min.css	1670476006682	1670476006946	OK	 
REQUEST	FindFlight_tx	bootstrap-table.css	1670476006901	1670476007151	OK	 
GROUP	FindFlight_tx	1670475997365	1670476007151	7649	OK
REQUEST	Homepage_tx	Homepage_request	1670476007111	1670476007624	OK	 
REQUEST	FindFlight_tx	FindFlightRequest	1670476007302	1670476007694	OK	 
USER	BlazeHomePage	START	1670476007797
REQUEST	Homepage_tx	jquery.min.js	1670476007871	1670476007893	OK	 
REQUEST	Homepage_tx	Homepage_request	1670476007501	1670476008017	OK	 
REQUEST	FindFlight_tx	FindFlightRequest	1670476007653	1670476008018	OK	 
REQUEST	Homepage_tx	bootstrap.min.js	1670476008074	1670476008443	OK	 
USER	BlazeHomePage	START	1670476008799
REQUEST	Homepage_tx	bootstrap-table.js	1670476008276	1670476008960	OK	 
REQUEST	Homepage_tx	bootstrap.min.css	1670476008478	1670476009070	OK	 
REQUEST	Homepage_tx	bootstrap-table.css	1670476008677	1670476009096	OK	 
GROUP	Homepage_tx	1670475997789	1670476009097	7423	OK
REQUEST	FindFlight_tx	FindFlightRequest	1670476009081	1670476009417	OK	 
REQUEST	Homepage_tx	Homepage_request	1670476008894	1670476009511	OK	 
REQUEST	selectFlight_tx	SelectFlight_request	1670476009281	1670476009689	OK	 
REQUEST	Homepage_tx	jquery.min.js	1670476009668	1670476009689	OK	 
USER	BlazeHomePage	START	1670476009793
REQUEST	Homepage_tx	Homepage_request	1670476009482	1670476010003	OK	 
REQUEST	Homepage_tx	bootstrap.min.js	1670476009778	1670476010108	OK	 
REQUEST	Homepage_tx	bootstrap-table.js	1670476009871	1670476010412	OK	 
REQUEST	FindFlight_tx	bootstrap.min.js	1670476010178	1670476010433	OK	 
REQUEST	Homepage_tx	bootstrap-table.css	1670476010071	1670476010485	OK	 
REQUEST	FindFlight_tx	bootstrap-table.js	1670476010286	1670476010548	OK	 
REQUEST	FindFlight_tx	bootstrap.min.css	1670476010377	1670476010649	OK	 
REQUEST	FindFlight_tx	bootstrap-table.css	1670476010471	1670476010727	OK	 
GROUP	FindFlight_tx	1670475999331	1670476010727	6836	OK
USER	BlazeHomePage	START	1670476010794
REQUEST	Homepage_tx	jquery.min.js	1670476010777	1670476010810	OK	 
REQUEST	Homepage_tx	bootstrap.min.css	1670476009976	1670476010952	OK	 
GROUP	Homepage_tx	1670475998795	1670476010955	7272	OK
REQUEST	FindFlight_tx	FindFlightRequest	1670476010656	1670476011067	OK	 
REQUEST	Homepage_tx	Homepage_request	1670476010578	1670476011086	OK	 
REQUEST	Homepage_tx	bootstrap.min.js	1670476010871	1670476011261	OK	 
REQUEST	Homepage_tx	bootstrap-table.js	1670476010980	1670476011622	OK	 
REQUEST	Homepage_tx	bootstrap-table.css	1670476011181	1670476011625	OK	 
REQUEST	Homepage_tx	jquery.min.js	1670476011682	1670476011713	OK	 
REQUEST	FindFlight_tx	FindFlightRequest	1670476011372	1670476011767	OK	 
USER	BlazeHomePage	START	1670476011784
REQUEST	Homepage_tx	Homepage_request	1670476011277	1670476011900	OK	 
REQUEST	Homepage_tx	bootstrap.min.css	1670476011077	1670476011956	OK	 
GROUP	Homepage_tx	1670475999783	1670476011957	6892	OK
REQUEST	selectFlight_tx	SelectFlight_request	1670476011598	1670476011984	OK	 
REQUEST	Homepage_tx	Homepage_request	1670476011502	1670476012041	OK	 
REQUEST	Homepage_tx	bootstrap.min.js	1670476011815	1670476012310	OK	 
REQUEST	FindFlight_tx	bootstrap.min.js	1670476012215	1670476012481	OK	 
REQUEST	Homepage_tx	bootstrap-table.js	1670476011921	1670476012510	OK	 
REQUEST	Homepage_tx	bootstrap-table.css	1670476012111	1670476012544	OK	 
REQUEST	FindFlight_tx	bootstrap-table.js	1670476012311	1670476012565	OK	 
REQUEST	FindFlight_tx	bootstrap.min.css	1670476012418	1670476012680	OK	 
REQUEST	Homepage_tx	jquery.min.js	1670476012682	1670476012706	OK	 
REQUEST	FindFlight_tx	bootstrap-table.css	1670476012512	1670476012770	OK	 
GROUP	FindFlight_tx	1670476001158	1670476012771	5462	OK
USER	BlazeHomePage	START	1670476012787
REQUEST	Homepage_tx	bootstrap.min.css	1670476012022	1670476012816	OK	 
GROUP	Homepage_tx	1670476000790	1670476012817	5703	OK
REQUEST	Homepage_tx	Homepage_request	1670476012619	1670476013152	OK	 
REQUEST	Homepage_tx	bootstrap.min.js	1670476012802	1670476013219	OK	 
REQUEST	Homepage_tx	bootstrap-table.js	1670476012911	1670476013382	OK	 
REQUEST	FindFlight_tx	bootstrap.min.js	1670476013207	1670476013476	OK	 
REQUEST	Homepage_tx	bootstrap-table.css	1670476013101	1670476013510	OK	 
REQUEST	FindFlight_tx	bootstrap-table.js	1670476013301	1670476013566	OK	 
REQUEST	FindFlight_tx	bootstrap.min.css	1670476013407	1670476013672	OK	 
REQUEST	FindFlight_tx	bootstrap-table.css	1670476013501	1670476013760	OK	 
GROUP	FindFlight_tx	1670476002191	1670476013760	6100	OK
USER	BlazeHomePage	START	1670476013793
REQUEST	Homepage_tx	bootstrap.min.css	1670476013003	1670476013892	OK	 
GROUP	Homepage_tx	1670476001797	1670476013894	6388	OK
REQUEST	FindFlight_tx	bootstrap.min.js	1670476013793	1670476014054	OK	 
REQUEST	FindFlight_tx	FindFlightRequest	1670476013672	1670476014054	OK	 
REQUEST	Homepage_tx	Homepage_request	1670476013608	1670476014118	OK	 
REQUEST	FindFlight_tx	bootstrap-table.js	1670476013891	1670476014149	OK	 
REQUEST	Homepage_tx	jquery.min.js	1670476014197	1670476014237	OK	 
REQUEST	FindFlight_tx	bootstrap.min.css	1670476013995	1670476014263	OK	 
REQUEST	FindFlight_tx	bootstrap-table.css	1670476014091	1670476014368	OK	 
GROUP	FindFlight_tx	1670476003224	1670476014369	5283	OK
REQUEST	Homepage_tx	bootstrap.min.js	1670476014292	1670476014691	OK	 
USER	BlazeHomePage	START	1670476014797
REQUEST	selectFlight_tx	bootstrap.min.js	1670476014674	1670476014938	OK	 
REQUEST	Homepage_tx	bootstrap-table.js	1670476014398	1670476014977	OK	 
REQUEST	Homepage_tx	bootstrap-table.css	1670476014597	1670476015040	OK	 
REQUEST	selectFlight_tx	bootstrap-table.js	1670476014796	1670476015058	OK	 
REQUEST	Homepage_tx	bootstrap.min.css	1670476014491	1670476015187	OK	 
GROUP	Homepage_tx	1670476002796	1670476015189	6289	OK
REQUEST	Homepage_tx	jquery.min.js	1670476015195	1670476015231	OK	 
REQUEST	selectFlight_tx	bootstrap-table.css	1670476014995	1670476015247	OK	 
REQUEST	selectFlight_tx	bootstrap.min.css	1670476014892	1670476015326	OK	 
GROUP	selectFlight_tx	1670476003756	1670476015327	6040	OK
REQUEST	Homepage_tx	Homepage_request	1670476015102	1670476015605	OK	 
REQUEST	Homepage_tx	bootstrap.min.js	1670476015291	1670476015757	OK	 
USER	BlazeHomePage	START	1670476015797
REQUEST	Homepage_tx	bootstrap-table.js	1670476015395	1670476015950	OK	 
REQUEST	Homepage_tx	bootstrap-table.css	1670476015592	1670476016001	OK	 
REQUEST	selectFlight_tx	SelectFlight_request	1670476015672	1670476016031	OK	 
REQUEST	FindFlight_tx	bootstrap.min.js	1670476015996	1670476016260	OK	 
REQUEST	FindFlight_tx	FindFlightRequest	1670476015891	1670476016259	OK	 
REQUEST	Homepage_tx	bootstrap.min.css	1670476015493	1670476016267	OK	 
GROUP	Homepage_tx	1670476003790	1670476016268	6781	OK
REQUEST	Homepage_tx	Homepage_request	1670476015796	1670476016321	OK	 
REQUEST	FindFlight_tx	bootstrap-table.js	1670476016101	1670476016367	OK	 
REQUEST	Homepage_tx	jquery.min.js	1670476016398	1670476016421	OK	 
REQUEST	FindFlight_tx	bootstrap.min.css	1670476016195	1670476016470	OK	 
REQUEST	FindFlight_tx	bootstrap-table.css	1670476016292	1670476016551	OK	 
GROUP	FindFlight_tx	1670476005363	1670476016551	5886	OK
USER	BlazeHomePage	START	1670476016788
REQUEST	Homepage_tx	bootstrap.min.js	1670476016492	1670476016839	OK	 
REQUEST	Homepage_tx	bootstrap-table.js	1670476016601	1670476017098	OK	 
REQUEST	FindFlight_tx	bootstrap.min.js	1670476016882	1670476017146	OK	 
REQUEST	Homepage_tx	bootstrap-table.css	1670476016788	1670476017221	OK	 
REQUEST	FindFlight_tx	bootstrap-table.js	1670476016990	1670476017246	OK	 
REQUEST	FindFlight_tx	bootstrap.min.css	1670476017099	1670476017349	OK	 
REQUEST	Homepage_tx	jquery.min.js	1670476017407	1670476017434	OK	 
REQUEST	FindFlight_tx	bootstrap-table.css	1670476017205	1670476017470	OK	 
GROUP	FindFlight_tx	1670476006698	1670476017471	6092	OK
REQUEST	Homepage_tx	bootstrap.min.css	1670476016681	1670476017578	OK	 
GROUP	Homepage_tx	1670476004796	1670476017579	6997	OK
USER	BlazeHomePage	START	1670476017796
REQUEST	Homepage_tx	Homepage_request	1670476017302	1670476017899	OK	 
REQUEST	Homepage_tx	bootstrap.min.js	1670476017501	1670476017921	OK	 
REQUEST	Homepage_tx	bootstrap-table.css	1670476017782	1670476018188	OK	 
REQUEST	Homepage_tx	bootstrap-table.js	1670476017609	1670476018235	OK	 
REQUEST	selectFlight_tx	bootstrap.min.js	1670476017981	1670476018249	OK	 
REQUEST	FindFlight_tx	FindFlightRequest	1670476017888	1670476018307	OK	 
REQUEST	selectFlight_tx	bootstrap-table.js	1670476018089	1670476018357	OK	 
REQUEST	Homepage_tx	jquery.min.js	1670476018382	1670476018415	OK	 
REQUEST	selectFlight_tx	bootstrap-table.css	1670476018291	1670476018552	OK	 
REQUEST	selectFlight_tx	bootstrap.min.css	1670476018181	1670476018582	OK	 
GROUP	selectFlight_tx	1670476007151	1670476018582	6979	OK
REQUEST	Homepage_tx	bootstrap.min.css	1670476017656	1670476018679	OK	 
GROUP	Homepage_tx	1670476005793	1670476018680	7401	OK
USER	BlazeHomePage	START	1670476018785
REQUEST	Homepage_tx	bootstrap.min.js	1670476018489	1670476018793	OK	 
REQUEST	Homepage_tx	bootstrap-table.css	1670476018816	1670476019095	OK	 
REQUEST	Homepage_tx	bootstrap-table.js	1670476018583	1670476019121	OK	 
REQUEST	Homepage_tx	jquery.min.js	1670476019219	1670476019242	OK	 
REQUEST	selectFlight_tx	SelectFlight_request	1670476018911	1670476019277	OK	 
REQUEST	Homepage_tx	bootstrap.min.css	1670476018692	1670476019407	OK	 
GROUP	Homepage_tx	1670476006790	1670476019409	7899	OK
REQUEST	FindFlight_tx	FindFlightRequest	1670476019111	1670476019502	OK	 
REQUEST	Homepage_tx	Homepage_request	1670476019019	1670476019634	OK	 
USER	BlazeHomePage	START	1670476019795
REQUEST	Homepage_tx	bootstrap.min.js	1670476019311	1670476019799	OK	 
REQUEST	Homepage_tx	bootstrap-table.css	1670476019612	1670476020017	OK	 
REQUEST	selectFlight_tx	SelectFlight_request	1670476019672	1670476020044	OK	 
REQUEST	Homepage_tx	jquery.min.js	1670476020042	1670476020068	OK	 
REQUEST	Homepage_tx	bootstrap-table.js	1670476019419	1670476020091	OK	 
REQUEST	FindFlight_tx	bootstrap.min.js	1670476019842	1670476020118	OK	 
REQUEST	FindFlight_tx	bootstrap-table.js	1670476019897	1670476020165	OK	 
REQUEST	FindFlight_tx	FindFlightRequest	1670476019795	1670476020207	OK	 
REQUEST	FindFlight_tx	bootstrap.min.css	1670476019951	1670476020215	OK	 
REQUEST	Homepage_tx	bootstrap.min.css	1670476019511	1670476020245	OK	 
GROUP	Homepage_tx	1670476007798	1670476020247	7624	OK
REQUEST	Homepage_tx	Homepage_request	1670476019749	1670476020250	OK	 
REQUEST	FindFlight_tx	bootstrap-table.css	1670476019995	1670476020408	OK	 
GROUP	FindFlight_tx	1670476009097	1670476020409	6732	OK
REQUEST	Homepage_tx	jquery.min.js	1670476020500	1670476020538	OK	 
REQUEST	Homepage_tx	bootstrap.min.js	1670476020103	1670476020574	OK	 
REQUEST	Homepage_tx	bootstrap-table.css	1670476020243	1670476020656	OK	 
REQUEST	Homepage_tx	bootstrap-table.js	1670476020149	1670476020716	OK	 
REQUEST	selectFlight_tx	SelectFlight_request	1670476020301	1670476020732	OK	 
USER	BlazeHomePage	START	1670476020793
REQUEST	purchaseTicket_tx	purchaseTicket_request	1670476020448	1670476020824	OK	 
REQUEST	Homepage_tx	bootstrap.min.js	1670476020551	1670476020842	OK	 
REQUEST	FindFlight_tx	FindFlightRequest	1670476020394	1670476020876	OK	 
REQUEST	Homepage_tx	Homepage_request	1670476020351	1670476020887	OK	 
REQUEST	selectFlight_tx	bootstrap.min.js	1670476020793	1670476021050	OK	 
REQUEST	selectFlight_tx	bootstrap-table.js	1670476020841	1670476021099	OK	 
REQUEST	Homepage_tx	bootstrap.min.css	1670476020195	1670476021111	OK	 
GROUP	Homepage_tx	1670476008800	1670476021113	7499	OK
REQUEST	Homepage_tx	bootstrap-table.js	1670476020593	1670476021125	OK	 
REQUEST	Homepage_tx	bootstrap-table.css	1670476020672	1670476021158	OK	 
REQUEST	selectFlight_tx	bootstrap.min.css	1670476020900	1670476021164	OK	 
REQUEST	FindFlight_tx	bootstrap.min.js	1670476021041	1670476021298	OK	 
REQUEST	Homepage_tx	jquery.min.js	1670476021241	1670476021299	OK	 
REQUEST	Homepage_tx	Homepage_request	1670476020746	1670476021332	OK	 
REQUEST	FindFlight_tx	bootstrap-table.js	1670476021101	1670476021366	OK	 
REQUEST	FindFlight_tx	FindFlightRequest	1670476020994	1670476021367	OK	 
REQUEST	selectFlight_tx	bootstrap-table.css	1670476020948	1670476021394	OK	 
GROUP	selectFlight_tx	1670476010727	1670476021395	5717	OK
REQUEST	FindFlight_tx	bootstrap.min.css	1670476021148	1670476021445	OK	 
REQUEST	Homepage_tx	bootstrap.min.css	1670476020641	1670476021449	OK	 
GROUP	Homepage_tx	1670476009793	1670476021450	6345	OK
REQUEST	FindFlight_tx	bootstrap-table.css	1670476021194	1670476021455	OK	 
GROUP	FindFlight_tx	1670476010955	1670476021456	5555	OK
REQUEST	Homepage_tx	jquery.min.js	1670476021749	1670476021773	OK	 
USER	BlazeHomePage	START	1670476021796
REQUEST	Homepage_tx	bootstrap.min.js	1670476021302	1670476021801	OK	 
REQUEST	Homepage_tx	bootstrap-table.js	1670476021349	1670476021871	OK	 
REQUEST	selectFlight_tx	SelectFlight_request	1670476021491	1670476021910	OK	 
REQUEST	selectFlight_tx	SelectFlight_request	1670476021593	1670476021999	OK	 
REQUEST	FindFlight_tx	FindFlightRequest	1670476021642	1670476022097	OK	 
REQUEST	Homepage_tx	bootstrap-table.css	1670476021441	1670476022177	OK	 
REQUEST	Homepage_tx	bootstrap.min.js	1670476021796	1670476022226	OK	 
REQUEST	FindFlight_tx	bootstrap.min.js	1670476022000	1670476022273	OK	 
REQUEST	Homepage_tx	Homepage_request	1670476021550	1670476022276	OK	 
REQUEST	Homepage_tx	Homepage_request	1670476021674	1670476022290	OK	 
REQUEST	Homepage_tx	bootstrap-table.js	1670476021844	1670476022311	OK	 
REQUEST	FindFlight_tx	bootstrap-table.js	1670476022043	1670476022314	OK	 
REQUEST	FindFlight_tx	bootstrap.min.css	1670476022091	1670476022377	OK	 
REQUEST	Homepage_tx	bootstrap-table.css	1670476021950	1670476022383	OK	 
REQUEST	FindFlight_tx	bootstrap-table.css	1670476022150	1670476022405	OK	 
GROUP	FindFlight_tx	1670476011957	1670476022405	4513	OK
REQUEST	Homepage_tx	bootstrap.min.css	1670476021395	1670476022441	OK	 
GROUP	Homepage_tx	1670476010794	1670476022442	6644	OK
REQUEST	selectFlight_tx	bootstrap.min.js	1670476022342	1670476022595	OK	 
REQUEST	Homepage_tx	bootstrap.min.css	1670476021891	1670476022603	OK	 
GROUP	Homepage_tx	1670476011784	1670476022605	5300	OK
REQUEST	purchaseTicket_tx	purchaseTicket_request	1670476022197	1670476022608	OK	 
REQUEST	selectFlight_tx	bootstrap-table.js	1670476022399	1670476022698	OK	 
REQUEST	selectFlight_tx	bootstrap.min.css	1670476022444	1670476022699	OK	 
REQUEST	FindFlight_tx	FindFlightRequest	1670476022246	1670476022698	OK	 
USER	BlazeHomePage	START	1670476022787
REQUEST	Homepage_tx	Homepage_request	1670476022298	1670476022842	OK	 
REQUEST	FindFlight_tx	bootstrap.min.js	1670476022601	1670476022859	OK	 
REQUEST	Homepage_tx	jquery.min.js	1670476022787	1670476022862	OK	 
REQUEST	FindFlight_tx	bootstrap.min.css	1670476022680	1670476022956	OK	 
REQUEST	FindFlight_tx	bootstrap-table.js	1670476022648	1670476022963	OK	 
REQUEST	selectFlight_tx	bootstrap-table.css	1670476022491	1670476022980	OK	 
GROUP	selectFlight_tx	1670476012771	1670476022980	4067	OK
REQUEST	FindFlight_tx	FindFlightRequest	1670476022541	1670476022983	OK	 
REQUEST	FindFlight_tx	bootstrap-table.css	1670476022741	1670476023040	OK	 
GROUP	FindFlight_tx	1670476012817	1670476023041	3926	OK
REQUEST	Homepage_tx	bootstrap.min.js	1670476022834	1670476023328	OK	 
REQUEST	selectFlight_tx	bootstrap.min.js	1670476023081	1670476023342	OK	 
REQUEST	Homepage_tx	bootstrap-table.js	1670476022881	1670476023377	OK	 
REQUEST	selectFlight_tx	bootstrap-table.js	1670476023132	1670476023396	OK	 
REQUEST	selectFlight_tx	bootstrap.min.css	1670476023187	1670476023493	OK	 
REQUEST	Homepage_tx	bootstrap-table.css	1670476022991	1670476023494	OK	 
REQUEST	Homepage_tx	jquery.min.js	1670476023531	1670476023552	OK	 
REQUEST	Homepage_tx	Homepage_request	1670476023032	1670476023579	OK	 
REQUEST	FindFlight_tx	bootstrap-table.js	1670476023340	1670476023625	OK	 
REQUEST	FindFlight_tx	bootstrap.min.js	1670476023281	1670476023628	OK	 
REQUEST	FindFlight_tx	bootstrap.min.css	1670476023386	1670476023651	OK	 
REQUEST	selectFlight_tx	bootstrap-table.css	1670476023232	1670476023658	OK	 
GROUP	selectFlight_tx	1670476013760	1670476023659	3980	OK
REQUEST	FindFlight_tx	bootstrap-table.css	1670476023432	1670476023682	OK	 
GROUP	FindFlight_tx	1670476013894	1670476023682	3882	OK
USER	BlazeHomePage	START	1670476023791
REQUEST	Homepage_tx	bootstrap.min.css	1670476022931	1670476023863	OK	 
GROUP	Homepage_tx	1670476012787	1670476023865	4841	OK
REQUEST	FindFlight_tx	FindFlightRequest	1670476023481	1670476023914	OK	 
REQUEST	Homepage_tx	bootstrap.min.js	1670476023589	1670476023955	OK	 
REQUEST	Homepage_tx	bootstrap-table.js	1670476023636	1670476024088	OK	 
REQUEST	selectFlight_tx	bootstrap.min.js	1670476023835	1670476024109	OK	 
REQUEST	selectFlight_tx	bootstrap-table.js	1670476023880	1670476024142	OK	 
REQUEST	selectFlight_tx	SelectFlight_request	1670476023777	1670476024159	OK	 
REQUEST	Homepage_tx	bootstrap-table.css	1670476023728	1670476024163	OK	 
REQUEST	selectFlight_tx	bootstrap.min.css	1670476023927	1670476024191	OK	 
REQUEST	Homepage_tx	jquery.min.js	1670476024271	1670476024317	OK	 
REQUEST	FindFlight_tx	bootstrap.min.js	1670476024071	1670476024332	OK	 
REQUEST	selectFlight_tx	bootstrap-table.css	1670476023973	1670476024379	OK	 
GROUP	selectFlight_tx	1670476014369	1670476024380	4072	OK
REQUEST	FindFlight_tx	bootstrap-table.js	1670476024128	1670476024395	OK	 
REQUEST	FindFlight_tx	bootstrap.min.css	1670476024175	1670476024436	OK	 
REQUEST	FindFlight_tx	bootstrap-table.css	1670476024223	1670476024500	OK	 
GROUP	FindFlight_tx	1670476015189	1670476024501	4099	OK
REQUEST	Homepage_tx	bootstrap.min.css	1670476023652	1670476024538	OK	 
GROUP	Homepage_tx	1670476013793	1670476024540	4788	OK
REQUEST	Homepage_tx	Homepage_request	1670476024021	1670476024542	OK	 
REQUEST	Homepage_tx	bootstrap.min.js	1670476024331	1670476024654	OK	 
REQUEST	purchaseTicket_tx	bootstrap.min.js	1670476024530	1670476024787	OK	 
USER	BlazeHomePage	START	1670476024788
REQUEST	purchaseTicket_tx	bootstrap-table.js	1670476024575	1670476024846	OK	 
REQUEST	Homepage_tx	jquery.min.js	1670476024804	1670476024861	OK	 
REQUEST	purchaseTicket_tx	bootstrap.min.css	1670476024622	1670476024886	OK	 
REQUEST	Homepage_tx	bootstrap-table.css	1670476024471	1670476024902	OK	 
REQUEST	Homepage_tx	bootstrap-table.js	1670476024379	1670476024983	OK	 
REQUEST	purchaseTicket_tx	bootstrap-table.css	1670476024685	1670476025091	OK	 
GROUP	purchaseTicket_tx	1670476015327	1670476025092	4556	OK
REQUEST	Homepage_tx	bootstrap.min.css	1670476024426	1670476025106	OK	 
GROUP	Homepage_tx	1670476014797	1670476025107	4745	OK
REQUEST	FindFlight_tx	FindFlightRequest	1670476024757	1670476025198	OK	 
REQUEST	Homepage_tx	bootstrap.min.js	1670476024851	1670476025226	OK	 
REQUEST	FindFlight_tx	bootstrap.min.js	1670476025051	1670476025319	OK	 
REQUEST	FindFlight_tx	bootstrap-table.js	1670476025106	1670476025369	OK	 
REQUEST	Homepage_tx	bootstrap-table.css	1670476025003	1670476025416	OK	 
REQUEST	FindFlight_tx	bootstrap.min.css	1670476025157	1670476025426	OK	 
REQUEST	Homepage_tx	bootstrap-table.js	1670476024909	1670476025456	OK	 
REQUEST	FindFlight_tx	bootstrap-table.css	1670476025202	1670476025462	OK	 
GROUP	FindFlight_tx	1670476016268	1670476025463	4458	OK
REQUEST	purchaseTicket_tx	purchaseTicket_request	1670476025251	1670476025611	OK	 
REQUEST	FindFlight_tx	FindFlightRequest	1670476025310	1670476025682	OK	 
REQUEST	Homepage_tx	bootstrap.min.css	1670476024956	1670476025698	OK	 
GROUP	Homepage_tx	1670476015797	1670476025712	4961	OK
REQUEST	selectFlight_tx	bootstrap.min.js	1670476025451	1670476025726	OK	 
REQUEST	selectFlight_tx	SelectFlight_request	1670476025357	1670476025749	OK	 
REQUEST	selectFlight_tx	bootstrap-table.js	1670476025509	1670476025773	OK	 
USER	BlazeHomePage	START	1670476025786
REQUEST	selectFlight_tx	bootstrap.min.css	1670476025555	1670476025809	OK	 
REQUEST	selectFlight_tx	bootstrap.min.js	1670476025651	1670476025918	OK	 
REQUEST	Homepage_tx	Homepage_request	1670476025402	1670476025932	OK	 
REQUEST	selectFlight_tx	bootstrap-table.js	1670476025718	1670476025977	OK	 
REQUEST	selectFlight_tx	bootstrap.min.css	1670476025772	1670476026030	OK	 
REQUEST	selectFlight_tx	bootstrap-table.css	1670476025602	1670476026033	OK	 
GROUP	selectFlight_tx	1670476016551	1670476026033	4539	OK
REQUEST	Homepage_tx	jquery.min.js	1670476026081	1670476026101	OK	 
REQUEST	FindFlight_tx	bootstrap.min.js	1670476025878	1670476026140	OK	 
REQUEST	FindFlight_tx	bootstrap-table.js	1670476025925	1670476026185	OK	 
REQUEST	selectFlight_tx	bootstrap-table.css	1670476025831	1670476026221	OK	 
GROUP	selectFlight_tx	1670476017471	1670476026222	4623	OK
REQUEST	FindFlight_tx	bootstrap.min.css	1670476025971	1670476026228	OK	 
REQUEST	FindFlight_tx	bootstrap-table.css	1670476026021	1670476026276	OK	 
GROUP	FindFlight_tx	1670476017580	1670476026276	4630	OK
REQUEST	Homepage_tx	jquery.min.js	1670476026327	1670476026349	OK	 
REQUEST	Homepage_tx	bootstrap.min.js	1670476026128	1670476026523	OK	 
REQUEST	Homepage_tx	bootstrap-table.css	1670476026281	1670476026682	OK	 
REQUEST	Homepage_tx	bootstrap-table.js	1670476026176	1670476026728	OK	 
REQUEST	Homepage_tx	bootstrap.min.js	1670476026373	1670476026742	OK	 
USER	BlazeHomePage	START	1670476026786
REQUEST	Homepage_tx	bootstrap-table.js	1670476026421	1670476026896	OK	 
REQUEST	purchaseTicket_tx	bootstrap.min.js	1670476026652	1670476026913	OK	 
REQUEST	Homepage_tx	bootstrap-table.css	1670476026526	1670476026953	OK	 
REQUEST	selectFlight_tx	SelectFlight_request	1670476026589	1670476026974	OK	 
REQUEST	purchaseTicket_tx	bootstrap-table.js	1670476026726	1670476026981	OK	 
REQUEST	FindFlight_tx	FindFlightRequest	1670476026635	1670476027001	OK	 
REQUEST	purchaseTicket_tx	bootstrap.min.css	1670476026772	1670476027047	OK	 
REQUEST	FindFlight_tx	FindFlightRequest	1670476026680	1670476027070	OK	 
REQUEST	FindFlight_tx	bootstrap.min.js	1670476026879	1670476027140	OK	 
REQUEST	Homepage_tx	jquery.min.js	1670476027122	1670476027155	OK	 
REQUEST	FindFlight_tx	bootstrap-table.js	1670476026924	1670476027184	OK	 
REQUEST	Homepage_tx	bootstrap.min.css	1670476026221	1670476027201	OK	 
GROUP	Homepage_tx	1670476016788	1670476027202	5650	OK
REQUEST	FindFlight_tx	bootstrap.min.css	1670476026971	1670476027239	OK	 
REQUEST	purchaseTicket_tx	bootstrap-table.css	1670476026821	1670476027239	OK	 
GROUP	purchaseTicket_tx	1670476018582	1670476027239	5039	OK
REQUEST	FindFlight_tx	bootstrap-table.css	1670476027031	1670476027292	OK	 
GROUP	FindFlight_tx	1670476018680	1670476027294	5043	OK
REQUEST	Homepage_tx	bootstrap.min.js	1670476027171	1670476027484	OK	 
REQUEST	Homepage_tx	bootstrap.min.css	1670476026478	1670476027517	OK	 
GROUP	Homepage_tx	1670476017797	1670476027518	5836	OK
REQUEST	Homepage_tx	Homepage_request	1670476027078	1670476027600	OK	 
REQUEST	FindFlight_tx	bootstrap.min.js	1670476027431	1670476027682	OK	 
REQUEST	Homepage_tx	jquery.min.js	1670476027678	1670476027702	OK	 
REQUEST	Homepage_tx	bootstrap-table.js	1670476027253	1670476027704	OK	 
REQUEST	Homepage_tx	bootstrap-table.css	1670476027322	1670476027728	OK	 
REQUEST	FindFlight_tx	bootstrap-table.js	1670476027477	1670476027743	OK	 
REQUEST	purchaseTicket_tx	purchaseTicket_request	1670476027371	1670476027777	OK	 
USER	BlazeHomePage	START	1670476027786
REQUEST	FindFlight_tx	bootstrap.min.css	1670476027523	1670476027798	OK	 
REQUEST	FindFlight_tx	bootstrap-table.css	1670476027571	1670476027970	OK	 
GROUP	FindFlight_tx	1670476019409	1670476027971	5426	OK
REQUEST	selectFlight_tx	SelectFlight_request	1670476027632	1670476027996	OK	 
REQUEST	Homepage_tx	bootstrap.min.css	1670476027277	1670476028029	OK	 
GROUP	Homepage_tx	1670476018785	1670476028030	5730	OK
REQUEST	Homepage_tx	bootstrap.min.js	1670476027741	1670476028041	OK	 
REQUEST	Homepage_tx	bootstrap-table.js	1670476027786	1670476028255	OK	 
REQUEST	Homepage_tx	bootstrap-table.css	1670476027883	1670476028324	OK	 
REQUEST	selectFlight_tx	SelectFlight_request	1670476027990	1670476028376	OK	 
REQUEST	FindFlight_tx	bootstrap.min.js	1670476028131	1670476028385	OK	 
REQUEST	FindFlight_tx	bootstrap-table.js	1670476028190	1670476028452	OK	 
REQUEST	purchaseTicket_tx	purchaseTicket_request	1670476027931	1670476028491	OK	 
REQUEST	FindFlight_tx	bootstrap.min.css	1670476028237	1670476028497	OK	 
REQUEST	FindFlight_tx	bootstrap-table.css	1670476028283	1670476028544	OK	 
GROUP	FindFlight_tx	1670476020247	1670476028545	5058	OK
REQUEST	Homepage_tx	Homepage_request	1670476028036	1670476028546	OK	 
REQUEST	selectFlight_tx	bootstrap.min.js	1670476028332	1670476028605	OK	 
REQUEST	FindFlight_tx	FindFlightRequest	1670476028081	1670476028605	OK	 
REQUEST	selectFlight_tx	bootstrap-table.js	1670476028390	1670476028645	OK	 
REQUEST	Homepage_tx	jquery.min.js	1670476028652	1670476028676	OK	 
REQUEST	selectFlight_tx	bootstrap.min.css	1670476028436	1670476028687	OK	 
REQUEST	Homepage_tx	bootstrap.min.css	1670476027834	1670476028687	OK	 
GROUP	Homepage_tx	1670476019795	1670476028688	5654	OK
REQUEST	selectFlight_tx	bootstrap-table.css	1670476028496	1670476028750	OK	 
GROUP	selectFlight_tx	1670476020409	1670476028750	4970	OK
USER	BlazeHomePage	START	1670476028787
REQUEST	purchaseTicket_tx	purchaseTicket_request	1670476028531	1670476028905	OK	 
REQUEST	selectFlight_tx	SelectFlight_request	1670476028587	1670476028953	OK	 
REQUEST	FindFlight_tx	FindFlightRequest	1670476028633	1670476029014	OK	 
REQUEST	Homepage_tx	bootstrap.min.js	1670476028724	1670476029220	OK	 
REQUEST	Homepage_tx	bootstrap-table.css	1670476028878	1670476029279	OK	 
REQUEST	FindFlight_tx	bootstrap.min.js	1670476029077	1670476029332	OK	 
REQUEST	Homepage_tx	Homepage_request	1670476028986	1670476029333	OK	 
REQUEST	Homepage_tx	bootstrap-table.js	1670476028772	1670476029361	OK	 
REQUEST	FindFlight_tx	bootstrap-table.js	1670476029124	1670476029393	OK	 
REQUEST	Homepage_tx	Homepage_request	1670476028925	1670476029413	OK	 
REQUEST	FindFlight_tx	bootstrap.min.css	1670476029171	1670476029434	OK	 
REQUEST	FindFlight_tx	FindFlightRequest	1670476029031	1670476029449	OK	 
REQUEST	FindFlight_tx	bootstrap-table.css	1670476029222	1670476029481	OK	 
GROUP	FindFlight_tx	1670476021113	1670476029482	4720	OK
REQUEST	purchaseTicket_tx	bootstrap.min.js	1670476029325	1670476029587	OK	 
REQUEST	purchaseTicket_tx	bootstrap-table.js	1670476029371	1670476029641	OK	 
