ASSERTION	AAEDAAECAwAAAAAAAIizQA==
RUN	mysimulations.Gatling30	gatling30	1670497552835	Gatling Execution	3.6.1
USER	BlazeHomePage	START	1670497555033
REQUEST	Homepage_tx	Homepage_request	1670497555076	1670497556338	OK	 
REQUEST	Homepage_tx	bootstrap-table.css	1670497556700	1670497557050	OK	 
REQUEST	Homepage_tx	jquery.min.js	1670497556426	1670497557092	OK	 
REQUEST	Homepage_tx	bootstrap.min.js	1670497556697	1670497557182	OK	 
REQUEST	Homepage_tx	bootstrap-table.js	1670497556698	1670497557195	OK	 
REQUEST	Homepage_tx	bootstrap.min.css	1670497556699	1670497557706	OK	 
GROUP	Homepage_tx	1670497555040	1670497557732	2573	OK
USER	BlazeHomePage	START	1670497561028
REQUEST	Homepage_tx	Homepage_request	1670497561029	1670497561442	OK	 
REQUEST	Homepage_tx	jquery.min.js	1670497561446	1670497561579	OK	 
REQUEST	Homepage_tx	bootstrap.min.js	1670497561446	1670497561740	OK	 
REQUEST	Homepage_tx	bootstrap-table.css	1670497561448	1670497562119	OK	 
REQUEST	Homepage_tx	bootstrap-table.js	1670497561447	1670497562382	OK	 
REQUEST	Homepage_tx	bootstrap.min.css	1670497561448	1670497562400	OK	 
GROUP	Homepage_tx	1670497561028	1670497562416	1383	OK
REQUEST	FindFlight_tx	FindFlightRequest	1670497562748	1670497563125	OK	 
REQUEST	FindFlight_tx	bootstrap-table.css	1670497563166	1670497563445	OK	 
REQUEST	FindFlight_tx	bootstrap.min.js	1670497563163	1670497563449	OK	 
REQUEST	FindFlight_tx	bootstrap-table.js	1670497563164	1670497563451	OK	 
REQUEST	FindFlight_tx	bootstrap.min.css	1670497563165	1670497563454	OK	 
GROUP	FindFlight_tx	1670497562734	1670497563456	671	OK
REQUEST	FindFlight_tx	FindFlightRequest	1670497567418	1670497567797	OK	 
USER	BlazeHomePage	START	1670497568027
REQUEST	FindFlight_tx	bootstrap-table.css	1670497567808	1670497568072	OK	 
REQUEST	FindFlight_tx	bootstrap.min.css	1670497567807	1670497568074	OK	 
REQUEST	FindFlight_tx	bootstrap-table.js	1670497567807	1670497568081	OK	 
REQUEST	FindFlight_tx	bootstrap.min.js	1670497567806	1670497568082	OK	 
GROUP	FindFlight_tx	1670497567417	1670497568083	656	OK
REQUEST	Homepage_tx	Homepage_request	1670497568028	1670497569101	OK	 
REQUEST	Homepage_tx	bootstrap.min.js	1670497569109	1670497569416	OK	 
REQUEST	Homepage_tx	jquery.min.js	1670497569108	1670497569516	OK	 
REQUEST	Homepage_tx	bootstrap-table.js	1670497569111	1670497569536	OK	 
REQUEST	Homepage_tx	bootstrap-table.css	1670497569112	1670497569732	OK	 
REQUEST	SelectFlight_tx	SelectFlight_request	1670497568461	1670497569767	OK	 
REQUEST	SelectFlight_tx	bootstrap.min.js	1670497569790	1670497570049	OK	 
REQUEST	SelectFlight_tx	bootstrap-table.js	1670497569792	1670497570052	OK	 
REQUEST	SelectFlight_tx	bootstrap.min.css	1670497569793	1670497570054	OK	 
REQUEST	SelectFlight_tx	bootstrap-table.css	1670497569794	1670497570059	OK	 
GROUP	SelectFlight_tx	1670497568458	1670497570060	1578	OK
REQUEST	Homepage_tx	bootstrap.min.css	1670497569111	1670497570780	OK	 
GROUP	Homepage_tx	1670497568028	1670497570799	2764	OK
REQUEST	SelectFlight_tx	SelectFlight_request	1670497573086	1670497573481	OK	 
REQUEST	SelectFlight_tx	bootstrap-table.js	1670497573488	1670497573741	OK	 
REQUEST	SelectFlight_tx	bootstrap-table.css	1670497573490	1670497573758	OK	 
REQUEST	SelectFlight_tx	bootstrap.min.js	1670497573486	1670497573759	OK	 
REQUEST	SelectFlight_tx	bootstrap.min.css	1670497573490	1670497573760	OK	 
GROUP	SelectFlight_tx	1670497573085	1670497573761	671	OK
USER	BlazeHomePage	START	1670497574029
REQUEST	Homepage_tx	Homepage_request	1670497574029	1670497574533	OK	 
REQUEST	Homepage_tx	bootstrap.min.js	1670497574546	1670497574863	OK	 
REQUEST	Homepage_tx	jquery.min.js	1670497574545	1670497574960	OK	 
REQUEST	Homepage_tx	bootstrap-table.css	1670497574548	1670497575199	OK	 
REQUEST	Homepage_tx	bootstrap.min.css	1670497574547	1670497575323	OK	 
REQUEST	Homepage_tx	bootstrap-table.js	1670497574547	1670497576219	OK	 
GROUP	Homepage_tx	1670497574029	1670497576230	2189	OK
REQUEST	FindFlight_tx	FindFlightRequest	1670497575801	1670497576478	OK	 
REQUEST	FindFlight_tx	bootstrap.min.js	1670497576485	1670497576761	OK	 
REQUEST	FindFlight_tx	bootstrap-table.css	1670497576488	1670497576762	OK	 
REQUEST	FindFlight_tx	bootstrap.min.css	1670497576487	1670497576764	OK	 
REQUEST	FindFlight_tx	bootstrap-table.js	1670497576486	1670497576765	OK	 
GROUP	FindFlight_tx	1670497575800	1670497576766	959	OK
USER	BlazeHomePage	START	1670497581028
REQUEST	Homepage_tx	Homepage_request	1670497581029	1670497581496	OK	 
REQUEST	Homepage_tx	jquery.min.js	1670497581499	1670497581583	OK	 
REQUEST	FindFlight_tx	FindFlightRequest	1670497581232	1670497581620	OK	 
REQUEST	Homepage_tx	bootstrap-table.js	1670497581500	1670497581884	OK	 
REQUEST	FindFlight_tx	bootstrap.min.js	1670497581628	1670497581888	OK	 
REQUEST	FindFlight_tx	bootstrap.min.css	1670497581629	1670497581897	OK	 
REQUEST	FindFlight_tx	bootstrap-table.css	1670497581630	1670497581898	OK	 
REQUEST	FindFlight_tx	bootstrap-table.js	1670497581628	1670497581900	OK	 
GROUP	FindFlight_tx	1670497581231	1670497581901	662	OK
REQUEST	Homepage_tx	bootstrap.min.js	1670497581500	1670497581920	OK	 
REQUEST	Homepage_tx	bootstrap-table.css	1670497581502	1670497582162	OK	 
REQUEST	SelectFlight_tx	SelectFlight_request	1670497581768	1670497582377	OK	 
REQUEST	Homepage_tx	bootstrap.min.css	1670497581501	1670497582544	OK	 
GROUP	Homepage_tx	1670497581029	1670497582551	1519	OK
REQUEST	SelectFlight_tx	bootstrap.min.js	1670497582380	1670497582639	OK	 
REQUEST	SelectFlight_tx	bootstrap.min.css	1670497582381	1670497582650	OK	 
REQUEST	SelectFlight_tx	bootstrap-table.js	1670497582381	1670497582652	OK	 
REQUEST	SelectFlight_tx	bootstrap-table.css	1670497582382	1670497582660	OK	 
GROUP	SelectFlight_tx	1670497581767	1670497582661	890	OK
REQUEST	SelectFlight_tx	SelectFlight_request	1670497586902	1670497587295	OK	 
REQUEST	SelectFlight_tx	bootstrap-table.css	1670497587299	1670497587554	OK	 
REQUEST	SelectFlight_tx	bootstrap-table.js	1670497587299	1670497587555	OK	 
REQUEST	SelectFlight_tx	bootstrap.min.css	1670497587299	1670497587555	OK	 
REQUEST	SelectFlight_tx	bootstrap.min.js	1670497587298	1670497587558	OK	 
GROUP	SelectFlight_tx	1670497586901	1670497587559	654	OK
REQUEST	FindFlight_tx	FindFlightRequest	1670497587552	1670497587925	OK	 
USER	BlazeHomePage	START	1670497588019
REQUEST	FindFlight_tx	bootstrap-table.css	1670497587931	1670497588195	OK	 
REQUEST	FindFlight_tx	bootstrap-table.js	1670497587930	1670497588196	OK	 
REQUEST	FindFlight_tx	bootstrap.min.js	1670497587930	1670497588197	OK	 
REQUEST	FindFlight_tx	bootstrap.min.css	1670497587930	1670497588207	OK	 
GROUP	FindFlight_tx	1670497587552	1670497588208	652	OK
REQUEST	Homepage_tx	Homepage_request	1670497588022	1670497588463	OK	 
REQUEST	Homepage_tx	jquery.min.js	1670497588468	1670497588579	OK	 
REQUEST	Homepage_tx	bootstrap.min.js	1670497588473	1670497588766	OK	 
REQUEST	Homepage_tx	bootstrap-table.css	1670497588477	1670497589123	OK	 
REQUEST	Homepage_tx	bootstrap-table.js	1670497588475	1670497589381	OK	 
REQUEST	Homepage_tx	bootstrap.min.css	1670497588476	1670497589443	OK	 
GROUP	Homepage_tx	1670497588020	1670497589451	1425	OK
REQUEST	SelectFlight_tx	SelectFlight_request	1670497593210	1670497593979	OK	 
USER	BlazeHomePage	START	1670497594031
REQUEST	SelectFlight_tx	bootstrap-table.css	1670497593987	1670497594241	OK	 
REQUEST	SelectFlight_tx	bootstrap.min.css	1670497593986	1670497594256	OK	 
REQUEST	SelectFlight_tx	bootstrap-table.js	1670497593986	1670497594258	OK	 
REQUEST	SelectFlight_tx	bootstrap.min.js	1670497593985	1670497594259	OK	 
GROUP	SelectFlight_tx	1670497593210	1670497594260	1044	OK
REQUEST	Homepage_tx	Homepage_request	1670497594031	1670497594490	OK	 
REQUEST	FindFlight_tx	FindFlightRequest	1670497594453	1670497594843	OK	 
REQUEST	Homepage_tx	jquery.min.js	1670497594494	1670497594902	OK	 
REQUEST	Homepage_tx	bootstrap.min.js	1670497594494	1670497594999	OK	 
REQUEST	FindFlight_tx	bootstrap.min.js	1670497594848	1670497595115	OK	 
REQUEST	FindFlight_tx	bootstrap-table.js	1670497594850	1670497595117	OK	 
REQUEST	FindFlight_tx	bootstrap.min.css	1670497594851	1670497595119	OK	 
REQUEST	FindFlight_tx	bootstrap-table.css	1670497594854	1670497595140	OK	 
GROUP	FindFlight_tx	1670497594453	1670497595141	684	OK
REQUEST	Homepage_tx	bootstrap-table.css	1670497594495	1670497595176	OK	 
REQUEST	Homepage_tx	bootstrap.min.css	1670497594495	1670497595193	OK	 
REQUEST	Homepage_tx	bootstrap-table.js	1670497594495	1670497595260	OK	 
GROUP	Homepage_tx	1670497594031	1670497595266	1232	OK
REQUEST	SelectFlight_tx	SelectFlight_request	1670497600143	1670497600722	OK	 
REQUEST	FindFlight_tx	FindFlightRequest	1670497600267	1670497600939	OK	 
REQUEST	SelectFlight_tx	bootstrap-table.js	1670497600727	1670497600978	OK	 
REQUEST	SelectFlight_tx	bootstrap-table.css	1670497600729	1670497600984	OK	 
REQUEST	SelectFlight_tx	bootstrap.min.js	1670497600727	1670497600986	OK	 
REQUEST	SelectFlight_tx	bootstrap.min.css	1670497600728	1670497601019	OK	 
GROUP	SelectFlight_tx	1670497600142	1670497601020	873	OK
USER	BlazeHomePage	START	1670497601028
REQUEST	FindFlight_tx	bootstrap-table.js	1670497600945	1670497601198	OK	 
REQUEST	FindFlight_tx	bootstrap.min.js	1670497600945	1670497601204	OK	 
REQUEST	FindFlight_tx	bootstrap.min.css	1670497600946	1670497601216	OK	 
REQUEST	FindFlight_tx	bootstrap-table.css	1670497600946	1670497601221	OK	 
GROUP	FindFlight_tx	1670497600266	1670497601222	949	OK
REQUEST	Homepage_tx	Homepage_request	1670497601028	1670497601772	OK	 
REQUEST	Homepage_tx	jquery.min.js	1670497601778	1670497601900	OK	 
REQUEST	Homepage_tx	bootstrap.min.js	1670497601779	1670497602080	OK	 
REQUEST	Homepage_tx	bootstrap-table.js	1670497601780	1670497602223	OK	 
REQUEST	Homepage_tx	bootstrap-table.css	1670497601782	1670497602440	OK	 
REQUEST	Homepage_tx	bootstrap.min.css	1670497601781	1670497602477	OK	 
GROUP	Homepage_tx	1670497601028	1670497602485	1451	OK
REQUEST	SelectFlight_tx	SelectFlight_request	1670497606223	1670497606601	OK	 
REQUEST	SelectFlight_tx	bootstrap.min.js	1670497606604	1670497606857	OK	 
REQUEST	SelectFlight_tx	bootstrap-table.css	1670497606606	1670497606879	OK	 
REQUEST	SelectFlight_tx	bootstrap.min.css	1670497606605	1670497606880	OK	 
REQUEST	SelectFlight_tx	bootstrap-table.js	1670497606605	1670497606882	OK	 
GROUP	SelectFlight_tx	1670497606223	1670497606883	657	OK
REQUEST	FindFlight_tx	FindFlightRequest	1670497607486	1670497607875	OK	 
USER	BlazeHomePage	START	1670497608030
REQUEST	FindFlight_tx	bootstrap-table.js	1670497607880	1670497608141	OK	 
REQUEST	FindFlight_tx	bootstrap-table.css	1670497607882	1670497608142	OK	 
REQUEST	FindFlight_tx	bootstrap.min.js	1670497607879	1670497608161	OK	 
REQUEST	FindFlight_tx	bootstrap.min.css	1670497607881	1670497608162	OK	 
GROUP	FindFlight_tx	1670497607486	1670497608163	673	OK
REQUEST	Homepage_tx	Homepage_request	1670497608031	1670497608482	OK	 
REQUEST	Homepage_tx	jquery.min.js	1670497608486	1670497608581	OK	 
REQUEST	Homepage_tx	bootstrap.min.js	1670497608486	1670497608956	OK	 
REQUEST	Homepage_tx	bootstrap-table.css	1670497608488	1670497609141	OK	 
REQUEST	Homepage_tx	bootstrap-table.js	1670497608487	1670497609143	OK	 
REQUEST	Homepage_tx	bootstrap.min.css	1670497608488	1670497609758	OK	 
GROUP	Homepage_tx	1670497608030	1670497609765	1731	OK
REQUEST	SelectFlight_tx	SelectFlight_request	1670497613165	1670497613635	OK	 
REQUEST	SelectFlight_tx	bootstrap-table.css	1670497613638	1670497613898	OK	 
REQUEST	SelectFlight_tx	bootstrap.min.js	1670497613637	1670497613899	OK	 
REQUEST	SelectFlight_tx	bootstrap.min.css	1670497613638	1670497613906	OK	 
REQUEST	SelectFlight_tx	bootstrap-table.js	1670497613638	1670497613907	OK	 
GROUP	SelectFlight_tx	1670497613165	1670497613907	740	OK
USER	BlazeHomePage	START	1670497614028
REQUEST	Homepage_tx	Homepage_request	1670497614028	1670497614536	OK	 
REQUEST	Homepage_tx	jquery.min.js	1670497614540	1670497614623	OK	 
REQUEST	Homepage_tx	bootstrap-table.css	1670497614541	1670497614882	OK	 
REQUEST	Homepage_tx	bootstrap.min.js	1670497614540	1670497614943	OK	 
REQUEST	FindFlight_tx	FindFlightRequest	1670497614767	1670497615159	OK	 
REQUEST	Homepage_tx	bootstrap-table.js	1670497614541	1670497615352	OK	 
REQUEST	FindFlight_tx	bootstrap.min.js	1670497615166	1670497615437	OK	 
REQUEST	FindFlight_tx	bootstrap-table.css	1670497615172	1670497615439	OK	 
REQUEST	FindFlight_tx	bootstrap-table.js	1670497615168	1670497615440	OK	 
REQUEST	FindFlight_tx	bootstrap.min.css	1670497615171	1670497615459	OK	 
GROUP	FindFlight_tx	1670497614766	1670497615460	686	OK
REQUEST	Homepage_tx	bootstrap.min.css	1670497614541	1670497615555	OK	 
GROUP	Homepage_tx	1670497614028	1670497615569	1538	OK
REQUEST	SelectFlight_tx	SelectFlight_request	1670497620464	1670497620864	OK	 
REQUEST	FindFlight_tx	FindFlightRequest	1670497620570	1670497620933	OK	 
REQUEST	SelectFlight_tx	bootstrap-table.js	1670497620873	1670497621125	OK	 
REQUEST	SelectFlight_tx	bootstrap.min.js	1670497620873	1670497621126	OK	 
REQUEST	SelectFlight_tx	bootstrap-table.css	1670497620874	1670497621135	OK	 
REQUEST	SelectFlight_tx	bootstrap.min.css	1670497620873	1670497621158	OK	 
GROUP	SelectFlight_tx	1670497620461	1670497621159	687	OK
REQUEST	FindFlight_tx	bootstrap-table.css	1670497620941	1670497621196	OK	 
REQUEST	FindFlight_tx	bootstrap.min.css	1670497620941	1670497621199	OK	 
REQUEST	FindFlight_tx	bootstrap.min.js	1670497620939	1670497621218	OK	 
REQUEST	FindFlight_tx	bootstrap-table.js	1670497620940	1670497621219	OK	 
GROUP	FindFlight_tx	1670497620570	1670497621220	644	OK
REQUEST	SelectFlight_tx	SelectFlight_request	1670497626221	1670497626640	OK	 
REQUEST	SelectFlight_tx	bootstrap-table.js	1670497626644	1670497626917	OK	 
REQUEST	SelectFlight_tx	bootstrap.min.css	1670497626645	1670497626918	OK	 
REQUEST	SelectFlight_tx	bootstrap.min.js	1670497626643	1670497626919	OK	 
REQUEST	SelectFlight_tx	bootstrap-table.css	1670497626645	1670497626941	OK	 
GROUP	SelectFlight_tx	1670497626221	1670497626942	719	OK
REQUEST	PurchaseTickets_tx	purchaseTicket_request	1670497631949	1670497632295	OK	 
REQUEST	PurchaseTickets_tx	purchaseTicket_request	1670497631950	1670497632328	OK	 
REQUEST	PurchaseTickets_tx	purchaseTicket_request	1670497631949	1670497632378	OK	 
REQUEST	PurchaseTickets_tx	purchaseTicket_request	1670497631949	1670497632379	OK	 
REQUEST	PurchaseTickets_tx	purchaseTicket_request	1670497631950	1670497632417	OK	 
REQUEST	PurchaseTickets_tx	purchaseTicket_request	1670497631950	1670497632439	OK	 
REQUEST	PurchaseTickets_tx	purchaseTicket_request	1670497631949	1670497632441	OK	 
REQUEST	PurchaseTickets_tx	purchaseTicket_request	1670497631951	1670497632560	OK	 
REQUEST	PurchaseTickets_tx	purchaseTicket_request	1670497631949	1670497632569	OK	 
REQUEST	PurchaseTickets_tx	purchaseTicket_request	1670497631949	1670497632581	OK	 
REQUEST	PurchaseTickets_tx	bootstrap.min.js	1670497632367	1670497632624	OK	 
REQUEST	PurchaseTickets_tx	bootstrap-table.js	1670497632368	1670497632625	OK	 
REQUEST	PurchaseTickets_tx	bootstrap-table.css	1670497632370	1670497632628	OK	 
REQUEST	PurchaseTickets_tx	bootstrap.min.css	1670497632370	1670497632632	OK	 
REQUEST	PurchaseTickets_tx	bootstrap.min.css	1670497632370	1670497632631	OK	 
REQUEST	PurchaseTickets_tx	bootstrap-table.js	1670497632368	1670497632634	OK	 
GROUP	PurchaseTickets_tx	1670497631947	1670497632634	614	OK
REQUEST	PurchaseTickets_tx	bootstrap.min.js	1670497632367	1670497632636	OK	 
REQUEST	PurchaseTickets_tx	bootstrap-table.css	1670497632370	1670497632641	OK	 
GROUP	PurchaseTickets_tx	1670497631950	1670497632642	653	OK
REQUEST	PurchaseTickets_tx	bootstrap.min.js	1670497632387	1670497632641	OK	 
REQUEST	PurchaseTickets_tx	bootstrap-table.js	1670497632387	1670497632642	OK	 
REQUEST	PurchaseTickets_tx	bootstrap.min.css	1670497632387	1670497632645	OK	 
REQUEST	PurchaseTickets_tx	bootstrap.min.css	1670497632388	1670497632649	OK	 
REQUEST	PurchaseTickets_tx	bootstrap-table.css	1670497632388	1670497632651	OK	 
REQUEST	PurchaseTickets_tx	bootstrap.min.js	1670497632386	1670497632653	OK	 
REQUEST	PurchaseTickets_tx	bootstrap-table.css	1670497632388	1670497632653	OK	 
GROUP	PurchaseTickets_tx	1670497631947	1670497632654	697	OK
REQUEST	PurchaseTickets_tx	bootstrap-table.js	1670497632387	1670497632668	OK	 
GROUP	PurchaseTickets_tx	1670497631947	1670497632669	713	OK
REQUEST	PurchaseTickets_tx	bootstrap.min.js	1670497632421	1670497632684	OK	 
REQUEST	PurchaseTickets_tx	bootstrap.min.css	1670497632422	1670497632688	OK	 
REQUEST	PurchaseTickets_tx	bootstrap-table.js	1670497632422	1670497632689	OK	 
REQUEST	PurchaseTickets_tx	bootstrap-table.css	1670497632451	1670497632700	OK	 
REQUEST	PurchaseTickets_tx	bootstrap-table.css	1670497632423	1670497632700	OK	 
GROUP	PurchaseTickets_tx	1670497631947	1670497632701	747	OK
REQUEST	PurchaseTickets_tx	bootstrap.min.js	1670497632446	1670497632705	OK	 
REQUEST	PurchaseTickets_tx	bootstrap-table.css	1670497632451	1670497632708	OK	 
REQUEST	PurchaseTickets_tx	bootstrap.min.css	1670497632450	1670497632712	OK	 
REQUEST	PurchaseTickets_tx	bootstrap-table.js	1670497632449	1670497632719	OK	 
REQUEST	PurchaseTickets_tx	bootstrap-table.js	1670497632449	1670497632719	OK	 
REQUEST	PurchaseTickets_tx	bootstrap.min.css	1670497632450	1670497632731	OK	 
GROUP	PurchaseTickets_tx	1670497631947	1670497632732	779	OK
REQUEST	PurchaseTickets_tx	bootstrap.min.js	1670497632446	1670497632735	OK	 
GROUP	PurchaseTickets_tx	1670497631947	1670497632735	778	OK
REQUEST	PurchaseTickets_tx	bootstrap-table.js	1670497632568	1670497632826	OK	 
REQUEST	PurchaseTickets_tx	bootstrap-table.css	1670497632568	1670497632829	OK	 
REQUEST	PurchaseTickets_tx	bootstrap.min.js	1670497632573	1670497632830	OK	 
REQUEST	PurchaseTickets_tx	bootstrap.min.css	1670497632568	1670497632833	OK	 
REQUEST	PurchaseTickets_tx	bootstrap-table.js	1670497632573	1670497632836	OK	 
REQUEST	PurchaseTickets_tx	bootstrap.min.css	1670497632574	1670497632838	OK	 
REQUEST	PurchaseTickets_tx	bootstrap-table.css	1670497632574	1670497632839	OK	 
GROUP	PurchaseTickets_tx	1670497631947	1670497632840	888	OK
REQUEST	PurchaseTickets_tx	bootstrap.min.js	1670497632584	1670497632860	OK	 
REQUEST	PurchaseTickets_tx	bootstrap.min.js	1670497632567	1670497632860	OK	 
GROUP	PurchaseTickets_tx	1670497631950	1670497632863	904	OK
REQUEST	PurchaseTickets_tx	bootstrap.min.css	1670497632586	1670497632940	OK	 
REQUEST	PurchaseTickets_tx	bootstrap-table.css	1670497632587	1670497632980	OK	 
REQUEST	Homepage_tx	Homepage_request	1670497632643	1670497632988	OK	 
REQUEST	Homepage_tx	Homepage_request	1670497632643	1670497633005	OK	 
REQUEST	Homepage_tx	Homepage_request	1670497632656	1670497633025	OK	 
REQUEST	Homepage_tx	Homepage_request	1670497632732	1670497633080	OK	 
REQUEST	Homepage_tx	Homepage_request	1670497632670	1670497633085	OK	 
REQUEST	Homepage_tx	Homepage_request	1670497632736	1670497633122	OK	 
REQUEST	Homepage_tx	Homepage_request	1670497632841	1670497633199	OK	 
REQUEST	Homepage_tx	Homepage_request	1670497632865	1670497633216	OK	 
REQUEST	Homepage_tx	bootstrap-table.css	1670497633021	1670497633290	OK	 
REQUEST	Homepage_tx	bootstrap.min.js	1670497633001	1670497633290	OK	 
REQUEST	Homepage_tx	bootstrap-table.css	1670497633041	1670497633290	OK	 
REQUEST	Homepage_tx	bootstrap-table.css	1670497633007	1670497633291	OK	 
REQUEST	Homepage_tx	bootstrap-table.js	1670497633004	1670497633295	OK	 
REQUEST	Homepage_tx	bootstrap.min.css	1670497633005	1670497633298	OK	 
GROUP	Homepage_tx	1670497632642	1670497633299	644	OK
REQUEST	Homepage_tx	bootstrap-table.js	1670497633020	1670497633308	OK	 
REQUEST	Homepage_tx	bootstrap.min.js	1670497633038	1670497633306	OK	 
REQUEST	Homepage_tx	bootstrap.min.css	1670497633021	1670497633311	OK	 
REQUEST	Homepage_tx	bootstrap-table.js	1670497633040	1670497633315	OK	 
REQUEST	Homepage_tx	bootstrap.min.js	1670497633019	1670497633317	OK	 
GROUP	Homepage_tx	1670497632642	1670497633321	664	OK
REQUEST	Homepage_tx	bootstrap.min.css	1670497633041	1670497633321	OK	 
GROUP	Homepage_tx	1670497632656	1670497633323	655	OK
REQUEST	Homepage_tx	bootstrap.min.js	1670497633089	1670497633356	OK	 
REQUEST	Homepage_tx	bootstrap.min.css	1670497633089	1670497633356	OK	 
REQUEST	Homepage_tx	bootstrap.min.js	1670497633087	1670497633358	OK	 
REQUEST	Homepage_tx	bootstrap-table.css	1670497633091	1670497633358	OK	 
REQUEST	Homepage_tx	bootstrap-table.css	1670497633090	1670497633362	OK	 
REQUEST	Homepage_tx	bootstrap-table.js	1670497633090	1670497633371	OK	 
REQUEST	Homepage_tx	bootstrap-table.js	1670497633088	1670497633371	OK	 
GROUP	Homepage_tx	1670497632732	1670497633372	633	OK
REQUEST	Homepage_tx	bootstrap.min.css	1670497633090	1670497633373	OK	 
GROUP	Homepage_tx	1670497632670	1670497633374	701	OK
REQUEST	Homepage_tx	bootstrap-table.css	1670497633138	1670497633411	OK	 
REQUEST	Homepage_tx	bootstrap-table.js	1670497633133	1670497633415	OK	 
REQUEST	PurchaseTickets_tx	bootstrap-table.js	1670497632585	1670497633451	OK	 
GROUP	PurchaseTickets_tx	1670497631946	1670497633452	1500	OK
REQUEST	Homepage_tx	bootstrap.min.css	1670497633135	1670497633461	OK	 
REQUEST	Homepage_tx	bootstrap-table.js	1670497633206	1670497633483	OK	 
REQUEST	Homepage_tx	bootstrap-table.js	1670497633223	1670497633483	OK	 
REQUEST	Homepage_tx	bootstrap.min.js	1670497633205	1670497633484	OK	 
REQUEST	Homepage_tx	bootstrap.min.css	1670497633207	1670497633484	OK	 
REQUEST	Homepage_tx	bootstrap-table.css	1670497633207	1670497633485	OK	 
GROUP	Homepage_tx	1670497632840	1670497633485	639	OK
REQUEST	Homepage_tx	bootstrap-table.css	1670497633224	1670497633493	OK	 
REQUEST	Homepage_tx	bootstrap.min.js	1670497633222	1670497633497	OK	 
REQUEST	Homepage_tx	bootstrap.min.js	1670497633131	1670497633533	OK	 
GROUP	Homepage_tx	1670497632736	1670497633533	789	OK
REQUEST	Homepage_tx	bootstrap.min.css	1670497633223	1670497633555	OK	 
GROUP	Homepage_tx	1670497632864	1670497633556	685	OK
REQUEST	Homepage_tx	Homepage_request	1670497632702	1670497633576	OK	 
REQUEST	Homepage_tx	Homepage_request	1670497633453	1670497633797	OK	 
REQUEST	Homepage_tx	bootstrap-table.css	1670497633588	1670497633855	OK	 
REQUEST	Homepage_tx	bootstrap.min.js	1670497633585	1670497633856	OK	 
REQUEST	Homepage_tx	bootstrap.min.css	1670497633587	1670497633857	OK	 
REQUEST	Homepage_tx	bootstrap-table.js	1670497633586	1670497633858	OK	 
GROUP	Homepage_tx	1670497632702	1670497633859	1149	OK
REQUEST	Homepage_tx	bootstrap-table.css	1670497633801	1670497634059	OK	 
REQUEST	Homepage_tx	bootstrap-table.js	1670497633800	1670497634063	OK	 
REQUEST	Homepage_tx	bootstrap.min.css	1670497633801	1670497634067	OK	 
REQUEST	Homepage_tx	bootstrap.min.js	1670497633800	1670497634069	OK	 
GROUP	Homepage_tx	1670497633452	1670497634072	616	OK
REQUEST	FindFlight_tx	FindFlightRequest	1670497638301	1670497638678	OK	 
REQUEST	FindFlight_tx	FindFlightRequest	1670497638325	1670497638761	OK	 
REQUEST	FindFlight_tx	FindFlightRequest	1670497638322	1670497638761	OK	 
REQUEST	FindFlight_tx	FindFlightRequest	1670497638375	1670497638767	OK	 
REQUEST	FindFlight_tx	FindFlightRequest	1670497638373	1670497638798	OK	 
REQUEST	FindFlight_tx	bootstrap-table.css	1670497638683	1670497638927	OK	 
REQUEST	FindFlight_tx	FindFlightRequest	1670497638558	1670497638925	OK	 
REQUEST	FindFlight_tx	FindFlightRequest	1670497638487	1670497638940	OK	 
REQUEST	FindFlight_tx	bootstrap.min.css	1670497638682	1670497638943	OK	 
REQUEST	FindFlight_tx	bootstrap.min.js	1670497638681	1670497638944	OK	 
REQUEST	FindFlight_tx	FindFlightRequest	1670497638535	1670497638946	OK	 
REQUEST	FindFlight_tx	bootstrap-table.js	1670497638682	1670497638949	OK	 
GROUP	FindFlight_tx	1670497638300	1670497638950	646	OK
REQUEST	FindFlight_tx	bootstrap.min.js	1670497638765	1670497639015	OK	 
REQUEST	FindFlight_tx	bootstrap-table.css	1670497638766	1670497639016	OK	 
REQUEST	FindFlight_tx	bootstrap-table.js	1670497638771	1670497639020	OK	 
REQUEST	FindFlight_tx	bootstrap-table.css	1670497638771	1670497639038	OK	 
REQUEST	FindFlight_tx	bootstrap-table.css	1670497638766	1670497639038	OK	 
REQUEST	FindFlight_tx	bootstrap-table.js	1670497638765	1670497639039	OK	 
REQUEST	FindFlight_tx	bootstrap.min.js	1670497638771	1670497639039	OK	 
REQUEST	FindFlight_tx	bootstrap.min.js	1670497638765	1670497639039	OK	 
REQUEST	FindFlight_tx	bootstrap.min.css	1670497638766	1670497639039	OK	 
GROUP	FindFlight_tx	1670497638324	1670497639040	712	OK
REQUEST	FindFlight_tx	bootstrap.min.css	1670497638771	1670497639040	OK	 
REQUEST	FindFlight_tx	bootstrap-table.js	1670497638765	1670497639040	OK	 
GROUP	FindFlight_tx	1670497638374	1670497639040	662	OK
REQUEST	FindFlight_tx	bootstrap.min.css	1670497638766	1670497639040	OK	 
GROUP	FindFlight_tx	1670497638321	1670497639041	716	OK
REQUEST	FindFlight_tx	bootstrap.min.js	1670497638801	1670497639056	OK	 
REQUEST	FindFlight_tx	bootstrap.min.css	1670497638802	1670497639057	OK	 
REQUEST	FindFlight_tx	bootstrap-table.js	1670497638802	1670497639059	OK	 
REQUEST	FindFlight_tx	bootstrap-table.css	1670497638802	1670497639077	OK	 
GROUP	FindFlight_tx	1670497638372	1670497639078	702	OK
REQUEST	FindFlight_tx	bootstrap-table.css	1670497638930	1670497639183	OK	 
REQUEST	FindFlight_tx	bootstrap.min.js	1670497638929	1670497639187	OK	 
REQUEST	FindFlight_tx	bootstrap-table.js	1670497638930	1670497639198	OK	 
REQUEST	FindFlight_tx	bootstrap.min.css	1670497638930	1670497639200	OK	 
GROUP	FindFlight_tx	1670497638557	1670497639200	638	OK
REQUEST	FindFlight_tx	bootstrap-table.css	1670497638951	1670497639212	OK	 
REQUEST	FindFlight_tx	bootstrap-table.js	1670497638945	1670497639212	OK	 
REQUEST	FindFlight_tx	bootstrap.min.js	1670497638944	1670497639215	OK	 
REQUEST	FindFlight_tx	bootstrap.min.css	1670497638951	1670497639215	OK	 
REQUEST	FindFlight_tx	bootstrap-table.css	1670497638945	1670497639217	OK	 
REQUEST	FindFlight_tx	bootstrap.min.js	1670497638950	1670497639217	OK	 
REQUEST	FindFlight_tx	bootstrap-table.js	1670497638951	1670497639221	OK	 
GROUP	FindFlight_tx	1670497638534	1670497639221	682	OK
REQUEST	FindFlight_tx	bootstrap.min.css	1670497638945	1670497639222	OK	 
GROUP	FindFlight_tx	1670497638486	1670497639222	731	OK
REQUEST	FindFlight_tx	FindFlightRequest	1670497638861	1670497639256	OK	 
REQUEST	FindFlight_tx	FindFlightRequest	1670497639074	1670497639483	OK	 
REQUEST	FindFlight_tx	bootstrap.min.js	1670497639264	1670497639531	OK	 
REQUEST	FindFlight_tx	bootstrap.min.css	1670497639268	1670497639532	OK	 
REQUEST	FindFlight_tx	bootstrap-table.css	1670497639269	1670497639533	OK	 
REQUEST	FindFlight_tx	bootstrap-table.js	1670497639266	1670497639534	OK	 
GROUP	FindFlight_tx	1670497638861	1670497639534	665	OK
REQUEST	FindFlight_tx	bootstrap.min.js	1670497639501	1670497640215	OK	 
REQUEST	FindFlight_tx	bootstrap-table.js	1670497639501	1670497640238	OK	 
REQUEST	FindFlight_tx	bootstrap.min.css	1670497639530	1670497640238	OK	 
REQUEST	FindFlight_tx	bootstrap-table.css	1670497639532	1670497640563	OK	 
GROUP	FindFlight_tx	1670497639073	1670497640565	1473	OK
REQUEST	SelectFlight_tx	SelectFlight_request	1670497643951	1670497644339	OK	 
REQUEST	SelectFlight_tx	SelectFlight_request	1670497644041	1670497644416	OK	 
REQUEST	SelectFlight_tx	SelectFlight_request	1670497644042	1670497644438	OK	 
REQUEST	SelectFlight_tx	SelectFlight_request	1670497644079	1670497644449	OK	 
REQUEST	SelectFlight_tx	SelectFlight_request	1670497644042	1670497644453	OK	 
REQUEST	SelectFlight_tx	SelectFlight_request	1670497644222	1670497644574	OK	 
REQUEST	SelectFlight_tx	bootstrap-table.css	1670497644343	1670497644599	OK	 
REQUEST	SelectFlight_tx	bootstrap-table.js	1670497644343	1670497644600	OK	 
REQUEST	SelectFlight_tx	bootstrap.min.js	1670497644342	1670497644618	OK	 
REQUEST	SelectFlight_tx	bootstrap.min.css	1670497644343	1670497644619	OK	 
GROUP	SelectFlight_tx	1670497643950	1670497644620	665	OK
REQUEST	SelectFlight_tx	SelectFlight_request	1670497644224	1670497644655	OK	 
REQUEST	SelectFlight_tx	SelectFlight_request	1670497644202	1670497644661	OK	 
REQUEST	SelectFlight_tx	bootstrap.min.js	1670497644419	1670497644668	OK	 
REQUEST	SelectFlight_tx	bootstrap.min.css	1670497644420	1670497644671	OK	 
REQUEST	SelectFlight_tx	bootstrap-table.js	1670497644419	1670497644678	OK	 
REQUEST	SelectFlight_tx	bootstrap-table.css	1670497644420	1670497644681	OK	 
GROUP	SelectFlight_tx	1670497644041	1670497644682	639	OK
REQUEST	SelectFlight_tx	bootstrap.min.css	1670497644452	1670497644707	OK	 
REQUEST	SelectFlight_tx	bootstrap-table.css	1670497644449	1670497644707	OK	 
REQUEST	SelectFlight_tx	bootstrap.min.js	1670497644447	1670497644710	OK	 
REQUEST	SelectFlight_tx	bootstrap-table.css	1670497644456	1670497644713	OK	 
REQUEST	SelectFlight_tx	bootstrap-table.js	1670497644448	1670497644713	OK	 
REQUEST	SelectFlight_tx	bootstrap-table.js	1670497644451	1670497644714	OK	 
REQUEST	SelectFlight_tx	bootstrap-table.js	1670497644455	1670497644715	OK	 
REQUEST	SelectFlight_tx	bootstrap.min.css	1670497644448	1670497644715	OK	 
GROUP	SelectFlight_tx	1670497644042	1670497644716	665	OK
REQUEST	SelectFlight_tx	bootstrap-table.css	1670497644452	1670497644715	OK	 
REQUEST	SelectFlight_tx	bootstrap.min.js	1670497644455	1670497644716	OK	 
REQUEST	SelectFlight_tx	bootstrap.min.js	1670497644451	1670497644716	OK	 
GROUP	SelectFlight_tx	1670497644079	1670497644717	636	OK
REQUEST	SelectFlight_tx	bootstrap.min.css	1670497644456	1670497644724	OK	 
GROUP	SelectFlight_tx	1670497644042	1670497644726	682	OK
REQUEST	SelectFlight_tx	bootstrap.min.js	1670497644582	1670497644836	OK	 
REQUEST	SelectFlight_tx	bootstrap-table.css	1670497644583	1670497644859	OK	 
REQUEST	SelectFlight_tx	bootstrap.min.css	1670497644583	1670497644859	OK	 
REQUEST	SelectFlight_tx	bootstrap-table.js	1670497644583	1670497644860	OK	 
GROUP	SelectFlight_tx	1670497644222	1670497644860	631	OK
REQUEST	SelectFlight_tx	bootstrap.min.css	1670497644666	1670497644918	OK	 
REQUEST	SelectFlight_tx	bootstrap-table.js	1670497644665	1670497644941	OK	 
REQUEST	SelectFlight_tx	bootstrap.min.js	1670497644667	1670497644941	OK	 
REQUEST	SelectFlight_tx	bootstrap-table.js	1670497644667	1670497644942	OK	 
REQUEST	SelectFlight_tx	SelectFlight_request	1670497644537	1670497644941	OK	 
REQUEST	SelectFlight_tx	bootstrap.min.js	1670497644664	1670497644942	OK	 
REQUEST	SelectFlight_tx	bootstrap-table.css	1670497644666	1670497644942	OK	 
REQUEST	SelectFlight_tx	bootstrap.min.css	1670497644667	1670497644942	OK	 
GROUP	SelectFlight_tx	1670497644224	1670497644943	712	OK
REQUEST	SelectFlight_tx	bootstrap-table.css	1670497644667	1670497644943	OK	 
GROUP	SelectFlight_tx	1670497644201	1670497644944	737	OK
REQUEST	SelectFlight_tx	bootstrap-table.js	1670497644946	1670497645197	OK	 
REQUEST	SelectFlight_tx	bootstrap-table.css	1670497644946	1670497645209	OK	 
REQUEST	SelectFlight_tx	bootstrap.min.css	1670497644946	1670497645211	OK	 
REQUEST	SelectFlight_tx	bootstrap.min.js	1670497644945	1670497645212	OK	 
GROUP	SelectFlight_tx	1670497644536	1670497645213	672	OK
REQUEST	SelectFlight_tx	SelectFlight_request	1670497645568	1670497645932	OK	 
REQUEST	SelectFlight_tx	bootstrap.min.css	1670497645935	1670497646200	OK	 
REQUEST	SelectFlight_tx	bootstrap.min.js	1670497645934	1670497646201	OK	 
REQUEST	SelectFlight_tx	bootstrap-table.js	1670497645935	1670497646201	OK	 
REQUEST	SelectFlight_tx	bootstrap-table.css	1670497645935	1670497646219	OK	 
GROUP	SelectFlight_tx	1670497645566	1670497646220	650	OK
REQUEST	PurchaseTickets_tx	purchaseTicket_request	1670497649621	1670497649979	OK	 
REQUEST	PurchaseTickets_tx	purchaseTicket_request	1670497649684	1670497650101	OK	 
REQUEST	PurchaseTickets_tx	purchaseTicket_request	1670497649718	1670497650101	OK	 
REQUEST	PurchaseTickets_tx	purchaseTicket_request	1670497649729	1670497650138	OK	 
REQUEST	PurchaseTickets_tx	purchaseTicket_request	1670497649718	1670497650160	OK	 
REQUEST	PurchaseTickets_tx	bootstrap-table.css	1670497649983	1670497650235	OK	 
REQUEST	PurchaseTickets_tx	purchaseTicket_request	1670497649862	1670497650235	OK	 
REQUEST	PurchaseTickets_tx	bootstrap.min.js	1670497649982	1670497650240	OK	 
REQUEST	PurchaseTickets_tx	bootstrap-table.js	1670497649983	1670497650259	OK	 
REQUEST	PurchaseTickets_tx	bootstrap.min.css	1670497649983	1670497650272	OK	 
GROUP	PurchaseTickets_tx	1670497649621	1670497650273	648	OK
REQUEST	PurchaseTickets_tx	purchaseTicket_request	1670497649946	1670497650321	OK	 
REQUEST	PurchaseTickets_tx	bootstrap-table.css	1670497650104	1670497650355	OK	 
REQUEST	PurchaseTickets_tx	bootstrap.min.js	1670497650103	1670497650356	OK	 
REQUEST	PurchaseTickets_tx	bootstrap.min.js	1670497650103	1670497650360	OK	 
REQUEST	PurchaseTickets_tx	bootstrap.min.css	1670497650104	1670497650361	OK	 
REQUEST	PurchaseTickets_tx	bootstrap-table.js	1670497650104	1670497650379	OK	 
REQUEST	PurchaseTickets_tx	bootstrap-table.js	1670497650104	1670497650379	OK	 
REQUEST	PurchaseTickets_tx	bootstrap-table.css	1670497650104	1670497650396	OK	 
GROUP	PurchaseTickets_tx	1670497649718	1670497650397	677	OK
REQUEST	PurchaseTickets_tx	bootstrap-table.css	1670497650145	1670497650396	OK	 
REQUEST	PurchaseTickets_tx	bootstrap.min.css	1670497650104	1670497650398	OK	 
REQUEST	PurchaseTickets_tx	bootstrap.min.css	1670497650145	1670497650398	OK	 
GROUP	PurchaseTickets_tx	1670497649684	1670497650398	712	OK
REQUEST	PurchaseTickets_tx	bootstrap.min.js	1670497650142	1670497650400	OK	 
REQUEST	PurchaseTickets_tx	bootstrap-table.js	1670497650144	1670497650410	OK	 
GROUP	PurchaseTickets_tx	1670497649728	1670497650411	679	OK
REQUEST	PurchaseTickets_tx	bootstrap-table.js	1670497650163	1670497650411	OK	 
REQUEST	PurchaseTickets_tx	bootstrap-table.css	1670497650163	1670497650419	OK	 
REQUEST	PurchaseTickets_tx	bootstrap.min.js	1670497650162	1670497650424	OK	 
REQUEST	PurchaseTickets_tx	bootstrap.min.css	1670497650163	1670497650437	OK	 
GROUP	PurchaseTickets_tx	1670497649718	1670497650438	718	OK
REQUEST	PurchaseTickets_tx	bootstrap.min.js	1670497650237	1670497650498	OK	 
REQUEST	PurchaseTickets_tx	bootstrap.min.css	1670497650238	1670497650499	OK	 
REQUEST	PurchaseTickets_tx	purchaseTicket_request	1670497649945	1670497650503	OK	 
REQUEST	PurchaseTickets_tx	bootstrap-table.css	1670497650238	1670497650506	OK	 
REQUEST	PurchaseTickets_tx	bootstrap-table.js	1670497650237	1670497650535	OK	 
GROUP	PurchaseTickets_tx	1670497649862	1670497650536	672	OK
REQUEST	PurchaseTickets_tx	bootstrap.min.js	1670497650325	1670497650641	OK	 
REQUEST	Homepage_tx	Homepage_request	1670497650273	1670497650641	OK	 
REQUEST	PurchaseTickets_tx	purchaseTicket_request	1670497650214	1670497650644	OK	 
REQUEST	PurchaseTickets_tx	bootstrap-table.css	1670497650328	1670497650654	OK	 
REQUEST	PurchaseTickets_tx	bootstrap.min.css	1670497650328	1670497650679	OK	 
REQUEST	PurchaseTickets_tx	bootstrap-table.js	1670497650326	1670497650696	OK	 
GROUP	PurchaseTickets_tx	1670497649945	1670497650696	747	OK
REQUEST	Homepage_tx	Homepage_request	1670497650412	1670497650763	OK	 
REQUEST	PurchaseTickets_tx	bootstrap-table.js	1670497650506	1670497650764	OK	 
REQUEST	PurchaseTickets_tx	bootstrap.min.js	1670497650505	1670497650781	OK	 
REQUEST	PurchaseTickets_tx	bootstrap-table.css	1670497650507	1670497650781	OK	 
REQUEST	PurchaseTickets_tx	bootstrap.min.css	1670497650506	1670497650805	OK	 
GROUP	PurchaseTickets_tx	1670497649945	1670497650806	859	OK
REQUEST	Homepage_tx	Homepage_request	1670497650438	1670497650820	OK	 
REQUEST	Homepage_tx	Homepage_request	1670497650399	1670497650835	OK	 
REQUEST	Homepage_tx	Homepage_request	1670497650397	1670497650863	OK	 
REQUEST	Homepage_tx	Homepage_request	1670497650536	1670497650895	OK	 
REQUEST	Homepage_tx	bootstrap-table.css	1670497650648	1670497650898	OK	 
REQUEST	Homepage_tx	bootstrap.min.js	1670497650647	1670497650918	OK	 
REQUEST	PurchaseTickets_tx	bootstrap-table.css	1670497650649	1670497650918	OK	 
REQUEST	PurchaseTickets_tx	bootstrap-table.js	1670497650649	1670497650919	OK	 
REQUEST	Homepage_tx	bootstrap-table.js	1670497650648	1670497650919	OK	 
REQUEST	Homepage_tx	bootstrap.min.css	1670497650648	1670497650919	OK	 
GROUP	Homepage_tx	1670497650273	1670497650920	640	OK
REQUEST	PurchaseTickets_tx	bootstrap.min.css	1670497650649	1670497650919	OK	 
REQUEST	PurchaseTickets_tx	bootstrap.min.js	1670497650648	1670497650920	OK	 
GROUP	PurchaseTickets_tx	1670497650214	1670497650922	704	OK
REQUEST	Homepage_tx	bootstrap.min.js	1670497650765	1670497651026	OK	 
REQUEST	Homepage_tx	Homepage_request	1670497650697	1670497651061	OK	 
REQUEST	Homepage_tx	bootstrap.min.css	1670497650765	1670497651078	OK	 
REQUEST	Homepage_tx	bootstrap-table.js	1670497650765	1670497651081	OK	 
REQUEST	Homepage_tx	bootstrap.min.js	1670497650821	1670497651081	OK	 
REQUEST	Homepage_tx	bootstrap-table.css	1670497650765	1670497651119	OK	 
REQUEST	Homepage_tx	bootstrap-table.js	1670497650822	1670497651120	OK	 
GROUP	Homepage_tx	1670497650412	1670497651120	707	OK
REQUEST	Homepage_tx	bootstrap.min.js	1670497650837	1670497651120	OK	 
REQUEST	Homepage_tx	bootstrap-table.css	1670497650865	1670497651129	OK	 
REQUEST	Homepage_tx	bootstrap.min.css	1670497650822	1670497651139	OK	 
REQUEST	Homepage_tx	bootstrap-table.css	1670497650822	1670497651140	OK	 
GROUP	Homepage_tx	1670497650438	1670497651141	702	OK
REQUEST	Homepage_tx	bootstrap-table.css	1670497650898	1670497651158	OK	 
REQUEST	Homepage_tx	bootstrap.min.js	1670497650897	1670497651160	OK	 
REQUEST	Homepage_tx	bootstrap.min.css	1670497650838	1670497651173	OK	 
REQUEST	Homepage_tx	bootstrap-table.css	1670497650838	1670497651198	OK	 
REQUEST	Homepage_tx	bootstrap-table.js	1670497650838	1670497651199	OK	 
GROUP	Homepage_tx	1670497650399	1670497651199	798	OK
REQUEST	Homepage_tx	Homepage_request	1670497650807	1670497651215	OK	 
REQUEST	Homepage_tx	bootstrap.min.css	1670497650865	1670497651227	OK	 
REQUEST	Homepage_tx	bootstrap-table.js	1670497650865	1670497651228	OK	 
REQUEST	Homepage_tx	bootstrap-table.js	1670497650897	1670497651232	OK	 
REQUEST	Homepage_tx	bootstrap.min.css	1670497650897	1670497651255	OK	 
GROUP	Homepage_tx	1670497650536	1670497651255	717	OK
REQUEST	Homepage_tx	bootstrap.min.js	1670497650865	1670497651256	OK	 
GROUP	Homepage_tx	1670497650397	1670497651257	859	OK
REQUEST	Homepage_tx	bootstrap.min.css	1670497651064	1670497651332	OK	 
REQUEST	Homepage_tx	bootstrap-table.css	1670497651064	1670497651341	OK	 
REQUEST	Homepage_tx	Homepage_request	1670497650923	1670497651421	OK	 
REQUEST	Homepage_tx	bootstrap.min.js	1670497651063	1670497651458	OK	 
REQUEST	Homepage_tx	bootstrap-table.js	1670497651217	1670497651480	OK	 
REQUEST	Homepage_tx	bootstrap.min.css	1670497651218	1670497651480	OK	 
REQUEST	Homepage_tx	bootstrap-table.css	1670497651218	1670497651495	OK	 
REQUEST	Homepage_tx	bootstrap-table.js	1670497651063	1670497651555	OK	 
GROUP	Homepage_tx	1670497650697	1670497651556	857	OK
REQUEST	PurchaseTickets_tx	purchaseTicket_request	1670497651222	1670497651597	OK	 
REQUEST	Homepage_tx	bootstrap.min.js	1670497651217	1670497651660	OK	 
GROUP	Homepage_tx	1670497650806	1670497651660	851	OK
REQUEST	PurchaseTickets_tx	bootstrap.min.js	1670497651599	1670497651862	OK	 
REQUEST	PurchaseTickets_tx	bootstrap-table.css	1670497651600	1670497651880	OK	 
REQUEST	Homepage_tx	bootstrap.min.css	1670497651423	1670497652059	OK	 
REQUEST	Homepage_tx	bootstrap-table.js	1670497651423	1670497652062	OK	 
REQUEST	Homepage_tx	bootstrap.min.js	1670497651422	1670497652063	OK	 
REQUEST	Homepage_tx	bootstrap-table.css	1670497651423	1670497652077	OK	 
GROUP	Homepage_tx	1670497650923	1670497652078	1154	OK
REQUEST	PurchaseTickets_tx	bootstrap.min.css	1670497651600	1670497652276	OK	 
REQUEST	PurchaseTickets_tx	bootstrap-table.js	1670497651599	1670497652278	OK	 
GROUP	PurchaseTickets_tx	1670497651221	1670497652278	1054	OK
REQUEST	Homepage_tx	Homepage_request	1670497652278	1670497652757	OK	 
REQUEST	Homepage_tx	bootstrap.min.js	1670497652760	1670497653020	OK	 
REQUEST	Homepage_tx	bootstrap-table.js	1670497652761	1670497653021	OK	 
REQUEST	Homepage_tx	bootstrap.min.css	1670497652761	1670497653026	OK	 
REQUEST	Homepage_tx	bootstrap-table.css	1670497652762	1670497653038	OK	 
GROUP	Homepage_tx	1670497652278	1670497653039	758	OK
REQUEST	FindFlight_tx	FindFlightRequest	1670497655921	1670497656283	OK	 
REQUEST	FindFlight_tx	FindFlightRequest	1670497656143	1670497656537	OK	 
REQUEST	FindFlight_tx	bootstrap-table.js	1670497656290	1670497656554	OK	 
REQUEST	FindFlight_tx	FindFlightRequest	1670497656122	1670497656568	OK	 
REQUEST	FindFlight_tx	FindFlightRequest	1670497656257	1670497656619	OK	 
REQUEST	FindFlight_tx	FindFlightRequest	1670497656200	1670497656664	OK	 
REQUEST	FindFlight_tx	FindFlightRequest	1670497656259	1670497656670	OK	 
REQUEST	FindFlight_tx	bootstrap.min.js	1670497656289	1670497656700	OK	 
REQUEST	FindFlight_tx	bootstrap-table.css	1670497656292	1670497656733	OK	 
REQUEST	FindFlight_tx	bootstrap.min.css	1670497656291	1670497656759	OK	 
GROUP	FindFlight_tx	1670497655920	1670497656760	833	OK
REQUEST	FindFlight_tx	bootstrap.min.css	1670497656572	1670497656835	OK	 
REQUEST	FindFlight_tx	bootstrap.min.js	1670497656540	1670497656956	OK	 
REQUEST	FindFlight_tx	bootstrap.min.js	1670497656571	1670497656997	OK	 
REQUEST	FindFlight_tx	bootstrap-table.js	1670497656540	1670497657039	OK	 
REQUEST	FindFlight_tx	bootstrap.min.css	1670497656542	1670497657040	OK	 
REQUEST	FindFlight_tx	bootstrap-table.css	1670497656573	1670497657040	OK	 
REQUEST	FindFlight_tx	bootstrap.min.css	1670497656625	1670497657087	OK	 
REQUEST	FindFlight_tx	bootstrap-table.css	1670497656625	1670497657090	OK	 
REQUEST	FindFlight_tx	bootstrap.min.js	1670497656623	1670497657101	OK	 
REQUEST	FindFlight_tx	bootstrap-table.js	1670497656667	1670497657143	OK	 
REQUEST	FindFlight_tx	bootstrap.min.js	1670497656667	1670497657150	OK	 
REQUEST	FindFlight_tx	bootstrap-table.css	1670497656543	1670497657161	OK	 
GROUP	FindFlight_tx	1670497656142	1670497657161	1016	OK
REQUEST	FindFlight_tx	bootstrap-table.js	1670497656572	1670497657192	OK	 
GROUP	FindFlight_tx	1670497656121	1670497657192	1067	OK
REQUEST	FindFlight_tx	bootstrap.min.css	1670497656668	1670497657194	OK	 
REQUEST	FindFlight_tx	FindFlightRequest	1670497656557	1670497657219	OK	 
REQUEST	FindFlight_tx	bootstrap-table.js	1670497656624	1670497657233	OK	 
GROUP	FindFlight_tx	1670497656256	1670497657233	973	OK
REQUEST	FindFlight_tx	bootstrap-table.css	1670497656668	1670497657272	OK	 
GROUP	FindFlight_tx	1670497656199	1670497657273	1070	OK
REQUEST	FindFlight_tx	bootstrap-table.css	1670497656677	1670497657274	OK	 
REQUEST	FindFlight_tx	FindFlightRequest	1670497656661	1670497657272	OK	 
REQUEST	FindFlight_tx	bootstrap-table.js	1670497656674	1670497657275	OK	 
REQUEST	FindFlight_tx	bootstrap.min.js	1670497656674	1670497657337	OK	 
REQUEST	FindFlight_tx	bootstrap.min.css	1670497656675	1670497657338	OK	 
GROUP	FindFlight_tx	1670497656258	1670497657339	1077	OK
REQUEST	FindFlight_tx	bootstrap-table.js	1670497657223	1670497657476	OK	 
REQUEST	FindFlight_tx	bootstrap-table.css	1670497657224	1670497657680	OK	 
REQUEST	FindFlight_tx	bootstrap.min.css	1670497657277	1670497657699	OK	 
REQUEST	FindFlight_tx	bootstrap.min.js	1670497657222	1670497657835	OK	 
REQUEST	FindFlight_tx	bootstrap.min.css	1670497657223	1670497657843	OK	 
GROUP	FindFlight_tx	1670497656557	1670497657843	1283	OK
REQUEST	FindFlight_tx	bootstrap-table.css	1670497657277	1670497657940	OK	 
REQUEST	FindFlight_tx	bootstrap-table.js	1670497657276	1670497657960	OK	 
REQUEST	FindFlight_tx	FindFlightRequest	1670497658041	1670497658419	OK	 
REQUEST	FindFlight_tx	bootstrap.min.css	1670497658421	1670497658681	OK	 
REQUEST	FindFlight_tx	bootstrap-table.css	1670497658422	1670497658681	OK	 
REQUEST	FindFlight_tx	bootstrap-table.js	1670497658421	1670497658682	OK	 
REQUEST	FindFlight_tx	FindFlightRequest	1670497657079	1670497658861	OK	 
REQUEST	FindFlight_tx	bootstrap.min.js	1670497657276	1670497658898	OK	 
GROUP	FindFlight_tx	1670497656661	1670497658899	2235	OK
REQUEST	FindFlight_tx	bootstrap-table.js	1670497658864	1670497659149	OK	 
REQUEST	FindFlight_tx	bootstrap.min.js	1670497658864	1670497659193	OK	 
REQUEST	FindFlight_tx	bootstrap.min.js	1670497658421	1670497659440	OK	 
GROUP	FindFlight_tx	1670497658040	1670497659440	1397	OK
REQUEST	FindFlight_tx	bootstrap.min.css	1670497658864	1670497659580	OK	 
REQUEST	FindFlight_tx	bootstrap-table.css	1670497658865	1670497659581	OK	 
GROUP	FindFlight_tx	1670497657079	1670497659581	2499	OK
REQUEST	SelectFlight_tx	SelectFlight_request	1670497661761	1670497662161	OK	 
REQUEST	SelectFlight_tx	bootstrap-table.js	1670497662163	1670497662416	OK	 
REQUEST	SelectFlight_tx	bootstrap.min.js	1670497662162	1670497662437	OK	 
REQUEST	SelectFlight_tx	bootstrap.min.css	1670497662163	1670497662439	OK	 
REQUEST	SelectFlight_tx	bootstrap-table.css	1670497662163	1670497662440	OK	 
GROUP	SelectFlight_tx	1670497661761	1670497662440	678	OK
REQUEST	SelectFlight_tx	SelectFlight_request	1670497662162	1670497662538	OK	 
REQUEST	SelectFlight_tx	SelectFlight_request	1670497662193	1670497662582	OK	 
REQUEST	SelectFlight_tx	SelectFlight_request	1670497662235	1670497662644	OK	 
REQUEST	SelectFlight_tx	SelectFlight_request	1670497662274	1670497662679	OK	 
REQUEST	SelectFlight_tx	SelectFlight_request	1670497662341	1670497662717	OK	 
REQUEST	SelectFlight_tx	bootstrap-table.css	1670497662542	1670497662800	OK	 
REQUEST	SelectFlight_tx	bootstrap.min.css	1670497662542	1670497662801	OK	 
REQUEST	SelectFlight_tx	bootstrap-table.js	1670497662541	1670497662802	OK	 
REQUEST	SelectFlight_tx	bootstrap.min.js	1670497662541	1670497662821	OK	 
GROUP	SelectFlight_tx	1670497662162	1670497662822	658	OK
REQUEST	SelectFlight_tx	bootstrap.min.css	1670497662587	1670497662848	OK	 
REQUEST	SelectFlight_tx	bootstrap-table.css	1670497662587	1670497662863	OK	 
REQUEST	SelectFlight_tx	bootstrap.min.js	1670497662586	1670497662865	OK	 
REQUEST	SelectFlight_tx	bootstrap-table.js	1670497662586	1670497662866	OK	 
GROUP	SelectFlight_tx	1670497662193	1670497662866	669	OK
REQUEST	SelectFlight_tx	bootstrap.min.js	1670497662646	1670497662898	OK	 
REQUEST	SelectFlight_tx	bootstrap-table.js	1670497662647	1670497662903	OK	 
REQUEST	SelectFlight_tx	bootstrap-table.css	1670497662647	1670497662905	OK	 
REQUEST	SelectFlight_tx	bootstrap.min.css	1670497662647	1670497662905	OK	 
GROUP	SelectFlight_tx	1670497662234	1670497662905	668	OK
REQUEST	SelectFlight_tx	bootstrap-table.css	1670497662683	1670497662940	OK	 
REQUEST	SelectFlight_tx	bootstrap.min.css	1670497662683	1670497662941	OK	 
REQUEST	SelectFlight_tx	bootstrap.min.js	1670497662682	1670497662941	OK	 
REQUEST	SelectFlight_tx	bootstrap-table.js	1670497662682	1670497662942	OK	 
GROUP	SelectFlight_tx	1670497662273	1670497662942	665	OK
REQUEST	SelectFlight_tx	bootstrap-table.js	1670497662720	1670497662978	OK	 
REQUEST	SelectFlight_tx	bootstrap.min.js	1670497662720	1670497662979	OK	 
REQUEST	SelectFlight_tx	bootstrap-table.css	1670497662722	1670497662983	OK	 
REQUEST	SelectFlight_tx	bootstrap.min.css	1670497662721	1670497662984	OK	 
GROUP	SelectFlight_tx	1670497662340	1670497662984	641	OK
REQUEST	SelectFlight_tx	SelectFlight_request	1670497662846	1670497663243	OK	 
REQUEST	SelectFlight_tx	bootstrap.min.js	1670497663245	1670497663502	OK	 
REQUEST	SelectFlight_tx	bootstrap-table.js	1670497663245	1670497663503	OK	 
REQUEST	SelectFlight_tx	bootstrap.min.css	1670497663245	1670497663511	OK	 
REQUEST	SelectFlight_tx	bootstrap-table.css	1670497663246	1670497663518	OK	 
GROUP	SelectFlight_tx	1670497662845	1670497663518	670	OK
REQUEST	SelectFlight_tx	SelectFlight_request	1670497663900	1670497664298	OK	 
REQUEST	SelectFlight_tx	bootstrap-table.css	1670497664301	1670497664558	OK	 
REQUEST	SelectFlight_tx	bootstrap.min.css	1670497664301	1670497664576	OK	 
REQUEST	SelectFlight_tx	bootstrap-table.js	1670497664301	1670497664577	OK	 
REQUEST	SelectFlight_tx	bootstrap.min.js	1670497664300	1670497664577	OK	 
GROUP	SelectFlight_tx	1670497663900	1670497664577	675	OK
REQUEST	SelectFlight_tx	SelectFlight_request	1670497664442	1670497664861	OK	 
REQUEST	SelectFlight_tx	SelectFlight_request	1670497664582	1670497664962	OK	 
REQUEST	SelectFlight_tx	bootstrap.min.js	1670497664863	1670497665139	OK	 
REQUEST	SelectFlight_tx	bootstrap-table.css	1670497664864	1670497665140	OK	 
REQUEST	SelectFlight_tx	bootstrap.min.css	1670497664864	1670497665141	OK	 
REQUEST	SelectFlight_tx	bootstrap-table.js	1670497664864	1670497665141	OK	 
GROUP	SelectFlight_tx	1670497664441	1670497665142	698	OK
REQUEST	SelectFlight_tx	bootstrap-table.css	1670497664964	1670497665222	OK	 
REQUEST	SelectFlight_tx	bootstrap-table.js	1670497664964	1670497665241	OK	 
REQUEST	SelectFlight_tx	bootstrap.min.js	1670497664964	1670497665244	OK	 
REQUEST	SelectFlight_tx	bootstrap.min.css	1670497664964	1670497665258	OK	 
GROUP	SelectFlight_tx	1670497664582	1670497665259	675	OK
REQUEST	PurchaseTickets_tx	purchaseTicket_request	1670497667442	1670497667801	OK	 
REQUEST	PurchaseTickets_tx	bootstrap-table.css	1670497667804	1670497668057	OK	 
REQUEST	PurchaseTickets_tx	bootstrap.min.js	1670497667803	1670497668078	OK	 
REQUEST	PurchaseTickets_tx	bootstrap-table.js	1670497667803	1670497668079	OK	 
REQUEST	PurchaseTickets_tx	bootstrap.min.css	1670497667803	1670497668079	OK	 
GROUP	PurchaseTickets_tx	1670497667442	1670497668079	636	OK
REQUEST	PurchaseTickets_tx	purchaseTicket_request	1670497667824	1670497668259	OK	 
REQUEST	PurchaseTickets_tx	purchaseTicket_request	1670497667868	1670497668308	OK	 
REQUEST	PurchaseTickets_tx	purchaseTicket_request	1670497667907	1670497668308	OK	 
REQUEST	PurchaseTickets_tx	purchaseTicket_request	1670497667944	1670497668358	OK	 
REQUEST	PurchaseTickets_tx	purchaseTicket_request	1670497667987	1670497668380	OK	 
REQUEST	Homepage_tx	Homepage_request	1670497668080	1670497668418	OK	 
REQUEST	PurchaseTickets_tx	bootstrap-table.js	1670497668261	1670497668522	OK	 
REQUEST	PurchaseTickets_tx	bootstrap-table.css	1670497668261	1670497668525	OK	 
REQUEST	PurchaseTickets_tx	bootstrap.min.js	1670497668261	1670497668526	OK	 
REQUEST	PurchaseTickets_tx	bootstrap.min.css	1670497668261	1670497668527	OK	 
GROUP	PurchaseTickets_tx	1670497667824	1670497668527	701	OK
REQUEST	PurchaseTickets_tx	bootstrap.min.css	1670497668311	1670497668580	OK	 
REQUEST	PurchaseTickets_tx	bootstrap-table.css	1670497668311	1670497668580	OK	 
REQUEST	PurchaseTickets_tx	bootstrap-table.js	1670497668311	1670497668581	OK	 
REQUEST	PurchaseTickets_tx	bootstrap.min.css	1670497668311	1670497668581	OK	 
REQUEST	PurchaseTickets_tx	bootstrap.min.js	1670497668310	1670497668581	OK	 
GROUP	PurchaseTickets_tx	1670497667907	1670497668581	672	OK
REQUEST	PurchaseTickets_tx	bootstrap-table.js	1670497668311	1670497668583	OK	 
REQUEST	PurchaseTickets_tx	bootstrap.min.js	1670497668310	1670497668590	OK	 
REQUEST	PurchaseTickets_tx	bootstrap-table.css	1670497668311	1670497668595	OK	 
GROUP	PurchaseTickets_tx	1670497667868	1670497668596	726	OK
REQUEST	PurchaseTickets_tx	bootstrap-table.css	1670497668361	1670497668619	OK	 
REQUEST	PurchaseTickets_tx	bootstrap-table.js	1670497668361	1670497668623	OK	 
REQUEST	PurchaseTickets_tx	bootstrap.min.js	1670497668360	1670497668639	OK	 
REQUEST	PurchaseTickets_tx	bootstrap.min.css	1670497668361	1670497668639	OK	 
GROUP	PurchaseTickets_tx	1670497667944	1670497668640	694	OK
REQUEST	PurchaseTickets_tx	bootstrap-table.js	1670497668382	1670497668657	OK	 
REQUEST	PurchaseTickets_tx	bootstrap.min.js	1670497668382	1670497668658	OK	 
REQUEST	PurchaseTickets_tx	bootstrap-table.css	1670497668382	1670497668658	OK	 
REQUEST	PurchaseTickets_tx	bootstrap.min.css	1670497668382	1670497668659	OK	 
GROUP	PurchaseTickets_tx	1670497667986	1670497668659	671	OK
REQUEST	Homepage_tx	bootstrap-table.css	1670497668421	1670497668697	OK	 
REQUEST	Homepage_tx	bootstrap.min.js	1670497668420	1670497668697	OK	 
REQUEST	Homepage_tx	bootstrap-table.js	1670497668420	1670497668715	OK	 
REQUEST	Homepage_tx	bootstrap.min.css	1670497668421	1670497668716	OK	 
GROUP	Homepage_tx	1670497668080	1670497668716	634	OK
REQUEST	Homepage_tx	Homepage_request	1670497668527	1670497668919	OK	 
REQUEST	PurchaseTickets_tx	purchaseTicket_request	1670497668519	1670497668962	OK	 
REQUEST	Homepage_tx	Homepage_request	1670497668582	1670497669039	OK	 
REQUEST	Homepage_tx	Homepage_request	1670497668660	1670497669053	OK	 
REQUEST	Homepage_tx	Homepage_request	1670497668596	1670497669075	OK	 
REQUEST	Homepage_tx	Homepage_request	1670497668640	1670497669074	OK	 
REQUEST	Homepage_tx	bootstrap-table.js	1670497668921	1670497669180	OK	 
REQUEST	Homepage_tx	bootstrap.min.js	1670497668921	1670497669180	OK	 
REQUEST	Homepage_tx	bootstrap-table.css	1670497668922	1670497669181	OK	 
REQUEST	Homepage_tx	bootstrap.min.css	1670497668921	1670497669209	OK	 
GROUP	Homepage_tx	1670497668527	1670497669210	681	OK
REQUEST	PurchaseTickets_tx	bootstrap.min.css	1670497668964	1670497669218	OK	 
REQUEST	PurchaseTickets_tx	bootstrap-table.js	1670497668964	1670497669243	OK	 
REQUEST	PurchaseTickets_tx	bootstrap.min.js	1670497668964	1670497669243	OK	 
REQUEST	PurchaseTickets_tx	bootstrap-table.css	1670497668965	1670497669244	OK	 
GROUP	PurchaseTickets_tx	1670497668519	1670497669244	723	OK
REQUEST	Homepage_tx	bootstrap-table.css	1670497669041	1670497669300	OK	 
REQUEST	Homepage_tx	bootstrap.min.js	1670497669041	1670497669301	OK	 
REQUEST	Homepage_tx	bootstrap-table.js	1670497669041	1670497669301	OK	 
REQUEST	Homepage_tx	bootstrap.min.css	1670497669041	1670497669308	OK	 
GROUP	Homepage_tx	1670497668582	1670497669309	725	OK
REQUEST	Homepage_tx	bootstrap.min.js	1670497669056	1670497669312	OK	 
REQUEST	Homepage_tx	bootstrap.min.css	1670497669057	1670497669313	OK	 
REQUEST	Homepage_tx	bootstrap-table.js	1670497669056	1670497669314	OK	 
REQUEST	Homepage_tx	bootstrap-table.css	1670497669057	1670497669316	OK	 
GROUP	Homepage_tx	1670497668660	1670497669316	654	OK
REQUEST	Homepage_tx	bootstrap.min.js	1670497669076	1670497669327	OK	 
REQUEST	Homepage_tx	bootstrap-table.css	1670497669077	1670497669330	OK	 
REQUEST	Homepage_tx	bootstrap-table.css	1670497669077	1670497669332	OK	 
REQUEST	Homepage_tx	bootstrap.min.js	1670497669077	1670497669332	OK	 
REQUEST	Homepage_tx	bootstrap.min.css	1670497669077	1670497669340	OK	 
REQUEST	Homepage_tx	bootstrap.min.css	1670497669077	1670497669340	OK	 
REQUEST	Homepage_tx	bootstrap-table.js	1670497669077	1670497669342	OK	 
GROUP	Homepage_tx	1670497668596	1670497669342	745	OK
REQUEST	Homepage_tx	bootstrap-table.js	1670497669077	1670497669348	OK	 
GROUP	Homepage_tx	1670497668640	1670497669349	706	OK
REQUEST	Homepage_tx	Homepage_request	1670497669244	1670497669640	OK	 
REQUEST	Homepage_tx	bootstrap-table.js	1670497669645	1670497669915	OK	 
REQUEST	Homepage_tx	bootstrap-table.css	1670497669645	1670497669916	OK	 
REQUEST	Homepage_tx	bootstrap.min.js	1670497669644	1670497669930	OK	 
REQUEST	Homepage_tx	bootstrap.min.css	1670497669645	1670497669930	OK	 
GROUP	Homepage_tx	1670497669244	1670497669930	682	OK
REQUEST	PurchaseTickets_tx	purchaseTicket_request	1670497669579	1670497669959	OK	 
REQUEST	PurchaseTickets_tx	bootstrap-table.js	1670497669965	1670497670216	OK	 
REQUEST	PurchaseTickets_tx	bootstrap-table.css	1670497669965	1670497670234	OK	 
REQUEST	PurchaseTickets_tx	bootstrap.min.css	1670497669965	1670497670235	OK	 
REQUEST	PurchaseTickets_tx	bootstrap.min.js	1670497669964	1670497670239	OK	 
GROUP	PurchaseTickets_tx	1670497669578	1670497670240	656	OK
REQUEST	PurchaseTickets_tx	purchaseTicket_request	1670497670145	1670497670509	OK	 
REQUEST	Homepage_tx	Homepage_request	1670497670242	1670497670635	OK	 
REQUEST	PurchaseTickets_tx	purchaseTicket_request	1670497670260	1670497670664	OK	 
REQUEST	PurchaseTickets_tx	bootstrap-table.css	1670497670512	1670497670778	OK	 
REQUEST	PurchaseTickets_tx	bootstrap.min.js	1670497670511	1670497670778	OK	 
REQUEST	PurchaseTickets_tx	bootstrap-table.js	1670497670512	1670497670779	OK	 
REQUEST	PurchaseTickets_tx	bootstrap.min.css	1670497670512	1670497670779	OK	 
GROUP	PurchaseTickets_tx	1670497670144	1670497670779	632	OK
REQUEST	Homepage_tx	bootstrap-table.js	1670497670638	1670497670891	OK	 
REQUEST	Homepage_tx	bootstrap.min.js	1670497670637	1670497670896	OK	 
REQUEST	Homepage_tx	bootstrap.min.css	1670497670640	1670497670898	OK	 
REQUEST	Homepage_tx	bootstrap-table.css	1670497670641	1670497670932	OK	 
REQUEST	PurchaseTickets_tx	bootstrap.min.js	1670497670666	1670497670932	OK	 
GROUP	Homepage_tx	1670497670242	1670497670933	688	OK
REQUEST	PurchaseTickets_tx	bootstrap-table.js	1670497670666	1670497670933	OK	 
REQUEST	PurchaseTickets_tx	bootstrap.min.css	1670497670667	1670497670933	OK	 
REQUEST	PurchaseTickets_tx	bootstrap-table.css	1670497670667	1670497670940	OK	 
GROUP	PurchaseTickets_tx	1670497670259	1670497670941	679	OK
REQUEST	Homepage_tx	Homepage_request	1670497670780	1670497671139	OK	 
REQUEST	Homepage_tx	Homepage_request	1670497670941	1670497671341	OK	 
REQUEST	Homepage_tx	bootstrap.min.js	1670497671141	1670497671403	OK	 
REQUEST	Homepage_tx	bootstrap-table.css	1670497671141	1670497671415	OK	 
REQUEST	Homepage_tx	bootstrap.min.css	1670497671141	1670497671416	OK	 
REQUEST	Homepage_tx	bootstrap-table.js	1670497671141	1670497671416	OK	 
GROUP	Homepage_tx	1670497670779	1670497671416	635	OK
REQUEST	Homepage_tx	bootstrap.min.css	1670497671343	1670497671595	OK	 
REQUEST	Homepage_tx	bootstrap.min.js	1670497671342	1670497671600	OK	 
REQUEST	Homepage_tx	bootstrap-table.css	1670497671343	1670497671607	OK	 
REQUEST	Homepage_tx	bootstrap-table.js	1670497671343	1670497671607	OK	 
GROUP	Homepage_tx	1670497670941	1670497671607	665	OK
REQUEST	FindFlight_tx	FindFlightRequest	1670497674211	1670497674584	OK	 
REQUEST	FindFlight_tx	FindFlightRequest	1670497674310	1670497674679	OK	 
REQUEST	FindFlight_tx	FindFlightRequest	1670497674351	1670497674697	OK	 
REQUEST	FindFlight_tx	FindFlightRequest	1670497674317	1670497674715	OK	 
REQUEST	FindFlight_tx	FindFlightRequest	1670497674343	1670497674760	OK	 
REQUEST	FindFlight_tx	FindFlightRequest	1670497673717	1670497674778	OK	 
REQUEST	FindFlight_tx	bootstrap-table.css	1670497674591	1670497674858	OK	 
REQUEST	FindFlight_tx	bootstrap.min.js	1670497674588	1670497674859	OK	 
REQUEST	FindFlight_tx	bootstrap.min.css	1670497674591	1670497674860	OK	 
REQUEST	FindFlight_tx	bootstrap-table.js	1670497674590	1670497674880	OK	 
GROUP	FindFlight_tx	1670497674211	1670497674880	665	OK
REQUEST	FindFlight_tx	bootstrap-table.css	1670497674683	1670497674933	OK	 
REQUEST	FindFlight_tx	bootstrap-table.js	1670497674682	1670497674942	OK	 
REQUEST	FindFlight_tx	bootstrap.min.js	1670497674703	1670497674956	OK	 
REQUEST	FindFlight_tx	bootstrap.min.css	1670497674682	1670497674956	OK	 
REQUEST	FindFlight_tx	bootstrap.min.css	1670497674719	1670497674977	OK	 
REQUEST	FindFlight_tx	bootstrap-table.css	1670497674704	1670497674977	OK	 
REQUEST	FindFlight_tx	bootstrap-table.js	1670497674703	1670497674978	OK	 
REQUEST	FindFlight_tx	bootstrap.min.css	1670497674704	1670497674978	OK	 
GROUP	FindFlight_tx	1670497674350	1670497674978	622	OK
REQUEST	FindFlight_tx	bootstrap-table.js	1670497674719	1670497674982	OK	 
