RUN	mysimulations.Gatling25	gatling25	1670482257517	Gatling Execution	3.6.1
USER	BlazeHomePage	START	1670482259415
USER	BlazeHomePage	START	1670482259415
USER	BlazeHomePage	START	1670482259415
USER	BlazeHomePage	START	1670482259415
USER	BlazeHomePage	START	1670482259415
REQUEST	Homepage_tx	Homepage_request	1670482259486	1670482260072	OK	 
REQUEST	Homepage_tx	Homepage_request	1670482259486	1670482260084	OK	 
REQUEST	Homepage_tx	Homepage_request	1670482259486	1670482260109	OK	 
REQUEST	Homepage_tx	Homepage_request	1670482259486	1670482260139	OK	 
REQUEST	Homepage_tx	Homepage_request	1670482259486	1670482260311	OK	 
REQUEST	Homepage_tx	bootstrap.min.js	1670482260278	1670482260601	OK	 
REQUEST	Homepage_tx	bootstrap.min.js	1670482260266	1670482260601	OK	 
REQUEST	Homepage_tx	bootstrap.min.js	1670482260269	1670482260649	OK	 
REQUEST	Homepage_tx	bootstrap.min.js	1670482260321	1670482260721	OK	 
REQUEST	Homepage_tx	jquery.min.js	1670482260264	1670482260733	OK	 
REQUEST	Homepage_tx	bootstrap.min.js	1670482260266	1670482260739	OK	 
REQUEST	Homepage_tx	jquery.min.js	1670482260264	1670482260744	OK	 
REQUEST	Homepage_tx	jquery.min.js	1670482260264	1670482260750	OK	 
REQUEST	Homepage_tx	bootstrap-table.css	1670482260281	1670482260762	OK	 
REQUEST	Homepage_tx	bootstrap-table.css	1670482260273	1670482260782	OK	 
REQUEST	Homepage_tx	bootstrap-table.css	1670482260289	1670482260794	OK	 
REQUEST	Homepage_tx	bootstrap-table.css	1670482260327	1670482260802	OK	 
REQUEST	Homepage_tx	bootstrap-table.css	1670482260278	1670482260811	OK	 
REQUEST	Homepage_tx	bootstrap-table.js	1670482260272	1670482260816	OK	 
REQUEST	Homepage_tx	bootstrap-table.js	1670482260280	1670482260844	OK	 
REQUEST	Homepage_tx	bootstrap-table.js	1670482260275	1670482260858	OK	 
REQUEST	Homepage_tx	bootstrap-table.js	1670482260323	1670482260912	OK	 
REQUEST	Homepage_tx	bootstrap-table.js	1670482260267	1670482261016	OK	 
REQUEST	Homepage_tx	jquery.min.js	1670482260266	1670482261032	OK	 
REQUEST	Homepage_tx	bootstrap.min.css	1670482260325	1670482261111	OK	 
REQUEST	Homepage_tx	bootstrap.min.css	1670482260282	1670482261112	OK	 
GROUP	Homepage_tx	1670482259420	1670482261131	1471	OK
REQUEST	Homepage_tx	bootstrap.min.css	1670482260273	1670482261502	OK	 
GROUP	Homepage_tx	1670482259420	1670482261506	1883	OK
REQUEST	Homepage_tx	bootstrap.min.css	1670482260270	1670482261640	OK	 
GROUP	Homepage_tx	1670482259420	1670482261642	1994	OK
REQUEST	Homepage_tx	jquery.min.js	1670482260319	1670482261782	OK	 
GROUP	Homepage_tx	1670482259420	1670482261785	2292	OK
REQUEST	Homepage_tx	bootstrap.min.css	1670482260278	1670482262139	OK	 
GROUP	Homepage_tx	1670482259420	1670482262141	2548	OK
REQUEST	FindFlight_tx	FindFlightRequest	1670482266144	1670482266552	OK	 
REQUEST	FindFlight_tx	bootstrap.min.js	1670482266595	1670482266846	OK	 
REQUEST	FindFlight_tx	bootstrap.min.css	1670482266597	1670482266851	OK	 
REQUEST	FindFlight_tx	bootstrap-table.css	1670482266598	1670482266859	OK	 
REQUEST	FindFlight_tx	bootstrap-table.js	1670482266596	1670482266867	OK	 
GROUP	FindFlight_tx	1670482266140	1670482266867	681	OK
REQUEST	FindFlight_tx	FindFlightRequest	1670482266514	1670482266906	OK	 
REQUEST	FindFlight_tx	FindFlightRequest	1670482266654	1670482267137	OK	 
REQUEST	FindFlight_tx	FindFlightRequest	1670482266796	1670482267151	OK	 
REQUEST	FindFlight_tx	bootstrap-table.css	1670482266923	1670482267175	OK	 
REQUEST	FindFlight_tx	bootstrap-table.js	1670482266918	1670482267184	OK	 
REQUEST	FindFlight_tx	bootstrap.min.css	1670482266921	1670482267186	OK	 
REQUEST	FindFlight_tx	bootstrap.min.js	1670482266917	1670482267192	OK	 
GROUP	FindFlight_tx	1670482266513	1670482267193	669	OK
REQUEST	FindFlight_tx	bootstrap-table.js	1670482267149	1670482267407	OK	 
REQUEST	FindFlight_tx	bootstrap-table.css	1670482267152	1670482267414	OK	 
REQUEST	FindFlight_tx	bootstrap.min.js	1670482267148	1670482267417	OK	 
REQUEST	FindFlight_tx	bootstrap.min.css	1670482267151	1670482267427	OK	 
GROUP	FindFlight_tx	1670482266653	1670482267428	764	OK
REQUEST	FindFlight_tx	bootstrap-table.js	1670482267162	1670482267442	OK	 
REQUEST	FindFlight_tx	bootstrap.min.js	1670482267160	1670482267447	OK	 
REQUEST	FindFlight_tx	bootstrap.min.css	1670482267162	1670482267448	OK	 
REQUEST	FindFlight_tx	FindFlightRequest	1670482267159	1670482267524	OK	 
REQUEST	FindFlight_tx	bootstrap-table.css	1670482267163	1670482267559	OK	 
GROUP	FindFlight_tx	1670482266794	1670482267559	754	OK
REQUEST	FindFlight_tx	bootstrap.min.js	1670482267534	1670482267786	OK	 
REQUEST	FindFlight_tx	bootstrap-table.js	1670482267535	1670482267791	OK	 
REQUEST	FindFlight_tx	bootstrap-table.css	1670482267538	1670482267807	OK	 
REQUEST	FindFlight_tx	bootstrap.min.css	1670482267537	1670482267809	OK	 
GROUP	FindFlight_tx	1670482267158	1670482267811	643	OK
REQUEST	selectFlight_tx	SelectFlight_request	1670482271877	1670482272408	OK	 
REQUEST	selectFlight_tx	SelectFlight_request	1670482272203	1670482272578	OK	 
REQUEST	selectFlight_tx	bootstrap.min.css	1670482272416	1670482272667	OK	 
REQUEST	selectFlight_tx	bootstrap-table.css	1670482272417	1670482272688	OK	 
REQUEST	selectFlight_tx	bootstrap.min.js	1670482272413	1670482272689	OK	 
REQUEST	selectFlight_tx	bootstrap-table.js	1670482272414	1670482272706	OK	 
GROUP	selectFlight_tx	1670482271876	1670482272708	827	OK
REQUEST	selectFlight_tx	SelectFlight_request	1670482272436	1670482272828	OK	 
REQUEST	selectFlight_tx	bootstrap-table.js	1670482272581	1670482272839	OK	 
REQUEST	selectFlight_tx	bootstrap-table.css	1670482272582	1670482272846	OK	 
REQUEST	selectFlight_tx	bootstrap.min.css	1670482272582	1670482272846	OK	 
REQUEST	selectFlight_tx	bootstrap.min.js	1670482272580	1670482272866	OK	 
GROUP	selectFlight_tx	1670482272203	1670482272866	661	OK
REQUEST	selectFlight_tx	SelectFlight_request	1670482272561	1670482273010	OK	 
REQUEST	selectFlight_tx	bootstrap-table.css	1670482272834	1670482273086	OK	 
REQUEST	selectFlight_tx	bootstrap.min.css	1670482272834	1670482273092	OK	 
REQUEST	selectFlight_tx	bootstrap.min.js	1670482272832	1670482273097	OK	 
REQUEST	selectFlight_tx	bootstrap-table.js	1670482272833	1670482273126	OK	 
GROUP	selectFlight_tx	1670482272435	1670482273126	687	OK
REQUEST	selectFlight_tx	SelectFlight_request	1670482272825	1670482273248	OK	 
REQUEST	selectFlight_tx	bootstrap.min.css	1670482273016	1670482273267	OK	 
REQUEST	selectFlight_tx	bootstrap.min.js	1670482273014	1670482273269	OK	 
REQUEST	selectFlight_tx	bootstrap-table.js	1670482273015	1670482273290	OK	 
REQUEST	selectFlight_tx	bootstrap-table.css	1670482273017	1670482273291	OK	 
GROUP	selectFlight_tx	1670482272561	1670482273292	727	OK
REQUEST	selectFlight_tx	bootstrap.min.css	1670482273256	1670482273528	OK	 
REQUEST	selectFlight_tx	bootstrap-table.css	1670482273257	1670482273529	OK	 
REQUEST	selectFlight_tx	bootstrap-table.js	1670482273254	1670482273531	OK	 
REQUEST	selectFlight_tx	bootstrap.min.js	1670482273253	1670482273532	OK	 
GROUP	selectFlight_tx	1670482272824	1670482273533	704	OK
REQUEST	purchaseTicket_tx	purchaseTicket_request	1670482277718	1670482278063	OK	 
REQUEST	purchaseTicket_tx	purchaseTicket_request	1670482277875	1670482278301	OK	 
REQUEST	purchaseTicket_tx	bootstrap.min.css	1670482278107	1670482278369	OK	 
REQUEST	purchaseTicket_tx	bootstrap-table.js	1670482278106	1670482278370	OK	 
REQUEST	purchaseTicket_tx	bootstrap.min.js	1670482278105	1670482278371	OK	 
REQUEST	purchaseTicket_tx	bootstrap-table.css	1670482278108	1670482278386	OK	 
GROUP	purchaseTicket_tx	1670482277716	1670482278386	627	OK
USER	BlazeHomePage	END	1670482278390
REQUEST	purchaseTicket_tx	bootstrap-table.js	1670482278306	1670482278567	OK	 
REQUEST	purchaseTicket_tx	bootstrap.min.js	1670482278305	1670482278568	OK	 
REQUEST	purchaseTicket_tx	bootstrap-table.css	1670482278309	1670482278569	OK	 
REQUEST	purchaseTicket_tx	bootstrap.min.css	1670482278307	1670482278576	OK	 
GROUP	purchaseTicket_tx	1670482277874	1670482278578	699	OK
USER	BlazeHomePage	END	1670482278582
REQUEST	purchaseTicket_tx	purchaseTicket_request	1670482278140	1670482278612	OK	 
REQUEST	purchaseTicket_tx	purchaseTicket_request	1670482278297	1670482278709	OK	 
REQUEST	purchaseTicket_tx	bootstrap-table.js	1670482278617	1670482278866	OK	 
REQUEST	purchaseTicket_tx	bootstrap.min.js	1670482278616	1670482278881	OK	 
REQUEST	purchaseTicket_tx	bootstrap-table.css	1670482278619	1670482278886	OK	 
REQUEST	purchaseTicket_tx	bootstrap.min.css	1670482278618	1670482278888	OK	 
GROUP	purchaseTicket_tx	1670482278140	1670482278888	744	OK
USER	BlazeHomePage	END	1670482278890
REQUEST	purchaseTicket_tx	bootstrap-table.js	1670482278712	1670482278966	OK	 
REQUEST	purchaseTicket_tx	purchaseTicket_request	1670482278543	1670482278966	OK	 
REQUEST	purchaseTicket_tx	bootstrap.min.js	1670482278711	1670482278967	OK	 
REQUEST	purchaseTicket_tx	bootstrap-table.css	1670482278713	1670482278977	OK	 
REQUEST	purchaseTicket_tx	bootstrap.min.css	1670482278713	1670482278994	OK	 
GROUP	purchaseTicket_tx	1670482278297	1670482278995	696	OK
USER	BlazeHomePage	END	1670482278998
REQUEST	purchaseTicket_tx	bootstrap-table.css	1670482278972	1670482279236	OK	 
REQUEST	purchaseTicket_tx	bootstrap-table.js	1670482278971	1670482279237	OK	 
REQUEST	purchaseTicket_tx	bootstrap.min.css	1670482278971	1670482279237	OK	 
REQUEST	purchaseTicket_tx	bootstrap.min.js	1670482278970	1670482279241	OK	 
GROUP	purchaseTicket_tx	1670482278543	1670482279241	695	OK
USER	BlazeHomePage	END	1670482279244
