ASSERTION	AAEDAAECAwAAAAAAAIizQA==
RUN	mysimulations.Gatling30	gatling30	1670498646299	Gatling Execution	3.6.1
USER	BlazeHomePage	START	1670498648680
REQUEST	Homepage_tx	Homepage_request	1670498648719	1670498649635	OK	 
REQUEST	Homepage_tx	jquery.min.js	1670498649736	1670498650106	OK	 
REQUEST	Homepage_tx	bootstrap.min.js	1670498650003	1670498650327	OK	 
REQUEST	Homepage_tx	bootstrap-table.js	1670498650005	1670498650648	OK	 
REQUEST	Homepage_tx	bootstrap-table.css	1670498650006	1670498650676	OK	 
REQUEST	Homepage_tx	bootstrap.min.css	1670498650006	1670498651265	OK	 
GROUP	Homepage_tx	1670498648684	1670498651292	2475	OK
USER	BlazeHomePage	START	1670498654687
REQUEST	Homepage_tx	Homepage_request	1670498654687	1670498655126	OK	 
REQUEST	Homepage_tx	jquery.min.js	1670498655131	1670498655212	OK	 
REQUEST	Homepage_tx	bootstrap.min.js	1670498655131	1670498655470	OK	 
REQUEST	Homepage_tx	bootstrap.min.css	1670498655133	1670498655868	OK	 
REQUEST	Homepage_tx	bootstrap-table.js	1670498655132	1670498655918	OK	 
REQUEST	Homepage_tx	bootstrap-table.css	1670498655133	1670498656587	OK	 
GROUP	Homepage_tx	1670498654687	1670498656588	1896	OK
REQUEST	FindFlight_tx	FindFlightRequest	1670498656300	1670498656685	OK	 
REQUEST	FindFlight_tx	bootstrap.min.js	1670498656719	1670498656985	OK	 
REQUEST	FindFlight_tx	bootstrap-table.css	1670498656721	1670498656988	OK	 
REQUEST	FindFlight_tx	bootstrap.min.css	1670498656721	1670498657007	OK	 
REQUEST	FindFlight_tx	bootstrap-table.js	1670498656720	1670498657027	OK	 
GROUP	FindFlight_tx	1670498656294	1670498657029	695	OK
USER	BlazeHomePage	START	1670498661684
REQUEST	FindFlight_tx	FindFlightRequest	1670498661590	1670498661965	OK	 
REQUEST	Homepage_tx	Homepage_request	1670498661684	1670498662197	OK	 
REQUEST	FindFlight_tx	bootstrap.min.css	1670498661973	1670498662250	OK	 
REQUEST	FindFlight_tx	bootstrap-table.css	1670498661974	1670498662251	OK	 
REQUEST	FindFlight_tx	bootstrap-table.js	1670498661973	1670498662252	OK	 
REQUEST	FindFlight_tx	bootstrap.min.js	1670498661972	1670498662254	OK	 
GROUP	FindFlight_tx	1670498661590	1670498662255	658	OK
REQUEST	Homepage_tx	jquery.min.js	1670498662200	1670498662291	OK	 
REQUEST	SelectFlight_tx	SelectFlight_request	1670498662032	1670498662428	OK	 
REQUEST	Homepage_tx	bootstrap.min.js	1670498662201	1670498662582	OK	 
REQUEST	Homepage_tx	bootstrap-table.js	1670498662202	1670498662651	OK	 
REQUEST	SelectFlight_tx	bootstrap-table.js	1670498662433	1670498662708	OK	 
REQUEST	SelectFlight_tx	bootstrap.min.js	1670498662433	1670498662710	OK	 
REQUEST	SelectFlight_tx	bootstrap-table.css	1670498662434	1670498662713	OK	 
REQUEST	SelectFlight_tx	bootstrap.min.css	1670498662434	1670498662714	OK	 
GROUP	SelectFlight_tx	1670498662031	1670498662715	679	OK
REQUEST	Homepage_tx	bootstrap.min.css	1670498662202	1670498662790	OK	 
REQUEST	Homepage_tx	bootstrap-table.css	1670498662203	1670498662865	OK	 
GROUP	Homepage_tx	1670498661684	1670498662866	1179	OK
USER	BlazeHomePage	START	1670498667676
REQUEST	SelectFlight_tx	SelectFlight_request	1670498667257	1670498667684	OK	 
REQUEST	SelectFlight_tx	bootstrap-table.css	1670498667689	1670498667950	OK	 
REQUEST	SelectFlight_tx	bootstrap.min.css	1670498667689	1670498667956	OK	 
REQUEST	SelectFlight_tx	bootstrap-table.js	1670498667689	1670498667958	OK	 
REQUEST	SelectFlight_tx	bootstrap.min.js	1670498667688	1670498667966	OK	 
GROUP	SelectFlight_tx	1670498667256	1670498667967	706	OK
REQUEST	Homepage_tx	Homepage_request	1670498667677	1670498668107	OK	 
REQUEST	Homepage_tx	jquery.min.js	1670498668112	1670498668199	OK	 
REQUEST	FindFlight_tx	FindFlightRequest	1670498667868	1670498668232	OK	 
REQUEST	Homepage_tx	bootstrap.min.js	1670498668113	1670498668479	OK	 
REQUEST	FindFlight_tx	bootstrap-table.css	1670498668240	1670498668505	OK	 
REQUEST	FindFlight_tx	bootstrap.min.js	1670498668238	1670498668507	OK	 
REQUEST	FindFlight_tx	bootstrap-table.js	1670498668239	1670498668509	OK	 
REQUEST	FindFlight_tx	bootstrap.min.css	1670498668239	1670498668511	OK	 
GROUP	FindFlight_tx	1670498667868	1670498668515	641	OK
REQUEST	Homepage_tx	bootstrap-table.css	1670498668114	1670498668810	OK	 
REQUEST	Homepage_tx	bootstrap-table.js	1670498668113	1670498668829	OK	 
REQUEST	Homepage_tx	bootstrap.min.css	1670498668114	1670498669031	OK	 
GROUP	Homepage_tx	1670498667676	1670498669049	1366	OK
REQUEST	SelectFlight_tx	SelectFlight_request	1670498673517	1670498674193	OK	 
REQUEST	SelectFlight_tx	bootstrap-table.css	1670498674214	1670498674473	OK	 
REQUEST	SelectFlight_tx	bootstrap.min.js	1670498674207	1670498674476	OK	 
REQUEST	FindFlight_tx	FindFlightRequest	1670498674050	1670498674472	OK	 
REQUEST	SelectFlight_tx	bootstrap-table.js	1670498674209	1670498674484	OK	 
REQUEST	SelectFlight_tx	bootstrap.min.css	1670498674210	1670498674487	OK	 
GROUP	SelectFlight_tx	1670498673517	1670498674489	959	OK
USER	BlazeHomePage	START	1670498674686
REQUEST	FindFlight_tx	bootstrap-table.js	1670498674496	1670498674758	OK	 
REQUEST	FindFlight_tx	bootstrap.min.css	1670498674497	1670498674762	OK	 
REQUEST	FindFlight_tx	bootstrap.min.js	1670498674494	1670498674769	OK	 
REQUEST	FindFlight_tx	bootstrap-table.css	1670498674498	1670498674789	OK	 
GROUP	FindFlight_tx	1670498674050	1670498674792	719	OK
REQUEST	Homepage_tx	Homepage_request	1670498674686	1670498675230	OK	 
REQUEST	Homepage_tx	jquery.min.js	1670498675236	1670498675308	OK	 
REQUEST	Homepage_tx	bootstrap.min.js	1670498675236	1670498675546	OK	 
REQUEST	Homepage_tx	bootstrap-table.css	1670498675239	1670498675933	OK	 
REQUEST	Homepage_tx	bootstrap-table.js	1670498675237	1670498675967	OK	 
REQUEST	Homepage_tx	bootstrap.min.css	1670498675238	1670498676233	OK	 
GROUP	Homepage_tx	1670498674686	1670498676251	1559	OK
REQUEST	SelectFlight_tx	SelectFlight_request	1670498679793	1670498680628	OK	 
REQUEST	SelectFlight_tx	bootstrap.min.js	1670498680632	1670498680911	OK	 
REQUEST	SelectFlight_tx	bootstrap-table.js	1670498680632	1670498680926	OK	 
REQUEST	SelectFlight_tx	bootstrap-table.css	1670498680633	1670498680927	OK	 
REQUEST	SelectFlight_tx	bootstrap.min.css	1670498680632	1670498680948	OK	 
GROUP	SelectFlight_tx	1670498679793	1670498680948	1152	OK
REQUEST	FindFlight_tx	FindFlightRequest	1670498681253	1670498681630	OK	 
USER	BlazeHomePage	START	1670498681674
REQUEST	FindFlight_tx	bootstrap-table.js	1670498681635	1670498681907	OK	 
REQUEST	FindFlight_tx	bootstrap.min.js	1670498681635	1670498681910	OK	 
REQUEST	FindFlight_tx	bootstrap-table.css	1670498681636	1670498681912	OK	 
REQUEST	FindFlight_tx	bootstrap.min.css	1670498681636	1670498681913	OK	 
GROUP	FindFlight_tx	1670498681252	1670498681914	657	OK
REQUEST	Homepage_tx	Homepage_request	1670498681675	1670498682302	OK	 
REQUEST	Homepage_tx	jquery.min.js	1670498682308	1670498682388	OK	 
REQUEST	Homepage_tx	bootstrap.min.js	1670498682313	1670498682774	OK	 
REQUEST	Homepage_tx	bootstrap-table.css	1670498682315	1670498682965	OK	 
REQUEST	Homepage_tx	bootstrap-table.js	1670498682314	1670498683144	OK	 
REQUEST	Homepage_tx	bootstrap.min.css	1670498682314	1670498684165	OK	 
GROUP	Homepage_tx	1670498681674	1670498684175	2495	OK
REQUEST	SelectFlight_tx	SelectFlight_request	1670498686915	1670498687283	OK	 
REQUEST	SelectFlight_tx	bootstrap-table.css	1670498687287	1670498687547	OK	 
REQUEST	SelectFlight_tx	bootstrap-table.js	1670498687287	1670498687548	OK	 
REQUEST	SelectFlight_tx	bootstrap.min.js	1670498687286	1670498687548	OK	 
REQUEST	SelectFlight_tx	bootstrap.min.css	1670498687287	1670498687570	OK	 
GROUP	SelectFlight_tx	1670498686915	1670498687571	653	OK
USER	BlazeHomePage	START	1670498687687
REQUEST	Homepage_tx	Homepage_request	1670498687688	1670498688109	OK	 
REQUEST	Homepage_tx	bootstrap.min.js	1670498688113	1670498688441	OK	 
REQUEST	Homepage_tx	jquery.min.js	1670498688112	1670498688530	OK	 
REQUEST	Homepage_tx	bootstrap.min.css	1670498688114	1670498688747	OK	 
REQUEST	Homepage_tx	bootstrap-table.css	1670498688114	1670498688772	OK	 
REQUEST	Homepage_tx	bootstrap-table.js	1670498688113	1670498688831	OK	 
GROUP	Homepage_tx	1670498687687	1670498688837	1146	OK
REQUEST	FindFlight_tx	FindFlightRequest	1670498689177	1670498689528	OK	 
REQUEST	FindFlight_tx	bootstrap-table.css	1670498689536	1670498689783	OK	 
REQUEST	FindFlight_tx	bootstrap-table.js	1670498689535	1670498689791	OK	 
REQUEST	FindFlight_tx	bootstrap.min.js	1670498689535	1670498689806	OK	 
REQUEST	FindFlight_tx	bootstrap.min.css	1670498689536	1670498689808	OK	 
GROUP	FindFlight_tx	1670498689177	1670498689811	627	OK
REQUEST	FindFlight_tx	FindFlightRequest	1670498693839	1670498694230	OK	 
REQUEST	FindFlight_tx	bootstrap.min.js	1670498694235	1670498694484	OK	 
REQUEST	FindFlight_tx	bootstrap-table.js	1670498694235	1670498694507	OK	 
REQUEST	FindFlight_tx	bootstrap-table.css	1670498694236	1670498694508	OK	 
REQUEST	FindFlight_tx	bootstrap.min.css	1670498694236	1670498694510	OK	 
GROUP	FindFlight_tx	1670498693838	1670498694511	668	OK
USER	BlazeHomePage	START	1670498694684
REQUEST	Homepage_tx	Homepage_request	1670498694684	1670498695130	OK	 
REQUEST	SelectFlight_tx	SelectFlight_request	1670498694813	1670498695171	OK	 
REQUEST	Homepage_tx	jquery.min.js	1670498695133	1670498695231	OK	 
REQUEST	SelectFlight_tx	bootstrap-table.css	1670498695176	1670498695430	OK	 
REQUEST	SelectFlight_tx	bootstrap-table.js	1670498695176	1670498695444	OK	 
REQUEST	SelectFlight_tx	bootstrap.min.css	1670498695176	1670498695446	OK	 
REQUEST	SelectFlight_tx	bootstrap.min.js	1670498695175	1670498695447	OK	 
GROUP	SelectFlight_tx	1670498694812	1670498695447	630	OK
REQUEST	Homepage_tx	bootstrap-table.css	1670498695135	1670498695504	OK	 
REQUEST	Homepage_tx	bootstrap.min.js	1670498695134	1670498695565	OK	 
REQUEST	Homepage_tx	bootstrap.min.css	1670498695135	1670498696010	OK	 
REQUEST	Homepage_tx	bootstrap-table.js	1670498695134	1670498696691	OK	 
GROUP	Homepage_tx	1670498694684	1670498696697	2010	OK
REQUEST	SelectFlight_tx	SelectFlight_request	1670498699511	1670498699888	OK	 
REQUEST	SelectFlight_tx	bootstrap-table.css	1670498699893	1670498700171	OK	 
REQUEST	SelectFlight_tx	bootstrap-table.js	1670498699892	1670498700172	OK	 
REQUEST	SelectFlight_tx	bootstrap.min.css	1670498699892	1670498700174	OK	 
REQUEST	SelectFlight_tx	bootstrap.min.js	1670498699891	1670498700175	OK	 
GROUP	SelectFlight_tx	1670498699511	1670498700176	662	OK
USER	BlazeHomePage	START	1670498701677
REQUEST	FindFlight_tx	FindFlightRequest	1670498701698	1670498702090	OK	 
REQUEST	Homepage_tx	Homepage_request	1670498701677	1670498702187	OK	 
REQUEST	FindFlight_tx	bootstrap-table.js	1670498702094	1670498702362	OK	 
REQUEST	FindFlight_tx	bootstrap.min.js	1670498702094	1670498702363	OK	 
REQUEST	FindFlight_tx	bootstrap-table.css	1670498702095	1670498702364	OK	 
REQUEST	FindFlight_tx	bootstrap.min.css	1670498702094	1670498702402	OK	 
GROUP	FindFlight_tx	1670498701697	1670498702404	703	OK
REQUEST	Homepage_tx	bootstrap.min.js	1670498702194	1670498702669	OK	 
REQUEST	Homepage_tx	bootstrap-table.js	1670498702194	1670498702677	OK	 
REQUEST	Homepage_tx	bootstrap-table.css	1670498702195	1670498702848	OK	 
REQUEST	Homepage_tx	bootstrap.min.css	1670498702194	1670498703163	OK	 
REQUEST	Homepage_tx	jquery.min.js	1670498702193	1670498703365	OK	 
GROUP	Homepage_tx	1670498701677	1670498703368	1685	OK
USER	BlazeHomePage	START	1670498707683
REQUEST	SelectFlight_tx	SelectFlight_request	1670498707406	1670498707771	OK	 
REQUEST	SelectFlight_tx	bootstrap-table.css	1670498707776	1670498708045	OK	 
REQUEST	SelectFlight_tx	bootstrap.min.js	1670498707775	1670498708046	OK	 
REQUEST	SelectFlight_tx	bootstrap.min.css	1670498707776	1670498708047	OK	 
REQUEST	SelectFlight_tx	bootstrap-table.js	1670498707775	1670498708047	OK	 
GROUP	SelectFlight_tx	1670498707406	1670498708048	638	OK
REQUEST	Homepage_tx	Homepage_request	1670498707683	1670498708127	OK	 
REQUEST	Homepage_tx	jquery.min.js	1670498708130	1670498708209	OK	 
REQUEST	Homepage_tx	bootstrap.min.js	1670498708130	1670498708546	OK	 
REQUEST	FindFlight_tx	FindFlightRequest	1670498708369	1670498708750	OK	 
REQUEST	Homepage_tx	bootstrap-table.css	1670498708131	1670498708788	OK	 
REQUEST	Homepage_tx	bootstrap-table.js	1670498708131	1670498708906	OK	 
REQUEST	FindFlight_tx	bootstrap.min.js	1670498708760	1670498709019	OK	 
REQUEST	FindFlight_tx	bootstrap-table.js	1670498708761	1670498709026	OK	 
REQUEST	FindFlight_tx	bootstrap.min.css	1670498708761	1670498709030	OK	 
REQUEST	FindFlight_tx	bootstrap-table.css	1670498708761	1670498709049	OK	 
GROUP	FindFlight_tx	1670498708369	1670498709050	671	OK
REQUEST	Homepage_tx	bootstrap.min.css	1670498708131	1670498710042	OK	 
GROUP	Homepage_tx	1670498707683	1670498710049	2363	OK
REQUEST	SelectFlight_tx	SelectFlight_request	1670498714050	1670498714449	OK	 
REQUEST	SelectFlight_tx	bootstrap.min.js	1670498714452	1670498714705	OK	 
REQUEST	SelectFlight_tx	bootstrap-table.js	1670498714452	1670498714727	OK	 
REQUEST	SelectFlight_tx	bootstrap.min.css	1670498714453	1670498714728	OK	 
REQUEST	SelectFlight_tx	bootstrap-table.css	1670498714453	1670498714729	OK	 
GROUP	SelectFlight_tx	1670498714050	1670498714729	677	OK
REQUEST	FindFlight_tx	FindFlightRequest	1670498715051	1670498715567	OK	 
REQUEST	FindFlight_tx	bootstrap.min.js	1670498715570	1670498715829	OK	 
REQUEST	FindFlight_tx	bootstrap.min.css	1670498715570	1670498715834	OK	 
REQUEST	FindFlight_tx	bootstrap-table.js	1670498715570	1670498715835	OK	 
REQUEST	FindFlight_tx	bootstrap-table.css	1670498715571	1670498715867	OK	 
GROUP	FindFlight_tx	1670498715051	1670498715869	814	OK
REQUEST	SelectFlight_tx	SelectFlight_request	1670498720870	1670498721471	OK	 
REQUEST	SelectFlight_tx	bootstrap-table.css	1670498721474	1670498721725	OK	 
REQUEST	SelectFlight_tx	bootstrap-table.js	1670498721474	1670498721780	OK	 
REQUEST	SelectFlight_tx	bootstrap.min.css	1670498721474	1670498721807	OK	 
REQUEST	SelectFlight_tx	bootstrap.min.js	1670498721473	1670498722789	OK	 
GROUP	SelectFlight_tx	1670498720870	1670498722790	1918	OK
REQUEST	PurchaseTickets_tx	purchaseTicket_request	1670498727796	1670498728145	OK	 
REQUEST	PurchaseTickets_tx	purchaseTicket_request	1670498727797	1670498728173	OK	 
REQUEST	PurchaseTickets_tx	purchaseTicket_request	1670498727796	1670498728194	OK	 
REQUEST	PurchaseTickets_tx	purchaseTicket_request	1670498727796	1670498728220	OK	 
REQUEST	PurchaseTickets_tx	purchaseTicket_request	1670498727797	1670498728235	OK	 
REQUEST	PurchaseTickets_tx	purchaseTicket_request	1670498727798	1670498728310	OK	 
REQUEST	PurchaseTickets_tx	purchaseTicket_request	1670498727798	1670498728310	OK	 
REQUEST	PurchaseTickets_tx	bootstrap-table.js	1670498728192	1670498728445	OK	 
REQUEST	PurchaseTickets_tx	bootstrap-table.css	1670498728192	1670498728467	OK	 
REQUEST	PurchaseTickets_tx	bootstrap.min.js	1670498728190	1670498728468	OK	 
REQUEST	PurchaseTickets_tx	bootstrap.min.js	1670498728190	1670498728468	OK	 
REQUEST	PurchaseTickets_tx	bootstrap.min.js	1670498728200	1670498728468	OK	 
REQUEST	PurchaseTickets_tx	bootstrap.min.css	1670498728219	1670498728486	OK	 
REQUEST	PurchaseTickets_tx	bootstrap-table.css	1670498728219	1670498728504	OK	 
REQUEST	PurchaseTickets_tx	bootstrap-table.css	1670498728192	1670498728504	OK	 
REQUEST	PurchaseTickets_tx	bootstrap-table.css	1670498728241	1670498728505	OK	 
REQUEST	PurchaseTickets_tx	bootstrap-table.css	1670498728223	1670498728505	OK	 
REQUEST	PurchaseTickets_tx	bootstrap.min.css	1670498728241	1670498728506	OK	 
REQUEST	PurchaseTickets_tx	bootstrap.min.css	1670498728192	1670498728506	OK	 
REQUEST	PurchaseTickets_tx	bootstrap.min.css	1670498728223	1670498728506	OK	 
REQUEST	PurchaseTickets_tx	bootstrap-table.js	1670498728240	1670498728506	OK	 
REQUEST	PurchaseTickets_tx	bootstrap.min.js	1670498728239	1670498728515	OK	 
GROUP	PurchaseTickets_tx	1670498727795	1670498728516	715	OK
REQUEST	PurchaseTickets_tx	bootstrap.min.js	1670498728222	1670498728587	OK	 
REQUEST	PurchaseTickets_tx	bootstrap.min.css	1670498728314	1670498728609	OK	 
REQUEST	PurchaseTickets_tx	bootstrap-table.js	1670498728314	1670498728610	OK	 
REQUEST	PurchaseTickets_tx	bootstrap.min.js	1670498728313	1670498728610	OK	 
REQUEST	PurchaseTickets_tx	bootstrap-table.css	1670498728315	1670498728625	OK	 
REQUEST	PurchaseTickets_tx	bootstrap.min.css	1670498728314	1670498728627	OK	 
REQUEST	PurchaseTickets_tx	bootstrap-table.js	1670498728223	1670498728672	OK	 
GROUP	PurchaseTickets_tx	1670498727793	1670498728672	874	OK
REQUEST	PurchaseTickets_tx	bootstrap-table.js	1670498728314	1670498728682	OK	 
GROUP	PurchaseTickets_tx	1670498727793	1670498728682	881	OK
REQUEST	PurchaseTickets_tx	bootstrap-table.css	1670498728315	1670498728688	OK	 
REQUEST	PurchaseTickets_tx	bootstrap.min.js	1670498728314	1670498728696	OK	 
GROUP	PurchaseTickets_tx	1670498727793	1670498728697	896	OK
REQUEST	Homepage_tx	Homepage_request	1670498728522	1670498728887	OK	 
REQUEST	Homepage_tx	Homepage_request	1670498728673	1670498729068	OK	 
REQUEST	Homepage_tx	Homepage_request	1670498728683	1670498729127	OK	 
REQUEST	Homepage_tx	Homepage_request	1670498728698	1670498729129	OK	 
REQUEST	Homepage_tx	bootstrap-table.css	1670498728891	1670498729271	OK	 
REQUEST	Homepage_tx	bootstrap-table.js	1670498728890	1670498729285	OK	 
REQUEST	PurchaseTickets_tx	purchaseTicket_request	1670498727796	1670498729293	OK	 
REQUEST	Homepage_tx	bootstrap.min.js	1670498729071	1670498729362	OK	 
REQUEST	Homepage_tx	bootstrap-table.css	1670498729072	1670498729369	OK	 
REQUEST	Homepage_tx	bootstrap.min.js	1670498729129	1670498729391	OK	 
REQUEST	Homepage_tx	bootstrap-table.css	1670498729130	1670498729392	OK	 
REQUEST	Homepage_tx	bootstrap-table.css	1670498729137	1670498729396	OK	 
REQUEST	Homepage_tx	bootstrap-table.js	1670498729129	1670498729396	OK	 
REQUEST	Homepage_tx	bootstrap-table.js	1670498729133	1670498729403	OK	 
REQUEST	Homepage_tx	bootstrap.min.js	1670498729132	1670498729405	OK	 
REQUEST	Homepage_tx	bootstrap.min.css	1670498729130	1670498729409	OK	 
GROUP	Homepage_tx	1670498728683	1670498729409	724	OK
REQUEST	Homepage_tx	bootstrap.min.css	1670498729134	1670498729412	OK	 
GROUP	Homepage_tx	1670498728697	1670498729412	711	OK
REQUEST	Homepage_tx	bootstrap-table.js	1670498729072	1670498729487	OK	 
REQUEST	PurchaseTickets_tx	bootstrap-table.js	1670498728191	1670498729524	OK	 
REQUEST	PurchaseTickets_tx	bootstrap-table.js	1670498728201	1670498729524	OK	 
GROUP	PurchaseTickets_tx	1670498727794	1670498729525	1724	OK
GROUP	PurchaseTickets_tx	1670498727793	1670498729525	1711	OK
REQUEST	PurchaseTickets_tx	bootstrap.min.js	1670498729295	1670498729549	OK	 
REQUEST	PurchaseTickets_tx	purchaseTicket_request	1670498727796	1670498729553	OK	 
REQUEST	PurchaseTickets_tx	bootstrap-table.css	1670498729297	1670498729622	OK	 
REQUEST	PurchaseTickets_tx	bootstrap-table.js	1670498729296	1670498729631	OK	 
REQUEST	PurchaseTickets_tx	purchaseTicket_request	1670498727796	1670498729663	OK	 
REQUEST	PurchaseTickets_tx	bootstrap.min.css	1670498729556	1670498729825	OK	 
REQUEST	Homepage_tx	Homepage_request	1670498729526	1670498729887	OK	 
REQUEST	Homepage_tx	Homepage_request	1670498729526	1670498729913	OK	 
REQUEST	PurchaseTickets_tx	bootstrap.min.css	1670498729296	1670498729946	OK	 
REQUEST	PurchaseTickets_tx	bootstrap.min.css	1670498728192	1670498729945	OK	 
REQUEST	PurchaseTickets_tx	bootstrap.min.css	1670498729669	1670498729945	OK	 
GROUP	PurchaseTickets_tx	1670498727793	1670498729946	2105	OK
GROUP	PurchaseTickets_tx	1670498727793	1670498729946	2148	OK
REQUEST	PurchaseTickets_tx	bootstrap.min.js	1670498729668	1670498729946	OK	 
REQUEST	PurchaseTickets_tx	bootstrap-table.js	1670498729669	1670498729948	OK	 
REQUEST	Homepage_tx	bootstrap-table.css	1670498729890	1670498730164	OK	 
REQUEST	Homepage_tx	bootstrap.min.css	1670498729890	1670498730165	OK	 
REQUEST	Homepage_tx	bootstrap-table.js	1670498729919	1670498730187	OK	 
REQUEST	Homepage_tx	bootstrap.min.css	1670498729921	1670498730187	OK	 
REQUEST	Homepage_tx	bootstrap.min.js	1670498729917	1670498730193	OK	 
REQUEST	Homepage_tx	bootstrap-table.css	1670498729921	1670498730216	OK	 
GROUP	Homepage_tx	1670498729525	1670498730217	688	OK
REQUEST	Homepage_tx	Homepage_request	1670498729947	1670498730305	OK	 
REQUEST	Homepage_tx	bootstrap.min.js	1670498728890	1670498730569	OK	 
REQUEST	Homepage_tx	bootstrap-table.js	1670498730309	1670498730569	OK	 
REQUEST	Homepage_tx	bootstrap.min.js	1670498730309	1670498730589	OK	 
REQUEST	Homepage_tx	bootstrap.min.css	1670498730310	1670498730590	OK	 
REQUEST	Homepage_tx	bootstrap-table.css	1670498730310	1670498730590	OK	 
GROUP	Homepage_tx	1670498729946	1670498730591	640	OK
REQUEST	PurchaseTickets_tx	bootstrap.min.js	1670498729555	1670498731504	OK	 
REQUEST	PurchaseTickets_tx	bootstrap-table.js	1670498729556	1670498731505	OK	 
REQUEST	Homepage_tx	bootstrap-table.js	1670498729890	1670498731609	OK	 
REQUEST	Homepage_tx	bootstrap.min.css	1670498728890	1670498731706	OK	 
GROUP	Homepage_tx	1670498728522	1670498731707	3183	OK
REQUEST	Homepage_tx	bootstrap.min.css	1670498729072	1670498732127	OK	 
GROUP	Homepage_tx	1670498728673	1670498732128	3451	OK
REQUEST	PurchaseTickets_tx	bootstrap-table.css	1670498729557	1670498732630	OK	 
GROUP	PurchaseTickets_tx	1670498727795	1670498732631	4833	OK
REQUEST	PurchaseTickets_tx	bootstrap-table.css	1670498729669	1670498732749	OK	 
GROUP	PurchaseTickets_tx	1670498727794	1670498732750	4949	OK
REQUEST	Homepage_tx	bootstrap.min.js	1670498729889	1670498732810	OK	 
GROUP	Homepage_tx	1670498729525	1670498732810	3282	OK
REQUEST	Homepage_tx	Homepage_request	1670498732631	1670498732980	OK	 
REQUEST	Homepage_tx	Homepage_request	1670498729947	1670498732980	OK	 
REQUEST	Homepage_tx	Homepage_request	1670498732751	1670498733118	OK	 
REQUEST	Homepage_tx	bootstrap.min.css	1670498732988	1670498733244	OK	 
REQUEST	Homepage_tx	bootstrap-table.css	1670498732988	1670498733250	OK	 
REQUEST	Homepage_tx	bootstrap.min.js	1670498732986	1670498733251	OK	 
REQUEST	Homepage_tx	bootstrap-table.js	1670498732987	1670498733268	OK	 
REQUEST	Homepage_tx	bootstrap-table.css	1670498732988	1670498733267	OK	 
REQUEST	Homepage_tx	bootstrap.min.css	1670498732988	1670498733269	OK	 
REQUEST	Homepage_tx	bootstrap.min.js	1670498732986	1670498733269	OK	 
GROUP	Homepage_tx	1670498729946	1670498733270	3317	OK
REQUEST	Homepage_tx	bootstrap-table.js	1670498732987	1670498733285	OK	 
GROUP	Homepage_tx	1670498732631	1670498733286	649	OK
REQUEST	Homepage_tx	bootstrap-table.css	1670498733121	1670498733447	OK	 
REQUEST	Homepage_tx	bootstrap-table.js	1670498733121	1670498733500	OK	 
REQUEST	FindFlight_tx	FindFlightRequest	1670498734413	1670498734850	OK	 
REQUEST	Homepage_tx	bootstrap.min.css	1670498733121	1670498734865	OK	 
REQUEST	FindFlight_tx	FindFlightRequest	1670498734411	1670498734886	OK	 
REQUEST	Homepage_tx	bootstrap.min.js	1670498733120	1670498734888	OK	 
GROUP	Homepage_tx	1670498732751	1670498734889	2136	OK
REQUEST	FindFlight_tx	bootstrap-table.css	1670498734856	1670498735126	OK	 
REQUEST	FindFlight_tx	bootstrap.min.js	1670498734854	1670498735127	OK	 
REQUEST	FindFlight_tx	bootstrap-table.js	1670498734855	1670498735128	OK	 
REQUEST	FindFlight_tx	bootstrap.min.css	1670498734855	1670498735129	OK	 
GROUP	FindFlight_tx	1670498734412	1670498735129	712	OK
REQUEST	FindFlight_tx	bootstrap-table.css	1670498734892	1670498735149	OK	 
REQUEST	FindFlight_tx	bootstrap.min.css	1670498734891	1670498735165	OK	 
REQUEST	FindFlight_tx	bootstrap-table.js	1670498734891	1670498735166	OK	 
REQUEST	FindFlight_tx	bootstrap.min.js	1670498734891	1670498735167	OK	 
GROUP	FindFlight_tx	1670498734410	1670498735167	752	OK
REQUEST	FindFlight_tx	FindFlightRequest	1670498735218	1670498735584	OK	 
REQUEST	FindFlight_tx	bootstrap.min.css	1670498735588	1670498735848	OK	 
REQUEST	FindFlight_tx	bootstrap-table.css	1670498735588	1670498735889	OK	 
REQUEST	FindFlight_tx	bootstrap.min.js	1670498735587	1670498735889	OK	 
REQUEST	FindFlight_tx	bootstrap-table.js	1670498735588	1670498736050	OK	 
GROUP	FindFlight_tx	1670498735218	1670498736050	829	OK
REQUEST	FindFlight_tx	FindFlightRequest	1670498735591	1670498736050	OK	 
REQUEST	FindFlight_tx	bootstrap-table.css	1670498736054	1670498736326	OK	 
REQUEST	FindFlight_tx	bootstrap-table.js	1670498736053	1670498736327	OK	 
REQUEST	FindFlight_tx	bootstrap.min.css	1670498736054	1670498736328	OK	 
REQUEST	FindFlight_tx	bootstrap.min.js	1670498736053	1670498736387	OK	 
GROUP	FindFlight_tx	1670498735591	1670498736388	794	OK
REQUEST	FindFlight_tx	FindFlightRequest	1670498736708	1670498737108	OK	 
REQUEST	FindFlight_tx	bootstrap-table.js	1670498737110	1670498737383	OK	 
REQUEST	FindFlight_tx	bootstrap.min.css	1670498737111	1670498737445	OK	 
REQUEST	FindFlight_tx	FindFlightRequest	1670498737130	1670498737505	OK	 
REQUEST	FindFlight_tx	bootstrap-table.js	1670498737510	1670498737776	OK	 
REQUEST	FindFlight_tx	bootstrap-table.css	1670498737510	1670498737778	OK	 
REQUEST	FindFlight_tx	bootstrap.min.js	1670498737509	1670498737909	OK	 
REQUEST	FindFlight_tx	FindFlightRequest	1670498737811	1670498738201	OK	 
REQUEST	FindFlight_tx	bootstrap-table.js	1670498738204	1670498738475	OK	 
REQUEST	FindFlight_tx	bootstrap-table.css	1670498738205	1670498738486	OK	 
REQUEST	FindFlight_tx	bootstrap.min.js	1670498738204	1670498738509	OK	 
REQUEST	FindFlight_tx	FindFlightRequest	1670498738288	1670498738667	OK	 
REQUEST	FindFlight_tx	FindFlightRequest	1670498738271	1670498738704	OK	 
REQUEST	FindFlight_tx	bootstrap.min.css	1670498738204	1670498738809	OK	 
GROUP	FindFlight_tx	1670498737810	1670498738810	997	OK
REQUEST	FindFlight_tx	bootstrap.min.css	1670498738670	1670498738945	OK	 
REQUEST	FindFlight_tx	bootstrap.min.css	1670498738708	1670498738985	OK	 
REQUEST	FindFlight_tx	bootstrap-table.css	1670498738709	1670498738985	OK	 
REQUEST	FindFlight_tx	bootstrap-table.js	1670498738708	1670498738986	OK	 
REQUEST	FindFlight_tx	bootstrap.min.js	1670498738708	1670498738986	OK	 
GROUP	FindFlight_tx	1670498738271	1670498738986	712	OK
REQUEST	FindFlight_tx	bootstrap.min.js	1670498738670	1670498739004	OK	 
REQUEST	FindFlight_tx	bootstrap-table.css	1670498738670	1670498739005	OK	 
REQUEST	FindFlight_tx	bootstrap-table.css	1670498737111	1670498739169	OK	 
REQUEST	FindFlight_tx	bootstrap.min.js	1670498737110	1670498739184	OK	 
GROUP	FindFlight_tx	1670498736708	1670498739185	2475	OK
REQUEST	FindFlight_tx	bootstrap.min.css	1670498737510	1670498739927	OK	 
GROUP	FindFlight_tx	1670498737130	1670498739927	2793	OK
REQUEST	FindFlight_tx	FindFlightRequest	1670498739890	1670498740269	OK	 
REQUEST	SelectFlight_tx	SelectFlight_request	1670498740131	1670498740526	OK	 
REQUEST	FindFlight_tx	bootstrap-table.js	1670498740272	1670498740540	OK	 
REQUEST	FindFlight_tx	bootstrap.min.js	1670498740271	1670498740541	OK	 
REQUEST	FindFlight_tx	bootstrap-table.css	1670498740272	1670498740541	OK	 
REQUEST	FindFlight_tx	bootstrap.min.css	1670498740272	1670498740542	OK	 
GROUP	FindFlight_tx	1670498739890	1670498740542	650	OK
REQUEST	SelectFlight_tx	SelectFlight_request	1670498740169	1670498740582	OK	 
REQUEST	SelectFlight_tx	bootstrap-table.js	1670498740529	1670498740790	OK	 
REQUEST	SelectFlight_tx	bootstrap.min.js	1670498740528	1670498740792	OK	 
REQUEST	SelectFlight_tx	bootstrap-table.css	1670498740530	1670498740826	OK	 
REQUEST	SelectFlight_tx	bootstrap.min.css	1670498740529	1670498740827	OK	 
GROUP	SelectFlight_tx	1670498740130	1670498740828	695	OK
REQUEST	SelectFlight_tx	bootstrap.min.js	1670498740588	1670498740844	OK	 
REQUEST	SelectFlight_tx	bootstrap-table.css	1670498740591	1670498740845	OK	 
REQUEST	SelectFlight_tx	bootstrap-table.js	1670498740589	1670498740847	OK	 
REQUEST	SelectFlight_tx	bootstrap.min.css	1670498740590	1670498740865	OK	 
GROUP	SelectFlight_tx	1670498740169	1670498740866	691	OK
REQUEST	FindFlight_tx	bootstrap-table.js	1670498738670	1670498741269	OK	 
GROUP	FindFlight_tx	1670498738287	1670498741270	2980	OK
REQUEST	SelectFlight_tx	SelectFlight_request	1670498741052	1670498741455	OK	 
REQUEST	SelectFlight_tx	bootstrap.min.js	1670498741458	1670498741706	OK	 
REQUEST	SelectFlight_tx	bootstrap.min.css	1670498741458	1670498741726	OK	 
REQUEST	SelectFlight_tx	bootstrap-table.js	1670498741458	1670498741727	OK	 
REQUEST	SelectFlight_tx	bootstrap-table.css	1670498741459	1670498741748	OK	 
GROUP	SelectFlight_tx	1670498741052	1670498741750	695	OK
REQUEST	SelectFlight_tx	SelectFlight_request	1670498741390	1670498741748	OK	 
REQUEST	SelectFlight_tx	bootstrap-table.css	1670498741753	1670498742004	OK	 
REQUEST	SelectFlight_tx	bootstrap.min.js	1670498741753	1670498742005	OK	 
REQUEST	SelectFlight_tx	bootstrap.min.css	1670498741753	1670498742010	OK	 
REQUEST	SelectFlight_tx	bootstrap-table.js	1670498741753	1670498742010	OK	 
GROUP	SelectFlight_tx	1670498741389	1670498742011	616	OK
REQUEST	SelectFlight_tx	SelectFlight_request	1670498743812	1670498744215	OK	 
REQUEST	SelectFlight_tx	SelectFlight_request	1670498743988	1670498744367	OK	 
REQUEST	SelectFlight_tx	bootstrap.min.js	1670498744217	1670498744470	OK	 
REQUEST	SelectFlight_tx	bootstrap.min.css	1670498744218	1670498744489	OK	 
REQUEST	SelectFlight_tx	bootstrap-table.js	1670498744218	1670498744490	OK	 
REQUEST	SelectFlight_tx	bootstrap-table.css	1670498744218	1670498744492	OK	 
GROUP	SelectFlight_tx	1670498743811	1670498744492	678	OK
REQUEST	SelectFlight_tx	SelectFlight_request	1670498744186	1670498744569	OK	 
REQUEST	SelectFlight_tx	bootstrap.min.css	1670498744372	1670498744630	OK	 
REQUEST	SelectFlight_tx	bootstrap.min.js	1670498744370	1670498744630	OK	 
REQUEST	SelectFlight_tx	bootstrap-table.js	1670498744371	1670498744631	OK	 
REQUEST	SelectFlight_tx	bootstrap-table.css	1670498744372	1670498744644	OK	 
GROUP	SelectFlight_tx	1670498743988	1670498744645	654	OK
REQUEST	SelectFlight_tx	bootstrap.min.js	1670498744572	1670498744832	OK	 
REQUEST	SelectFlight_tx	bootstrap-table.js	1670498744572	1670498744834	OK	 
REQUEST	SelectFlight_tx	bootstrap-table.css	1670498744573	1670498744836	OK	 
REQUEST	SelectFlight_tx	bootstrap.min.css	1670498744573	1670498744846	OK	 
GROUP	SelectFlight_tx	1670498744185	1670498744847	658	OK
REQUEST	SelectFlight_tx	SelectFlight_request	1670498744929	1670498745367	OK	 
REQUEST	SelectFlight_tx	bootstrap.min.css	1670498745370	1670498745619	OK	 
REQUEST	SelectFlight_tx	bootstrap-table.css	1670498745370	1670498745627	OK	 
REQUEST	SelectFlight_tx	bootstrap-table.js	1670498745369	1670498745628	OK	 
REQUEST	SelectFlight_tx	bootstrap.min.js	1670498745369	1670498745628	OK	 
GROUP	SelectFlight_tx	1670498744928	1670498745628	697	OK
REQUEST	SelectFlight_tx	SelectFlight_request	1670498745544	1670498745904	OK	 
REQUEST	SelectFlight_tx	bootstrap.min.css	1670498745907	1670498746168	OK	 
REQUEST	SelectFlight_tx	bootstrap-table.css	1670498745907	1670498746189	OK	 
REQUEST	SelectFlight_tx	bootstrap.min.js	1670498745906	1670498746189	OK	 
REQUEST	SelectFlight_tx	bootstrap-table.js	1670498745906	1670498746190	OK	 
GROUP	SelectFlight_tx	1670498745543	1670498746190	644	OK
REQUEST	PurchaseTickets_tx	purchaseTicket_request	1670498745868	1670498746227	OK	 
REQUEST	PurchaseTickets_tx	purchaseTicket_request	1670498745830	1670498746228	OK	 
REQUEST	PurchaseTickets_tx	bootstrap.min.js	1670498746231	1670498746490	OK	 
REQUEST	PurchaseTickets_tx	bootstrap.min.js	1670498746230	1670498746490	OK	 
REQUEST	PurchaseTickets_tx	bootstrap-table.js	1670498746230	1670498746490	OK	 
REQUEST	PurchaseTickets_tx	bootstrap-table.css	1670498746231	1670498746490	OK	 
REQUEST	PurchaseTickets_tx	bootstrap.min.css	1670498746230	1670498746491	OK	 
REQUEST	PurchaseTickets_tx	bootstrap.min.css	1670498746231	1670498746491	OK	 
REQUEST	PurchaseTickets_tx	bootstrap-table.js	1670498746231	1670498746499	OK	 
GROUP	PurchaseTickets_tx	1670498745829	1670498746499	667	OK
REQUEST	PurchaseTickets_tx	bootstrap-table.css	1670498746231	1670498746501	OK	 
GROUP	PurchaseTickets_tx	1670498745867	1670498746502	632	OK
REQUEST	SelectFlight_tx	SelectFlight_request	1670498746271	1670498746702	OK	 
REQUEST	Homepage_tx	Homepage_request	1670498746500	1670498746851	OK	 
REQUEST	Homepage_tx	Homepage_request	1670498746502	1670498746869	OK	 
REQUEST	SelectFlight_tx	bootstrap-table.js	1670498746704	1670498747070	OK	 
REQUEST	SelectFlight_tx	bootstrap.min.css	1670498746705	1670498747105	OK	 
REQUEST	SelectFlight_tx	bootstrap.min.js	1670498746704	1670498747109	OK	 
REQUEST	SelectFlight_tx	bootstrap-table.css	1670498746705	1670498747130	OK	 
GROUP	SelectFlight_tx	1670498746271	1670498747131	858	OK
REQUEST	Homepage_tx	bootstrap-table.css	1670498746874	1670498747146	OK	 
REQUEST	Homepage_tx	bootstrap-table.js	1670498746874	1670498747148	OK	 
REQUEST	Homepage_tx	bootstrap.min.css	1670498746874	1670498747158	OK	 
REQUEST	Homepage_tx	bootstrap.min.js	1670498746854	1670498747167	OK	 
REQUEST	Homepage_tx	bootstrap-table.js	1670498746854	1670498747170	OK	 
REQUEST	Homepage_tx	bootstrap-table.css	1670498746854	1670498747207	OK	 
REQUEST	PurchaseTickets_tx	purchaseTicket_request	1670498746751	1670498747246	OK	 
REQUEST	Homepage_tx	bootstrap.min.js	1670498746872	1670498747250	OK	 
GROUP	Homepage_tx	1670498746502	1670498747251	746	OK
REQUEST	PurchaseTickets_tx	purchaseTicket_request	1670498747012	1670498747401	OK	 
REQUEST	Homepage_tx	bootstrap.min.css	1670498746854	1670498747418	OK	 
GROUP	Homepage_tx	1670498746500	1670498747418	916	OK
REQUEST	PurchaseTickets_tx	bootstrap-table.css	1670498747250	1670498747510	OK	 
REQUEST	PurchaseTickets_tx	bootstrap-table.js	1670498747249	1670498747511	OK	 
REQUEST	PurchaseTickets_tx	bootstrap.min.css	1670498747249	1670498747512	OK	 
REQUEST	PurchaseTickets_tx	bootstrap.min.js	1670498747249	1670498747521	OK	 
GROUP	PurchaseTickets_tx	1670498746751	1670498747522	769	OK
REQUEST	PurchaseTickets_tx	bootstrap-table.css	1670498747404	1670498747667	OK	 
REQUEST	PurchaseTickets_tx	bootstrap-table.js	1670498747403	1670498747668	OK	 
REQUEST	PurchaseTickets_tx	bootstrap.min.css	1670498747404	1670498747669	OK	 
REQUEST	PurchaseTickets_tx	bootstrap.min.js	1670498747403	1670498747672	OK	 
GROUP	PurchaseTickets_tx	1670498747011	1670498747672	658	OK
REQUEST	Homepage_tx	Homepage_request	1670498747522	1670498747870	OK	 
REQUEST	Homepage_tx	Homepage_request	1670498747673	1670498748005	OK	 
REQUEST	Homepage_tx	bootstrap-table.css	1670498747888	1670498748135	OK	 
REQUEST	Homepage_tx	bootstrap.min.css	1670498747888	1670498748146	OK	 
REQUEST	Homepage_tx	bootstrap.min.js	1670498747872	1670498748148	OK	 
REQUEST	Homepage_tx	bootstrap-table.js	1670498747872	1670498748151	OK	 
GROUP	Homepage_tx	1670498747522	1670498748151	627	OK
REQUEST	Homepage_tx	bootstrap-table.css	1670498748007	1670498748266	OK	 
REQUEST	Homepage_tx	bootstrap.min.css	1670498748007	1670498748267	OK	 
REQUEST	Homepage_tx	bootstrap-table.js	1670498748007	1670498748267	OK	 
REQUEST	Homepage_tx	bootstrap.min.js	1670498748006	1670498748274	OK	 
GROUP	Homepage_tx	1670498747672	1670498748275	601	OK
REQUEST	PurchaseTickets_tx	purchaseTicket_request	1670498749495	1670498749850	OK	 
REQUEST	PurchaseTickets_tx	purchaseTicket_request	1670498749648	1670498750068	OK	 
REQUEST	PurchaseTickets_tx	bootstrap-table.js	1670498749853	1670498750102	OK	 
REQUEST	PurchaseTickets_tx	bootstrap.min.js	1670498749852	1670498750114	OK	 
REQUEST	PurchaseTickets_tx	bootstrap-table.css	1670498749853	1670498750127	OK	 
REQUEST	PurchaseTickets_tx	bootstrap.min.css	1670498749853	1670498750128	OK	 
GROUP	PurchaseTickets_tx	1670498749495	1670498750128	631	OK
REQUEST	PurchaseTickets_tx	purchaseTicket_request	1670498749849	1670498750225	OK	 
REQUEST	PurchaseTickets_tx	bootstrap.min.js	1670498750070	1670498750329	OK	 
REQUEST	PurchaseTickets_tx	bootstrap.min.css	1670498750071	1670498750330	OK	 
REQUEST	PurchaseTickets_tx	bootstrap-table.css	1670498750071	1670498750345	OK	 
REQUEST	PurchaseTickets_tx	bootstrap-table.js	1670498750070	1670498750346	OK	 
GROUP	PurchaseTickets_tx	1670498749647	1670498750346	696	OK
REQUEST	PurchaseTickets_tx	bootstrap-table.js	1670498750227	1670498750487	OK	 
REQUEST	Homepage_tx	Homepage_request	1670498750129	1670498750487	OK	 
REQUEST	PurchaseTickets_tx	bootstrap-table.css	1670498750228	1670498750487	OK	 
REQUEST	PurchaseTickets_tx	bootstrap.min.js	1670498750227	1670498750490	OK	 
REQUEST	PurchaseTickets_tx	bootstrap.min.css	1670498750227	1670498750510	OK	 
GROUP	PurchaseTickets_tx	1670498749849	1670498750511	660	OK
REQUEST	Homepage_tx	bootstrap-table.css	1670498750489	1670498750749	OK	 
REQUEST	Homepage_tx	bootstrap.min.js	1670498750489	1670498750750	OK	 
REQUEST	Homepage_tx	bootstrap-table.js	1670498750489	1670498750750	OK	 
REQUEST	Homepage_tx	bootstrap.min.css	1670498750489	1670498750755	OK	 
GROUP	Homepage_tx	1670498750129	1670498750755	625	OK
REQUEST	Homepage_tx	Homepage_request	1670498750347	1670498750825	OK	 
REQUEST	Homepage_tx	Homepage_request	1670498750511	1670498750870	OK	 
REQUEST	PurchaseTickets_tx	purchaseTicket_request	1670498750631	1670498751002	OK	 
REQUEST	Homepage_tx	bootstrap-table.js	1670498750827	1670498751087	OK	 
REQUEST	Homepage_tx	bootstrap-table.css	1670498750828	1670498751087	OK	 
REQUEST	Homepage_tx	bootstrap.min.js	1670498750827	1670498751089	OK	 
REQUEST	Homepage_tx	bootstrap.min.css	1670498750828	1670498751104	OK	 
GROUP	Homepage_tx	1670498750347	1670498751104	755	OK
REQUEST	Homepage_tx	bootstrap-table.css	1670498750873	1670498751129	OK	 
REQUEST	Homepage_tx	bootstrap-table.js	1670498750872	1670498751132	OK	 
REQUEST	Homepage_tx	bootstrap.min.js	1670498750872	1670498751144	OK	 
REQUEST	Homepage_tx	bootstrap.min.css	1670498750872	1670498751145	OK	 
GROUP	Homepage_tx	1670498750511	1670498751145	633	OK
REQUEST	PurchaseTickets_tx	bootstrap.min.js	1670498751005	1670498751253	OK	 
REQUEST	PurchaseTickets_tx	bootstrap-table.js	1670498751005	1670498751271	OK	 
REQUEST	PurchaseTickets_tx	bootstrap.min.css	1670498751006	1670498751272	OK	 
REQUEST	PurchaseTickets_tx	bootstrap-table.css	1670498751006	1670498751274	OK	 
GROUP	PurchaseTickets_tx	1670498750630	1670498751274	641	OK
REQUEST	PurchaseTickets_tx	purchaseTicket_request	1670498751191	1670498751566	OK	 
REQUEST	Homepage_tx	Homepage_request	1670498751275	1670498751617	OK	 
REQUEST	PurchaseTickets_tx	bootstrap-table.js	1670498751569	1670498751825	OK	 
REQUEST	PurchaseTickets_tx	bootstrap.min.js	1670498751569	1670498751828	OK	 
REQUEST	PurchaseTickets_tx	bootstrap-table.css	1670498751569	1670498751838	OK	 
REQUEST	PurchaseTickets_tx	bootstrap.min.css	1670498751569	1670498751838	OK	 
GROUP	PurchaseTickets_tx	1670498751191	1670498751838	645	OK
REQUEST	Homepage_tx	bootstrap-table.css	1670498751620	1670498751880	OK	 
REQUEST	Homepage_tx	bootstrap-table.js	1670498751620	1670498751889	OK	 
REQUEST	Homepage_tx	bootstrap.min.js	1670498751619	1670498751889	OK	 
REQUEST	Homepage_tx	bootstrap.min.css	1670498751620	1670498751890	OK	 
GROUP	Homepage_tx	1670498751274	1670498751890	613	OK
REQUEST	Homepage_tx	Homepage_request	1670498751839	1670498752206	OK	 
REQUEST	Homepage_tx	bootstrap.min.js	1670498752208	1670498752469	OK	 
REQUEST	Homepage_tx	bootstrap-table.js	1670498752208	1670498752489	OK	 
REQUEST	PurchaseTickets_tx	purchaseTicket_request	1670498752133	1670498752489	OK	 
REQUEST	Homepage_tx	bootstrap-table.css	1670498752209	1670498752490	OK	 
REQUEST	Homepage_tx	bootstrap.min.css	1670498752209	1670498752490	OK	 
GROUP	Homepage_tx	1670498751838	1670498752491	650	OK
REQUEST	FindFlight_tx	FindFlightRequest	1670498752252	1670498752611	OK	 
REQUEST	PurchaseTickets_tx	bootstrap-table.css	1670498752492	1670498752745	OK	 
REQUEST	PurchaseTickets_tx	bootstrap.min.js	1670498752491	1670498752766	OK	 
REQUEST	PurchaseTickets_tx	bootstrap-table.js	1670498752492	1670498752767	OK	 
REQUEST	PurchaseTickets_tx	bootstrap.min.css	1670498752492	1670498752767	OK	 
GROUP	PurchaseTickets_tx	1670498752133	1670498752767	632	OK
REQUEST	FindFlight_tx	FindFlightRequest	1670498752419	1670498752790	OK	 
REQUEST	FindFlight_tx	bootstrap-table.css	1670498752616	1670498752886	OK	 
REQUEST	FindFlight_tx	bootstrap-table.js	1670498752615	1670498752887	OK	 
REQUEST	FindFlight_tx	bootstrap.min.js	1670498752614	1670498752887	OK	 
REQUEST	FindFlight_tx	bootstrap.min.css	1670498752615	1670498752888	OK	 
GROUP	FindFlight_tx	1670498752252	1670498752888	633	OK
REQUEST	FindFlight_tx	bootstrap-table.js	1670498752792	1670498753068	OK	 
REQUEST	FindFlight_tx	bootstrap.min.css	1670498752792	1670498753068	OK	 
REQUEST	FindFlight_tx	bootstrap.min.js	1670498752792	1670498753069	OK	 
REQUEST	FindFlight_tx	bootstrap-table.css	1670498752793	1670498753069	OK	 
GROUP	FindFlight_tx	1670498752419	1670498753069	648	OK
REQUEST	Homepage_tx	Homepage_request	1670498752767	1670498753106	OK	 
REQUEST	Homepage_tx	bootstrap-table.js	1670498753108	1670498753367	OK	 
REQUEST	Homepage_tx	bootstrap-table.css	1670498753109	1670498753368	OK	 
REQUEST	Homepage_tx	bootstrap.min.js	1670498753108	1670498753389	OK	 
REQUEST	Homepage_tx	bootstrap.min.css	1670498753109	1670498753390	OK	 
GROUP	Homepage_tx	1670498752767	1670498753391	622	OK
REQUEST	FindFlight_tx	FindFlightRequest	1670498753153	1670498753486	OK	 
REQUEST	FindFlight_tx	FindFlightRequest	1670498753276	1670498753612	OK	 
REQUEST	FindFlight_tx	bootstrap-table.css	1670498753489	1670498753749	OK	 
REQUEST	FindFlight_tx	bootstrap-table.js	1670498753489	1670498753750	OK	 
REQUEST	FindFlight_tx	bootstrap.min.js	1670498753488	1670498753752	OK	 
REQUEST	FindFlight_tx	bootstrap.min.css	1670498753489	1670498753765	OK	 
GROUP	FindFlight_tx	1670498753153	1670498753765	610	OK
REQUEST	FindFlight_tx	bootstrap-table.css	1670498753617	1670498753872	OK	 
REQUEST	FindFlight_tx	bootstrap-table.js	1670498753617	1670498753873	OK	 
REQUEST	FindFlight_tx	bootstrap.min.js	1670498753617	1670498753879	OK	 
REQUEST	FindFlight_tx	bootstrap.min.css	1670498753617	1670498753885	OK	 
GROUP	FindFlight_tx	1670498753276	1670498753886	606	OK
REQUEST	FindFlight_tx	FindFlightRequest	1670498755757	1670498756165	OK	 
REQUEST	FindFlight_tx	bootstrap-table.css	1670498756170	1670498756429	OK	 
REQUEST	FindFlight_tx	bootstrap.min.js	1670498756168	1670498756430	OK	 
REQUEST	FindFlight_tx	bootstrap-table.js	1670498756169	1670498756449	OK	 
REQUEST	FindFlight_tx	bootstrap.min.css	1670498756169	1670498756450	OK	 
GROUP	FindFlight_tx	1670498755756	1670498756451	691	OK
REQUEST	FindFlight_tx	FindFlightRequest	1670498756106	1670498756466	OK	 
REQUEST	FindFlight_tx	FindFlightRequest	1670498756148	1670498756504	OK	 
REQUEST	FindFlight_tx	bootstrap.min.js	1670498756469	1670498756736	OK	 
REQUEST	FindFlight_tx	bootstrap-table.js	1670498756470	1670498756737	OK	 
REQUEST	FindFlight_tx	bootstrap-table.css	1670498756470	1670498756738	OK	 
REQUEST	FindFlight_tx	bootstrap.min.css	1670498756470	1670498756738	OK	 
GROUP	FindFlight_tx	1670498756106	1670498756738	629	OK
REQUEST	FindFlight_tx	bootstrap.min.js	1670498756507	1670498756767	OK	 
REQUEST	FindFlight_tx	bootstrap-table.css	1670498756508	1670498756767	OK	 
REQUEST	FindFlight_tx	bootstrap.min.css	1670498756507	1670498756772	OK	 
REQUEST	FindFlight_tx	bootstrap-table.js	1670498756507	1670498756780	OK	 
GROUP	FindFlight_tx	1670498756147	1670498756781	631	OK
REQUEST	FindFlight_tx	FindFlightRequest	1670498756892	1670498757257	OK	 
REQUEST	FindFlight_tx	bootstrap-table.css	1670498757260	1670498757531	OK	 
REQUEST	FindFlight_tx	bootstrap-table.js	1670498757260	1670498757533	OK	 
REQUEST	FindFlight_tx	bootstrap.min.js	1670498757259	1670498757533	OK	 
REQUEST	FindFlight_tx	bootstrap.min.css	1670498757260	1670498757534	OK	 
GROUP	FindFlight_tx	1670498756891	1670498757534	640	OK
REQUEST	FindFlight_tx	FindFlightRequest	1670498757493	1670498757865	OK	 
REQUEST	FindFlight_tx	bootstrap-table.css	1670498757868	1670498758130	OK	 
REQUEST	FindFlight_tx	bootstrap.min.js	1670498757867	1670498758133	OK	 
REQUEST	FindFlight_tx	bootstrap.min.css	1670498757868	1670498758134	OK	 
REQUEST	FindFlight_tx	bootstrap-table.js	1670498757868	1670498758145	OK	 
GROUP	FindFlight_tx	1670498757493	1670498758145	650	OK
REQUEST	SelectFlight_tx	SelectFlight_request	1670498757888	1670498758266	OK	 
REQUEST	SelectFlight_tx	SelectFlight_request	1670498758070	1670498758468	OK	 
REQUEST	SelectFlight_tx	bootstrap.min.js	1670498758268	1670498758527	OK	 
REQUEST	SelectFlight_tx	bootstrap.min.css	1670498758268	1670498758528	OK	 
REQUEST	SelectFlight_tx	bootstrap-table.js	1670498758268	1670498758539	OK	 
REQUEST	SelectFlight_tx	bootstrap-table.css	1670498758268	1670498758549	OK	 
GROUP	SelectFlight_tx	1670498757888	1670498758549	660	OK
REQUEST	SelectFlight_tx	bootstrap.min.css	1670498758471	1670498758730	OK	 
REQUEST	SelectFlight_tx	bootstrap-table.css	1670498758472	1670498758733	OK	 
REQUEST	SelectFlight_tx	bootstrap.min.js	1670498758470	1670498758744	OK	 
REQUEST	SelectFlight_tx	bootstrap-table.js	1670498758471	1670498758745	OK	 
GROUP	SelectFlight_tx	1670498758070	1670498758746	674	OK
REQUEST	FindFlight_tx	FindFlightRequest	1670498758393	1670498758767	OK	 
REQUEST	FindFlight_tx	bootstrap.min.js	1670498758769	1670498759031	OK	 
REQUEST	FindFlight_tx	bootstrap-table.js	1670498758770	1670498759045	OK	 
REQUEST	FindFlight_tx	bootstrap.min.css	1670498758770	1670498759046	OK	 
REQUEST	FindFlight_tx	bootstrap-table.css	1670498758770	1670498759048	OK	 
GROUP	FindFlight_tx	1670498758393	1670498759049	653	OK
REQUEST	SelectFlight_tx	SelectFlight_request	1670498758766	1670498759127	OK	 
REQUEST	SelectFlight_tx	SelectFlight_request	1670498758887	1670498759221	OK	 
REQUEST	SelectFlight_tx	bootstrap-table.css	1670498759135	1670498759389	OK	 
REQUEST	SelectFlight_tx	bootstrap.min.js	1670498759133	1670498759399	OK	 
REQUEST	SelectFlight_tx	bootstrap-table.js	1670498759134	1670498759400	OK	 
REQUEST	SelectFlight_tx	bootstrap.min.css	1670498759135	1670498759426	OK	 
GROUP	SelectFlight_tx	1670498758766	1670498759427	656	OK
REQUEST	SelectFlight_tx	bootstrap-table.css	1670498759225	1670498759486	OK	 
REQUEST	SelectFlight_tx	bootstrap.min.js	1670498759224	1670498759501	OK	 
REQUEST	SelectFlight_tx	bootstrap-table.js	1670498759224	1670498759501	OK	 
REQUEST	SelectFlight_tx	bootstrap.min.css	1670498759225	1670498759501	OK	 
GROUP	SelectFlight_tx	1670498758886	1670498759502	612	OK
REQUEST	SelectFlight_tx	SelectFlight_request	1670498761452	1670498761804	OK	 
REQUEST	SelectFlight_tx	bootstrap.min.js	1670498761806	1670498762063	OK	 
REQUEST	SelectFlight_tx	bootstrap.min.css	1670498761807	1670498762071	OK	 
REQUEST	SelectFlight_tx	bootstrap-table.js	1670498761807	1670498762089	OK	 
REQUEST	SelectFlight_tx	bootstrap-table.css	1670498761807	1670498762089	OK	 
GROUP	SelectFlight_tx	1670498761452	1670498762090	636	OK
REQUEST	SelectFlight_tx	SelectFlight_request	1670498761740	1670498762104	OK	 
REQUEST	SelectFlight_tx	SelectFlight_request	1670498761782	1670498762150	OK	 
REQUEST	SelectFlight_tx	bootstrap-table.css	1670498762107	1670498762366	OK	 
REQUEST	SelectFlight_tx	bootstrap.min.js	1670498762106	1670498762367	OK	 
REQUEST	SelectFlight_tx	bootstrap-table.js	1670498762107	1670498762370	OK	 
REQUEST	SelectFlight_tx	bootstrap.min.css	1670498762107	1670498762371	OK	 
GROUP	SelectFlight_tx	1670498761740	1670498762371	629	OK
REQUEST	SelectFlight_tx	bootstrap.min.js	1670498762151	1670498762405	OK	 
REQUEST	SelectFlight_tx	bootstrap-table.js	1670498762151	1670498762413	OK	 
REQUEST	SelectFlight_tx	bootstrap-table.css	1670498762152	1670498762415	OK	 
REQUEST	SelectFlight_tx	bootstrap.min.css	1670498762152	1670498762426	OK	 
GROUP	SelectFlight_tx	1670498761781	1670498762427	644	OK
REQUEST	SelectFlight_tx	SelectFlight_request	1670498762536	1670498762907	OK	 
REQUEST	SelectFlight_tx	bootstrap.min.js	1670498762909	1670498763169	OK	 
REQUEST	SelectFlight_tx	bootstrap-table.js	1670498762909	1670498763170	OK	 
REQUEST	SelectFlight_tx	bootstrap-table.css	1670498762910	1670498763171	OK	 
REQUEST	SelectFlight_tx	bootstrap.min.css	1670498762910	1670498763172	OK	 
GROUP	SelectFlight_tx	1670498762535	1670498763172	634	OK
REQUEST	SelectFlight_tx	SelectFlight_request	1670498763147	1670498763508	OK	 
REQUEST	SelectFlight_tx	bootstrap-table.css	1670498763510	1670498763769	OK	 
REQUEST	SelectFlight_tx	bootstrap.min.js	1670498763510	1670498763771	OK	 
REQUEST	SelectFlight_tx	bootstrap-table.js	1670498763510	1670498763773	OK	 
REQUEST	SelectFlight_tx	bootstrap.min.css	1670498763510	1670498763784	OK	 
GROUP	SelectFlight_tx	1670498763146	1670498763785	636	OK
REQUEST	PurchaseTickets_tx	purchaseTicket_request	1670498763551	1670498763909	OK	 
REQUEST	PurchaseTickets_tx	bootstrap-table.css	1670498763915	1670498764189	OK	 
REQUEST	PurchaseTickets_tx	bootstrap.min.css	1670498763913	1670498764190	OK	 
REQUEST	PurchaseTickets_tx	bootstrap.min.js	1670498763911	1670498764190	OK	 
REQUEST	PurchaseTickets_tx	bootstrap-table.js	1670498763912	1670498764191	OK	 
GROUP	PurchaseTickets_tx	1670498763551	1670498764191	638	OK
REQUEST	PurchaseTickets_tx	purchaseTicket_request	1670498763748	1670498764409	OK	 
REQUEST	SelectFlight_tx	SelectFlight_request	1670498764050	1670498764469	OK	 
REQUEST	Homepage_tx	Homepage_request	1670498764191	1670498764565	OK	 
REQUEST	PurchaseTickets_tx	bootstrap-table.js	1670498764415	1670498764669	OK	 
REQUEST	PurchaseTickets_tx	bootstrap-table.css	1670498764415	1670498764670	OK	 
REQUEST	PurchaseTickets_tx	bootstrap.min.js	1670498764414	1670498764684	OK	 
REQUEST	PurchaseTickets_tx	bootstrap.min.css	1670498764415	1670498764706	OK	 
GROUP	PurchaseTickets_tx	1670498763748	1670498764707	955	OK
REQUEST	SelectFlight_tx	bootstrap-table.css	1670498764471	1670498764714	OK	 
REQUEST	SelectFlight_tx	bootstrap-table.js	1670498764471	1670498764723	OK	 
REQUEST	SelectFlight_tx	bootstrap.min.js	1670498764470	1670498764730	OK	 
REQUEST	SelectFlight_tx	bootstrap.min.css	1670498764471	1670498764744	OK	 
GROUP	SelectFlight_tx	1670498764050	1670498764745	694	OK
REQUEST	Homepage_tx	bootstrap.min.css	1670498764566	1670498764826	OK	 
REQUEST	PurchaseTickets_tx	purchaseTicket_request	1670498764429	1670498764826	OK	 
REQUEST	Homepage_tx	bootstrap-table.js	1670498764566	1670498764827	OK	 
REQUEST	Homepage_tx	bootstrap.min.js	1670498764566	1670498764827	OK	 
REQUEST	Homepage_tx	bootstrap-table.css	1670498764567	1670498764849	OK	 
GROUP	Homepage_tx	1670498764191	1670498764850	658	OK
REQUEST	PurchaseTickets_tx	purchaseTicket_request	1670498764503	1670498764851	OK	 
REQUEST	PurchaseTickets_tx	bootstrap-table.css	1670498764829	1670498765090	OK	 
REQUEST	Homepage_tx	Homepage_request	1670498764707	1670498765090	OK	 
REQUEST	PurchaseTickets_tx	bootstrap.min.css	1670498764829	1670498765091	OK	 
REQUEST	PurchaseTickets_tx	bootstrap.min.js	1670498764828	1670498765091	OK	 
REQUEST	PurchaseTickets_tx	bootstrap-table.js	1670498764829	1670498765092	OK	 
GROUP	PurchaseTickets_tx	1670498764428	1670498765092	661	OK
REQUEST	PurchaseTickets_tx	bootstrap-table.css	1670498764854	1670498765096	OK	 
REQUEST	PurchaseTickets_tx	bootstrap.min.js	1670498764853	1670498765105	OK	 
REQUEST	PurchaseTickets_tx	bootstrap-table.js	1670498764853	1670498765107	OK	 
REQUEST	PurchaseTickets_tx	bootstrap.min.css	1670498764854	1670498765127	OK	 
GROUP	PurchaseTickets_tx	1670498764503	1670498765127	622	OK
REQUEST	Homepage_tx	bootstrap-table.js	1670498765093	1670498765366	OK	 
REQUEST	Homepage_tx	bootstrap-table.css	1670498765094	1670498765367	OK	 
REQUEST	Homepage_tx	bootstrap.min.js	1670498765093	1670498765368	OK	 
REQUEST	Homepage_tx	bootstrap.min.css	1670498765093	1670498765369	OK	 
GROUP	Homepage_tx	1670498764707	1670498765369	660	OK
REQUEST	Homepage_tx	Homepage_request	1670498765093	1670498765442	OK	 
REQUEST	Homepage_tx	Homepage_request	1670498765128	1670498765486	OK	 
REQUEST	Homepage_tx	bootstrap-table.css	1670498765445	1670498765693	OK	 
REQUEST	Homepage_tx	bootstrap.min.js	1670498765444	1670498765705	OK	 
REQUEST	Homepage_tx	bootstrap.min.css	1670498765444	1670498765711	OK	 
REQUEST	Homepage_tx	bootstrap-table.js	1670498765444	1670498765712	OK	 
GROUP	Homepage_tx	1670498765093	1670498765712	617	OK
REQUEST	Homepage_tx	bootstrap-table.css	1670498765489	1670498765746	OK	 
REQUEST	Homepage_tx	bootstrap-table.js	1670498765488	1670498765747	OK	 
REQUEST	Homepage_tx	bootstrap.min.css	1670498765488	1670498765747	OK	 
REQUEST	Homepage_tx	bootstrap.min.js	1670498765488	1670498765750	OK	 
GROUP	Homepage_tx	1670498765127	1670498765750	620	OK
REQUEST	PurchaseTickets_tx	purchaseTicket_request	1670498767091	1670498767466	OK	 
REQUEST	PurchaseTickets_tx	bootstrap-table.js	1670498767468	1670498767730	OK	 
REQUEST	PurchaseTickets_tx	bootstrap.min.css	1670498767468	1670498767731	OK	 
REQUEST	PurchaseTickets_tx	bootstrap.min.js	1670498767468	1670498767747	OK	 
REQUEST	PurchaseTickets_tx	bootstrap-table.css	1670498767469	1670498767748	OK	 
GROUP	PurchaseTickets_tx	1670498767091	1670498767748	655	OK
REQUEST	PurchaseTickets_tx	purchaseTicket_request	1670498767372	1670498767749	OK	 
REQUEST	PurchaseTickets_tx	purchaseTicket_request	1670498767428	1670498767788	OK	 
REQUEST	PurchaseTickets_tx	bootstrap-table.js	1670498767751	1670498768007	OK	 
REQUEST	PurchaseTickets_tx	bootstrap.min.js	1670498767750	1670498768007	OK	 
REQUEST	PurchaseTickets_tx	bootstrap.min.css	1670498767751	1670498768031	OK	 
REQUEST	PurchaseTickets_tx	bootstrap-table.css	1670498767751	1670498768031	OK	 
GROUP	PurchaseTickets_tx	1670498767372	1670498768031	658	OK
REQUEST	PurchaseTickets_tx	bootstrap-table.js	1670498767791	1670498768046	OK	 
REQUEST	PurchaseTickets_tx	bootstrap-table.css	1670498767791	1670498768047	OK	 
REQUEST	PurchaseTickets_tx	bootstrap.min.js	1670498767790	1670498768055	OK	 
REQUEST	PurchaseTickets_tx	bootstrap.min.css	1670498767791	1670498768066	OK	 
GROUP	PurchaseTickets_tx	1670498767428	1670498768066	636	OK
REQUEST	Homepage_tx	Homepage_request	1670498767749	1670498768095	OK	 
REQUEST	Homepage_tx	bootstrap-table.css	1670498768098	1670498768366	OK	 
REQUEST	Homepage_tx	bootstrap.min.css	1670498768098	1670498768367	OK	 
REQUEST	Homepage_tx	bootstrap.min.js	1670498768097	1670498768367	OK	 
REQUEST	Homepage_tx	bootstrap-table.js	1670498768098	1670498768368	OK	 
GROUP	Homepage_tx	1670498767748	1670498768368	617	OK
REQUEST	Homepage_tx	Homepage_request	1670498768031	1670498768390	OK	 
REQUEST	Homepage_tx	Homepage_request	1670498768067	1670498768429	OK	 
REQUEST	PurchaseTickets_tx	purchaseTicket_request	1670498768174	1670498768510	OK	 
