ASSERTION	AAEDAAECAwAAAAAAAIizQA==
ASSERTION	AAIDAAECAwAAAAAAAIizQA==
RUN	mysimulations.Gatling22	gatling22	1670475735068	Gatling Execution	3.6.1
USER	BlazeHomePage	START	1670475737018
USER	BlazeHomePage	START	1670475738002
REQUEST	Homepage_tx	Homepage_request	1670475737909	1670475738499	OK	 
USER	BlazeHomePage	START	1670475739003
REQUEST	Homepage_tx	Homepage_request	1670475738897	1670475739490	OK	 
USER	BlazeHomePage	START	1670475739997
REQUEST	Homepage_tx	jquery.min.js	1670475739919	1670475740372	OK	 
REQUEST	Homepage_tx	bootstrap.min.js	1670475740427	1670475740755	OK	 
USER	BlazeHomePage	START	1670475740997
REQUEST	Homepage_tx	bootstrap-table.js	1670475740892	1670475741436	OK	 
USER	BlazeHomePage	START	1670475741999
REQUEST	Homepage_tx	bootstrap.min.css	1670475741413	1670475742178	OK	 
REQUEST	Homepage_tx	bootstrap-table.css	1670475741921	1670475742252	OK	 
GROUP	Homepage_tx	1670475737026	1670475742256	4226	OK
REQUEST	Homepage_tx	jquery.min.js	1670475742597	1670475742627	OK	 
REQUEST	Homepage_tx	Homepage_request	1670475742276	1670475742812	OK	 
USER	BlazeHomePage	START	1670475743003
REQUEST	Homepage_tx	bootstrap.min.js	1670475742896	1670475743393	OK	 
REQUEST	Homepage_tx	bootstrap-table.js	1670475743251	1670475743828	OK	 
USER	BlazeHomePage	START	1670475743993
REQUEST	Homepage_tx	bootstrap-table.css	1670475743916	1670475744205	OK	 
REQUEST	Homepage_tx	bootstrap.min.css	1670475743588	1670475744472	OK	 
GROUP	Homepage_tx	1670475738002	1670475744474	5572	OK
REQUEST	Homepage_tx	Homepage_request	1670475744181	1670475744779	OK	 
USER	BlazeHomePage	START	1670475745000
REQUEST	Homepage_tx	Homepage_request	1670475744440	1670475745203	OK	 
REQUEST	Homepage_tx	jquery.min.js	1670475745171	1670475745212	OK	 
REQUEST	Homepage_tx	Homepage_request	1670475744689	1670475745234	OK	 
REQUEST	FindFlight_tx	FindFlightRequest	1670475744905	1670475745615	OK	 
REQUEST	Homepage_tx	bootstrap.min.js	1670475745431	1670475745840	OK	 
USER	BlazeHomePage	START	1670475746004
REQUEST	Homepage_tx	bootstrap-table.js	1670475745685	1670475746284	OK	 
REQUEST	Homepage_tx	bootstrap.min.css	1670475745912	1670475746447	OK	 
REQUEST	Homepage_tx	bootstrap-table.css	1670475746131	1670475746542	OK	 
GROUP	Homepage_tx	1670475739003	1670475746544	4263	OK
REQUEST	Homepage_tx	Homepage_request	1670475746331	1670475746905	OK	 
REQUEST	Homepage_tx	jquery.min.js	1670475746914	1670475746942	OK	 
USER	BlazeHomePage	START	1670475746993
REQUEST	Homepage_tx	Homepage_request	1670475746531	1670475747444	OK	 
REQUEST	FindFlight_tx	FindFlightRequest	1670475746749	1670475747444	OK	 
REQUEST	Homepage_tx	bootstrap.min.js	1670475747131	1670475747753	OK	 
USER	BlazeHomePage	START	1670475747998
REQUEST	Homepage_tx	bootstrap-table.js	1670475747333	1670475748132	OK	 
REQUEST	Homepage_tx	jquery.min.js	1670475748141	1670475748171	OK	 
REQUEST	Homepage_tx	bootstrap-table.css	1670475747737	1670475748192	OK	 
REQUEST	Homepage_tx	bootstrap.min.css	1670475747533	1670475748381	OK	 
GROUP	Homepage_tx	1670475739998	1670475748384	4196	OK
REQUEST	Homepage_tx	Homepage_request	1670475747916	1670475748442	OK	 
REQUEST	Homepage_tx	bootstrap.min.js	1670475748341	1670475748745	OK	 
USER	BlazeHomePage	START	1670475749010
REQUEST	Homepage_tx	bootstrap-table.js	1670475748541	1670475749143	OK	 
REQUEST	Homepage_tx	jquery.min.js	1670475749131	1670475749166	OK	 
REQUEST	Homepage_tx	bootstrap-table.css	1670475748929	1670475749281	OK	 
REQUEST	Homepage_tx	bootstrap.min.css	1670475748741	1670475749693	OK	 
GROUP	Homepage_tx	1670475740997	1670475749694	5246	OK
REQUEST	Homepage_tx	bootstrap.min.js	1670475749331	1670475749808	OK	 
USER	BlazeHomePage	START	1670475749991
REQUEST	Homepage_tx	bootstrap-table.css	1670475749901	1670475750184	OK	 
REQUEST	FindFlight_tx	bootstrap.min.js	1670475750101	1670475750365	OK	 
REQUEST	Homepage_tx	bootstrap-table.js	1670475749531	1670475750415	OK	 
REQUEST	Homepage_tx	bootstrap.min.css	1670475749731	1670475750541	OK	 
GROUP	Homepage_tx	1670475741999	1670475750543	5846	OK
REQUEST	FindFlight_tx	bootstrap-table.js	1670475750302	1670475750627	OK	 
REQUEST	FindFlight_tx	bootstrap.min.css	1670475750501	1670475750770	OK	 
USER	BlazeHomePage	START	1670475750998
REQUEST	FindFlight_tx	bootstrap-table.css	1670475750721	1670475751108	OK	 
GROUP	FindFlight_tx	1670475742257	1670475751109	6136	OK
REQUEST	Homepage_tx	jquery.min.js	1670475751319	1670475751374	OK	 
REQUEST	Homepage_tx	Homepage_request	1670475750893	1670475751434	OK	 
REQUEST	FindFlight_tx	FindFlightRequest	1670475751122	1670475751480	OK	 
REQUEST	Homepage_tx	bootstrap.min.js	1670475751519	1670475751847	OK	 
USER	BlazeHomePage	START	1670475752003
REQUEST	Homepage_tx	bootstrap-table.js	1670475751719	1670475752419	OK	 
REQUEST	Homepage_tx	jquery.min.js	1670475752531	1670475752567	OK	 
REQUEST	Homepage_tx	bootstrap-table.css	1670475752141	1670475752610	OK	 
REQUEST	Homepage_tx	bootstrap.min.css	1670475751912	1670475752774	OK	 
GROUP	Homepage_tx	1670475743003	1670475752777	6442	OK
REQUEST	Homepage_tx	Homepage_request	1670475752331	1670475752908	OK	 
USER	BlazeHomePage	START	1670475752997
REQUEST	Homepage_tx	bootstrap.min.js	1670475752751	1670475753078	OK	 
REQUEST	Homepage_tx	bootstrap-table.js	1670475752919	1670475753459	OK	 
REQUEST	FindFlight_tx	bootstrap.min.js	1670475753521	1670475753784	OK	 
REQUEST	Homepage_tx	bootstrap.min.css	1670475753135	1670475753814	OK	 
REQUEST	Homepage_tx	bootstrap-table.css	1670475753322	1670475753955	OK	 
GROUP	Homepage_tx	1670475743993	1670475753956	7418	OK
REQUEST	FindFlight_tx	bootstrap-table.js	1670475753722	1670475753985	OK	 
USER	BlazeHomePage	START	1670475754002
REQUEST	FindFlight_tx	bootstrap.min.css	1670475753893	1670475754319	OK	 
REQUEST	FindFlight_tx	bootstrap-table.css	1670475754111	1670475754559	OK	 
GROUP	FindFlight_tx	1670475744474	1670475754560	7799	OK
REQUEST	Homepage_tx	jquery.min.js	1670475754711	1670475754755	OK	 
REQUEST	Homepage_tx	Homepage_request	1670475754311	1670475754867	OK	 
REQUEST	FindFlight_tx	FindFlightRequest	1670475754511	1670475754913	OK	 
USER	BlazeHomePage	START	1670475754988
REQUEST	Homepage_tx	bootstrap.min.js	1670475754914	1670475755214	OK	 
REQUEST	Homepage_tx	bootstrap-table.js	1670475755131	1670475755800	OK	 
USER	BlazeHomePage	START	1670475755993
REQUEST	Homepage_tx	bootstrap-table.css	1670475755532	1670475756026	OK	 
REQUEST	Homepage_tx	bootstrap.min.css	1670475755331	1670475756091	OK	 
GROUP	Homepage_tx	1670475745000	1670475756093	8170	OK
REQUEST	Homepage_tx	Homepage_request	1670475755732	1670475756274	OK	 
REQUEST	FindFlight_tx	FindFlightRequest	1670475755918	1670475756353	OK	 
REQUEST	Homepage_tx	Homepage_request	1670475756124	1670475756696	OK	 
REQUEST	FindFlight_tx	FindFlightRequest	1670475756322	1670475756818	OK	 
REQUEST	Homepage_tx	jquery.min.js	1670475756893	1670475756927	OK	 
USER	BlazeHomePage	START	1670475757000
REQUEST	selectFlight_tx	SelectFlight_request	1670475756724	1670475757096	OK	 
REQUEST	Homepage_tx	Homepage_request	1670475756544	1670475757130	OK	 
REQUEST	Homepage_tx	bootstrap.min.js	1670475757015	1670475757536	OK	 
REQUEST	Homepage_tx	bootstrap-table.js	1670475757111	1670475757607	OK	 
REQUEST	FindFlight_tx	bootstrap.min.js	1670475757417	1670475757734	OK	 
REQUEST	Homepage_tx	bootstrap-table.css	1670475757311	1670475757764	OK	 
REQUEST	FindFlight_tx	bootstrap-table.js	1670475757511	1670475757776	OK	 
REQUEST	FindFlight_tx	bootstrap.min.css	1670475757615	1670475757991	OK	 
USER	BlazeHomePage	START	1670475758000
REQUEST	Homepage_tx	bootstrap.min.css	1670475757214	1670475758037	OK	 
GROUP	Homepage_tx	1670475746004	1670475758039	7140	OK
REQUEST	Homepage_tx	jquery.min.js	1670475758043	1670475758080	OK	 
REQUEST	FindFlight_tx	bootstrap-table.css	1670475757711	1670475758407	OK	 
GROUP	FindFlight_tx	1670475746545	1670475758408	7274	OK
REQUEST	Homepage_tx	Homepage_request	1670475757815	1670475758422	OK	 
REQUEST	FindFlight_tx	FindFlightRequest	1670475757921	1670475758510	OK	 
REQUEST	Homepage_tx	bootstrap.min.js	1670475758151	1670475758724	OK	 
USER	BlazeHomePage	START	1670475759001
USER	BlazeHomePage	START	1670475760009
USER	BlazeHomePage	START	1670475760990
REQUEST	Homepage_tx	Homepage_request	1670475758542	1670475761813	OK	 
REQUEST	Homepage_tx	bootstrap-table.css	1670475758444	1670475761821	OK	 
REQUEST	Homepage_tx	bootstrap-table.js	1670475758245	1670475761824	OK	 
REQUEST	FindFlight_tx	FindFlightRequest	1670475758644	1670475761813	OK	 
REQUEST	Homepage_tx	bootstrap.min.css	1670475758341	1670475761831	OK	 
GROUP	Homepage_tx	1670475746994	1670475761840	9505	OK
REQUEST	Homepage_tx	jquery.min.js	1670475758892	1670475761844	OK	 
USER	BlazeHomePage	START	1670475761999
REQUEST	FindFlight_tx	bootstrap-table.js	1670475759513	1670475762074	OK	 
REQUEST	FindFlight_tx	bootstrap.min.css	1670475759622	1670475762089	OK	 
REQUEST	FindFlight_tx	bootstrap.min.js	1670475759419	1670475762114	OK	 
REQUEST	selectFlight_tx	SelectFlight_request	1670475758845	1670475762214	OK	 
REQUEST	FindFlight_tx	FindFlightRequest	1670475760037	1670475762230	OK	 
REQUEST	Homepage_tx	bootstrap.min.js	1670475759018	1670475762278	OK	 
REQUEST	FindFlight_tx	bootstrap-table.js	1670475760740	1670475762356	OK	 
REQUEST	FindFlight_tx	bootstrap.min.css	1670475760832	1670475762374	OK	 
REQUEST	FindFlight_tx	bootstrap-table.css	1670475759715	1670475762397	OK	 
GROUP	FindFlight_tx	1670475748385	1670475762397	7876	OK
REQUEST	FindFlight_tx	bootstrap.min.js	1670475760631	1670475762443	OK	 
REQUEST	FindFlight_tx	bootstrap.min.js	1670475761531	1670475762522	OK	 
REQUEST	Homepage_tx	jquery.min.js	1670475761039	1670475762526	OK	 
REQUEST	Homepage_tx	jquery.min.js	1670475762429	1670475762582	OK	 
REQUEST	FindFlight_tx	bootstrap-table.js	1670475761640	1670475762586	OK	 
REQUEST	Homepage_tx	jquery.min.js	1670475760132	1670475762600	OK	 
REQUEST	FindFlight_tx	bootstrap.min.css	1670475761734	1670475762624	OK	 
REQUEST	selectFlight_tx	bootstrap.min.js	1670475762031	1670475762624	OK	 
REQUEST	Homepage_tx	Homepage_request	1670475758741	1670475762635	OK	 
REQUEST	selectFlight_tx	bootstrap-table.js	1670475762121	1670475762661	OK	 
REQUEST	Homepage_tx	bootstrap.min.js	1670475761131	1670475762723	OK	 
REQUEST	selectFlight_tx	bootstrap-table.css	1670475762324	1670475762966	OK	 
REQUEST	FindFlight_tx	bootstrap-table.css	1670475761831	1670475762988	OK	 
GROUP	FindFlight_tx	1670475750543	1670475762991	6662	OK
REQUEST	Homepage_tx	bootstrap.min.js	1670475760242	1670475763002	OK	 
REQUEST	Homepage_tx	bootstrap-table.css	1670475760536	1670475763006	OK	 
USER	BlazeHomePage	START	1670475763016
REQUEST	Homepage_tx	Homepage_request	1670475761919	1670475763040	OK	 
REQUEST	Homepage_tx	bootstrap-table.js	1670475761238	1670475763042	OK	 
REQUEST	Homepage_tx	bootstrap-table.js	1670475759111	1670475763084	OK	 
REQUEST	Homepage_tx	bootstrap-table.js	1670475760332	1670475763109	OK	 
REQUEST	FindFlight_tx	bootstrap-table.css	1670475760912	1670475763261	OK	 
GROUP	FindFlight_tx	1670475749694	1670475763262	7329	OK
REQUEST	Homepage_tx	bootstrap.min.js	1670475762530	1670475763271	OK	 
REQUEST	Homepage_tx	jquery.min.js	1670475763251	1670475763289	OK	 
REQUEST	selectFlight_tx	bootstrap.min.css	1670475762227	1670475763304	OK	 
GROUP	selectFlight_tx	1670475751109	1670475763304	6573	OK
REQUEST	Homepage_tx	bootstrap-table.css	1670475759312	1670475763369	OK	 
REQUEST	Homepage_tx	bootstrap-table.css	1670475762830	1670475763390	OK	 
REQUEST	Homepage_tx	Homepage_request	1670475759915	1670475763390	OK	 
REQUEST	Homepage_tx	Homepage_request	1670475759811	1670475763462	OK	 
REQUEST	Homepage_tx	bootstrap-table.css	1670475761439	1670475763562	OK	 
REQUEST	Homepage_tx	bootstrap-table.js	1670475762751	1670475763616	OK	 
REQUEST	Homepage_tx	bootstrap.min.css	1670475761331	1670475763618	OK	 
GROUP	Homepage_tx	1670475749992	1670475763620	7489	OK
REQUEST	Homepage_tx	bootstrap.min.css	1670475760431	1670475763713	OK	 
GROUP	Homepage_tx	1670475749010	1670475763714	7978	OK
REQUEST	Homepage_tx	Homepage_request	1670475762892	1670475763776	OK	 
REQUEST	FindFlight_tx	FindFlightRequest	1670475763060	1670475763815	OK	 
REQUEST	selectFlight_tx	SelectFlight_request	1670475763153	1670475763906	OK	 
USER	BlazeHomePage	START	1670475763997
REQUEST	FindFlight_tx	bootstrap.min.js	1670475763751	1670475764059	OK	 
REQUEST	Homepage_tx	bootstrap.min.js	1670475763353	1670475764075	OK	 
REQUEST	FindFlight_tx	bootstrap-table.js	1670475763859	1670475764127	OK	 
REQUEST	Homepage_tx	bootstrap-table.css	1670475763654	1670475764141	OK	 
REQUEST	Homepage_tx	bootstrap-table.js	1670475763461	1670475764155	OK	 
REQUEST	FindFlight_tx	bootstrap.min.css	1670475763951	1670475764213	OK	 
REQUEST	FindFlight_tx	bootstrap-table.css	1670475764073	1670475764349	OK	 
GROUP	FindFlight_tx	1670475752777	1670475764351	6419	OK
REQUEST	Homepage_tx	bootstrap.min.css	1670475762753	1670475764360	OK	 
GROUP	Homepage_tx	1670475750998	1670475764361	7812	OK
REQUEST	Homepage_tx	bootstrap.min.css	1670475759218	1670475764542	OK	 
GROUP	Homepage_tx	1670475747999	1670475764544	10229	OK
REQUEST	Homepage_tx	bootstrap.min.css	1670475763553	1670475764564	OK	 
GROUP	Homepage_tx	1670475752004	1670475764565	6745	OK
REQUEST	Homepage_tx	jquery.min.js	1670475764472	1670475764631	OK	 
REQUEST	Homepage_tx	Homepage_request	1670475764179	1670475764679	OK	 
REQUEST	Homepage_tx	Homepage_request	1670475764273	1670475764799	OK	 
REQUEST	Homepage_tx	Homepage_request	1670475764380	1670475764998	OK	 
USER	BlazeHomePage	START	1670475765004
REQUEST	Homepage_tx	bootstrap.min.js	1670475764571	1670475765088	OK	 
REQUEST	Homepage_tx	bootstrap-table.js	1670475764672	1670475765170	OK	 
REQUEST	FindFlight_tx	bootstrap.min.js	1670475764921	1670475765192	OK	 
REQUEST	FindFlight_tx	bootstrap-table.js	1670475765042	1670475765303	OK	 
REQUEST	Homepage_tx	bootstrap-table.css	1670475764874	1670475765358	OK	 
REQUEST	FindFlight_tx	bootstrap.min.css	1670475765150	1670475765454	OK	 
REQUEST	FindFlight_tx	bootstrap-table.css	1670475765241	1670475765505	OK	 
GROUP	FindFlight_tx	1670475753956	1670475765506	6847	OK
REQUEST	Homepage_tx	bootstrap.min.css	1670475764780	1670475765689	OK	 
GROUP	Homepage_tx	1670475752998	1670475765691	7145	OK
REQUEST	selectFlight_tx	bootstrap.min.js	1670475765549	1670475765817	OK	 
REQUEST	FindFlight_tx	FindFlightRequest	1670475765350	1670475765824	OK	 
REQUEST	selectFlight_tx	bootstrap-table.js	1670475765644	1670475765967	OK	 
REQUEST	Homepage_tx	Homepage_request	1670475765441	1670475766028	OK	 
USER	BlazeHomePage	START	1670475766038
REQUEST	selectFlight_tx	bootstrap-table.css	1670475765841	1670475766100	OK	 
REQUEST	selectFlight_tx	bootstrap.min.css	1670475765751	1670475766154	OK	 
GROUP	selectFlight_tx	1670475754560	1670475766155	7306	OK
REQUEST	FindFlight_tx	bootstrap.min.js	1670475765892	1670475766180	OK	 
REQUEST	FindFlight_tx	bootstrap-table.js	1670475766038	1670475766299	OK	 
REQUEST	FindFlight_tx	bootstrap.min.css	1670475766118	1670475766459	OK	 
REQUEST	Homepage_tx	jquery.min.js	1670475766411	1670475766470	OK	 
REQUEST	FindFlight_tx	bootstrap-table.css	1670475766212	1670475766493	OK	 
GROUP	FindFlight_tx	1670475756094	1670475766494	6448	OK
REQUEST	selectFlight_tx	SelectFlight_request	1670475766320	1670475766810	OK	 
REQUEST	Homepage_tx	bootstrap.min.js	1670475766518	1670475766833	OK	 
USER	BlazeHomePage	START	1670475766994
REQUEST	Homepage_tx	jquery.min.js	1670475767025	1670475767061	OK	 
REQUEST	Homepage_tx	bootstrap-table.css	1670475766817	1670475767274	OK	 
REQUEST	selectFlight_tx	SelectFlight_request	1670475766917	1670475767275	OK	 
REQUEST	Homepage_tx	jquery.min.js	1670475767379	1670475767408	OK	 
REQUEST	Homepage_tx	bootstrap-table.js	1670475766611	1670475767408	OK	 
REQUEST	Homepage_tx	Homepage_request	1670475766979	1670475767476	OK	 
REQUEST	Homepage_tx	bootstrap.min.js	1670475767088	1670475767580	OK	 
REQUEST	Homepage_tx	jquery.min.js	1670475767624	1670475767661	OK	 
REQUEST	selectFlight_tx	SelectFlight_request	1670475767272	1670475767661	OK	 
REQUEST	Homepage_tx	bootstrap-table.css	1670475767227	1670475767699	OK	 
REQUEST	Homepage_tx	bootstrap.min.css	1670475766724	1670475767718	OK	 
GROUP	Homepage_tx	1670475754002	1670475767720	8975	OK
REQUEST	purchaseTicket_tx	purchaseTicket_request	1670475767321	1670475767797	OK	 
REQUEST	Homepage_tx	bootstrap.min.js	1670475767425	1670475767836	OK	 
REQUEST	Homepage_tx	bootstrap-table.js	1670475767121	1670475767999	OK	 
REQUEST	Homepage_tx	bootstrap.min.js	1670475767686	1670475768015	OK	 
USER	BlazeHomePage	START	1670475768024
REQUEST	Homepage_tx	bootstrap-table.js	1670475767471	1670475768072	OK	 
REQUEST	Homepage_tx	bootstrap-table.css	1670475767578	1670475768074	OK	 
REQUEST	Homepage_tx	bootstrap.min.css	1670475767179	1670475768120	OK	 
REQUEST	Homepage_tx	jquery.min.js	1670475768065	1670475768138	OK	 
GROUP	Homepage_tx	1670475757000	1670475768139	6217	OK
REQUEST	FindFlight_tx	FindFlightRequest	1670475767872	1670475768245	OK	 
REQUEST	Homepage_tx	bootstrap.min.css	1670475767521	1670475768298	OK	 
GROUP	Homepage_tx	1670475755993	1670475768300	8381	OK
REQUEST	FindFlight_tx	FindFlightRequest	1670475767965	1670475768329	OK	 
REQUEST	Homepage_tx	bootstrap-table.css	1670475767832	1670475768385	OK	 
REQUEST	Homepage_tx	bootstrap.min.js	1670475768093	1670475768469	OK	 
REQUEST	FindFlight_tx	bootstrap.min.js	1670475768284	1670475768568	OK	 
REQUEST	Homepage_tx	bootstrap-table.js	1670475767734	1670475768583	OK	 
REQUEST	FindFlight_tx	bootstrap-table.js	1670475768343	1670475768604	OK	 
REQUEST	Homepage_tx	bootstrap-table.js	1670475768139	1670475768659	OK	 
REQUEST	FindFlight_tx	bootstrap.min.css	1670475768381	1670475768666	OK	 
REQUEST	Homepage_tx	bootstrap.min.css	1670475767776	1670475768670	OK	 
GROUP	Homepage_tx	1670475754989	1670475768671	8853	OK
REQUEST	FindFlight_tx	bootstrap-table.css	1670475768435	1670475768686	OK	 
GROUP	FindFlight_tx	1670475758039	1670475768687	5621	OK
REQUEST	Homepage_tx	bootstrap-table.css	1670475768236	1670475768690	OK	 
REQUEST	selectFlight_tx	bootstrap.min.js	1670475768481	1670475768774	OK	 
REQUEST	selectFlight_tx	bootstrap-table.js	1670475768531	1670475768802	OK	 
REQUEST	selectFlight_tx	bootstrap.min.css	1670475768592	1670475768867	OK	 
REQUEST	selectFlight_tx	bootstrap-table.css	1670475768635	1670475768891	OK	 
GROUP	selectFlight_tx	1670475758408	1670475768892	5736	OK
REQUEST	Homepage_tx	jquery.min.js	1670475768931	1670475768957	OK	 
USER	BlazeHomePage	START	1670475768990
REQUEST	Homepage_tx	bootstrap.min.css	1670475768190	1670475769038	OK	 
GROUP	Homepage_tx	1670475758000	1670475769042	6147	OK
REQUEST	Homepage_tx	jquery.min.js	1670475769127	1670475769158	OK	 
REQUEST	FindFlight_tx	FindFlightRequest	1670475768787	1670475769154	OK	 
REQUEST	selectFlight_tx	SelectFlight_request	1670475768732	1670475769170	OK	 
REQUEST	Homepage_tx	bootstrap.min.js	1670475768901	1670475769219	OK	 
REQUEST	Homepage_tx	Homepage_request	1670475768681	1670475769238	OK	 
REQUEST	FindFlight_tx	FindFlightRequest	1670475768835	1670475769254	OK	 
REQUEST	FindFlight_tx	FindFlightRequest	1670475768881	1670475769274	OK	 
REQUEST	Homepage_tx	jquery.min.js	1670475769373	1670475769398	OK	 
REQUEST	Homepage_tx	bootstrap.min.js	1670475769183	1670475769500	OK	 
REQUEST	Homepage_tx	bootstrap-table.css	1670475769071	1670475769514	OK	 
REQUEST	Homepage_tx	bootstrap-table.js	1670475768974	1670475769643	OK	 
REQUEST	Homepage_tx	bootstrap-table.css	1670475769327	1670475769834	OK	 
REQUEST	Homepage_tx	bootstrap.min.js	1670475769421	1670475769840	OK	 
REQUEST	Homepage_tx	bootstrap.min.css	1670475769021	1670475769844	OK	 
GROUP	Homepage_tx	1670475759002	1670475769846	5663	OK
REQUEST	Homepage_tx	bootstrap-table.js	1670475769224	1670475769927	OK	 
REQUEST	Homepage_tx	bootstrap-table.js	1670475769472	1670475769958	OK	 
REQUEST	Homepage_tx	bootstrap.min.css	1670475769292	1670475769972	OK	 
GROUP	Homepage_tx	1670475760009	1670475769974	5699	OK
USER	BlazeHomePage	START	1670475770001
REQUEST	Homepage_tx	jquery.min.js	1670475769985	1670475770008	OK	 
REQUEST	Homepage_tx	bootstrap-table.css	1670475769572	1670475770043	OK	 
REQUEST	FindFlight_tx	bootstrap.min.js	1670475769785	1670475770058	OK	 
REQUEST	selectFlight_tx	SelectFlight_request	1670475769680	1670475770080	OK	 
REQUEST	FindFlight_tx	bootstrap-table.js	1670475769829	1670475770089	OK	 
REQUEST	FindFlight_tx	FindFlightRequest	1670475769730	1670475770107	OK	 
REQUEST	FindFlight_tx	bootstrap.min.css	1670475769875	1670475770158	OK	 
REQUEST	FindFlight_tx	bootstrap-table.css	1670475769912	1670475770174	OK	 
GROUP	FindFlight_tx	1670475761840	1670475770174	4818	OK
REQUEST	Homepage_tx	Homepage_request	1670475769621	1670475770319	OK	 
REQUEST	Homepage_tx	bootstrap.min.css	1670475769527	1670475770322	OK	 
GROUP	Homepage_tx	1670475760990	1670475770324	5940	OK
REQUEST	Homepage_tx	bootstrap.min.js	1670475770032	1670475770419	OK	 
REQUEST	Homepage_tx	bootstrap-table.css	1670475770184	1670475770622	OK	 
REQUEST	Homepage_tx	bootstrap-table.js	1670475770081	1670475770664	OK	 
REQUEST	purchaseTicket_tx	purchaseTicket_request	1670475770294	1670475770705	OK	 
REQUEST	selectFlight_tx	bootstrap.min.css	1670475770487	1670475770758	OK	 
REQUEST	selectFlight_tx	bootstrap-table.js	1670475770431	1670475770764	OK	 
REQUEST	selectFlight_tx	bootstrap.min.js	1670475770382	1670475770779	OK	 
REQUEST	selectFlight_tx	bootstrap-table.css	1670475770534	1670475770795	OK	 
GROUP	selectFlight_tx	1670475762397	1670475770796	4472	OK
REQUEST	Homepage_tx	Homepage_request	1670475770250	1670475770802	OK	 
REQUEST	Homepage_tx	jquery.min.js	1670475770839	1670475770870	OK	 
REQUEST	selectFlight_tx	SelectFlight_request	1670475770333	1670475770876	OK	 
REQUEST	selectFlight_tx	bootstrap.min.js	1670475770639	1670475770924	OK	 
REQUEST	selectFlight_tx	bootstrap-table.js	1670475770687	1670475770950	OK	 
USER	BlazeHomePage	START	1670475771001
REQUEST	selectFlight_tx	bootstrap-table.css	1670475770781	1670475771096	OK	 
REQUEST	Homepage_tx	bootstrap.min.css	1670475770138	1670475771100	OK	 
GROUP	Homepage_tx	1670475761999	1670475771101	5655	OK
REQUEST	selectFlight_tx	bootstrap.min.css	1670475770733	1670475771127	OK	 
GROUP	selectFlight_tx	1670475762991	1670475771127	4206	OK
REQUEST	Homepage_tx	Homepage_request	1670475770584	1670475771169	OK	 
REQUEST	Homepage_tx	bootstrap.min.js	1670475770886	1670475771309	OK	 
REQUEST	selectFlight_tx	bootstrap.min.js	1670475771073	1670475771342	OK	 
REQUEST	Homepage_tx	bootstrap-table.js	1670475770919	1670475771381	OK	 
REQUEST	selectFlight_tx	bootstrap-table.js	1670475771121	1670475771384	OK	 
REQUEST	selectFlight_tx	bootstrap.min.css	1670475771172	1670475771439	OK	 
REQUEST	Homepage_tx	bootstrap-table.css	1670475771022	1670475771469	OK	 
REQUEST	selectFlight_tx	bootstrap-table.css	1670475771223	1670475771485	OK	 
GROUP	selectFlight_tx	1670475763262	1670475771485	4205	OK
REQUEST	purchaseTicket_tx	bootstrap.min.js	1670475771321	1670475771585	OK	 
REQUEST	FindFlight_tx	FindFlightRequest	1670475771272	1670475771629	OK	 
REQUEST	purchaseTicket_tx	bootstrap-table.js	1670475771381	1670475771656	OK	 
REQUEST	purchaseTicket_tx	bootstrap.min.css	1670475771428	1670475771693	OK	 
REQUEST	purchaseTicket_tx	bootstrap-table.css	1670475771473	1670475771736	OK	 
GROUP	purchaseTicket_tx	1670475763304	1670475771736	4242	OK
REQUEST	Homepage_tx	bootstrap.min.css	1670475770972	1670475771757	OK	 
GROUP	Homepage_tx	1670475763016	1670475771758	4772	OK
REQUEST	FindFlight_tx	bootstrap.min.js	1670475771628	1670475771885	OK	 
USER	BlazeHomePage	START	1670475771997
REQUEST	FindFlight_tx	bootstrap-table.js	1670475771672	1670475772001	OK	 
REQUEST	FindFlight_tx	FindFlightRequest	1670475771581	1670475772007	OK	 
REQUEST	FindFlight_tx	bootstrap.min.css	1670475771721	1670475772033	OK	 
REQUEST	FindFlight_tx	bootstrap-table.css	1670475771781	1670475772038	OK	 
GROUP	FindFlight_tx	1670475763620	1670475772039	4160	OK
REQUEST	Homepage_tx	Homepage_request	1670475771521	1670475772083	OK	 
REQUEST	FindFlight_tx	bootstrap.min.js	1670475771873	1670475772207	OK	 
REQUEST	FindFlight_tx	bootstrap-table.js	1670475771902	1670475772243	OK	 
REQUEST	FindFlight_tx	bootstrap.min.css	1670475771966	1670475772257	OK	 
REQUEST	FindFlight_tx	bootstrap-table.css	1670475772012	1670475772270	OK	 
GROUP	FindFlight_tx	1670475763714	1670475772270	4298	OK
REQUEST	FindFlight_tx	FindFlightRequest	1670475771826	1670475772267	OK	 
REQUEST	FindFlight_tx	FindFlightRequest	1670475772061	1670475772476	OK	 
REQUEST	selectFlight_tx	SelectFlight_request	1670475772111	1670475772509	OK	 
REQUEST	purchaseTicket_tx	purchaseTicket_request	1670475772169	1670475772553	OK	 
REQUEST	FindFlight_tx	bootstrap.min.js	1670475772311	1670475772575	OK	 
REQUEST	FindFlight_tx	bootstrap-table.js	1670475772369	1670475772638	OK	 
REQUEST	FindFlight_tx	FindFlightRequest	1670475772263	1670475772642	OK	 
REQUEST	FindFlight_tx	bootstrap.min.css	1670475772416	1670475772687	OK	 
REQUEST	FindFlight_tx	bootstrap-table.css	1670475772462	1670475772723	OK	 
GROUP	FindFlight_tx	1670475764362	1670475772724	3929	OK
REQUEST	Homepage_tx	jquery.min.js	1670475772711	1670475772744	OK	 
REQUEST	Homepage_tx	Homepage_request	1670475772217	1670475772747	OK	 
REQUEST	selectFlight_tx	bootstrap.min.js	1670475772511	1670475772764	OK	 
REQUEST	selectFlight_tx	bootstrap-table.js	1670475772572	1670475772835	OK	 
REQUEST	selectFlight_tx	bootstrap.min.css	1670475772616	1670475772887	OK	 
USER	BlazeHomePage	START	1670475772990
REQUEST	selectFlight_tx	bootstrap-table.css	1670475772677	1670475773093	OK	 
GROUP	selectFlight_tx	1670475764351	1670475773093	4358	OK
REQUEST	Homepage_tx	bootstrap.min.js	1670475772772	1670475773155	OK	 
REQUEST	FindFlight_tx	bootstrap.min.js	1670475772961	1670475773225	OK	 
REQUEST	FindFlight_tx	bootstrap-table.js	1670475773018	1670475773290	OK	 
REQUEST	Homepage_tx	bootstrap-table.css	1670475772896	1670475773317	OK	 
REQUEST	Homepage_tx	bootstrap-table.js	1670475772817	1670475773324	OK	 
REQUEST	FindFlight_tx	bootstrap.min.css	1670475773064	1670475773338	OK	 
REQUEST	FindFlight_tx	bootstrap-table.css	1670475773111	1670475773380	OK	 
GROUP	FindFlight_tx	1670475764545	1670475773380	4539	OK
REQUEST	FindFlight_tx	bootstrap.min.js	1670475773161	1670475773421	OK	 
REQUEST	FindFlight_tx	bootstrap-table.js	1670475773220	1670475773480	OK	 
REQUEST	FindFlight_tx	bootstrap.min.css	1670475773265	1670475773537	OK	 
REQUEST	Homepage_tx	bootstrap.min.css	1670475772863	1670475773542	OK	 
GROUP	Homepage_tx	1670475763997	1670475773544	4860	OK
REQUEST	FindFlight_tx	bootstrap-table.css	1670475773327	1670475773588	OK	 
GROUP	FindFlight_tx	1670475764566	1670475773588	4699	OK
REQUEST	selectFlight_tx	bootstrap.min.js	1670475773512	1670475773776	OK	 
REQUEST	FindFlight_tx	FindFlightRequest	1670475773420	1670475773815	OK	 
REQUEST	FindFlight_tx	FindFlightRequest	1670475773373	1670475773816	OK	 
REQUEST	selectFlight_tx	bootstrap-table.js	1670475773561	1670475773823	OK	 
REQUEST	selectFlight_tx	bootstrap.min.css	1670475773618	1670475773881	OK	 
REQUEST	Homepage_tx	Homepage_request	1670475773468	1670475773972	OK	 
REQUEST	FindFlight_tx	bootstrap.min.js	1670475773711	1670475773978	OK	 
USER	BlazeHomePage	START	1670475773987
REQUEST	Homepage_tx	jquery.min.js	1670475773987	1670475774013	OK	 
REQUEST	FindFlight_tx	bootstrap-table.js	1670475773761	1670475774035	OK	 
REQUEST	selectFlight_tx	bootstrap-table.css	1670475773664	1670475774061	OK	 
GROUP	selectFlight_tx	1670475765506	1670475774061	4378	OK
REQUEST	FindFlight_tx	bootstrap.min.css	1670475773819	1670475774082	OK	 
REQUEST	FindFlight_tx	bootstrap-table.css	1670475773864	1670475774118	OK	 
GROUP	FindFlight_tx	1670475765691	1670475774118	4383	OK
REQUEST	selectFlight_tx	SelectFlight_request	1670475773911	1670475774277	OK	 
REQUEST	Homepage_tx	bootstrap.min.js	1670475774032	1670475774399	OK	 
REQUEST	purchaseTicket_tx	bootstrap.min.js	1670475774282	1670475774543	OK	 
REQUEST	FindFlight_tx	FindFlightRequest	1670475774184	1670475774553	OK	 
REQUEST	Homepage_tx	jquery.min.js	1670475774537	1670475774564	OK	 
REQUEST	Homepage_tx	bootstrap-table.js	1670475774081	1670475774572	OK	 
REQUEST	purchaseTicket_tx	bootstrap-table.js	1670475774336	1670475774608	OK	 
REQUEST	Homepage_tx	bootstrap-table.css	1670475774244	1670475774643	OK	 
REQUEST	purchaseTicket_tx	bootstrap.min.css	1670475774382	1670475774658	OK	 
REQUEST	purchaseTicket_tx	bootstrap-table.css	1670475774431	1670475774831	OK	 
GROUP	purchaseTicket_tx	1670475766155	1670475774831	4532	OK
REQUEST	purchaseTicket_tx	purchaseTicket_request	1670475774490	1670475774859	OK	 
REQUEST	Homepage_tx	bootstrap.min.css	1670475774138	1670475774904	OK	 
GROUP	Homepage_tx	1670475765004	1670475774905	5280	OK
REQUEST	Homepage_tx	bootstrap.min.js	1670475774596	1670475774965	OK	 
USER	BlazeHomePage	START	1670475774994
REQUEST	selectFlight_tx	bootstrap.min.js	1670475774781	1670475775037	OK	 
REQUEST	selectFlight_tx	bootstrap-table.js	1670475774831	1670475775092	OK	 
REQUEST	Homepage_tx	bootstrap-table.js	1670475774631	1670475775107	OK	 
REQUEST	Homepage_tx	bootstrap-table.css	1670475774733	1670475775148	OK	 
REQUEST	selectFlight_tx	bootstrap.min.css	1670475774886	1670475775150	OK	 
REQUEST	Homepage_tx	jquery.min.js	1670475775133	1670475775159	OK	 
REQUEST	selectFlight_tx	bootstrap-table.css	1670475774919	1670475775310	OK	 
GROUP	selectFlight_tx	1670475766494	1670475775311	4976	OK
REQUEST	purchaseTicket_tx	purchaseTicket_request	1670475775071	1670475775421	OK	 
REQUEST	FindFlight_tx	FindFlightRequest	1670475775024	1670475775474	OK	 
REQUEST	Homepage_tx	Homepage_request	1670475774979	1670475775480	OK	 
REQUEST	Homepage_tx	bootstrap.min.css	1670475774688	1670475775568	OK	 
GROUP	Homepage_tx	1670475766038	1670475775571	5318	OK
REQUEST	Homepage_tx	bootstrap.min.js	1670475775175	1670475775649	OK	 
REQUEST	Homepage_tx	bootstrap-table.js	1670475775222	1670475775677	OK	 
REQUEST	FindFlight_tx	bootstrap.min.js	1670475775422	1670475775685	OK	 
REQUEST	FindFlight_tx	bootstrap-table.js	1670475775471	1670475775737	OK	 
REQUEST	Homepage_tx	bootstrap-table.css	1670475775330	1670475775768	OK	 
REQUEST	purchaseTicket_tx	purchaseTicket_request	1670475775375	1670475775781	OK	 
REQUEST	FindFlight_tx	bootstrap.min.css	1670475775531	1670475775793	OK	 
REQUEST	FindFlight_tx	bootstrap-table.css	1670475775577	1670475775841	OK	 
GROUP	FindFlight_tx	1670475767720	1670475775842	4562	OK
REQUEST	Homepage_tx	Homepage_request	1670475775623	1670475775994	OK	 
USER	BlazeHomePage	START	1670475776011
REQUEST	Homepage_tx	jquery.min.js	1670475776010	1670475776043	OK	 
REQUEST	FindFlight_tx	bootstrap.min.js	1670475775780	1670475776055	OK	 
REQUEST	FindFlight_tx	FindFlightRequest	1670475775671	1670475776055	OK	 
REQUEST	FindFlight_tx	bootstrap-table.js	1670475775837	1670475776100	OK	 
REQUEST	FindFlight_tx	bootstrap.min.css	1670475775871	1670475776128	OK	 
REQUEST	Homepage_tx	bootstrap.min.css	1670475775271	1670475776158	OK	 
GROUP	Homepage_tx	1670475766994	1670475776160	5573	OK
REQUEST	FindFlight_tx	bootstrap-table.css	1670475775898	1670475776161	OK	 
GROUP	FindFlight_tx	1670475768139	1670475776162	4578	OK
REQUEST	Homepage_tx	Homepage_request	1670475775721	1670475776237	OK	 
REQUEST	selectFlight_tx	SelectFlight_request	1670475775998	1670475776352	OK	 
REQUEST	Homepage_tx	bootstrap.min.js	1670475776056	1670475776364	OK	 
REQUEST	FindFlight_tx	bootstrap.min.js	1670475776317	1670475776574	OK	 
REQUEST	FindFlight_tx	bootstrap-table.js	1670475776360	1670475776626	OK	 
REQUEST	selectFlight_tx	SelectFlight_request	1670475776271	1670475776656	OK	 
REQUEST	FindFlight_tx	bootstrap.min.css	1670475776405	1670475776670	OK	 
REQUEST	Homepage_tx	bootstrap-table.css	1670475776216	1670475776677	OK	 
REQUEST	FindFlight_tx	bootstrap-table.css	1670475776453	1670475776703	OK	 
GROUP	FindFlight_tx	1670475768300	1670475776703	4870	OK
REQUEST	Homepage_tx	bootstrap-table.js	1670475776106	1670475776755	OK	 
REQUEST	FindFlight_tx	bootstrap.min.js	1670475776501	1670475776790	OK	 
REQUEST	FindFlight_tx	bootstrap-table.js	1670475776551	1670475776805	OK	 
REQUEST	FindFlight_tx	bootstrap.min.css	1670475776609	1670475776886	OK	 
