RUN	mysimulations.Gatling25	gatling25	1670481377032	Gatling Execution	3.6.1
USER	BlazeHomePage	START	1670481378385
USER	BlazeHomePage	START	1670481378385
USER	BlazeHomePage	START	1670481378385
USER	BlazeHomePage	START	1670481378385
USER	BlazeHomePage	START	1670481378385
REQUEST	Homepage_tx	Homepage_request	1670481378433	1670481379010	OK	 
REQUEST	Homepage_tx	Homepage_request	1670481378433	1670481379010	OK	 
REQUEST	Homepage_tx	Homepage_request	1670481378433	1670481378997	OK	 
REQUEST	Homepage_tx	jquery.min.js	1670481379096	1670481379192	OK	 
REQUEST	Homepage_tx	Homepage_request	1670481378433	1670481379302	OK	 
REQUEST	Homepage_tx	Homepage_request	1670481378433	1670481379339	OK	 
REQUEST	Homepage_tx	jquery.min.js	1670481379310	1670481379345	OK	 
REQUEST	Homepage_tx	jquery.min.js	1670481379346	1670481379391	OK	 
REQUEST	Homepage_tx	bootstrap.min.js	1670481379097	1670481379426	OK	 
REQUEST	Homepage_tx	jquery.min.js	1670481379096	1670481379494	OK	 
REQUEST	Homepage_tx	bootstrap-table.css	1670481379102	1670481379552	OK	 
REQUEST	Homepage_tx	bootstrap-table.css	1670481379102	1670481379559	OK	 
REQUEST	Homepage_tx	bootstrap.min.js	1670481379097	1670481379574	OK	 
REQUEST	Homepage_tx	bootstrap-table.css	1670481379101	1670481379580	OK	 
REQUEST	Homepage_tx	bootstrap.min.js	1670481379097	1670481379589	OK	 
REQUEST	Homepage_tx	bootstrap-table.js	1670481379100	1670481379600	OK	 
REQUEST	Homepage_tx	bootstrap.min.js	1670481379311	1670481379632	OK	 
REQUEST	Homepage_tx	bootstrap-table.js	1670481379099	1670481379691	OK	 
REQUEST	Homepage_tx	bootstrap-table.css	1670481379315	1670481379751	OK	 
REQUEST	Homepage_tx	bootstrap-table.css	1670481379353	1670481379782	OK	 
REQUEST	Homepage_tx	bootstrap-table.js	1670481379313	1670481379812	OK	 
REQUEST	Homepage_tx	bootstrap.min.js	1670481379348	1670481379837	OK	 
REQUEST	Homepage_tx	bootstrap.min.css	1670481379101	1670481380136	OK	 
REQUEST	Homepage_tx	bootstrap.min.css	1670481379100	1670481380157	OK	 
REQUEST	Homepage_tx	bootstrap.min.css	1670481379314	1670481380273	OK	 
GROUP	Homepage_tx	1670481378388	1670481380274	1834	OK
REQUEST	Homepage_tx	jquery.min.js	1670481379096	1670481380291	OK	 
GROUP	Homepage_tx	1670481378389	1670481380292	1784	OK
REQUEST	Homepage_tx	bootstrap.min.css	1670481379100	1670481380310	OK	 
GROUP	Homepage_tx	1670481378389	1670481380311	1803	OK
REQUEST	Homepage_tx	bootstrap-table.js	1670481379099	1670481380732	OK	 
GROUP	Homepage_tx	1670481378388	1670481380733	2212	OK
REQUEST	Homepage_tx	bootstrap.min.css	1670481379351	1670481380754	OK	 
REQUEST	Homepage_tx	bootstrap-table.js	1670481379350	1670481381132	OK	 
GROUP	Homepage_tx	1670481378389	1670481381132	2692	OK
REQUEST	FindFlight_tx	FindFlightRequest	1670481385302	1670481385707	OK	 
REQUEST	FindFlight_tx	FindFlightRequest	1670481385317	1670481385707	OK	 
REQUEST	FindFlight_tx	FindFlightRequest	1670481385294	1670481385746	OK	 
REQUEST	FindFlight_tx	bootstrap-table.css	1670481385751	1670481386029	OK	 
REQUEST	FindFlight_tx	bootstrap.min.js	1670481385747	1670481386029	OK	 
REQUEST	FindFlight_tx	bootstrap.min.js	1670481385747	1670481386033	OK	 
REQUEST	FindFlight_tx	bootstrap-table.js	1670481385749	1670481386033	OK	 
REQUEST	FindFlight_tx	bootstrap.min.css	1670481385750	1670481386034	OK	 
REQUEST	FindFlight_tx	bootstrap-table.js	1670481385748	1670481386048	OK	 
REQUEST	FindFlight_tx	bootstrap.min.css	1670481385750	1670481386050	OK	 
GROUP	FindFlight_tx	1670481385317	1670481386050	694	OK
REQUEST	FindFlight_tx	FindFlightRequest	1670481385737	1670481386113	OK	 
REQUEST	FindFlight_tx	bootstrap-table.css	1670481385751	1670481386260	OK	 
GROUP	FindFlight_tx	1670481385301	1670481386261	920	OK
REQUEST	FindFlight_tx	bootstrap.min.js	1670481385755	1670481386290	OK	 
REQUEST	FindFlight_tx	bootstrap.min.css	1670481385756	1670481386310	OK	 
REQUEST	FindFlight_tx	bootstrap-table.js	1670481385756	1670481386311	OK	 
REQUEST	FindFlight_tx	bootstrap-table.css	1670481385757	1670481386312	OK	 
GROUP	FindFlight_tx	1670481385286	1670481386313	1010	OK
REQUEST	FindFlight_tx	bootstrap-table.js	1670481386119	1670481386369	OK	 
REQUEST	FindFlight_tx	bootstrap.min.js	1670481386118	1670481386371	OK	 
REQUEST	FindFlight_tx	bootstrap.min.css	1670481386120	1670481386389	OK	 
REQUEST	FindFlight_tx	bootstrap-table.css	1670481386122	1670481386610	OK	 
GROUP	FindFlight_tx	1670481385736	1670481386610	868	OK
REQUEST	FindFlight_tx	FindFlightRequest	1670481386136	1670481386645	OK	 
REQUEST	FindFlight_tx	bootstrap.min.js	1670481386652	1670481386923	OK	 
REQUEST	FindFlight_tx	bootstrap-table.css	1670481386656	1670481386924	OK	 
REQUEST	FindFlight_tx	bootstrap.min.css	1670481386654	1670481386949	OK	 
REQUEST	FindFlight_tx	bootstrap-table.js	1670481386653	1670481387031	OK	 
GROUP	FindFlight_tx	1670481386135	1670481387031	889	OK
REQUEST	selectFlight_tx	SelectFlight_request	1670481391274	1670481391650	OK	 
REQUEST	selectFlight_tx	SelectFlight_request	1670481391321	1670481391749	OK	 
REQUEST	selectFlight_tx	bootstrap-table.js	1670481391655	1670481391916	OK	 
REQUEST	selectFlight_tx	bootstrap-table.css	1670481391656	1670481391919	OK	 
REQUEST	selectFlight_tx	bootstrap.min.css	1670481391655	1670481391929	OK	 
REQUEST	selectFlight_tx	bootstrap.min.js	1670481391654	1670481391950	OK	 
GROUP	selectFlight_tx	1670481391273	1670481391950	673	OK
REQUEST	selectFlight_tx	SelectFlight_request	1670481391619	1670481391989	OK	 
REQUEST	selectFlight_tx	bootstrap-table.css	1670481391754	1670481392008	OK	 
REQUEST	selectFlight_tx	bootstrap.min.css	1670481391753	1670481392028	OK	 
REQUEST	selectFlight_tx	bootstrap-table.js	1670481391752	1670481392029	OK	 
REQUEST	selectFlight_tx	bootstrap.min.js	1670481391751	1670481392030	OK	 
GROUP	selectFlight_tx	1670481391320	1670481392030	707	OK
REQUEST	selectFlight_tx	bootstrap.min.js	1670481391992	1670481392267	OK	 
REQUEST	selectFlight_tx	bootstrap-table.js	1670481391992	1670481392268	OK	 
REQUEST	selectFlight_tx	bootstrap.min.css	1670481391993	1670481392269	OK	 
REQUEST	selectFlight_tx	bootstrap-table.css	1670481391995	1670481392270	OK	 
GROUP	selectFlight_tx	1670481391618	1670481392271	650	OK
REQUEST	selectFlight_tx	SelectFlight_request	1670481391059	1670481392366	OK	 
REQUEST	selectFlight_tx	SelectFlight_request	1670481392039	1670481392390	OK	 
REQUEST	selectFlight_tx	bootstrap-table.js	1670481392394	1670481392650	OK	 
REQUEST	selectFlight_tx	bootstrap-table.css	1670481392372	1670481392650	OK	 
REQUEST	selectFlight_tx	bootstrap.min.js	1670481392393	1670481392651	OK	 
REQUEST	selectFlight_tx	bootstrap.min.js	1670481392370	1670481392651	OK	 
REQUEST	selectFlight_tx	bootstrap.min.css	1670481392371	1670481392651	OK	 
REQUEST	selectFlight_tx	bootstrap-table.js	1670481392371	1670481392652	OK	 
GROUP	selectFlight_tx	1670481391056	1670481392652	1589	OK
REQUEST	selectFlight_tx	bootstrap.min.css	1670481392395	1670481392668	OK	 
REQUEST	selectFlight_tx	bootstrap-table.css	1670481392396	1670481392675	OK	 
GROUP	selectFlight_tx	1670481392038	1670481392675	633	OK
REQUEST	purchaseTicket_tx	purchaseTicket_request	1670481396969	1670481397340	OK	 
REQUEST	purchaseTicket_tx	purchaseTicket_request	1670481397044	1670481397449	OK	 
REQUEST	purchaseTicket_tx	bootstrap-table.css	1670481397383	1670481397649	OK	 
REQUEST	purchaseTicket_tx	bootstrap.min.css	1670481397382	1670481397650	OK	 
REQUEST	purchaseTicket_tx	bootstrap-table.js	1670481397381	1670481397651	OK	 
REQUEST	purchaseTicket_tx	bootstrap.min.js	1670481397380	1670481397653	OK	 
GROUP	purchaseTicket_tx	1670481396964	1670481397653	645	OK
USER	BlazeHomePage	END	1670481397661
REQUEST	purchaseTicket_tx	purchaseTicket_request	1670481397276	1670481397674	OK	 
REQUEST	purchaseTicket_tx	bootstrap.min.js	1670481397454	1670481397711	OK	 
REQUEST	purchaseTicket_tx	bootstrap-table.js	1670481397456	1670481397728	OK	 
REQUEST	purchaseTicket_tx	bootstrap.min.css	1670481397457	1670481397730	OK	 
REQUEST	purchaseTicket_tx	bootstrap-table.css	1670481397458	1670481397731	OK	 
GROUP	purchaseTicket_tx	1670481397043	1670481397731	683	OK
USER	BlazeHomePage	END	1670481397734
REQUEST	purchaseTicket_tx	bootstrap-table.js	1670481397678	1670481397944	OK	 
REQUEST	purchaseTicket_tx	bootstrap-table.css	1670481397680	1670481397947	OK	 
REQUEST	purchaseTicket_tx	bootstrap.min.css	1670481397679	1670481397954	OK	 
REQUEST	purchaseTicket_tx	bootstrap.min.js	1670481397677	1670481397957	OK	 
GROUP	purchaseTicket_tx	1670481397275	1670481397960	680	OK
USER	BlazeHomePage	END	1670481397966
REQUEST	purchaseTicket_tx	purchaseTicket_request	1670481397679	1670481398029	OK	 
REQUEST	purchaseTicket_tx	purchaseTicket_request	1670481397664	1670481398124	OK	 
REQUEST	purchaseTicket_tx	bootstrap-table.js	1670481398034	1670481398294	OK	 
REQUEST	purchaseTicket_tx	bootstrap.min.js	1670481398033	1670481398294	OK	 
REQUEST	purchaseTicket_tx	bootstrap-table.css	1670481398037	1670481398317	OK	 
REQUEST	purchaseTicket_tx	bootstrap.min.css	1670481398035	1670481398319	OK	 
GROUP	purchaseTicket_tx	1670481397678	1670481398320	638	OK
USER	BlazeHomePage	END	1670481398323
REQUEST	purchaseTicket_tx	bootstrap-table.css	1670481398133	1670481398396	OK	 
REQUEST	purchaseTicket_tx	bootstrap.min.css	1670481398132	1670481398398	OK	 
REQUEST	purchaseTicket_tx	bootstrap-table.js	1670481398132	1670481398408	OK	 
REQUEST	purchaseTicket_tx	bootstrap.min.js	1670481398131	1670481398409	OK	 
GROUP	purchaseTicket_tx	1670481397663	1670481398410	740	OK
USER	BlazeHomePage	END	1670481398413
