RUN	mysimulations.Gatling03	gatling03	1670319891018	 	3.6.1
USER	BlazeHomePage	START	1670319892219
USER	BlazeHomePage	START	1670319892219
USER	BlazeHomePage	START	1670319892219
USER	BlazeHomePage	START	1670319892219
USER	BlazeHomePage	START	1670319892219
USER	BlazeHomePage	START	1670319892219
USER	BlazeHomePage	START	1670319892219
USER	BlazeHomePage	START	1670319892219
USER	BlazeHomePage	START	1670319892219
USER	BlazeHomePage	START	1670319892219
REQUEST		Homepage_request	1670319892290	1670319892795	OK	 
REQUEST		Homepage_request	1670319892290	1670319892810	OK	 
REQUEST		Homepage_request	1670319892290	1670319892828	OK	 
REQUEST		jquery.min.js	1670319892903	1670319892994	OK	 
REQUEST		Homepage_request	1670319892290	1670319893089	OK	 
REQUEST		Homepage_request	1670319892290	1670319893145	OK	 
REQUEST		jquery.min.js	1670319893092	1670319893172	OK	 
REQUEST		Homepage_request	1670319892290	1670319893181	OK	 
REQUEST		Homepage_request	1670319892290	1670319893189	OK	 
REQUEST		Homepage_request	1670319892290	1670319893204	OK	 
REQUEST		bootstrap.min.js	1670319892907	1670319893208	OK	 
REQUEST		jquery.min.js	1670319893150	1670319893244	OK	 
REQUEST		jquery.min.js	1670319893193	1670319893287	OK	 
REQUEST		jquery.min.js	1670319893200	1670319893292	OK	 
REQUEST		jquery.min.js	1670319892903	1670319893292	OK	 
REQUEST		bootstrap.min.js	1670319892907	1670319893307	OK	 
REQUEST		bootstrap.min.js	1670319892907	1670319893308	OK	 
REQUEST		bootstrap.min.js	1670319893093	1670319893396	OK	 
REQUEST		bootstrap-table.js	1670319892908	1670319893403	OK	 
REQUEST		bootstrap-table.css	1670319893096	1670319893439	OK	 
REQUEST		bootstrap.min.js	1670319893194	1670319893492	OK	 
REQUEST		bootstrap.min.js	1670319893203	1670319893507	OK	 
REQUEST		bootstrap.min.css	1670319892910	1670319893511	OK	 
REQUEST		bootstrap-table.css	1670319893201	1670319893536	OK	 
REQUEST		bootstrap.min.js	1670319893153	1670319893547	OK	 
REQUEST		bootstrap-table.css	1670319892912	1670319893555	OK	 
REQUEST		bootstrap-table.js	1670319893156	1670319893557	OK	 
REQUEST		bootstrap-table.css	1670319892912	1670319893561	OK	 
REQUEST		bootstrap.min.js	1670319893214	1670319893579	OK	 
REQUEST		jquery.min.js	1670319893212	1670319893610	OK	 
REQUEST		bootstrap-table.js	1670319893208	1670319893624	OK	 
REQUEST		bootstrap.min.css	1670319892910	1670319893667	OK	 
REQUEST		bootstrap-table.js	1670319893094	1670319893808	OK	 
REQUEST		bootstrap-table.css	1670319893159	1670319893838	OK	 
REQUEST		bootstrap.min.css	1670319893095	1670319893844	OK	 
USER	BlazeHomePage	END	1670319893858
REQUEST		bootstrap-table.css	1670319893219	1670319893890	OK	 
REQUEST		bootstrap-table.js	1670319893197	1670319893895	OK	 
REQUEST		bootstrap.min.css	1670319893199	1670319893908	OK	 
USER	BlazeHomePage	END	1670319893913
REQUEST		Homepage_request	1670319892290	1670319894009	OK	 
REQUEST		bootstrap.min.css	1670319892910	1670319894111	OK	 
REQUEST		jquery.min.js	1670319894015	1670319894111	OK	 
REQUEST		bootstrap.min.css	1670319893158	1670319894157	OK	 
USER	BlazeHomePage	END	1670319894167
REQUEST		bootstrap.min.css	1670319893210	1670319894256	OK	 
REQUEST		bootstrap-table.css	1670319892912	1670319894352	OK	 
REQUEST		bootstrap-table.js	1670319892908	1670319894387	OK	 
USER	BlazeHomePage	END	1670319894390
REQUEST		bootstrap.min.js	1670319894020	1670319894428	OK	 
REQUEST		bootstrap-table.js	1670319892908	1670319894513	OK	 
USER	BlazeHomePage	END	1670319894523
REQUEST		bootstrap-table.css	1670319893212	1670319894629	OK	 
USER	BlazeHomePage	END	1670319894632
REQUEST		bootstrap-table.css	1670319894025	1670319894700	OK	 
REQUEST		bootstrap-table.js	1670319894022	1670319894736	OK	 
REQUEST		bootstrap-table.js	1670319893215	1670319894745	OK	 
REQUEST		bootstrap.min.css	1670319894023	1670319894854	OK	 
USER	BlazeHomePage	END	1670319894859
REQUEST		bootstrap.min.css	1670319893217	1670319894988	OK	 
USER	BlazeHomePage	END	1670319894991
REQUEST		Homepage_request	1670319892290	1670319895847	OK	 
REQUEST		jquery.min.js	1670319895851	1670319895931	OK	 
REQUEST		jquery.min.js	1670319892903	1670319896104	OK	 
USER	BlazeHomePage	END	1670319896111
REQUEST		bootstrap-table.css	1670319895853	1670319896207	OK	 
REQUEST		bootstrap.min.js	1670319895852	1670319896311	OK	 
REQUEST		bootstrap-table.js	1670319895852	1670319896441	OK	 
REQUEST		bootstrap.min.css	1670319895853	1670319896667	OK	 
USER	BlazeHomePage	END	1670319896675
