RUN	mysimulations.Gatling28	gatling28	1670490876190	Gatling Execution	3.6.1
USER	RESTAPI	START	1670490877825
USER	RESTAPI	START	1670490877825
USER	RESTAPI	START	1670490877825
USER	RESTAPI	START	1670490877825
USER	RESTAPI	START	1670490877825
USER	RESTAPI	START	1670490877826
USER	RESTAPI	START	1670490877982
USER	RESTAPI	START	1670490877982
USER	RESTAPI	START	1670490877982
USER	RESTAPI	START	1670490877982
USER	RESTAPI	START	1670490877827
USER	RESTAPI	START	1670490877983
USER	RESTAPI	START	1670490877825
USER	RESTAPI	START	1670490877983
USER	RESTAPI	START	1670490877984
USER	RESTAPI	START	1670490877984
USER	RESTAPI	START	1670490877984
USER	RESTAPI	START	1670490877984
USER	RESTAPI	START	1670490877984
USER	RESTAPI	START	1670490877984
USER	RESTAPI	START	1670490877985
USER	RESTAPI	START	1670490877985
USER	RESTAPI	START	1670490877985
USER	RESTAPI	START	1670490877984
USER	RESTAPI	START	1670490877985
USER	RESTAPI	START	1670490877985
USER	RESTAPI	START	1670490877986
USER	RESTAPI	START	1670490877986
USER	RESTAPI	START	1670490877985
USER	RESTAPI	START	1670490877986
USER	RESTAPI	START	1670490877986
USER	RESTAPI	START	1670490877986
USER	RESTAPI	START	1670490877987
USER	RESTAPI	START	1670490877987
USER	RESTAPI	START	1670490877987
USER	RESTAPI	START	1670490877987
USER	RESTAPI	START	1670490877987
USER	RESTAPI	START	1670490877987
USER	RESTAPI	START	1670490877986
USER	RESTAPI	START	1670490877988
USER	RESTAPI	START	1670490877988
USER	RESTAPI	START	1670490877984
USER	RESTAPI	START	1670490877827
USER	RESTAPI	START	1670490877988
USER	RESTAPI	START	1670490877990
USER	RESTAPI	START	1670490877825
USER	RESTAPI	START	1670490877826
USER	RESTAPI	START	1670490877991
USER	RESTAPI	START	1670490877990
USER	RESTAPI	START	1670490877825
USER	RESTAPI	START	1670490877993
USER	RESTAPI	START	1670490877993
USER	RESTAPI	START	1670490877993
USER	RESTAPI	START	1670490877993
USER	RESTAPI	START	1670490877993
USER	RESTAPI	START	1670490877994
USER	RESTAPI	START	1670490877995
USER	RESTAPI	START	1670490877995
USER	RESTAPI	START	1670490877995
USER	RESTAPI	START	1670490877825
USER	RESTAPI	START	1670490877825
USER	RESTAPI	START	1670490877995
USER	RESTAPI	START	1670490877995
USER	RESTAPI	START	1670490877996
USER	RESTAPI	START	1670490877996
USER	RESTAPI	START	1670490877996
USER	RESTAPI	START	1670490877825
USER	RESTAPI	START	1670490877996
USER	RESTAPI	START	1670490877996
USER	RESTAPI	START	1670490877997
USER	RESTAPI	START	1670490877997
USER	RESTAPI	START	1670490877997
USER	RESTAPI	START	1670490877997
USER	RESTAPI	START	1670490877997
USER	RESTAPI	START	1670490877997
USER	RESTAPI	START	1670490877997
USER	RESTAPI	START	1670490877997
USER	RESTAPI	START	1670490877998
USER	RESTAPI	START	1670490877998
USER	RESTAPI	START	1670490877825
USER	RESTAPI	START	1670490877998
USER	RESTAPI	START	1670490877998
USER	RESTAPI	START	1670490877998
USER	RESTAPI	START	1670490877998
USER	RESTAPI	START	1670490877999
USER	RESTAPI	START	1670490877999
USER	RESTAPI	START	1670490877998
USER	RESTAPI	START	1670490877999
USER	RESTAPI	START	1670490877999
USER	RESTAPI	START	1670490878000
USER	RESTAPI	START	1670490878000
USER	RESTAPI	START	1670490878001
USER	RESTAPI	START	1670490878002
USER	RESTAPI	START	1670490878003
USER	RESTAPI	START	1670490878004
USER	RESTAPI	START	1670490878000
USER	RESTAPI	START	1670490878005
USER	RESTAPI	START	1670490878000
USER	RESTAPI	START	1670490878007
USER	RESTAPI	START	1670490878007
REQUEST	REST_GET_API_tx	GET_request	1670490877994	1670490878252	OK	 
REQUEST	REST_GET_API_tx	GET_request	1670490877987	1670490878354	OK	 
REQUEST	REST_GET_API_tx	GET_request	1670490877930	1670490878295	OK	 
REQUEST	REST_GET_API_tx	GET_request	1670490877930	1670490878282	OK	 
REQUEST	REST_GET_API_tx	GET_request	1670490877999	1670490878266	OK	 
REQUEST	REST_GET_API_tx	GET_request	1670490877996	1670490878349	OK	 
REQUEST	REST_GET_API_tx	GET_request	1670490877983	1670490878277	OK	 
REQUEST	REST_GET_API_tx	GET_request	1670490877997	1670490878359	OK	 
REQUEST	REST_GET_API_tx	GET_request	1670490877928	1670490878265	OK	 
REQUEST	REST_GET_API_tx	GET_request	1670490877986	1670490878407	OK	 
REQUEST	REST_GET_API_tx	GET_request	1670490877928	1670490878252	OK	 
REQUEST	REST_GET_API_tx	GET_request	1670490877993	1670490878295	OK	 
GROUP	REST_GET_API_tx	1670490877987	1670490878475	367	OK
GROUP	REST_GET_API_tx	1670490877832	1670490878475	365	OK
GROUP	REST_GET_API_tx	1670490877993	1670490878475	258	OK
GROUP	REST_GET_API_tx	1670490877996	1670490878475	353	OK
GROUP	REST_GET_API_tx	1670490877983	1670490878475	294	OK
GROUP	REST_GET_API_tx	1670490877996	1670490878475	362	OK
GROUP	REST_GET_API_tx	1670490877999	1670490878475	267	OK
GROUP	REST_GET_API_tx	1670490877832	1670490878475	337	OK
GROUP	REST_GET_API_tx	1670490877986	1670490878475	421	OK
GROUP	REST_GET_API_tx	1670490877832	1670490878475	352	OK
GROUP	REST_GET_API_tx	1670490877993	1670490878475	302	OK
GROUP	REST_GET_API_tx	1670490877832	1670490878475	324	OK
REQUEST	REST_GET_API_tx	GET_request	1670490878001	1670490878496	OK	 
REQUEST	REST_GET_API_tx	GET_request	1670490877997	1670490878496	OK	 
REQUEST	REST_GET_API_tx	GET_request	1670490877999	1670490878496	OK	 
GROUP	REST_GET_API_tx	1670490877997	1670490878497	499	OK
GROUP	REST_GET_API_tx	1670490878001	1670490878497	495	OK
GROUP	REST_GET_API_tx	1670490877998	1670490878497	497	OK
REQUEST	REST_GET_API_tx	GET_request	1670490877983	1670490878649	OK	 
GROUP	REST_GET_API_tx	1670490877983	1670490878650	666	OK
REQUEST	REST_GET_API_tx	GET_request	1670490877998	1670490878656	OK	 
GROUP	REST_GET_API_tx	1670490877998	1670490878658	658	OK
REQUEST	REST_GET_API_tx	GET_request	1670490877986	1670490878687	OK	 
GROUP	REST_GET_API_tx	1670490877986	1670490878689	701	OK
REQUEST	REST_POST_API_tx	POST_request	1670490878490	1670490878923	OK	 
GROUP	REST_POST_API_tx	1670490878477	1670490878930	433	OK
REQUEST	REST_POST_API_tx	POST_request	1670490878491	1670490878931	OK	 
GROUP	REST_POST_API_tx	1670490878477	1670490878932	440	OK
REQUEST	REST_POST_API_tx	POST_request	1670490878491	1670490878930	OK	 
GROUP	REST_POST_API_tx	1670490878477	1670490878932	439	OK
REQUEST	REST_POST_API_tx	POST_request	1670490878491	1670490878946	OK	 
GROUP	REST_POST_API_tx	1670490878477	1670490878947	455	OK
REQUEST	REST_POST_API_tx	POST_request	1670490878498	1670490878946	OK	 
GROUP	REST_POST_API_tx	1670490878497	1670490878949	448	OK
REQUEST	REST_POST_API_tx	POST_request	1670490878491	1670490878946	OK	 
GROUP	REST_POST_API_tx	1670490878477	1670490878951	455	OK
REQUEST	REST_POST_API_tx	POST_request	1670490878498	1670490878954	OK	 
GROUP	REST_POST_API_tx	1670490878497	1670490878955	456	OK
REQUEST	REST_POST_API_tx	POST_request	1670490878491	1670490878954	OK	 
GROUP	REST_POST_API_tx	1670490878477	1670490878956	463	OK
REQUEST	REST_POST_API_tx	POST_request	1670490878491	1670490878954	OK	 
GROUP	REST_POST_API_tx	1670490878477	1670490878956	463	OK
REQUEST	REST_POST_API_tx	POST_request	1670490878491	1670490878957	OK	 
GROUP	REST_POST_API_tx	1670490878477	1670490878959	466	OK
REQUEST	REST_POST_API_tx	POST_request	1670490878490	1670490878964	OK	 
GROUP	REST_POST_API_tx	1670490878477	1670490878966	474	OK
REQUEST	REST_POST_API_tx	POST_request	1670490878491	1670490878970	OK	 
REQUEST	REST_POST_API_tx	POST_request	1670490878491	1670490878970	OK	 
GROUP	REST_POST_API_tx	1670490878477	1670490878972	479	OK
GROUP	REST_POST_API_tx	1670490878477	1670490878972	479	OK
REQUEST	REST_POST_API_tx	POST_request	1670490878490	1670490878977	OK	 
GROUP	REST_POST_API_tx	1670490878477	1670490878979	487	OK
REQUEST	REST_POST_API_tx	POST_request	1670490878651	1670490879078	OK	 
GROUP	REST_POST_API_tx	1670490878650	1670490879079	427	OK
REQUEST	REST_POST_API_tx	POST_request	1670490878658	1670490879094	OK	 
GROUP	REST_POST_API_tx	1670490878658	1670490879095	436	OK
REQUEST	REST_POST_API_tx	POST_request	1670490878689	1670490879128	OK	 
GROUP	REST_POST_API_tx	1670490878689	1670490879129	439	OK
REQUEST	REST_GET_API_tx	GET_request	1670490878004	1670490879207	OK	 
REQUEST	REST_GET_API_tx	GET_request	1670490877928	1670490879207	OK	 
GROUP	REST_GET_API_tx	1670490877832	1670490879209	1279	OK
GROUP	REST_GET_API_tx	1670490878004	1670490879209	1203	OK
REQUEST	REST_GET_API_tx	GET_request	1670490877984	1670490879228	OK	 
GROUP	REST_GET_API_tx	1670490877984	1670490879229	1244	OK
REQUEST	REST_GET_API_tx	GET_request	1670490878008	1670490879245	OK	 
REQUEST	REST_GET_API_tx	GET_request	1670490877928	1670490879245	OK	 
GROUP	REST_GET_API_tx	1670490878007	1670490879247	1237	OK
GROUP	REST_GET_API_tx	1670490877832	1670490879247	1317	OK
REQUEST	REST_GET_API_tx	GET_request	1670490877998	1670490879354	OK	 
GROUP	REST_GET_API_tx	1670490877998	1670490879358	1356	OK
REQUEST	REST_GET_API_tx	GET_request	1670490877983	1670490879363	OK	 
GROUP	REST_GET_API_tx	1670490877982	1670490879366	1380	OK
REQUEST	REST_PUT_API_tx	PUT_request	1670490878931	1670490879387	OK	 
GROUP	REST_PUT_API_tx	1670490878930	1670490879389	456	OK
REQUEST	REST_PUT_API_tx	PUT_request	1670490878960	1670490879406	OK	 
REQUEST	REST_PUT_API_tx	PUT_request	1670490878933	1670490879406	OK	 
REQUEST	REST_PUT_API_tx	PUT_request	1670490878951	1670490879406	OK	 
GROUP	REST_PUT_API_tx	1670490878932	1670490879407	473	OK
GROUP	REST_PUT_API_tx	1670490878959	1670490879407	446	OK
GROUP	REST_PUT_API_tx	1670490878951	1670490879407	455	OK
REQUEST	REST_PUT_API_tx	PUT_request	1670490878933	1670490879406	OK	 
GROUP	REST_PUT_API_tx	1670490878932	1670490879407	473	OK
REQUEST	REST_GET_API_tx	GET_request	1670490878001	1670490879411	OK	 
GROUP	REST_GET_API_tx	1670490878000	1670490879412	1410	OK
REQUEST	REST_PUT_API_tx	PUT_request	1670490878951	1670490879414	OK	 
GROUP	REST_PUT_API_tx	1670490878948	1670490879415	463	OK
REQUEST	REST_GET_API_tx	GET_request	1670490878008	1670490879425	OK	 
GROUP	REST_GET_API_tx	1670490878007	1670490879426	1417	OK
REQUEST	REST_PUT_API_tx	PUT_request	1670490878957	1670490879429	OK	 
GROUP	REST_PUT_API_tx	1670490878956	1670490879430	472	OK
REQUEST	REST_PUT_API_tx	PUT_request	1670490878966	1670490879438	OK	 
GROUP	REST_PUT_API_tx	1670490878966	1670490879439	472	OK
REQUEST	REST_PUT_API_tx	PUT_request	1670490878972	1670490879466	OK	 
REQUEST	REST_PUT_API_tx	PUT_request	1670490878972	1670490879466	OK	 
GROUP	REST_PUT_API_tx	1670490878972	1670490879467	494	OK
GROUP	REST_PUT_API_tx	1670490878972	1670490879467	494	OK
REQUEST	REST_GET_API_tx	GET_request	1670490877987	1670490879466	OK	 
GROUP	REST_GET_API_tx	1670490877987	1670490879467	1479	OK
REQUEST	REST_PUT_API_tx	PUT_request	1670490879080	1670490879524	OK	 
GROUP	REST_PUT_API_tx	1670490879079	1670490879525	444	OK
REQUEST	REST_PUT_API_tx	PUT_request	1670490879095	1670490879537	OK	 
GROUP	REST_PUT_API_tx	1670490879095	1670490879538	442	OK
REQUEST	REST_GET_API_tx	GET_request	1670490877983	1670490879605	OK	 
GROUP	REST_GET_API_tx	1670490877982	1670490879607	1622	OK
REQUEST	REST_GET_API_tx	GET_request	1670490877986	1670490879610	OK	 
GROUP	REST_GET_API_tx	1670490877986	1670490879611	1624	OK
REQUEST	REST_PUT_API_tx	PUT_request	1670490879130	1670490879611	OK	 
GROUP	REST_PUT_API_tx	1670490879129	1670490879612	481	OK
REQUEST	REST_POST_API_tx	POST_request	1670490879210	1670490879666	OK	 
GROUP	REST_POST_API_tx	1670490879209	1670490879667	456	OK
REQUEST	REST_PUT_API_tx	PUT_request	1670490878950	1670490879666	OK	 
GROUP	REST_PUT_API_tx	1670490878949	1670490879667	716	OK
REQUEST	REST_POST_API_tx	POST_request	1670490879210	1670490879672	OK	 
REQUEST	REST_POST_API_tx	POST_request	1670490879229	1670490879672	OK	 
GROUP	REST_POST_API_tx	1670490879229	1670490879674	443	OK
GROUP	REST_POST_API_tx	1670490879209	1670490879674	462	OK
REQUEST	REST_PUT_API_tx	PUT_request	1670490878956	1670490879688	OK	 
GROUP	REST_PUT_API_tx	1670490878955	1670490879689	732	OK
REQUEST	REST_POST_API_tx	POST_request	1670490879247	1670490879705	OK	 
GROUP	REST_POST_API_tx	1670490879247	1670490879706	458	OK
REQUEST	REST_PUT_API_tx	PUT_request	1670490878979	1670490879725	OK	 
REQUEST	REST_PUT_API_tx	PUT_request	1670490878958	1670490879725	OK	 
GROUP	REST_PUT_API_tx	1670490878979	1670490879726	746	OK
REQUEST	REST_POST_API_tx	POST_request	1670490879247	1670490879725	OK	 
GROUP	REST_PUT_API_tx	1670490878956	1670490879726	767	OK
GROUP	REST_POST_API_tx	1670490879247	1670490879726	478	OK
REQUEST	REST_POST_API_tx	POST_request	1670490879366	1670490879824	OK	 
GROUP	REST_POST_API_tx	1670490879366	1670490879825	458	OK
REQUEST	REST_POST_API_tx	POST_request	1670490878498	1670490879836	OK	 
GROUP	REST_POST_API_tx	1670490878497	1670490879837	1338	OK
REQUEST	REST_DELETE_API_tx	DELETE_request	1670490879407	1670490879844	OK	 
REQUEST	REST_DELETE_API_tx	DELETE_request	1670490879390	1670490879842	OK	 
GROUP	REST_DELETE_API_tx	1670490879389	1670490879845	452	OK
GROUP	REST_DELETE_API_tx	1670490879407	1670490879845	437	OK
USER	RESTAPI	END	1670490879852
USER	RESTAPI	END	1670490879854
REQUEST	REST_DELETE_API_tx	DELETE_request	1670490879407	1670490879859	OK	 
GROUP	REST_DELETE_API_tx	1670490879407	1670490879860	452	OK
REQUEST	REST_DELETE_API_tx	DELETE_request	1670490879407	1670490879862	OK	 
GROUP	REST_DELETE_API_tx	1670490879407	1670490879863	455	OK
USER	RESTAPI	END	1670490879862
USER	RESTAPI	END	1670490879864
REQUEST	REST_DELETE_API_tx	DELETE_request	1670490879415	1670490879867	OK	 
GROUP	REST_DELETE_API_tx	1670490879415	1670490879868	452	OK
USER	RESTAPI	END	1670490879870
REQUEST	REST_DELETE_API_tx	DELETE_request	1670490879407	1670490879878	OK	 
REQUEST	REST_DELETE_API_tx	DELETE_request	1670490879440	1670490879878	OK	 
GROUP	REST_DELETE_API_tx	1670490879407	1670490879879	471	OK
GROUP	REST_DELETE_API_tx	1670490879439	1670490879879	438	OK
USER	RESTAPI	END	1670490879880
USER	RESTAPI	END	1670490879880
REQUEST	REST_DELETE_API_tx	DELETE_request	1670490879430	1670490879881	OK	 
GROUP	REST_DELETE_API_tx	1670490879430	1670490879883	451	OK
REQUEST	REST_POST_API_tx	POST_request	1670490879426	1670490879881	OK	 
REQUEST	REST_POST_API_tx	POST_request	1670490879413	1670490879881	OK	 
GROUP	REST_POST_API_tx	1670490879412	1670490879884	468	OK
GROUP	REST_POST_API_tx	1670490879426	1670490879884	455	OK
USER	RESTAPI	END	1670490879887
REQUEST	REST_POST_API_tx	POST_request	1670490879467	1670490879911	OK	 
GROUP	REST_POST_API_tx	1670490879467	1670490879913	444	OK
REQUEST	REST_DELETE_API_tx	DELETE_request	1670490879467	1670490879945	OK	 
GROUP	REST_DELETE_API_tx	1670490879467	1670490879946	478	OK
USER	RESTAPI	END	1670490879947
REQUEST	REST_DELETE_API_tx	DELETE_request	1670490879526	1670490879984	OK	 
GROUP	REST_DELETE_API_tx	1670490879525	1670490879985	458	OK
USER	RESTAPI	END	1670490879986
REQUEST	REST_DELETE_API_tx	DELETE_request	1670490879538	1670490879997	OK	 
GROUP	REST_DELETE_API_tx	1670490879538	1670490879997	459	OK
USER	RESTAPI	END	1670490879998
REQUEST	REST_DELETE_API_tx	DELETE_request	1670490879613	1670490880044	OK	 
GROUP	REST_DELETE_API_tx	1670490879612	1670490880045	431	OK
USER	RESTAPI	END	1670490880046
REQUEST	REST_POST_API_tx	POST_request	1670490879608	1670490880075	OK	 
GROUP	REST_POST_API_tx	1670490879607	1670490880077	467	OK
REQUEST	REST_PUT_API_tx	PUT_request	1670490879667	1670490880091	OK	 
GROUP	REST_PUT_API_tx	1670490879667	1670490880094	424	OK
REQUEST	REST_DELETE_API_tx	DELETE_request	1670490879668	1670490880108	OK	 
REQUEST	REST_PUT_API_tx	PUT_request	1670490879675	1670490880108	OK	 
GROUP	REST_PUT_API_tx	1670490879674	1670490880110	433	OK
GROUP	REST_DELETE_API_tx	1670490879667	1670490880111	440	OK
USER	RESTAPI	END	1670490880115
REQUEST	REST_POST_API_tx	POST_request	1670490879359	1670490880114	OK	 
GROUP	REST_POST_API_tx	1670490879358	1670490880116	755	OK
REQUEST	REST_PUT_API_tx	PUT_request	1670490879675	1670490880116	OK	 
GROUP	REST_PUT_API_tx	1670490879674	1670490880117	441	OK
REQUEST	REST_DELETE_API_tx	DELETE_request	1670490879690	1670490880133	OK	 
GROUP	REST_DELETE_API_tx	1670490879689	1670490880134	443	OK
USER	RESTAPI	END	1670490880135
REQUEST	REST_PUT_API_tx	PUT_request	1670490879706	1670490880160	OK	 
GROUP	REST_PUT_API_tx	1670490879706	1670490880161	454	OK
REQUEST	REST_DELETE_API_tx	DELETE_request	1670490879726	1670490880184	OK	 
REQUEST	REST_DELETE_API_tx	DELETE_request	1670490879726	1670490880184	OK	 
GROUP	REST_DELETE_API_tx	1670490879726	1670490880185	458	OK
GROUP	REST_DELETE_API_tx	1670490879726	1670490880185	458	OK
REQUEST	REST_PUT_API_tx	PUT_request	1670490879726	1670490880184	OK	 
GROUP	REST_PUT_API_tx	1670490879726	1670490880185	458	OK
USER	RESTAPI	END	1670490880186
USER	RESTAPI	END	1670490880186
REQUEST	REST_DELETE_API_tx	DELETE_request	1670490879467	1670490880210	OK	 
GROUP	REST_DELETE_API_tx	1670490879467	1670490880211	743	OK
USER	RESTAPI	END	1670490880212
REQUEST	REST_PUT_API_tx	PUT_request	1670490879826	1670490880282	OK	 
GROUP	REST_PUT_API_tx	1670490879825	1670490880286	456	OK
REQUEST	REST_PUT_API_tx	PUT_request	1670490879837	1670490880325	OK	 
GROUP	REST_PUT_API_tx	1670490879837	1670490880326	488	OK
REQUEST	REST_GET_API_tx	GET_request	1670490877991	1670490880346	OK	 
REQUEST	REST_GET_API_tx	GET_request	1670490877987	1670490880346	OK	 
GROUP	REST_GET_API_tx	1670490877990	1670490880348	2355	OK
GROUP	REST_GET_API_tx	1670490877987	1670490880348	2359	OK
REQUEST	REST_GET_API_tx	GET_request	1670490877928	1670490880348	OK	 
GROUP	REST_GET_API_tx	1670490877832	1670490880350	2420	OK
REQUEST	REST_PUT_API_tx	PUT_request	1670490879885	1670490880360	OK	 
GROUP	REST_PUT_API_tx	1670490879884	1670490880361	475	OK
REQUEST	REST_PUT_API_tx	PUT_request	1670490879885	1670490880364	OK	 
GROUP	REST_PUT_API_tx	1670490879884	1670490880365	479	OK
REQUEST	REST_GET_API_tx	GET_request	1670490877996	1670490880375	OK	 
GROUP	REST_GET_API_tx	1670490877996	1670490880376	2379	OK
REQUEST	REST_GET_API_tx	GET_request	1670490877989	1670490880380	OK	 
GROUP	REST_GET_API_tx	1670490877988	1670490880381	2391	OK
REQUEST	REST_PUT_API_tx	PUT_request	1670490879914	1670490880384	OK	 
GROUP	REST_PUT_API_tx	1670490879913	1670490880385	470	OK
REQUEST	REST_GET_API_tx	GET_request	1670490877984	1670490880393	OK	 
GROUP	REST_GET_API_tx	1670490877984	1670490880394	2409	OK
REQUEST	REST_GET_API_tx	GET_request	1670490877928	1670490880395	OK	 
GROUP	REST_GET_API_tx	1670490877832	1670490880396	2467	OK
REQUEST	REST_GET_API_tx	GET_request	1670490877928	1670490880428	OK	 
GROUP	REST_GET_API_tx	1670490877831	1670490880430	2500	OK
REQUEST	REST_GET_API_tx	GET_request	1670490877997	1670490880446	OK	 
REQUEST	REST_GET_API_tx	GET_request	1670490877928	1670490880446	OK	 
GROUP	REST_GET_API_tx	1670490877997	1670490880448	2449	OK
REQUEST	REST_GET_API_tx	GET_request	1670490877997	1670490880446	OK	 
GROUP	REST_GET_API_tx	1670490877831	1670490880448	2518	OK
GROUP	REST_GET_API_tx	1670490877997	1670490880448	2449	OK
REQUEST	REST_GET_API_tx	GET_request	1670490877983	1670490880446	OK	 
GROUP	REST_GET_API_tx	1670490877982	1670490880448	2463	OK
REQUEST	REST_GET_API_tx	GET_request	1670490877986	1670490880466	OK	 
REQUEST	REST_GET_API_tx	GET_request	1670490877999	1670490880466	OK	 
GROUP	REST_GET_API_tx	1670490877985	1670490880468	2480	OK
GROUP	REST_GET_API_tx	1670490877999	1670490880468	2467	OK
REQUEST	REST_PUT_API_tx	PUT_request	1670490880077	1670490880545	OK	 
GROUP	REST_PUT_API_tx	1670490880077	1670490880546	468	OK
REQUEST	REST_PUT_API_tx	PUT_request	1670490880116	1670490880552	OK	 
GROUP	REST_PUT_API_tx	1670490880116	1670490880554	436	OK
REQUEST	REST_DELETE_API_tx	DELETE_request	1670490880095	1670490880560	OK	 
GROUP	REST_DELETE_API_tx	1670490880094	1670490880562	465	OK
USER	RESTAPI	END	1670490880564
REQUEST	REST_DELETE_API_tx	DELETE_request	1670490880118	1670490880569	OK	 
GROUP	REST_DELETE_API_tx	1670490880117	1670490880570	451	OK
REQUEST	REST_DELETE_API_tx	DELETE_request	1670490880112	1670490880570	OK	 
GROUP	REST_DELETE_API_tx	1670490880110	1670490880572	458	OK
USER	RESTAPI	END	1670490880571
USER	RESTAPI	END	1670490880574
REQUEST	REST_GET_API_tx	GET_request	1670490877928	1670490880606	OK	 
GROUP	REST_GET_API_tx	1670490877832	1670490880608	2678	OK
REQUEST	REST_DELETE_API_tx	DELETE_request	1670490880161	1670490880608	OK	 
GROUP	REST_DELETE_API_tx	1670490880161	1670490880611	447	OK
USER	RESTAPI	END	1670490880613
REQUEST	REST_GET_API_tx	GET_request	1670490877996	1670490880633	OK	 
GROUP	REST_GET_API_tx	1670490877996	1670490880634	2637	OK
REQUEST	REST_GET_API_tx	GET_request	1670490877994	1670490880647	OK	 
GROUP	REST_GET_API_tx	1670490877993	1670490880649	2653	OK
REQUEST	REST_DELETE_API_tx	DELETE_request	1670490880186	1670490880663	OK	 
GROUP	REST_DELETE_API_tx	1670490880185	1670490880664	477	OK
USER	RESTAPI	END	1670490880665
REQUEST	REST_GET_API_tx	GET_request	1670490877928	1670490880761	OK	 
GROUP	REST_GET_API_tx	1670490877832	1670490880763	2833	OK
REQUEST	REST_GET_API_tx	GET_request	1670490877985	1670490880823	OK	 
GROUP	REST_GET_API_tx	1670490877985	1670490880825	2838	OK
REQUEST	REST_POST_API_tx	POST_request	1670490880348	1670490880824	OK	 
GROUP	REST_POST_API_tx	1670490880348	1670490880826	476	OK
REQUEST	REST_POST_API_tx	POST_request	1670490880351	1670490880824	OK	 
GROUP	REST_POST_API_tx	1670490880350	1670490880826	473	OK
REQUEST	REST_DELETE_API_tx	DELETE_request	1670490880361	1670490880826	OK	 
GROUP	REST_DELETE_API_tx	1670490880361	1670490880827	465	OK
REQUEST	REST_GET_API_tx	GET_request	1670490877997	1670490880825	OK	 
GROUP	REST_GET_API_tx	1670490877997	1670490880827	2828	OK
USER	RESTAPI	END	1670490880828
REQUEST	REST_GET_API_tx	GET_request	1670490878000	1670490880829	OK	 
GROUP	REST_GET_API_tx	1670490877999	1670490880832	2829	OK
REQUEST	REST_POST_API_tx	POST_request	1670490880382	1670490880850	OK	 
GROUP	REST_POST_API_tx	1670490880382	1670490880852	468	OK
REQUEST	REST_DELETE_API_tx	DELETE_request	1670490880386	1670490880856	OK	 
REQUEST	REST_POST_API_tx	POST_request	1670490880376	1670490880851	OK	 
GROUP	REST_DELETE_API_tx	1670490880385	1670490880857	470	OK
GROUP	REST_POST_API_tx	1670490880376	1670490880857	475	OK
USER	RESTAPI	END	1670490880858
REQUEST	REST_POST_API_tx	POST_request	1670490880397	1670490880856	OK	 
GROUP	REST_POST_API_tx	1670490880396	1670490880861	459	OK
REQUEST	REST_GET_API_tx	GET_request	1670490877994	1670490880858	OK	 
GROUP	REST_GET_API_tx	1670490877993	1670490880862	2864	OK
REQUEST	REST_POST_API_tx	POST_request	1670490880430	1670490880870	OK	 
GROUP	REST_POST_API_tx	1670490880430	1670490880872	440	OK
REQUEST	REST_GET_API_tx	GET_request	1670490877994	1670490880870	OK	 
GROUP	REST_GET_API_tx	1670490877993	1670490880872	2876	OK
REQUEST	REST_GET_API_tx	GET_request	1670490878001	1670490880901	OK	 
GROUP	REST_GET_API_tx	1670490878000	1670490880902	2900	OK
REQUEST	REST_POST_API_tx	POST_request	1670490880470	1670490880915	OK	 
REQUEST	REST_POST_API_tx	POST_request	1670490880448	1670490880915	OK	 
GROUP	REST_POST_API_tx	1670490880448	1670490880916	467	OK
GROUP	REST_POST_API_tx	1670490880468	1670490880916	445	OK
REQUEST	REST_POST_API_tx	POST_request	1670490880448	1670490880936	OK	 
GROUP	REST_POST_API_tx	1670490880448	1670490880937	488	OK
REQUEST	REST_GET_API_tx	GET_request	1670490877998	1670490880937	OK	 
GROUP	REST_GET_API_tx	1670490877998	1670490880938	2939	OK
REQUEST	REST_POST_API_tx	POST_request	1670490880448	1670490880936	OK	 
GROUP	REST_POST_API_tx	1670490880448	1670490880939	488	OK
REQUEST	REST_GET_API_tx	GET_request	1670490877999	1670490880978	OK	 
REQUEST	REST_GET_API_tx	GET_request	1670490877984	1670490880978	OK	 
GROUP	REST_GET_API_tx	1670490877984	1670490880980	2994	OK
GROUP	REST_GET_API_tx	1670490877999	1670490880980	2979	OK
REQUEST	REST_DELETE_API_tx	DELETE_request	1670490880554	1670490881008	OK	 
GROUP	REST_DELETE_API_tx	1670490880554	1670490881010	454	OK
USER	RESTAPI	END	1670490881011
REQUEST	REST_GET_API_tx	GET_request	1670490877987	1670490881015	OK	 
GROUP	REST_GET_API_tx	1670490877987	1670490881016	3028	OK
REQUEST	REST_GET_API_tx	GET_request	1670490877996	1670490881028	OK	 
GROUP	REST_GET_API_tx	1670490877995	1670490881029	3032	OK
REQUEST	REST_DELETE_API_tx	DELETE_request	1670490880287	1670490881034	OK	 
GROUP	REST_DELETE_API_tx	1670490880286	1670490881035	747	OK
USER	RESTAPI	END	1670490881036
REQUEST	REST_POST_API_tx	POST_request	1670490880608	1670490881038	OK	 
GROUP	REST_POST_API_tx	1670490880608	1670490881041	430	OK
REQUEST	REST_DELETE_API_tx	DELETE_request	1670490880326	1670490881050	OK	 
GROUP	REST_DELETE_API_tx	1670490880326	1670490881051	724	OK
USER	RESTAPI	END	1670490881053
REQUEST	REST_GET_API_tx	GET_request	1670490877997	1670490881058	OK	 
GROUP	REST_GET_API_tx	1670490877997	1670490881061	3061	OK
REQUEST	REST_POST_API_tx	POST_request	1670490880635	1670490881062	OK	 
GROUP	REST_POST_API_tx	1670490880634	1670490881065	427	OK
REQUEST	REST_GET_API_tx	GET_request	1670490877985	1670490881076	OK	 
GROUP	REST_GET_API_tx	1670490877985	1670490881079	3091	OK
REQUEST	REST_DELETE_API_tx	DELETE_request	1670490880366	1670490881082	OK	 
GROUP	REST_DELETE_API_tx	1670490880365	1670490881085	716	OK
USER	RESTAPI	END	1670490881086
REQUEST	REST_POST_API_tx	POST_request	1670490880348	1670490881089	OK	 
GROUP	REST_POST_API_tx	1670490880348	1670490881090	741	OK
REQUEST	REST_POST_API_tx	POST_request	1670490880649	1670490881089	OK	 
GROUP	REST_POST_API_tx	1670490880649	1670490881091	440	OK
REQUEST	REST_GET_API_tx	GET_request	1670490878001	1670490881131	OK	 
GROUP	REST_GET_API_tx	1670490878000	1670490881133	3130	OK
REQUEST	REST_POST_API_tx	POST_request	1670490880394	1670490881207	OK	 
GROUP	REST_POST_API_tx	1670490880394	1670490881208	813	OK
REQUEST	REST_POST_API_tx	POST_request	1670490880763	1670490881225	OK	 
GROUP	REST_POST_API_tx	1670490880763	1670490881226	462	OK
REQUEST	REST_POST_API_tx	POST_request	1670490880469	1670490881243	OK	 
GROUP	REST_POST_API_tx	1670490880468	1670490881245	774	OK
REQUEST	REST_GET_API_tx	GET_request	1670490877987	1670490881278	OK	 
REQUEST	REST_POST_API_tx	POST_request	1670490880827	1670490881278	OK	 
GROUP	REST_POST_API_tx	1670490880827	1670490881279	451	OK
REQUEST	REST_POST_API_tx	POST_request	1670490880825	1670490881278	OK	 
GROUP	REST_POST_API_tx	1670490880825	1670490881279	453	OK
GROUP	REST_GET_API_tx	1670490877987	1670490881279	3291	OK
REQUEST	REST_DELETE_API_tx	DELETE_request	1670490880547	1670490881281	OK	 
GROUP	REST_DELETE_API_tx	1670490880547	1670490881281	734	OK
USER	RESTAPI	END	1670490881283
REQUEST	REST_POST_API_tx	POST_request	1670490880832	1670490881284	OK	 
GROUP	REST_POST_API_tx	1670490880832	1670490881285	452	OK
REQUEST	REST_PUT_API_tx	PUT_request	1670490880826	1670490881286	OK	 
GROUP	REST_PUT_API_tx	1670490880826	1670490881288	460	OK
REQUEST	REST_PUT_API_tx	PUT_request	1670490880853	1670490881305	OK	 
GROUP	REST_PUT_API_tx	1670490880852	1670490881306	452	OK
REQUEST	REST_GET_API_tx	GET_request	1670490877998	1670490881305	OK	 
GROUP	REST_GET_API_tx	1670490877998	1670490881306	3307	OK
REQUEST	REST_GET_API_tx	GET_request	1670490877995	1670490881305	OK	 
GROUP	REST_GET_API_tx	1670490877995	1670490881306	3310	OK
REQUEST	REST_GET_API_tx	GET_request	1670490877928	1670490881309	OK	 
REQUEST	REST_GET_API_tx	GET_request	1670490877985	1670490881309	OK	 
GROUP	REST_GET_API_tx	1670490877832	1670490881310	3381	OK
GROUP	REST_GET_API_tx	1670490877985	1670490881310	3324	OK
REQUEST	REST_POST_API_tx	POST_request	1670490880862	1670490881313	OK	 
REQUEST	REST_PUT_API_tx	PUT_request	1670490880857	1670490881313	OK	 
GROUP	REST_POST_API_tx	1670490880862	1670490881315	451	OK
GROUP	REST_PUT_API_tx	1670490880857	1670490881315	456	OK
REQUEST	REST_GET_API_tx	GET_request	1670490877984	1670490881317	OK	 
GROUP	REST_GET_API_tx	1670490877984	1670490881318	3333	OK
REQUEST	REST_POST_API_tx	POST_request	1670490880874	1670490881325	OK	 
GROUP	REST_POST_API_tx	1670490880872	1670490881326	451	OK
REQUEST	REST_GET_API_tx	GET_request	1670490877984	1670490881325	OK	 
GROUP	REST_GET_API_tx	1670490877984	1670490881326	3341	OK
REQUEST	REST_GET_API_tx	GET_request	1670490878003	1670490881325	OK	 
GROUP	REST_GET_API_tx	1670490878003	1670490881326	3322	OK
REQUEST	REST_PUT_API_tx	PUT_request	1670490880862	1670490881327	OK	 
GROUP	REST_PUT_API_tx	1670490880861	1670490881328	465	OK
REQUEST	REST_POST_API_tx	POST_request	1670490880903	1670490881346	OK	 
GROUP	REST_POST_API_tx	1670490880902	1670490881347	443	OK
REQUEST	REST_GET_API_tx	GET_request	1670490877995	1670490881346	OK	 
GROUP	REST_GET_API_tx	1670490877995	1670490881347	3351	OK
REQUEST	REST_PUT_API_tx	PUT_request	1670490880872	1670490881346	OK	 
GROUP	REST_PUT_API_tx	1670490880872	1670490881347	474	OK
REQUEST	REST_PUT_API_tx	PUT_request	1670490880916	1670490881368	OK	 
GROUP	REST_PUT_API_tx	1670490880916	1670490881370	452	OK
REQUEST	REST_GET_API_tx	GET_request	1670490877985	1670490881368	OK	 
GROUP	REST_GET_API_tx	1670490877985	1670490881370	3383	OK
REQUEST	REST_GET_API_tx	GET_request	1670490877986	1670490881368	OK	 
GROUP	REST_GET_API_tx	1670490877986	1670490881377	3382	OK
REQUEST	REST_POST_API_tx	POST_request	1670490880939	1670490881397	OK	 
GROUP	REST_POST_API_tx	1670490880938	1670490881398	458	OK
REQUEST	REST_PUT_API_tx	PUT_request	1670490880916	1670490881425	OK	 
GROUP	REST_PUT_API_tx	1670490880916	1670490881426	509	OK
REQUEST	REST_POST_API_tx	POST_request	1670490880449	1670490881425	OK	 
GROUP	REST_POST_API_tx	1670490880448	1670490881428	976	OK
REQUEST	REST_POST_API_tx	POST_request	1670490880980	1670490881437	OK	 
GROUP	REST_POST_API_tx	1670490880980	1670490881438	457	OK
REQUEST	REST_POST_API_tx	POST_request	1670490880980	1670490881451	OK	 
GROUP	REST_POST_API_tx	1670490880980	1670490881453	471	OK
REQUEST	REST_POST_API_tx	POST_request	1670490881030	1670490881483	OK	 
GROUP	REST_POST_API_tx	1670490881029	1670490881485	453	OK
REQUEST	REST_POST_API_tx	POST_request	1670490881062	1670490881508	OK	 
GROUP	REST_POST_API_tx	1670490881061	1670490881510	446	OK
REQUEST	REST_PUT_API_tx	PUT_request	1670490881041	1670490881525	OK	 
REQUEST	REST_POST_API_tx	POST_request	1670490881079	1670490881525	OK	 
REQUEST	REST_PUT_API_tx	PUT_request	1670490881065	1670490881525	OK	 
GROUP	REST_PUT_API_tx	1670490881041	1670490881526	484	OK
GROUP	REST_POST_API_tx	1670490881079	1670490881526	446	OK
GROUP	REST_PUT_API_tx	1670490881065	1670490881526	460	OK
REQUEST	REST_PUT_API_tx	PUT_request	1670490881090	1670490881548	OK	 
REQUEST	REST_GET_API_tx	GET_request	1670490877994	1670490881548	OK	 
GROUP	REST_PUT_API_tx	1670490881090	1670490881549	458	OK
GROUP	REST_GET_API_tx	1670490877994	1670490881549	3554	OK
REQUEST	REST_PUT_API_tx	PUT_request	1670490881092	1670490881548	OK	 
GROUP	REST_PUT_API_tx	1670490881091	1670490881549	456	OK
REQUEST	REST_PUT_API_tx	PUT_request	1670490880826	1670490881568	OK	 
GROUP	REST_PUT_API_tx	1670490880826	1670490881569	742	OK
REQUEST	REST_POST_API_tx	POST_request	1670490879612	1670490881608	OK	 
GROUP	REST_POST_API_tx	1670490879611	1670490881609	1996	OK
REQUEST	REST_POST_API_tx	POST_request	1670490881134	1670490881626	OK	 
GROUP	REST_POST_API_tx	1670490881133	1670490881627	492	OK
REQUEST	REST_PUT_API_tx	PUT_request	1670490881227	1670490881665	OK	 
GROUP	REST_PUT_API_tx	1670490881226	1670490881666	438	OK
REQUEST	REST_PUT_API_tx	PUT_request	1670490881208	1670490881665	OK	 
GROUP	REST_PUT_API_tx	1670490881208	1670490881666	457	OK
REQUEST	REST_PUT_API_tx	PUT_request	1670490881245	1670490881692	OK	 
GROUP	REST_PUT_API_tx	1670490881245	1670490881695	447	OK
REQUEST	REST_PUT_API_tx	PUT_request	1670490880939	1670490881707	OK	 
REQUEST	REST_GET_API_tx	GET_request	1670490877998	1670490881707	OK	 
GROUP	REST_PUT_API_tx	1670490880939	1670490881708	768	OK
GROUP	REST_GET_API_tx	1670490877998	1670490881708	3709	OK
REQUEST	REST_DELETE_API_tx	DELETE_request	1670490881288	1670490881744	OK	 
REQUEST	REST_POST_API_tx	POST_request	1670490881310	1670490881744	OK	 
GROUP	REST_DELETE_API_tx	1670490881288	1670490881745	456	OK
GROUP	REST_POST_API_tx	1670490881310	1670490881745	434	OK
REQUEST	REST_PUT_API_tx	PUT_request	1670490881285	1670490881744	OK	 
GROUP	REST_PUT_API_tx	1670490881285	1670490881745	459	OK
REQUEST	REST_POST_API_tx	POST_request	1670490881280	1670490881744	OK	 
GROUP	REST_POST_API_tx	1670490881280	1670490881745	464	OK
REQUEST	REST_PUT_API_tx	PUT_request	1670490881280	1670490881744	OK	 
GROUP	REST_PUT_API_tx	1670490881279	1670490881745	464	OK
REQUEST	REST_PUT_API_tx	PUT_request	1670490880937	1670490881744	OK	 
GROUP	REST_PUT_API_tx	1670490880937	1670490881745	807	OK
USER	RESTAPI	END	1670490881746
REQUEST	REST_POST_API_tx	POST_request	1670490881307	1670490881749	OK	 
GROUP	REST_POST_API_tx	1670490881306	1670490881750	442	OK
REQUEST	REST_POST_API_tx	POST_request	1670490881307	1670490881753	OK	 
REQUEST	REST_POST_API_tx	POST_request	1670490881326	1670490881753	OK	 
GROUP	REST_POST_API_tx	1670490881326	1670490881754	427	OK
GROUP	REST_POST_API_tx	1670490881307	1670490881754	446	OK
REQUEST	REST_DELETE_API_tx	DELETE_request	1670490881307	1670490881764	OK	 
GROUP	REST_DELETE_API_tx	1670490881306	1670490881764	457	OK
REQUEST	REST_POST_API_tx	POST_request	1670490881310	1670490881764	OK	 
GROUP	REST_POST_API_tx	1670490881310	1670490881765	454	OK
USER	RESTAPI	END	1670490881765
REQUEST	REST_DELETE_API_tx	DELETE_request	1670490881315	1670490881766	OK	 
GROUP	REST_DELETE_API_tx	1670490881315	1670490881766	451	OK
USER	RESTAPI	END	1670490881767
REQUEST	REST_DELETE_API_tx	DELETE_request	1670490881328	1670490881788	OK	 
GROUP	REST_DELETE_API_tx	1670490881328	1670490881788	460	OK
REQUEST	REST_PUT_API_tx	PUT_request	1670490881326	1670490881788	OK	 
REQUEST	REST_POST_API_tx	POST_request	1670490881318	1670490881788	OK	 
GROUP	REST_PUT_API_tx	1670490881326	1670490881789	462	OK
GROUP	REST_POST_API_tx	1670490881318	1670490881789	470	OK
REQUEST	REST_POST_API_tx	POST_request	1670490881347	1670490881788	OK	 
GROUP	REST_POST_API_tx	1670490881347	1670490881789	441	OK
USER	RESTAPI	END	1670490881790
REQUEST	REST_PUT_API_tx	PUT_request	1670490881347	1670490881804	OK	 
REQUEST	REST_PUT_API_tx	PUT_request	1670490881315	1670490881804	OK	 
GROUP	REST_PUT_API_tx	1670490881347	1670490881805	457	OK
GROUP	REST_PUT_API_tx	1670490881315	1670490881805	489	OK
REQUEST	REST_DELETE_API_tx	DELETE_request	1670490881371	1670490881809	OK	 
GROUP	REST_DELETE_API_tx	1670490881370	1670490881810	438	OK
REQUEST	REST_POST_API_tx	POST_request	1670490881371	1670490881809	OK	 
GROUP	REST_POST_API_tx	1670490881370	1670490881810	438	OK
USER	RESTAPI	END	1670490881811
REQUEST	REST_PUT_API_tx	PUT_request	1670490881280	1670490881824	OK	 
GROUP	REST_PUT_API_tx	1670490881279	1670490881825	544	OK
REQUEST	REST_DELETE_API_tx	DELETE_request	1670490881347	1670490881824	OK	 
GROUP	REST_DELETE_API_tx	1670490881347	1670490881825	477	OK
USER	RESTAPI	END	1670490881826
REQUEST	REST_POST_API_tx	POST_request	1670490881377	1670490881841	OK	 
GROUP	REST_POST_API_tx	1670490881377	1670490881843	464	OK
REQUEST	REST_PUT_API_tx	PUT_request	1670490881400	1670490881847	OK	 
GROUP	REST_PUT_API_tx	1670490881398	1670490881848	447	OK
REQUEST	REST_POST_API_tx	POST_request	1670490881017	1670490881857	OK	 
GROUP	REST_POST_API_tx	1670490881016	1670490881858	840	OK
REQUEST	REST_DELETE_API_tx	DELETE_request	1670490881428	1670490881874	OK	 
GROUP	REST_DELETE_API_tx	1670490881427	1670490881875	446	OK
USER	RESTAPI	END	1670490881876
REQUEST	REST_PUT_API_tx	PUT_request	1670490881439	1670490881880	OK	 
GROUP	REST_PUT_API_tx	1670490881438	1670490881880	441	OK
REQUEST	REST_PUT_API_tx	PUT_request	1670490881429	1670490881887	OK	 
GROUP	REST_PUT_API_tx	1670490881428	1670490881889	458	OK
REQUEST	REST_PUT_API_tx	PUT_request	1670490881454	1670490881896	OK	 
GROUP	REST_PUT_API_tx	1670490881454	1670490881897	442	OK
REQUEST	REST_PUT_API_tx	PUT_request	1670490881486	1670490881945	OK	 
REQUEST	REST_PUT_API_tx	PUT_request	1670490881510	1670490881944	OK	 
GROUP	REST_PUT_API_tx	1670490881485	1670490881945	459	OK
GROUP	REST_PUT_API_tx	1670490881510	1670490881945	434	OK
REQUEST	REST_DELETE_API_tx	DELETE_request	1670490881526	1670490881988	OK	 
REQUEST	REST_POST_API_tx	POST_request	1670490881549	1670490881988	OK	 
GROUP	REST_DELETE_API_tx	1670490881526	1670490881989	462	OK
GROUP	REST_POST_API_tx	1670490881549	1670490881989	439	OK
USER	RESTAPI	END	1670490881991
REQUEST	REST_PUT_API_tx	PUT_request	1670490881526	1670490882013	OK	 
GROUP	REST_PUT_API_tx	1670490881526	1670490882014	487	OK
REQUEST	REST_DELETE_API_tx	DELETE_request	1670490881549	1670490882025	OK	 
GROUP	REST_DELETE_API_tx	1670490881549	1670490882025	476	OK
USER	RESTAPI	END	1670490882026
REQUEST	REST_POST_API_tx	POST_request	1670490881326	1670490882075	OK	 
GROUP	REST_POST_API_tx	1670490881326	1670490882076	749	OK
REQUEST	REST_PUT_API_tx	PUT_request	1670490881609	1670490882075	OK	 
GROUP	REST_PUT_API_tx	1670490881609	1670490882076	466	OK
REQUEST	REST_PUT_API_tx	PUT_request	1670490881627	1670490882084	OK	 
GROUP	REST_PUT_API_tx	1670490881627	1670490882085	457	OK
REQUEST	REST_DELETE_API_tx	DELETE_request	1670490881695	1670490882130	OK	 
GROUP	REST_DELETE_API_tx	1670490881695	1670490882131	435	OK
REQUEST	REST_DELETE_API_tx	DELETE_request	1670490881666	1670490882130	OK	 
GROUP	REST_DELETE_API_tx	1670490881666	1670490882131	464	OK
USER	RESTAPI	END	1670490882132
USER	RESTAPI	END	1670490882132
REQUEST	REST_DELETE_API_tx	DELETE_request	1670490881708	1670490882165	OK	 
GROUP	REST_DELETE_API_tx	1670490881708	1670490882165	457	OK
USER	RESTAPI	END	1670490882166
REQUEST	REST_POST_API_tx	POST_request	1670490881708	1670490882169	OK	 
GROUP	REST_POST_API_tx	1670490881708	1670490882171	461	OK
REQUEST	REST_DELETE_API_tx	DELETE_request	1670490881666	1670490882195	OK	 
REQUEST	REST_PUT_API_tx	PUT_request	1670490881745	1670490882195	OK	 
GROUP	REST_DELETE_API_tx	1670490881666	1670490882196	529	OK
GROUP	REST_PUT_API_tx	1670490881745	1670490882196	450	OK
USER	RESTAPI	END	1670490882197
REQUEST	REST_DELETE_API_tx	DELETE_request	1670490881745	1670490882208	OK	 
GROUP	REST_DELETE_API_tx	1670490881745	1670490882209	463	OK
REQUEST	REST_PUT_API_tx	PUT_request	1670490881750	1670490882208	OK	 
GROUP	REST_PUT_API_tx	1670490881750	1670490882209	458	OK
USER	RESTAPI	END	1670490882210
REQUEST	REST_DELETE_API_tx	DELETE_request	1670490881745	1670490882211	OK	 
REQUEST	REST_PUT_API_tx	PUT_request	1670490881754	1670490882211	OK	 
GROUP	REST_DELETE_API_tx	1670490881745	1670490882211	466	OK
GROUP	REST_PUT_API_tx	1670490881754	1670490882211	457	OK
USER	RESTAPI	END	1670490882213
REQUEST	REST_PUT_API_tx	PUT_request	1670490881754	1670490882225	OK	 
GROUP	REST_PUT_API_tx	1670490881754	1670490882225	471	OK
REQUEST	REST_PUT_API_tx	PUT_request	1670490881789	1670490882225	OK	 
GROUP	REST_PUT_API_tx	1670490881789	1670490882225	436	OK
REQUEST	REST_PUT_API_tx	PUT_request	1670490881745	1670490882230	OK	 
GROUP	REST_PUT_API_tx	1670490881745	1670490882231	485	OK
REQUEST	REST_PUT_API_tx	PUT_request	1670490881765	1670490882232	OK	 
GROUP	REST_PUT_API_tx	1670490881765	1670490882233	467	OK
REQUEST	REST_PUT_API_tx	PUT_request	1670490881790	1670490882244	OK	 
GROUP	REST_PUT_API_tx	1670490881789	1670490882245	454	OK
REQUEST	REST_DELETE_API_tx	DELETE_request	1670490881825	1670490882264	OK	 
REQUEST	REST_DELETE_API_tx	DELETE_request	1670490881745	1670490882264	OK	 
GROUP	REST_DELETE_API_tx	1670490881825	1670490882265	439	OK
GROUP	REST_DELETE_API_tx	1670490881745	1670490882265	519	OK
REQUEST	REST_DELETE_API_tx	DELETE_request	1670490881789	1670490882264	OK	 
GROUP	REST_DELETE_API_tx	1670490881789	1670490882265	475	OK
REQUEST	REST_DELETE_API_tx	DELETE_request	1670490881526	1670490882264	OK	 
GROUP	REST_DELETE_API_tx	1670490881526	1670490882265	738	OK
USER	RESTAPI	END	1670490882266
USER	RESTAPI	END	1670490882266
USER	RESTAPI	END	1670490882266
USER	RESTAPI	END	1670490882266
REQUEST	REST_PUT_API_tx	PUT_request	1670490881810	1670490882266	OK	 
GROUP	REST_PUT_API_tx	1670490881810	1670490882267	456	OK
REQUEST	REST_DELETE_API_tx	DELETE_request	1670490881806	1670490882269	OK	 
GROUP	REST_DELETE_API_tx	1670490881805	1670490882270	463	OK
USER	RESTAPI	END	1670490882271
REQUEST	REST_DELETE_API_tx	DELETE_request	1670490881549	1670490882285	OK	 
GROUP	REST_DELETE_API_tx	1670490881549	1670490882286	736	OK
USER	RESTAPI	END	1670490882287
REQUEST	REST_PUT_API_tx	PUT_request	1670490881843	1670490882308	OK	 
GROUP	REST_PUT_API_tx	1670490881843	1670490882309	465	OK
REQUEST	REST_PUT_API_tx	PUT_request	1670490881858	1670490882309	OK	 
GROUP	REST_PUT_API_tx	1670490881858	1670490882310	451	OK
REQUEST	REST_DELETE_API_tx	DELETE_request	1670490881848	1670490882324	OK	 
GROUP	REST_DELETE_API_tx	1670490881848	1670490882324	476	OK
USER	RESTAPI	END	1670490882325
REQUEST	REST_DELETE_API_tx	DELETE_request	1670490881569	1670490882326	OK	 
GROUP	REST_DELETE_API_tx	1670490881569	1670490882327	757	OK
USER	RESTAPI	END	1670490882328
REQUEST	REST_DELETE_API_tx	DELETE_request	1670490881881	1670490882354	OK	 
REQUEST	REST_DELETE_API_tx	DELETE_request	1670490881898	1670490882354	OK	 
GROUP	REST_DELETE_API_tx	1670490881897	1670490882355	456	OK
GROUP	REST_DELETE_API_tx	1670490881880	1670490882355	473	OK
USER	RESTAPI	END	1670490882357
USER	RESTAPI	END	1670490882357
REQUEST	REST_DELETE_API_tx	DELETE_request	1670490881889	1670490882365	OK	 
GROUP	REST_DELETE_API_tx	1670490881889	1670490882365	476	OK
USER	RESTAPI	END	1670490882367
REQUEST	REST_DELETE_API_tx	DELETE_request	1670490881946	1670490882377	OK	 
GROUP	REST_DELETE_API_tx	1670490881945	1670490882378	431	OK
USER	RESTAPI	END	1670490882379
REQUEST	REST_DELETE_API_tx	DELETE_request	1670490881946	1670490882414	OK	 
GROUP	REST_DELETE_API_tx	1670490881945	1670490882415	468	OK
USER	RESTAPI	END	1670490882416
REQUEST	REST_PUT_API_tx	PUT_request	1670490881989	1670490882444	OK	 
GROUP	REST_PUT_API_tx	1670490881989	1670490882445	455	OK
REQUEST	REST_DELETE_API_tx	DELETE_request	1670490882014	1670490882475	OK	 
GROUP	REST_DELETE_API_tx	1670490882014	1670490882476	461	OK
USER	RESTAPI	END	1670490882477
REQUEST	REST_DELETE_API_tx	DELETE_request	1670490882076	1670490882506	OK	 
GROUP	REST_DELETE_API_tx	1670490882076	1670490882507	430	OK
USER	RESTAPI	END	1670490882508
REQUEST	REST_PUT_API_tx	PUT_request	1670490882076	1670490882528	OK	 
GROUP	REST_PUT_API_tx	1670490882076	1670490882529	452	OK
REQUEST	REST_DELETE_API_tx	DELETE_request	1670490881806	1670490882564	OK	 
GROUP	REST_DELETE_API_tx	1670490881805	1670490882564	758	OK
REQUEST	REST_DELETE_API_tx	DELETE_request	1670490882086	1670490882564	OK	 
GROUP	REST_DELETE_API_tx	1670490882085	1670490882565	478	OK
USER	RESTAPI	END	1670490882565
USER	RESTAPI	END	1670490882565
REQUEST	REST_DELETE_API_tx	DELETE_request	1670490882231	1670490882665	OK	 
GROUP	REST_DELETE_API_tx	1670490882231	1670490882665	434	OK
REQUEST	REST_DELETE_API_tx	DELETE_request	1670490882212	1670490882665	OK	 
REQUEST	REST_PUT_API_tx	PUT_request	1670490882171	1670490882665	OK	 
GROUP	REST_PUT_API_tx	1670490882171	1670490882665	494	OK
GROUP	REST_DELETE_API_tx	1670490882211	1670490882665	453	OK
REQUEST	REST_DELETE_API_tx	DELETE_request	1670490882209	1670490882665	OK	 
GROUP	REST_DELETE_API_tx	1670490882209	1670490882666	456	OK
USER	RESTAPI	END	1670490882666
USER	RESTAPI	END	1670490882666
USER	RESTAPI	END	1670490882667
REQUEST	REST_DELETE_API_tx	DELETE_request	1670490882226	1670490882667	OK	 
GROUP	REST_DELETE_API_tx	1670490882225	1670490882667	441	OK
USER	RESTAPI	END	1670490882668
REQUEST	REST_DELETE_API_tx	DELETE_request	1670490882233	1670490882684	OK	 
GROUP	REST_DELETE_API_tx	1670490882233	1670490882685	451	OK
USER	RESTAPI	END	1670490882686
REQUEST	REST_DELETE_API_tx	DELETE_request	1670490882245	1670490882687	OK	 
GROUP	REST_DELETE_API_tx	1670490882245	1670490882687	442	OK
USER	RESTAPI	END	1670490882688
REQUEST	REST_DELETE_API_tx	DELETE_request	1670490882267	1670490882724	OK	 
GROUP	REST_DELETE_API_tx	1670490882267	1670490882725	457	OK
USER	RESTAPI	END	1670490882726
REQUEST	REST_DELETE_API_tx	DELETE_request	1670490882310	1670490882766	OK	 
REQUEST	REST_DELETE_API_tx	DELETE_request	1670490882310	1670490882766	OK	 
GROUP	REST_DELETE_API_tx	1670490882310	1670490882767	456	OK
GROUP	REST_DELETE_API_tx	1670490882309	1670490882767	456	OK
USER	RESTAPI	END	1670490882768
USER	RESTAPI	END	1670490882769
REQUEST	REST_DELETE_API_tx	DELETE_request	1670490882445	1670490882904	OK	 
GROUP	REST_DELETE_API_tx	1670490882445	1670490882905	459	OK
USER	RESTAPI	END	1670490882905
REQUEST	REST_DELETE_API_tx	DELETE_request	1670490882196	1670490882945	OK	 
GROUP	REST_DELETE_API_tx	1670490882196	1670490882945	749	OK
USER	RESTAPI	END	1670490882946
REQUEST	REST_DELETE_API_tx	DELETE_request	1670490882226	1670490882947	OK	 
GROUP	REST_DELETE_API_tx	1670490882225	1670490882947	721	OK
USER	RESTAPI	END	1670490882948
REQUEST	REST_DELETE_API_tx	DELETE_request	1670490882529	1670490882985	OK	 
GROUP	REST_DELETE_API_tx	1670490882529	1670490882986	456	OK
USER	RESTAPI	END	1670490882987
REQUEST	REST_DELETE_API_tx	DELETE_request	1670490882666	1670490883121	OK	 
GROUP	REST_DELETE_API_tx	1670490882666	1670490883123	455	OK
USER	RESTAPI	END	1670490883124
REQUEST	REST_GET_API_tx	GET_request	1670490877997	1670490885236	OK	 
GROUP	REST_GET_API_tx	1670490877997	1670490885238	7239	OK
REQUEST	REST_GET_API_tx	GET_request	1670490877983	1670490885237	OK	 
GROUP	REST_GET_API_tx	1670490877982	1670490885238	7254	OK
REQUEST	REST_GET_API_tx	GET_request	1670490878000	1670490885282	OK	 
GROUP	REST_GET_API_tx	1670490878000	1670490885283	7282	OK
REQUEST	REST_GET_API_tx	GET_request	1670490877997	1670490885285	OK	 
REQUEST	REST_GET_API_tx	GET_request	1670490877996	1670490885285	OK	 
GROUP	REST_GET_API_tx	1670490877997	1670490885286	7288	OK
GROUP	REST_GET_API_tx	1670490877995	1670490885286	7289	OK
REQUEST	REST_GET_API_tx	GET_request	1670490877999	1670490885578	OK	 
GROUP	REST_GET_API_tx	1670490877999	1670490885579	7579	OK
REQUEST	REST_POST_API_tx	POST_request	1670490885238	1670490885699	OK	 
GROUP	REST_POST_API_tx	1670490885238	1670490885701	461	OK
REQUEST	REST_POST_API_tx	POST_request	1670490885239	1670490885726	OK	 
GROUP	REST_POST_API_tx	1670490885238	1670490885727	487	OK
REQUEST	REST_POST_API_tx	POST_request	1670490885284	1670490885736	OK	 
GROUP	REST_POST_API_tx	1670490885283	1670490885737	452	OK
REQUEST	REST_POST_API_tx	POST_request	1670490885287	1670490885746	OK	 
GROUP	REST_POST_API_tx	1670490885286	1670490885746	459	OK
REQUEST	REST_POST_API_tx	POST_request	1670490885579	1670490886036	OK	 
GROUP	REST_POST_API_tx	1670490885579	1670490886037	457	OK
REQUEST	REST_PUT_API_tx	PUT_request	1670490885702	1670490886165	OK	 
GROUP	REST_PUT_API_tx	1670490885701	1670490886165	463	OK
REQUEST	REST_PUT_API_tx	PUT_request	1670490885747	1670490886210	OK	 
GROUP	REST_PUT_API_tx	1670490885747	1670490886211	463	OK
REQUEST	REST_GET_API_tx	GET_request	1670490877988	1670490886244	OK	 
GROUP	REST_GET_API_tx	1670490877988	1670490886245	8256	OK
REQUEST	REST_GET_API_tx	GET_request	1670490877992	1670490886244	OK	 
GROUP	REST_GET_API_tx	1670490877991	1670490886245	8252	OK
REQUEST	REST_POST_API_tx	POST_request	1670490885287	1670490886265	OK	 
GROUP	REST_POST_API_tx	1670490885286	1670490886265	978	OK
REQUEST	REST_GET_API_tx	GET_request	1670490877997	1670490886265	OK	 
GROUP	REST_GET_API_tx	1670490877997	1670490886266	8268	OK
REQUEST	REST_GET_API_tx	GET_request	1670490877991	1670490886265	OK	 
GROUP	REST_GET_API_tx	1670490877990	1670490886266	8274	OK
REQUEST	REST_GET_API_tx	GET_request	1670490877985	1670490886265	OK	 
GROUP	REST_GET_API_tx	1670490877985	1670490886266	8280	OK
REQUEST	REST_GET_API_tx	GET_request	1670490877986	1670490886265	OK	 
GROUP	REST_GET_API_tx	1670490877986	1670490886266	8279	OK
REQUEST	REST_GET_API_tx	GET_request	1670490877928	1670490886267	OK	 
GROUP	REST_GET_API_tx	1670490877832	1670490886268	8339	OK
REQUEST	REST_GET_API_tx	GET_request	1670490878002	1670490886284	OK	 
REQUEST	REST_GET_API_tx	GET_request	1670490877986	1670490886284	OK	 
GROUP	REST_GET_API_tx	1670490878002	1670490886286	8282	OK
GROUP	REST_GET_API_tx	1670490877986	1670490886286	8298	OK
REQUEST	REST_GET_API_tx	GET_request	1670490877928	1670490886291	OK	 
REQUEST	REST_GET_API_tx	GET_request	1670490877984	1670490886291	OK	 
GROUP	REST_GET_API_tx	1670490877984	1670490886292	8307	OK
GROUP	REST_GET_API_tx	1670490877832	1670490886292	8363	OK
REQUEST	REST_GET_API_tx	GET_request	1670490877988	1670490886326	OK	 
GROUP	REST_GET_API_tx	1670490877988	1670490886326	8338	OK
REQUEST	REST_GET_API_tx	GET_request	1670490878005	1670490886344	OK	 
GROUP	REST_GET_API_tx	1670490878005	1670490886345	8339	OK
REQUEST	REST_PUT_API_tx	PUT_request	1670490885727	1670490886475	OK	 
GROUP	REST_PUT_API_tx	1670490885727	1670490886476	748	OK
REQUEST	REST_PUT_API_tx	PUT_request	1670490886038	1670490886500	OK	 
GROUP	REST_PUT_API_tx	1670490886037	1670490886501	462	OK
REQUEST	REST_DELETE_API_tx	DELETE_request	1670490886166	1670490886612	OK	 
GROUP	REST_DELETE_API_tx	1670490886165	1670490886612	446	OK
USER	RESTAPI	END	1670490886614
REQUEST	REST_DELETE_API_tx	DELETE_request	1670490886211	1670490886664	OK	 
GROUP	REST_DELETE_API_tx	1670490886211	1670490886664	453	OK
USER	RESTAPI	END	1670490886665
REQUEST	REST_POST_API_tx	POST_request	1670490886246	1670490886684	OK	 
REQUEST	REST_GET_API_tx	GET_request	1670490877987	1670490886684	OK	 
GROUP	REST_POST_API_tx	1670490886245	1670490886685	438	OK
GROUP	REST_GET_API_tx	1670490877987	1670490886685	8697	OK
REQUEST	REST_POST_API_tx	POST_request	1670490886266	1670490886704	OK	 
GROUP	REST_POST_API_tx	1670490886266	1670490886705	438	OK
REQUEST	REST_POST_API_tx	POST_request	1670490886246	1670490886704	OK	 
GROUP	REST_POST_API_tx	1670490886245	1670490886705	458	OK
REQUEST	REST_POST_API_tx	POST_request	1670490886266	1670490886704	OK	 
GROUP	REST_POST_API_tx	1670490886266	1670490886705	438	OK
REQUEST	REST_POST_API_tx	POST_request	1670490886269	1670490886711	OK	 
GROUP	REST_POST_API_tx	1670490886268	1670490886711	442	OK
REQUEST	REST_PUT_API_tx	PUT_request	1670490886266	1670490886723	OK	 
GROUP	REST_PUT_API_tx	1670490886265	1670490886724	457	OK
REQUEST	REST_POST_API_tx	POST_request	1670490886286	1670490886727	OK	 
GROUP	REST_POST_API_tx	1670490886286	1670490886728	441	OK
REQUEST	REST_PUT_API_tx	PUT_request	1670490885737	1670490886734	OK	 
GROUP	REST_PUT_API_tx	1670490885737	1670490886735	997	OK
REQUEST	REST_POST_API_tx	POST_request	1670490886266	1670490886740	OK	 
GROUP	REST_POST_API_tx	1670490886266	1670490886741	474	OK
REQUEST	REST_POST_API_tx	POST_request	1670490886293	1670490886765	OK	 
REQUEST	REST_POST_API_tx	POST_request	1670490886286	1670490886765	OK	 
GROUP	REST_POST_API_tx	1670490886292	1670490886765	472	OK
GROUP	REST_POST_API_tx	1670490886286	1670490886765	479	OK
REQUEST	REST_POST_API_tx	POST_request	1670490886327	1670490886785	OK	 
GROUP	REST_POST_API_tx	1670490886326	1670490886787	458	OK
REQUEST	REST_POST_API_tx	POST_request	1670490886345	1670490886815	OK	 
GROUP	REST_POST_API_tx	1670490886345	1670490886816	470	OK
REQUEST	REST_DELETE_API_tx	DELETE_request	1670490886476	1670490886919	OK	 
GROUP	REST_DELETE_API_tx	1670490886476	1670490886920	443	OK
USER	RESTAPI	END	1670490886923
REQUEST	REST_DELETE_API_tx	DELETE_request	1670490886502	1670490886964	OK	 
GROUP	REST_DELETE_API_tx	1670490886501	1670490886965	462	OK
USER	RESTAPI	END	1670490886965
REQUEST	REST_POST_API_tx	POST_request	1670490886266	1670490887008	OK	 
GROUP	REST_POST_API_tx	1670490886266	1670490887009	742	OK
REQUEST	REST_POST_API_tx	POST_request	1670490886293	1670490887027	OK	 
GROUP	REST_POST_API_tx	1670490886292	1670490887027	734	OK
REQUEST	REST_PUT_API_tx	PUT_request	1670490886705	1670490887147	OK	 
GROUP	REST_PUT_API_tx	1670490886705	1670490887148	442	OK
REQUEST	REST_POST_API_tx	POST_request	1670490886686	1670490887164	OK	 
REQUEST	REST_PUT_API_tx	PUT_request	1670490886711	1670490887164	OK	 
GROUP	REST_POST_API_tx	1670490886685	1670490887165	478	OK
GROUP	REST_PUT_API_tx	1670490886711	1670490887165	453	OK
REQUEST	REST_PUT_API_tx	PUT_request	1670490886705	1670490887166	OK	 
GROUP	REST_PUT_API_tx	1670490886705	1670490887166	461	OK
REQUEST	REST_PUT_API_tx	PUT_request	1670490886742	1670490887167	OK	 
GROUP	REST_PUT_API_tx	1670490886741	1670490887168	425	OK
REQUEST	REST_PUT_API_tx	PUT_request	1670490886728	1670490887184	OK	 
GROUP	REST_PUT_API_tx	1670490886728	1670490887186	456	OK
REQUEST	REST_DELETE_API_tx	DELETE_request	1670490886725	1670490887189	OK	 
GROUP	REST_DELETE_API_tx	1670490886724	1670490887191	464	OK
REQUEST	REST_DELETE_API_tx	DELETE_request	1670490886735	1670490887191	OK	 
GROUP	REST_DELETE_API_tx	1670490886735	1670490887192	456	OK
USER	RESTAPI	END	1670490887192
USER	RESTAPI	END	1670490887192
REQUEST	REST_PUT_API_tx	PUT_request	1670490886766	1670490887220	OK	 
GROUP	REST_PUT_API_tx	1670490886765	1670490887221	454	OK
REQUEST	REST_PUT_API_tx	PUT_request	1670490886787	1670490887244	OK	 
GROUP	REST_PUT_API_tx	1670490886787	1670490887244	457	OK
REQUEST	REST_PUT_API_tx	PUT_request	1670490886816	1670490887285	OK	 
GROUP	REST_PUT_API_tx	1670490886816	1670490887286	469	OK
REQUEST	REST_PUT_API_tx	PUT_request	1670490886686	1670490887422	OK	 
REQUEST	REST_PUT_API_tx	PUT_request	1670490886705	1670490887422	OK	 
GROUP	REST_PUT_API_tx	1670490886705	1670490887424	717	OK
GROUP	REST_PUT_API_tx	1670490886685	1670490887424	736	OK
REQUEST	REST_PUT_API_tx	PUT_request	1670490887028	1670490887488	OK	 
GROUP	REST_PUT_API_tx	1670490887028	1670490887489	460	OK
REQUEST	REST_PUT_API_tx	PUT_request	1670490886766	1670490887490	OK	 
GROUP	REST_PUT_API_tx	1670490886765	1670490887490	724	OK
REQUEST	REST_DELETE_API_tx	DELETE_request	1670490887168	1670490887604	OK	 
REQUEST	REST_PUT_API_tx	PUT_request	1670490887165	1670490887604	OK	 
GROUP	REST_DELETE_API_tx	1670490887168	1670490887605	436	OK
GROUP	REST_PUT_API_tx	1670490887165	1670490887605	439	OK
USER	RESTAPI	END	1670490887605
REQUEST	REST_DELETE_API_tx	DELETE_request	1670490887148	1670490887606	OK	 
GROUP	REST_DELETE_API_tx	1670490887148	1670490887606	458	OK
USER	RESTAPI	END	1670490887607
REQUEST	REST_DELETE_API_tx	DELETE_request	1670490887165	1670490887608	OK	 
GROUP	REST_DELETE_API_tx	1670490887165	1670490887608	443	OK
USER	RESTAPI	END	1670490887609
REQUEST	REST_DELETE_API_tx	DELETE_request	1670490887166	1670490887610	OK	 
GROUP	REST_DELETE_API_tx	1670490887166	1670490887615	444	OK
USER	RESTAPI	END	1670490887616
REQUEST	REST_DELETE_API_tx	DELETE_request	1670490887186	1670490887624	OK	 
GROUP	REST_DELETE_API_tx	1670490887186	1670490887624	438	OK
USER	RESTAPI	END	1670490887625
REQUEST	REST_DELETE_API_tx	DELETE_request	1670490887221	1670490887664	OK	 
GROUP	REST_DELETE_API_tx	1670490887221	1670490887665	443	OK
USER	RESTAPI	END	1670490887666
REQUEST	REST_DELETE_API_tx	DELETE_request	1670490887244	1670490887698	OK	 
GROUP	REST_DELETE_API_tx	1670490887244	1670490887698	454	OK
USER	RESTAPI	END	1670490887699
REQUEST	REST_PUT_API_tx	PUT_request	1670490887009	1670490887745	OK	 
REQUEST	REST_DELETE_API_tx	DELETE_request	1670490887286	1670490887745	OK	 
GROUP	REST_DELETE_API_tx	1670490887286	1670490887746	459	OK
GROUP	REST_PUT_API_tx	1670490887009	1670490887746	736	OK
USER	RESTAPI	END	1670490887747
REQUEST	REST_DELETE_API_tx	DELETE_request	1670490887424	1670490887885	OK	 
REQUEST	REST_DELETE_API_tx	DELETE_request	1670490887424	1670490887885	OK	 
GROUP	REST_DELETE_API_tx	1670490887424	1670490887885	461	OK
GROUP	REST_DELETE_API_tx	1670490887424	1670490887885	461	OK
USER	RESTAPI	END	1670490887886
USER	RESTAPI	END	1670490887886
REQUEST	REST_DELETE_API_tx	DELETE_request	1670490887489	1670490887964	OK	 
GROUP	REST_DELETE_API_tx	1670490887489	1670490887965	475	OK
USER	RESTAPI	END	1670490887965
REQUEST	REST_DELETE_API_tx	DELETE_request	1670490887605	1670490888072	OK	 
GROUP	REST_DELETE_API_tx	1670490887605	1670490888073	467	OK
USER	RESTAPI	END	1670490888074
REQUEST	REST_GET_API_tx	GET_request	1670490877984	1670490888192	OK	 
GROUP	REST_GET_API_tx	1670490877984	1670490888195	10208	OK
REQUEST	REST_DELETE_API_tx	DELETE_request	1670490887746	1670490888204	OK	 
GROUP	REST_DELETE_API_tx	1670490887746	1670490888205	458	OK
USER	RESTAPI	END	1670490888207
REQUEST	REST_DELETE_API_tx	DELETE_request	1670490887491	1670490888212	OK	 
GROUP	REST_DELETE_API_tx	1670490887490	1670490888212	721	OK
USER	RESTAPI	END	1670490888213
REQUEST	REST_GET_API_tx	GET_request	1670490877995	1670490888564	OK	 
GROUP	REST_GET_API_tx	1670490877995	1670490888564	10569	OK
REQUEST	REST_POST_API_tx	POST_request	1670490888195	1670490888624	OK	 
GROUP	REST_POST_API_tx	1670490888195	1670490888624	429	OK
REQUEST	REST_POST_API_tx	POST_request	1670490888565	1670490889006	OK	 
GROUP	REST_POST_API_tx	1670490888564	1670490889007	441	OK
REQUEST	REST_PUT_API_tx	PUT_request	1670490888625	1670490889067	OK	 
GROUP	REST_PUT_API_tx	1670490888624	1670490889069	442	OK
REQUEST	REST_GET_API_tx	GET_request	1670490877984	1670490889204	OK	 
GROUP	REST_GET_API_tx	1670490877984	1670490889204	11220	OK
REQUEST	REST_GET_API_tx	GET_request	1670490877930	1670490889205	OK	 
GROUP	REST_GET_API_tx	1670490877832	1670490889206	11275	OK
REQUEST	REST_PUT_API_tx	PUT_request	1670490889008	1670490889465	OK	 
GROUP	REST_PUT_API_tx	1670490889007	1670490889466	457	OK
REQUEST	REST_DELETE_API_tx	DELETE_request	1670490889069	1670490889502	OK	 
GROUP	REST_DELETE_API_tx	1670490889069	1670490889503	433	OK
USER	RESTAPI	END	1670490889505
REQUEST	REST_POST_API_tx	POST_request	1670490889206	1670490889645	OK	 
GROUP	REST_POST_API_tx	1670490889206	1670490889646	439	OK
REQUEST	REST_POST_API_tx	POST_request	1670490889205	1670490889666	OK	 
GROUP	REST_POST_API_tx	1670490889204	1670490889667	461	OK
REQUEST	REST_DELETE_API_tx	DELETE_request	1670490889466	1670490889909	OK	 
GROUP	REST_DELETE_API_tx	1670490889466	1670490889909	443	OK
USER	RESTAPI	END	1670490889910
REQUEST	REST_PUT_API_tx	PUT_request	1670490889647	1670490890109	OK	 
GROUP	REST_PUT_API_tx	1670490889646	1670490890111	462	OK
REQUEST	REST_PUT_API_tx	PUT_request	1670490889668	1670490890128	OK	 
GROUP	REST_PUT_API_tx	1670490889667	1670490890129	460	OK
REQUEST	REST_GET_API_tx	GET_request	1670490877996	1670490890292	OK	 
GROUP	REST_GET_API_tx	1670490877996	1670490890293	12296	OK
REQUEST	REST_DELETE_API_tx	DELETE_request	1670490890112	1670490890584	OK	 
GROUP	REST_DELETE_API_tx	1670490890111	1670490890585	472	OK
REQUEST	REST_DELETE_API_tx	DELETE_request	1670490890130	1670490890598	OK	 
GROUP	REST_DELETE_API_tx	1670490890129	1670490890599	468	OK
USER	RESTAPI	END	1670490890586
USER	RESTAPI	END	1670490890600
REQUEST	REST_POST_API_tx	POST_request	1670490890294	1670490890878	OK	 
GROUP	REST_POST_API_tx	1670490890293	1670490890885	584	OK
REQUEST	REST_PUT_API_tx	PUT_request	1670490890885	1670490891349	OK	 
GROUP	REST_PUT_API_tx	1670490890885	1670490891350	464	OK
REQUEST	REST_DELETE_API_tx	DELETE_request	1670490891351	1670490891824	OK	 
GROUP	REST_DELETE_API_tx	1670490891350	1670490891825	473	OK
USER	RESTAPI	END	1670490891825
