RUN	mysimulations.Gatling24	gatling24	1670480534345	Gatling Execution	3.6.1
USER	BlazeHomePage	START	1670480535599
REQUEST	Homepage_tx	Homepage_request	1670480535619	1670480536114	OK	 
REQUEST	Homepage_tx	bootstrap.min.js	1670480536495	1670480536812	OK	 
REQUEST	Homepage_tx	bootstrap-table.css	1670480536500	1670480536856	OK	 
REQUEST	Homepage_tx	jquery.min.js	1670480536199	1670480536892	OK	 
REQUEST	Homepage_tx	bootstrap.min.css	1670480536499	1670480537155	OK	 
REQUEST	Homepage_tx	bootstrap-table.js	1670480536497	1670480537192	OK	 
GROUP	Homepage_tx	1670480535600	1670480537192	1491	OK
REQUEST	FindFlight_tx	FindFlightRequest	1670480542212	1670480542593	OK	 
REQUEST	FindFlight_tx	bootstrap-table.js	1670480542634	1670480542891	OK	 
REQUEST	FindFlight_tx	bootstrap.min.css	1670480542634	1670480542895	OK	 
REQUEST	FindFlight_tx	bootstrap.min.js	1670480542633	1670480542896	OK	 
REQUEST	FindFlight_tx	bootstrap-table.css	1670480542635	1670480542897	OK	 
GROUP	FindFlight_tx	1670480542207	1670480542898	646	OK
REQUEST	selectFlight_tx	SelectFlight_request	1670480547906	1670480548273	OK	 
REQUEST	selectFlight_tx	bootstrap-table.js	1670480548281	1670480548553	OK	 
REQUEST	selectFlight_tx	bootstrap.min.js	1670480548279	1670480548555	OK	 
REQUEST	selectFlight_tx	bootstrap.min.css	1670480548283	1670480548556	OK	 
REQUEST	selectFlight_tx	bootstrap-table.css	1670480548285	1670480548558	OK	 
GROUP	selectFlight_tx	1670480547903	1670480548558	647	OK
REQUEST	purchaseTicket_tx	purchaseTicket_request	1670480553569	1670480553956	OK	 
REQUEST	purchaseTicket_tx	bootstrap-table.css	1670480554019	1670480554272	OK	 
REQUEST	purchaseTicket_tx	bootstrap.min.css	1670480554018	1670480554274	OK	 
REQUEST	purchaseTicket_tx	bootstrap.min.js	1670480554016	1670480554275	OK	 
REQUEST	purchaseTicket_tx	bootstrap-table.js	1670480554017	1670480554292	OK	 
GROUP	purchaseTicket_tx	1670480553564	1670480554293	665	OK
USER	BlazeHomePage	END	1670480554298
