RUN	mysimulations.Gatling13	gatling13	1670389858816	 	3.6.1
USER	BlazeHomePage	START	1670389860459
USER	BlazeHomePage	START	1670389860459
USER	BlazeHomePage	START	1670389860459
USER	BlazeHomePage	START	1670389860459
USER	BlazeHomePage	START	1670389860459
USER	BlazeHomePage	START	1670389860459
USER	BlazeHomePage	START	1670389860459
USER	BlazeHomePage	START	1670389860459
USER	BlazeHomePage	START	1670389860460
USER	BlazeHomePage	START	1670389860459
REQUEST	Homepage_tx	Homepage_request	1670389860532	1670389861027	OK	 
REQUEST	Homepage_tx	Homepage_request	1670389860532	1670389861056	OK	 
REQUEST	Homepage_tx	Homepage_request	1670389860533	1670389861078	OK	 
REQUEST	Homepage_tx	Homepage_request	1670389860532	1670389861294	OK	 
REQUEST	Homepage_tx	Homepage_request	1670389860532	1670389861320	OK	 
REQUEST	Homepage_tx	Homepage_request	1670389860532	1670389861377	OK	 
REQUEST	Homepage_tx	bootstrap.min.js	1670389861453	1670389861781	OK	 
REQUEST	Homepage_tx	bootstrap.min.js	1670389861453	1670389861771	OK	 
REQUEST	Homepage_tx	bootstrap.min.js	1670389861453	1670389861788	OK	 
REQUEST	Homepage_tx	bootstrap-table.css	1670389861457	1670389861829	OK	 
REQUEST	Homepage_tx	bootstrap-table.css	1670389861457	1670389861838	OK	 
REQUEST	Homepage_tx	bootstrap.min.js	1670389861453	1670389861851	OK	 
REQUEST	Homepage_tx	jquery.min.js	1670389861200	1670389861863	OK	 
REQUEST	Homepage_tx	jquery.min.js	1670389861200	1670389861871	OK	 
REQUEST	Homepage_tx	bootstrap.min.js	1670389861453	1670389861874	OK	 
REQUEST	Homepage_tx	jquery.min.js	1670389861384	1670389861876	OK	 
REQUEST	Homepage_tx	bootstrap-table.js	1670389861454	1670389861906	OK	 
REQUEST	Homepage_tx	bootstrap.min.js	1670389861455	1670389861909	OK	 
REQUEST	Homepage_tx	Homepage_request	1670389860532	1670389862093	OK	 
REQUEST	Homepage_tx	bootstrap.min.css	1670389861464	1670389862347	OK	 
REQUEST	Homepage_tx	bootstrap-table.js	1670389861463	1670389862373	OK	 
REQUEST	Homepage_tx	bootstrap.min.css	1670389861459	1670389862420	OK	 
REQUEST	Homepage_tx	bootstrap.min.js	1670389862099	1670389862475	OK	 
REQUEST	Homepage_tx	jquery.min.js	1670389862098	1670389862477	OK	 
REQUEST	Homepage_tx	bootstrap-table.js	1670389862100	1670389862514	OK	 
REQUEST	Homepage_tx	bootstrap.min.css	1670389861457	1670389862531	OK	 
REQUEST	Homepage_tx	bootstrap.min.css	1670389861456	1670389862634	OK	 
REQUEST	Homepage_tx	bootstrap-table.css	1670389862102	1670389862743	OK	 
REQUEST	Homepage_tx	bootstrap-table.css	1670389861459	1670389862872	OK	 
REQUEST	Homepage_tx	bootstrap-table.css	1670389861465	1670389862893	OK	 
GROUP	Homepage_tx	1670389860469	1670389862894	2278	OK
REQUEST	Homepage_tx	bootstrap.min.css	1670389862101	1670389863104	OK	 
GROUP	Homepage_tx	1670389860470	1670389863107	2570	OK
REQUEST	Homepage_tx	bootstrap-table.js	1670389861456	1670389863132	OK	 
REQUEST	Homepage_tx	bootstrap.min.css	1670389861456	1670389863440	OK	 
GROUP	Homepage_tx	1670389860470	1670389863442	2805	OK
REQUEST	Homepage_tx	Homepage_request	1670389860532	1670389864151	OK	 
REQUEST	Homepage_tx	Homepage_request	1670389860532	1670389864155	OK	 
REQUEST	Homepage_tx	Homepage_request	1670389860533	1670389864164	OK	 
REQUEST	Homepage_tx	jquery.min.js	1670389864154	1670389864231	OK	 
REQUEST	Homepage_tx	jquery.min.js	1670389864159	1670389864240	OK	 
REQUEST	Homepage_tx	jquery.min.js	1670389864169	1670389864256	OK	 
REQUEST	Homepage_tx	bootstrap.min.js	1670389864160	1670389864473	OK	 
REQUEST	Homepage_tx	bootstrap.min.js	1670389864170	1670389864494	OK	 
REQUEST	Homepage_tx	bootstrap-table.css	1670389864162	1670389864500	OK	 
REQUEST	Homepage_tx	bootstrap-table.js	1670389864161	1670389864561	OK	 
REQUEST	Homepage_tx	bootstrap.min.js	1670389864155	1670389864612	OK	 
REQUEST	Homepage_tx	jquery.min.js	1670389861201	1670389864638	OK	 
REQUEST	Homepage_tx	bootstrap.min.css	1670389864171	1670389864892	OK	 
REQUEST	Homepage_tx	bootstrap-table.js	1670389864171	1670389864895	OK	 
REQUEST	Homepage_tx	bootstrap-table.js	1670389861455	1670389864932	OK	 
REQUEST	Homepage_tx	bootstrap-table.js	1670389864156	1670389865005	OK	 
REQUEST	Homepage_tx	bootstrap.min.css	1670389864157	1670389865293	OK	 
REQUEST	Homepage_tx	bootstrap-table.css	1670389864172	1670389865576	OK	 
GROUP	Homepage_tx	1670389860469	1670389865578	5041	OK
REQUEST	Homepage_tx	bootstrap-table.css	1670389864157	1670389865593	OK	 
GROUP	Homepage_tx	1670389860469	1670389865594	5059	OK
REQUEST	Homepage_tx	bootstrap.min.css	1670389864162	1670389865763	OK	 
GROUP	Homepage_tx	1670389860469	1670389865764	5228	OK
REQUEST	Homepage_tx	jquery.min.js	1670389861326	1670389866634	OK	 
REQUEST	Homepage_tx	bootstrap-table.css	1670389861457	1670389866893	OK	 
REQUEST	Homepage_tx	bootstrap-table.css	1670389861460	1670389866893	OK	 
GROUP	Homepage_tx	1670389860470	1670389866894	6358	OK
REQUEST	Homepage_tx	bootstrap-table.js	1670389861455	1670389866949	OK	 
REQUEST	Homepage_tx	bootstrap-table.js	1670389861455	1670389867154	OK	 
GROUP	Homepage_tx	1670389860469	1670389867154	6488	OK
REQUEST	Homepage_tx	bootstrap.min.css	1670389861456	1670389867252	OK	 
GROUP	Homepage_tx	1670389860470	1670389867253	6714	OK
REQUEST	FindFlight_tx	FindFlightRequest	1670389867925	1670389868312	OK	 
REQUEST	FindFlight_tx	FindFlightRequest	1670389868123	1670389868493	OK	 
REQUEST	FindFlight_tx	bootstrap.min.js	1670389868317	1670389868576	OK	 
REQUEST	FindFlight_tx	bootstrap.min.css	1670389868319	1670389868582	OK	 
REQUEST	FindFlight_tx	bootstrap-table.js	1670389868318	1670389868583	OK	 
REQUEST	FindFlight_tx	bootstrap-table.css	1670389868320	1670389868588	OK	 
GROUP	FindFlight_tx	1670389867919	1670389868589	660	OK
USER	BlazeHomePage	END	1670389868596
REQUEST	Homepage_tx	jquery.min.js	1670389861301	1670389868652	OK	 
GROUP	Homepage_tx	1670389860470	1670389868653	8115	OK
REQUEST	FindFlight_tx	bootstrap-table.css	1670389868504	1670389868773	OK	 
REQUEST	FindFlight_tx	bootstrap.min.css	1670389868503	1670389868774	OK	 
REQUEST	FindFlight_tx	bootstrap.min.js	1670389868501	1670389868791	OK	 
REQUEST	FindFlight_tx	bootstrap-table.js	1670389868502	1670389868793	OK	 
GROUP	FindFlight_tx	1670389868122	1670389868794	664	OK
USER	BlazeHomePage	END	1670389868797
REQUEST	FindFlight_tx	FindFlightRequest	1670389868449	1670389868852	OK	 
REQUEST	FindFlight_tx	bootstrap.min.js	1670389868862	1670389869114	OK	 
REQUEST	FindFlight_tx	bootstrap.min.css	1670389868865	1670389869129	OK	 
REQUEST	FindFlight_tx	bootstrap-table.js	1670389868863	1670389869144	OK	 
REQUEST	FindFlight_tx	bootstrap-table.css	1670389868867	1670389869268	OK	 
GROUP	FindFlight_tx	1670389868448	1670389869268	812	OK
USER	BlazeHomePage	END	1670389869271
REQUEST	FindFlight_tx	FindFlightRequest	1670389870589	1670389871035	OK	 
REQUEST	FindFlight_tx	FindFlightRequest	1670389870604	1670389871083	OK	 
REQUEST	FindFlight_tx	FindFlightRequest	1670389870776	1670389871136	OK	 
REQUEST	FindFlight_tx	bootstrap.min.js	1670389871043	1670389871312	OK	 
REQUEST	FindFlight_tx	bootstrap.min.css	1670389871046	1670389871315	OK	 
REQUEST	FindFlight_tx	bootstrap-table.css	1670389871047	1670389871316	OK	 
REQUEST	FindFlight_tx	bootstrap-table.js	1670389871044	1670389871319	OK	 
GROUP	FindFlight_tx	1670389870588	1670389871321	725	OK
USER	BlazeHomePage	END	1670389871327
REQUEST	FindFlight_tx	bootstrap.min.css	1670389871090	1670389871351	OK	 
REQUEST	FindFlight_tx	bootstrap.min.js	1670389871088	1670389871353	OK	 
REQUEST	FindFlight_tx	bootstrap-table.css	1670389871092	1670389871372	OK	 
REQUEST	FindFlight_tx	bootstrap-table.js	1670389871089	1670389871373	OK	 
GROUP	FindFlight_tx	1670389870603	1670389871373	765	OK
USER	BlazeHomePage	END	1670389871377
REQUEST	FindFlight_tx	bootstrap-table.js	1670389871143	1670389871393	OK	 
REQUEST	FindFlight_tx	bootstrap.min.js	1670389871141	1670389871412	OK	 
REQUEST	FindFlight_tx	bootstrap.min.css	1670389871144	1670389871414	OK	 
REQUEST	FindFlight_tx	bootstrap-table.css	1670389871145	1670389871415	OK	 
GROUP	FindFlight_tx	1670389870772	1670389871415	635	OK
USER	BlazeHomePage	END	1670389871419
REQUEST	FindFlight_tx	FindFlightRequest	1670389871903	1670389872271	OK	 
REQUEST	FindFlight_tx	bootstrap-table.js	1670389872274	1670389872531	OK	 
REQUEST	FindFlight_tx	bootstrap-table.css	1670389872275	1670389872532	OK	 
REQUEST	FindFlight_tx	bootstrap.min.css	1670389872275	1670389872533	OK	 
REQUEST	FindFlight_tx	FindFlightRequest	1670389872168	1670389872539	OK	 
REQUEST	FindFlight_tx	bootstrap.min.js	1670389872273	1670389872539	OK	 
GROUP	FindFlight_tx	1670389871902	1670389872540	635	OK
USER	BlazeHomePage	END	1670389872543
REQUEST	FindFlight_tx	FindFlightRequest	1670389872260	1670389872651	OK	 
REQUEST	FindFlight_tx	bootstrap.min.js	1670389872544	1670389872812	OK	 
REQUEST	FindFlight_tx	bootstrap-table.js	1670389872545	1670389872813	OK	 
REQUEST	FindFlight_tx	bootstrap.min.css	1670389872546	1670389872814	OK	 
REQUEST	FindFlight_tx	bootstrap-table.css	1670389872547	1670389872815	OK	 
GROUP	FindFlight_tx	1670389872167	1670389872816	644	OK
USER	BlazeHomePage	END	1670389872818
REQUEST	FindFlight_tx	bootstrap-table.js	1670389872655	1670389872911	OK	 
REQUEST	FindFlight_tx	bootstrap.min.css	1670389872655	1670389872912	OK	 
REQUEST	FindFlight_tx	bootstrap.min.js	1670389872654	1670389872913	OK	 
REQUEST	FindFlight_tx	bootstrap-table.css	1670389872655	1670389872925	OK	 
GROUP	FindFlight_tx	1670389872260	1670389872925	663	OK
USER	BlazeHomePage	END	1670389872927
REQUEST	FindFlight_tx	FindFlightRequest	1670389873659	1670389874011	OK	 
REQUEST	FindFlight_tx	bootstrap.min.css	1670389874015	1670389874271	OK	 
REQUEST	FindFlight_tx	bootstrap.min.js	1670389874014	1670389874272	OK	 
REQUEST	FindFlight_tx	bootstrap-table.js	1670389874014	1670389874291	OK	 
REQUEST	FindFlight_tx	bootstrap-table.css	1670389874016	1670389874293	OK	 
GROUP	FindFlight_tx	1670389873658	1670389874294	633	OK
USER	BlazeHomePage	END	1670389874297
