RUN	mysimulations.Gatling13	gatling13	1670389942752	 	3.6.1
USER	BlazeHomePage	START	1670389944167
USER	BlazeHomePage	START	1670389944167
USER	BlazeHomePage	START	1670389944167
USER	BlazeHomePage	START	1670389944167
USER	BlazeHomePage	START	1670389944167
USER	BlazeHomePage	START	1670389944167
USER	BlazeHomePage	START	1670389944167
USER	BlazeHomePage	START	1670389944167
USER	BlazeHomePage	START	1670389944167
USER	BlazeHomePage	START	1670389944167
REQUEST	Homepage_tx	Homepage_request	1670389944256	1670389944867	OK	 
REQUEST	Homepage_tx	Homepage_request	1670389944262	1670389944893	OK	 
REQUEST	Homepage_tx	Homepage_request	1670389944271	1670389944935	OK	 
REQUEST	Homepage_tx	Homepage_request	1670389944256	1670389944935	OK	 
REQUEST	Homepage_tx	Homepage_request	1670389944256	1670389944935	OK	 
REQUEST	Homepage_tx	Homepage_request	1670389944256	1670389945045	OK	 
REQUEST	Homepage_tx	Homepage_request	1670389944256	1670389945055	OK	 
REQUEST	Homepage_tx	Homepage_request	1670389944256	1670389945055	OK	 
REQUEST	Homepage_tx	jquery.min.js	1670389944974	1670389945101	OK	 
REQUEST	Homepage_tx	Homepage_request	1670389944257	1670389945273	OK	 
REQUEST	Homepage_tx	bootstrap.min.js	1670389944975	1670389945280	OK	 
REQUEST	Homepage_tx	bootstrap.min.js	1670389944975	1670389945287	OK	 
REQUEST	Homepage_tx	bootstrap.min.js	1670389944975	1670389945290	OK	 
REQUEST	Homepage_tx	Homepage_request	1670389944256	1670389945304	OK	 
REQUEST	Homepage_tx	bootstrap.min.js	1670389944976	1670389945304	OK	 
REQUEST	Homepage_tx	jquery.min.js	1670389945055	1670389945309	OK	 
REQUEST	Homepage_tx	bootstrap.min.js	1670389944975	1670389945329	OK	 
REQUEST	Homepage_tx	jquery.min.js	1670389945307	1670389945343	OK	 
REQUEST	Homepage_tx	bootstrap.min.js	1670389945056	1670389945360	OK	 
REQUEST	Homepage_tx	jquery.min.js	1670389945060	1670389945365	OK	 
REQUEST	Homepage_tx	bootstrap.min.js	1670389945062	1670389945373	OK	 
REQUEST	Homepage_tx	jquery.min.js	1670389945060	1670389945377	OK	 
REQUEST	Homepage_tx	jquery.min.js	1670389944974	1670389945391	OK	 
REQUEST	Homepage_tx	jquery.min.js	1670389944974	1670389945407	OK	 
REQUEST	Homepage_tx	jquery.min.js	1670389944974	1670389945415	OK	 
REQUEST	Homepage_tx	bootstrap-table.css	1670389944993	1670389945468	OK	 
REQUEST	Homepage_tx	bootstrap-table.css	1670389944981	1670389945469	OK	 
REQUEST	Homepage_tx	bootstrap-table.js	1670389944980	1670389945473	OK	 
REQUEST	Homepage_tx	bootstrap.min.js	1670389945062	1670389945507	OK	 
REQUEST	Homepage_tx	bootstrap-table.js	1670389944976	1670389945518	OK	 
REQUEST	Homepage_tx	bootstrap.min.js	1670389945308	1670389945605	OK	 
REQUEST	Homepage_tx	bootstrap-table.js	1670389944981	1670389945637	OK	 
REQUEST	Homepage_tx	jquery.min.js	1670389945282	1670389945696	OK	 
REQUEST	Homepage_tx	bootstrap-table.css	1670389945288	1670389945713	OK	 
REQUEST	Homepage_tx	bootstrap-table.css	1670389944980	1670389945756	OK	 
REQUEST	Homepage_tx	bootstrap.min.js	1670389945283	1670389945759	OK	 
REQUEST	Homepage_tx	bootstrap-table.css	1670389945066	1670389945760	OK	 
REQUEST	Homepage_tx	bootstrap-table.css	1670389944985	1670389945770	OK	 
REQUEST	Homepage_tx	bootstrap-table.js	1670389945057	1670389945787	OK	 
REQUEST	Homepage_tx	bootstrap-table.css	1670389945062	1670389946015	OK	 
REQUEST	Homepage_tx	bootstrap.min.css	1670389944983	1670389946018	OK	 
REQUEST	Homepage_tx	bootstrap-table.css	1670389945065	1670389946030	OK	 
REQUEST	Homepage_tx	bootstrap-table.css	1670389945312	1670389946037	OK	 
REQUEST	Homepage_tx	bootstrap.min.css	1670389944978	1670389946078	OK	 
REQUEST	Homepage_tx	bootstrap-table.js	1670389945285	1670389946085	OK	 
REQUEST	Homepage_tx	bootstrap-table.js	1670389945310	1670389946106	OK	 
REQUEST	Homepage_tx	bootstrap.min.css	1670389945311	1670389946125	OK	 
GROUP	Homepage_tx	1670389944179	1670389946127	1868	OK
REQUEST	Homepage_tx	jquery.min.js	1670389944974	1670389946196	OK	 
REQUEST	Homepage_tx	bootstrap.min.css	1670389944980	1670389946200	OK	 
GROUP	Homepage_tx	1670389944178	1670389946201	1917	OK
REQUEST	Homepage_tx	bootstrap.min.css	1670389945064	1670389946247	OK	 
REQUEST	Homepage_tx	bootstrap.min.css	1670389945064	1670389946335	OK	 
REQUEST	Homepage_tx	bootstrap.min.css	1670389945060	1670389946373	OK	 
GROUP	Homepage_tx	1670389944179	1670389946374	2109	OK
REQUEST	Homepage_tx	bootstrap-table.css	1670389944983	1670389946493	OK	 
REQUEST	Homepage_tx	bootstrap.min.css	1670389944985	1670389946835	OK	 
GROUP	Homepage_tx	1670389944178	1670389946837	2539	OK
REQUEST	Homepage_tx	bootstrap-table.js	1670389945063	1670389946837	OK	 
GROUP	Homepage_tx	1670389944179	1670389946837	2576	OK
REQUEST	Homepage_tx	bootstrap-table.js	1670389944980	1670389948552	OK	 
GROUP	Homepage_tx	1670389944179	1670389948553	4221	OK
REQUEST	Homepage_tx	bootstrap-table.js	1670389945063	1670389949052	OK	 
GROUP	Homepage_tx	1670389944178	1670389949053	4792	OK
REQUEST	Homepage_tx	bootstrap.min.css	1670389944981	1670389949072	OK	 
GROUP	Homepage_tx	1670389944179	1670389949073	4722	OK
REQUEST	Homepage_tx	bootstrap-table.js	1670389944976	1670389950577	OK	 
GROUP	Homepage_tx	1670389944179	1670389950578	6295	OK
REQUEST	Homepage_tx	bootstrap.min.css	1670389945287	1670389951385	OK	 
GROUP	Homepage_tx	1670389944179	1670389951386	7121	OK
REQUEST	FindFlight_tx	FindFlightRequest	1670389951209	1670389951633	OK	 
REQUEST	FindFlight_tx	FindFlightRequest	1670389951136	1670389951731	OK	 
REQUEST	FindFlight_tx	bootstrap-table.css	1670389951645	1670389951907	OK	 
REQUEST	FindFlight_tx	bootstrap.min.css	1670389951644	1670389951910	OK	 
REQUEST	FindFlight_tx	bootstrap-table.js	1670389951641	1670389951913	OK	 
REQUEST	FindFlight_tx	bootstrap.min.js	1670389951640	1670389951925	OK	 
GROUP	FindFlight_tx	1670389951209	1670389951926	711	OK
USER	BlazeHomePage	END	1670389951932
REQUEST	FindFlight_tx	bootstrap-table.js	1670389951735	1670389952011	OK	 
REQUEST	FindFlight_tx	bootstrap-table.css	1670389951737	1670389952012	OK	 
REQUEST	FindFlight_tx	bootstrap.min.js	1670389951734	1670389952012	OK	 
REQUEST	FindFlight_tx	bootstrap.min.css	1670389951736	1670389952013	OK	 
GROUP	FindFlight_tx	1670389951131	1670389952013	874	OK
USER	BlazeHomePage	END	1670389952015
REQUEST	FindFlight_tx	FindFlightRequest	1670389951378	1670389952106	OK	 
REQUEST	FindFlight_tx	FindFlightRequest	1670389951845	1670389952271	OK	 
REQUEST	FindFlight_tx	bootstrap-table.js	1670389952113	1670389952372	OK	 
REQUEST	FindFlight_tx	bootstrap.min.js	1670389952112	1670389952373	OK	 
REQUEST	FindFlight_tx	bootstrap.min.css	1670389952114	1670389952374	OK	 
REQUEST	FindFlight_tx	bootstrap-table.css	1670389952115	1670389952391	OK	 
GROUP	FindFlight_tx	1670389951377	1670389952392	1009	OK
USER	BlazeHomePage	END	1670389952394
REQUEST	FindFlight_tx	FindFlightRequest	1670389951845	1670389952511	OK	 
REQUEST	FindFlight_tx	bootstrap.min.css	1670389952276	1670389952551	OK	 
REQUEST	FindFlight_tx	bootstrap-table.js	1670389952276	1670389952552	OK	 
REQUEST	FindFlight_tx	bootstrap-table.css	1670389952277	1670389952552	OK	 
REQUEST	FindFlight_tx	bootstrap.min.js	1670389952275	1670389952570	OK	 
GROUP	FindFlight_tx	1670389951844	1670389952571	723	OK
USER	BlazeHomePage	END	1670389952573
REQUEST	FindFlight_tx	bootstrap-table.js	1670389952517	1670389952771	OK	 
REQUEST	FindFlight_tx	bootstrap.min.css	1670389952517	1670389952774	OK	 
REQUEST	FindFlight_tx	bootstrap.min.js	1670389952516	1670389952791	OK	 
REQUEST	FindFlight_tx	bootstrap-table.css	1670389952518	1670389952792	OK	 
GROUP	FindFlight_tx	1670389951844	1670389952792	943	OK
USER	BlazeHomePage	END	1670389952794
REQUEST	FindFlight_tx	FindFlightRequest	1670389953558	1670389953958	OK	 
REQUEST	FindFlight_tx	bootstrap-table.js	1670389953963	1670389954230	OK	 
REQUEST	FindFlight_tx	bootstrap.min.css	1670389953964	1670389954231	OK	 
REQUEST	FindFlight_tx	bootstrap-table.css	1670389953965	1670389954232	OK	 
REQUEST	FindFlight_tx	bootstrap.min.js	1670389953962	1670389954232	OK	 
GROUP	FindFlight_tx	1670389953557	1670389954232	670	OK
USER	BlazeHomePage	END	1670389954234
REQUEST	FindFlight_tx	FindFlightRequest	1670389954082	1670389954492	OK	 
REQUEST	FindFlight_tx	FindFlightRequest	1670389954066	1670389954639	OK	 
REQUEST	FindFlight_tx	bootstrap.min.css	1670389954498	1670389954780	OK	 
REQUEST	FindFlight_tx	bootstrap-table.js	1670389954497	1670389954781	OK	 
REQUEST	FindFlight_tx	bootstrap-table.css	1670389954500	1670389954783	OK	 
REQUEST	FindFlight_tx	bootstrap.min.js	1670389954496	1670389954784	OK	 
GROUP	FindFlight_tx	1670389954081	1670389954785	699	OK
USER	BlazeHomePage	END	1670389954786
REQUEST	FindFlight_tx	bootstrap.min.js	1670389954643	1670389954897	OK	 
REQUEST	FindFlight_tx	bootstrap-table.js	1670389954644	1670389954901	OK	 
REQUEST	FindFlight_tx	bootstrap-table.css	1670389954645	1670389954911	OK	 
REQUEST	FindFlight_tx	bootstrap.min.css	1670389954644	1670389954912	OK	 
GROUP	FindFlight_tx	1670389954065	1670389954912	843	OK
USER	BlazeHomePage	END	1670389954916
REQUEST	FindFlight_tx	FindFlightRequest	1670389955588	1670389955957	OK	 
REQUEST	FindFlight_tx	bootstrap.min.js	1670389955962	1670389956217	OK	 
REQUEST	FindFlight_tx	bootstrap-table.js	1670389955963	1670389956217	OK	 
REQUEST	FindFlight_tx	bootstrap-table.css	1670389955966	1670389956230	OK	 
REQUEST	FindFlight_tx	bootstrap.min.css	1670389955964	1670389956232	OK	 
GROUP	FindFlight_tx	1670389955587	1670389956232	640	OK
USER	BlazeHomePage	END	1670389956235
REQUEST	FindFlight_tx	FindFlightRequest	1670389956399	1670389956813	OK	 
REQUEST	FindFlight_tx	bootstrap.min.css	1670389956825	1670389957081	OK	 
REQUEST	FindFlight_tx	bootstrap-table.js	1670389956824	1670389957097	OK	 
REQUEST	FindFlight_tx	bootstrap.min.js	1670389956822	1670389957098	OK	 
REQUEST	FindFlight_tx	bootstrap-table.css	1670389956827	1670389957099	OK	 
GROUP	FindFlight_tx	1670389956398	1670389957099	692	OK
USER	BlazeHomePage	END	1670389957101
