RUN	mysimulations.Gatling16	gatling16	1670401344892	 	3.6.1
USER	BlazeHomePage	START	1670401346553
REQUEST	Homepage_tx	Homepage_request	1670401346573	1670401347159	OK	 
REQUEST	Homepage_tx	bootstrap.min.js	1670401347221	1670401347538	OK	 
REQUEST	Homepage_tx	jquery.min.js	1670401347220	1670401347557	OK	 
REQUEST	Homepage_tx	bootstrap-table.css	1670401347224	1670401347646	OK	 
REQUEST	Homepage_tx	bootstrap-table.js	1670401347222	1670401347685	OK	 
REQUEST	Homepage_tx	bootstrap.min.css	1670401347222	1670401348187	OK	 
GROUP	Homepage_tx	1670401346554	1670401348198	1567	OK
REQUEST	FindFlight_tx	FindFlightRequest	1670401353220	1670401353607	OK	 
REQUEST	FindFlight_tx	bootstrap.min.css	1670401353635	1670401353906	OK	 
REQUEST	FindFlight_tx	bootstrap.min.js	1670401353634	1670401353909	OK	 
REQUEST	FindFlight_tx	bootstrap-table.js	1670401353635	1670401353910	OK	 
REQUEST	FindFlight_tx	bootstrap-table.css	1670401353637	1670401353911	OK	 
GROUP	FindFlight_tx	1670401353212	1670401353911	665	OK
REQUEST	selectFlight_tx	SelectFlight_request	1670401358927	1670401359327	OK	 
REQUEST	selectFlight_tx	bootstrap-table.js	1670401359337	1670401359606	OK	 
REQUEST	selectFlight_tx	bootstrap.min.css	1670401359338	1670401359608	OK	 
REQUEST	selectFlight_tx	bootstrap.min.js	1670401359336	1670401359612	OK	 
REQUEST	selectFlight_tx	bootstrap-table.css	1670401359339	1670401359626	OK	 
GROUP	selectFlight_tx	1670401358925	1670401359627	692	OK
REQUEST	purchaseTicket_tx	purchaseTicket_request	1670401364642	1670401365007	OK	 
REQUEST	purchaseTicket_tx	bootstrap.min.js	1670401365050	1670401365305	OK	 
REQUEST	purchaseTicket_tx	bootstrap-table.js	1670401365052	1670401365315	OK	 
REQUEST	purchaseTicket_tx	bootstrap-table.css	1670401365055	1670401365316	OK	 
REQUEST	purchaseTicket_tx	bootstrap.min.css	1670401365054	1670401365331	OK	 
GROUP	purchaseTicket_tx	1670401364640	1670401365332	648	OK
USER	BlazeHomePage	END	1670401365343
