RUN	mysimulations.Gatling16	gatling16	1670399192922	 	3.6.1
USER	BlazeHomePage	START	1670399194538
REQUEST	Homepage_tx	Homepage_request	1670399194557	1670399195103	OK	 
REQUEST	Homepage_tx	bootstrap.min.js	1670399195168	1670399195473	OK	 
REQUEST	Homepage_tx	jquery.min.js	1670399195168	1670399195553	OK	 
REQUEST	Homepage_tx	bootstrap-table.css	1670399195172	1670399195933	OK	 
REQUEST	Homepage_tx	bootstrap-table.js	1670399195169	1670399196140	OK	 
REQUEST	Homepage_tx	bootstrap.min.css	1670399195170	1670399196145	OK	 
GROUP	Homepage_tx	1670399194539	1670399196157	1537	OK
REQUEST	FindFlight_tx	FindFlightRequest	1670399201176	1670399201548	OK	 
REQUEST	FindFlight_tx	bootstrap.min.js	1670399201604	1670399201854	OK	 
REQUEST	FindFlight_tx	bootstrap-table.css	1670399201610	1670399201872	OK	 
REQUEST	FindFlight_tx	bootstrap.min.css	1670399201607	1670399201873	OK	 
REQUEST	FindFlight_tx	bootstrap-table.js	1670399201606	1670399201874	OK	 
GROUP	FindFlight_tx	1670399201172	1670399201875	644	OK
REQUEST	selectFlight_tx	SelectFlight_request	1670399206884	1670399207253	OK	 
REQUEST	selectFlight_tx	bootstrap-table.css	1670399207263	1670399207522	OK	 
REQUEST	selectFlight_tx	bootstrap.min.css	1670399207262	1670399207533	OK	 
REQUEST	selectFlight_tx	bootstrap-table.js	1670399207261	1670399207535	OK	 
REQUEST	selectFlight_tx	bootstrap.min.js	1670399207260	1670399207536	OK	 
GROUP	selectFlight_tx	1670399206882	1670399207536	646	OK
REQUEST	purchaseTicket_tx	purchaseTicket_request	1670399212541	1670399212913	OK	 
REQUEST	purchaseTicket_tx	bootstrap-table.css	1670399212966	1670399213215	OK	 
REQUEST	purchaseTicket_tx	bootstrap-table.js	1670399212963	1670399213232	OK	 
REQUEST	purchaseTicket_tx	bootstrap.min.js	1670399212963	1670399213234	OK	 
REQUEST	purchaseTicket_tx	bootstrap.min.css	1670399212965	1670399213257	OK	 
GROUP	purchaseTicket_tx	1670399212540	1670399213258	668	OK
USER	BlazeHomePage	END	1670399213262
