ASSERTION	AAEDAAECAwAAAAAAAIizQA==
RUN	mysimulations.Gatling30	gatling30	1670494244801	Gatling Execution	3.6.1
USER	BlazeHomePage	START	1670494247293
REQUEST	Homepage_tx	Homepage_request	1670494247322	1670494248203	OK	 
REQUEST	Homepage_tx	jquery.min.js	1670494248332	1670494248653	OK	 
REQUEST	Homepage_tx	bootstrap.min.js	1670494248589	1670494248953	OK	 
REQUEST	Homepage_tx	bootstrap-table.js	1670494248590	1670494249665	OK	 
REQUEST	Homepage_tx	bootstrap.min.css	1670494248591	1670494249749	OK	 
REQUEST	Homepage_tx	bootstrap-table.css	1670494248592	1670494250330	OK	 
GROUP	Homepage_tx	1670494247297	1670494250337	2896	OK
USER	BlazeHomePage	START	1670494253293
REQUEST	Homepage_tx	Homepage_request	1670494253293	1670494253925	OK	 
REQUEST	Homepage_tx	jquery.min.js	1670494253934	1670494254038	OK	 
REQUEST	Homepage_tx	bootstrap.min.js	1670494253935	1670494254288	OK	 
REQUEST	Homepage_tx	bootstrap-table.css	1670494253937	1670494254442	OK	 
REQUEST	Homepage_tx	bootstrap.min.css	1670494253936	1670494255050	OK	 
REQUEST	Homepage_tx	bootstrap-table.js	1670494253936	1670494255718	OK	 
GROUP	Homepage_tx	1670494253293	1670494255801	2500	OK
REQUEST	FindFlight_tx	FindFlightRequest	1670494255360	1670494255788	OK	 
REQUEST	FindFlight_tx	bootstrap.min.js	1670494255872	1670494256134	OK	 
REQUEST	FindFlight_tx	bootstrap-table.css	1670494255878	1670494256138	OK	 
REQUEST	FindFlight_tx	bootstrap.min.css	1670494255876	1670494256144	OK	 
REQUEST	FindFlight_tx	bootstrap-table.js	1670494255874	1670494256147	OK	 
GROUP	FindFlight_tx	1670494255353	1670494256148	705	OK
USER	BlazeHomePage	START	1670494260293
REQUEST	Homepage_tx	Homepage_request	1670494260293	1670494260859	OK	 
REQUEST	Homepage_tx	jquery.min.js	1670494260865	1670494260960	OK	 
REQUEST	FindFlight_tx	FindFlightRequest	1670494260817	1670494261161	OK	 
REQUEST	Homepage_tx	bootstrap.min.js	1670494260867	1670494261348	OK	 
REQUEST	FindFlight_tx	bootstrap-table.css	1670494261177	1670494261451	OK	 
REQUEST	FindFlight_tx	bootstrap.min.css	1670494261176	1670494261455	OK	 
REQUEST	FindFlight_tx	bootstrap-table.js	1670494261174	1670494261457	OK	 
REQUEST	FindFlight_tx	bootstrap.min.js	1670494261173	1670494261459	OK	 
GROUP	FindFlight_tx	1670494260816	1670494261461	634	OK
REQUEST	Homepage_tx	bootstrap.min.css	1670494260870	1670494261535	OK	 
REQUEST	SelectFlight_tx	SelectFlight_request	1670494261158	1670494261592	OK	 
REQUEST	Homepage_tx	bootstrap-table.js	1670494260868	1670494261703	OK	 
REQUEST	Homepage_tx	bootstrap-table.css	1670494260872	1670494261767	OK	 
GROUP	Homepage_tx	1670494260293	1670494261775	1476	OK
REQUEST	SelectFlight_tx	bootstrap-table.js	1670494261715	1670494261964	OK	 
REQUEST	SelectFlight_tx	bootstrap.min.css	1670494261715	1670494261984	OK	 
REQUEST	SelectFlight_tx	bootstrap.min.js	1670494261714	1670494261985	OK	 
REQUEST	SelectFlight_tx	bootstrap-table.css	1670494261716	1670494262004	OK	 
GROUP	SelectFlight_tx	1670494261155	1670494262005	726	OK
USER	BlazeHomePage	START	1670494266283
REQUEST	Homepage_tx	Homepage_request	1670494266283	1670494266853	OK	 
REQUEST	Homepage_tx	jquery.min.js	1670494266859	1670494266932	OK	 
REQUEST	SelectFlight_tx	SelectFlight_request	1670494266465	1670494266945	OK	 
REQUEST	FindFlight_tx	FindFlightRequest	1670494266790	1670494267190	OK	 
REQUEST	Homepage_tx	bootstrap.min.js	1670494266862	1670494267266	OK	 
REQUEST	SelectFlight_tx	bootstrap-table.css	1670494267076	1670494267331	OK	 
REQUEST	SelectFlight_tx	bootstrap-table.js	1670494267075	1670494267334	OK	 
REQUEST	SelectFlight_tx	bootstrap.min.js	1670494267075	1670494267335	OK	 
REQUEST	SelectFlight_tx	bootstrap.min.css	1670494267076	1670494267345	OK	 
GROUP	SelectFlight_tx	1670494266464	1670494267346	752	OK
REQUEST	FindFlight_tx	bootstrap.min.js	1670494267198	1670494267449	OK	 
REQUEST	FindFlight_tx	bootstrap-table.js	1670494267199	1670494267459	OK	 
REQUEST	FindFlight_tx	bootstrap.min.css	1670494267200	1670494267478	OK	 
REQUEST	FindFlight_tx	bootstrap-table.css	1670494267200	1670494267480	OK	 
GROUP	FindFlight_tx	1670494266790	1670494267482	684	OK
REQUEST	Homepage_tx	bootstrap-table.css	1670494266866	1670494267500	OK	 
REQUEST	Homepage_tx	bootstrap-table.js	1670494266863	1670494267556	OK	 
REQUEST	Homepage_tx	bootstrap.min.css	1670494266865	1670494267976	OK	 
GROUP	Homepage_tx	1670494266283	1670494268111	1823	OK
REQUEST	SelectFlight_tx	SelectFlight_request	1670494272495	1670494272863	OK	 
REQUEST	SelectFlight_tx	bootstrap-table.css	1670494272872	1670494273123	OK	 
REQUEST	SelectFlight_tx	bootstrap.min.css	1670494272871	1670494273143	OK	 
REQUEST	SelectFlight_tx	bootstrap.min.js	1670494272868	1670494273145	OK	 
REQUEST	SelectFlight_tx	bootstrap-table.js	1670494272870	1670494273146	OK	 
GROUP	SelectFlight_tx	1670494272495	1670494273147	647	OK
USER	BlazeHomePage	START	1670494273299
REQUEST	FindFlight_tx	FindFlightRequest	1670494273113	1670494273498	OK	 
REQUEST	Homepage_tx	Homepage_request	1670494273300	1670494273735	OK	 
REQUEST	FindFlight_tx	bootstrap.min.css	1670494273508	1670494273763	OK	 
REQUEST	FindFlight_tx	bootstrap.min.js	1670494273507	1670494273765	OK	 
REQUEST	FindFlight_tx	bootstrap-table.js	1670494273508	1670494273767	OK	 
REQUEST	FindFlight_tx	bootstrap-table.css	1670494273510	1670494273776	OK	 
GROUP	FindFlight_tx	1670494273113	1670494273779	657	OK
REQUEST	Homepage_tx	jquery.min.js	1670494273739	1670494273838	OK	 
REQUEST	Homepage_tx	bootstrap.min.js	1670494273741	1670494274045	OK	 
REQUEST	Homepage_tx	bootstrap-table.css	1670494273744	1670494274244	OK	 
REQUEST	Homepage_tx	bootstrap-table.js	1670494273741	1670494274446	OK	 
REQUEST	Homepage_tx	bootstrap.min.css	1670494273743	1670494274699	OK	 
GROUP	Homepage_tx	1670494273299	1670494274865	1561	OK
REQUEST	SelectFlight_tx	SelectFlight_request	1670494278790	1670494279148	OK	 
REQUEST	SelectFlight_tx	bootstrap-table.css	1670494279154	1670494279404	OK	 
REQUEST	SelectFlight_tx	bootstrap-table.js	1670494279153	1670494279411	OK	 
REQUEST	SelectFlight_tx	bootstrap.min.css	1670494279154	1670494279413	OK	 
REQUEST	SelectFlight_tx	bootstrap.min.js	1670494279152	1670494279417	OK	 
GROUP	SelectFlight_tx	1670494278790	1670494279418	625	OK
REQUEST	FindFlight_tx	FindFlightRequest	1670494279877	1670494280244	OK	 
USER	BlazeHomePage	START	1670494280300
REQUEST	FindFlight_tx	bootstrap-table.css	1670494280256	1670494280518	OK	 
REQUEST	FindFlight_tx	bootstrap.min.js	1670494280253	1670494280519	OK	 
REQUEST	FindFlight_tx	bootstrap.min.css	1670494280255	1670494280523	OK	 
REQUEST	FindFlight_tx	bootstrap-table.js	1670494280255	1670494280525	OK	 
GROUP	FindFlight_tx	1670494279877	1670494280525	640	OK
REQUEST	Homepage_tx	Homepage_request	1670494280300	1670494281023	OK	 
REQUEST	Homepage_tx	jquery.min.js	1670494281038	1670494281125	OK	 
REQUEST	Homepage_tx	bootstrap.min.js	1670494281041	1670494281380	OK	 
REQUEST	Homepage_tx	bootstrap-table.css	1670494281048	1670494281691	OK	 
REQUEST	Homepage_tx	bootstrap-table.js	1670494281043	1670494281771	OK	 
REQUEST	Homepage_tx	bootstrap.min.css	1670494281045	1670494282130	OK	 
GROUP	Homepage_tx	1670494280300	1670494282283	1969	OK
REQUEST	SelectFlight_tx	SelectFlight_request	1670494285533	1670494285905	OK	 
REQUEST	SelectFlight_tx	bootstrap.min.js	1670494285913	1670494286168	OK	 
REQUEST	SelectFlight_tx	bootstrap-table.css	1670494285917	1670494286184	OK	 
REQUEST	SelectFlight_tx	bootstrap.min.css	1670494285915	1670494286186	OK	 
REQUEST	SelectFlight_tx	bootstrap-table.js	1670494285914	1670494286187	OK	 
GROUP	SelectFlight_tx	1670494285532	1670494286188	648	OK
USER	BlazeHomePage	START	1670494286293
REQUEST	Homepage_tx	Homepage_request	1670494286293	1670494286713	OK	 
REQUEST	Homepage_tx	jquery.min.js	1670494286716	1670494286777	OK	 
REQUEST	Homepage_tx	bootstrap.min.js	1670494286716	1670494287029	OK	 
REQUEST	Homepage_tx	bootstrap-table.css	1670494286718	1670494287142	OK	 
REQUEST	Homepage_tx	bootstrap-table.js	1670494286717	1670494287314	OK	 
REQUEST	FindFlight_tx	FindFlightRequest	1670494287297	1670494287660	OK	 
REQUEST	FindFlight_tx	bootstrap.min.js	1670494287665	1670494287920	OK	 
REQUEST	FindFlight_tx	bootstrap-table.css	1670494287667	1670494287922	OK	 
REQUEST	FindFlight_tx	bootstrap.min.css	1670494287666	1670494287924	OK	 
REQUEST	FindFlight_tx	bootstrap-table.js	1670494287666	1670494287936	OK	 
GROUP	FindFlight_tx	1670494287296	1670494287936	635	OK
REQUEST	Homepage_tx	bootstrap.min.css	1670494286717	1670494288052	OK	 
GROUP	Homepage_tx	1670494286293	1670494288170	1875	OK
USER	BlazeHomePage	START	1670494293276
REQUEST	SelectFlight_tx	SelectFlight_request	1670494292949	1670494293328	OK	 
REQUEST	FindFlight_tx	FindFlightRequest	1670494293181	1670494293585	OK	 
REQUEST	SelectFlight_tx	bootstrap-table.js	1670494293334	1670494293598	OK	 
REQUEST	SelectFlight_tx	bootstrap.min.js	1670494293333	1670494293600	OK	 
REQUEST	SelectFlight_tx	bootstrap-table.css	1670494293337	1670494293602	OK	 
REQUEST	SelectFlight_tx	bootstrap.min.css	1670494293335	1670494293617	OK	 
GROUP	SelectFlight_tx	1670494292949	1670494293618	665	OK
REQUEST	Homepage_tx	Homepage_request	1670494293276	1670494293845	OK	 
REQUEST	FindFlight_tx	bootstrap.min.js	1670494293596	1670494293855	OK	 
REQUEST	FindFlight_tx	bootstrap-table.js	1670494293597	1670494293863	OK	 
REQUEST	FindFlight_tx	bootstrap-table.css	1670494293598	1670494293867	OK	 
REQUEST	FindFlight_tx	bootstrap.min.css	1670494293597	1670494293889	OK	 
GROUP	FindFlight_tx	1670494293180	1670494293891	700	OK
REQUEST	Homepage_tx	jquery.min.js	1670494293851	1670494293956	OK	 
REQUEST	Homepage_tx	bootstrap.min.js	1670494293853	1670494294168	OK	 
REQUEST	Homepage_tx	bootstrap-table.js	1670494293854	1670494294544	OK	 
REQUEST	Homepage_tx	bootstrap-table.css	1670494293857	1670494294618	OK	 
REQUEST	Homepage_tx	bootstrap.min.css	1670494293856	1670494294709	OK	 
GROUP	Homepage_tx	1670494293276	1670494294950	1668	OK
REQUEST	SelectFlight_tx	SelectFlight_request	1670494298901	1670494299269	OK	 
REQUEST	SelectFlight_tx	bootstrap-table.js	1670494299278	1670494299534	OK	 
REQUEST	SelectFlight_tx	bootstrap-table.css	1670494299280	1670494299548	OK	 
REQUEST	SelectFlight_tx	bootstrap.min.js	1670494299278	1670494299552	OK	 
REQUEST	SelectFlight_tx	bootstrap.min.css	1670494299279	1670494299585	OK	 
GROUP	SelectFlight_tx	1670494298900	1670494299586	677	OK
USER	BlazeHomePage	START	1670494300300
REQUEST	FindFlight_tx	FindFlightRequest	1670494299960	1670494300413	OK	 
REQUEST	FindFlight_tx	bootstrap.min.css	1670494300426	1670494300686	OK	 
REQUEST	FindFlight_tx	bootstrap.min.js	1670494300423	1670494300695	OK	 
REQUEST	FindFlight_tx	bootstrap-table.css	1670494300427	1670494300696	OK	 
REQUEST	FindFlight_tx	bootstrap-table.js	1670494300425	1670494300698	OK	 
GROUP	FindFlight_tx	1670494299959	1670494300699	729	OK
REQUEST	Homepage_tx	Homepage_request	1670494300301	1670494300756	OK	 
REQUEST	Homepage_tx	jquery.min.js	1670494300764	1670494300843	OK	 
REQUEST	Homepage_tx	bootstrap.min.js	1670494300766	1670494301090	OK	 
REQUEST	Homepage_tx	bootstrap-table.js	1670494300767	1670494301185	OK	 
REQUEST	Homepage_tx	bootstrap-table.css	1670494300771	1670494301268	OK	 
REQUEST	Homepage_tx	bootstrap.min.css	1670494300769	1670494301759	OK	 
GROUP	Homepage_tx	1670494300300	1670494301845	1537	OK
USER	BlazeHomePage	START	1670494306277
REQUEST	SelectFlight_tx	SelectFlight_request	1670494305715	1670494306358	OK	 
REQUEST	SelectFlight_tx	bootstrap-table.js	1670494306365	1670494306630	OK	 
REQUEST	SelectFlight_tx	bootstrap.min.css	1670494306366	1670494306643	OK	 
REQUEST	SelectFlight_tx	bootstrap-table.css	1670494306367	1670494306646	OK	 
REQUEST	SelectFlight_tx	bootstrap.min.js	1670494306364	1670494306670	OK	 
GROUP	SelectFlight_tx	1670494305713	1670494306671	951	OK
REQUEST	Homepage_tx	Homepage_request	1670494306278	1670494306796	OK	 
REQUEST	Homepage_tx	bootstrap.min.js	1670494306808	1670494307110	OK	 
REQUEST	Homepage_tx	bootstrap-table.js	1670494306809	1670494307196	OK	 
REQUEST	FindFlight_tx	FindFlightRequest	1670494306851	1670494307225	OK	 
REQUEST	Homepage_tx	jquery.min.js	1670494306806	1670494307262	OK	 
REQUEST	Homepage_tx	bootstrap-table.css	1670494306813	1670494307363	OK	 
REQUEST	FindFlight_tx	bootstrap.min.js	1670494307274	1670494307526	OK	 
REQUEST	FindFlight_tx	bootstrap-table.js	1670494307274	1670494307527	OK	 
REQUEST	FindFlight_tx	bootstrap-table.css	1670494307275	1670494307551	OK	 
REQUEST	FindFlight_tx	bootstrap.min.css	1670494307275	1670494307552	OK	 
GROUP	FindFlight_tx	1670494306850	1670494307553	654	OK
REQUEST	Homepage_tx	bootstrap.min.css	1670494306810	1670494307954	OK	 
GROUP	Homepage_tx	1670494306277	1670494308035	1747	OK
REQUEST	SelectFlight_tx	SelectFlight_request	1670494312561	1670494312918	OK	 
REQUEST	SelectFlight_tx	bootstrap.min.js	1670494312925	1670494313176	OK	 
REQUEST	SelectFlight_tx	bootstrap-table.css	1670494312929	1670494313177	OK	 
REQUEST	SelectFlight_tx	bootstrap-table.js	1670494312926	1670494313198	OK	 
REQUEST	SelectFlight_tx	bootstrap.min.css	1670494312927	1670494313199	OK	 
GROUP	SelectFlight_tx	1670494312561	1670494313200	633	OK
REQUEST	FindFlight_tx	FindFlightRequest	1670494313044	1670494313469	OK	 
REQUEST	FindFlight_tx	bootstrap.min.js	1670494313487	1670494313746	OK	 
REQUEST	FindFlight_tx	bootstrap-table.js	1670494313488	1670494313760	OK	 
REQUEST	FindFlight_tx	bootstrap.min.css	1670494313489	1670494313762	OK	 
REQUEST	FindFlight_tx	bootstrap-table.css	1670494313490	1670494313767	OK	 
GROUP	FindFlight_tx	1670494313043	1670494313769	708	OK
REQUEST	SelectFlight_tx	SelectFlight_request	1670494318784	1670494319145	OK	 
REQUEST	SelectFlight_tx	bootstrap-table.css	1670494319157	1670494319417	OK	 
REQUEST	SelectFlight_tx	bootstrap.min.css	1670494319155	1670494319419	OK	 
REQUEST	SelectFlight_tx	bootstrap.min.js	1670494319153	1670494319426	OK	 
REQUEST	SelectFlight_tx	bootstrap-table.js	1670494319154	1670494319427	OK	 
GROUP	SelectFlight_tx	1670494318784	1670494319428	637	OK
REQUEST	PurchaseTickets_tx	purchaseTicket_request	1670494324446	1670494325126	OK	 
REQUEST	PurchaseTickets_tx	purchaseTicket_request	1670494324442	1670494325126	OK	 
REQUEST	PurchaseTickets_tx	purchaseTicket_request	1670494324445	1670494325127	OK	 
REQUEST	PurchaseTickets_tx	purchaseTicket_request	1670494324442	1670494325147	OK	 
REQUEST	PurchaseTickets_tx	purchaseTicket_request	1670494324446	1670494325145	OK	 
REQUEST	PurchaseTickets_tx	purchaseTicket_request	1670494324444	1670494325147	OK	 
REQUEST	PurchaseTickets_tx	purchaseTicket_request	1670494324442	1670494325159	OK	 
REQUEST	PurchaseTickets_tx	purchaseTicket_request	1670494324446	1670494325162	OK	 
REQUEST	PurchaseTickets_tx	purchaseTicket_request	1670494324444	1670494325162	OK	 
REQUEST	PurchaseTickets_tx	purchaseTicket_request	1670494324442	1670494325184	OK	 
REQUEST	PurchaseTickets_tx	bootstrap-table.css	1670494325222	1670494325469	OK	 
REQUEST	PurchaseTickets_tx	bootstrap.min.css	1670494325221	1670494325474	OK	 
REQUEST	PurchaseTickets_tx	bootstrap.min.js	1670494325219	1670494325479	OK	 
REQUEST	PurchaseTickets_tx	bootstrap.min.js	1670494325224	1670494325481	OK	 
REQUEST	PurchaseTickets_tx	bootstrap.min.js	1670494325230	1670494325486	OK	 
REQUEST	PurchaseTickets_tx	bootstrap.min.js	1670494325219	1670494325486	OK	 
REQUEST	PurchaseTickets_tx	bootstrap.min.css	1670494325227	1670494325490	OK	 
REQUEST	PurchaseTickets_tx	bootstrap-table.js	1670494325220	1670494325491	OK	 
GROUP	PurchaseTickets_tx	1670494324446	1670494325492	973	OK
REQUEST	PurchaseTickets_tx	bootstrap-table.css	1670494325236	1670494325497	OK	 
REQUEST	PurchaseTickets_tx	bootstrap-table.css	1670494325241	1670494325497	OK	 
REQUEST	PurchaseTickets_tx	bootstrap-table.js	1670494325225	1670494325497	OK	 
REQUEST	PurchaseTickets_tx	bootstrap-table.css	1670494325240	1670494325497	OK	 
REQUEST	PurchaseTickets_tx	bootstrap-table.js	1670494325231	1670494325500	OK	 
REQUEST	PurchaseTickets_tx	bootstrap.min.css	1670494325239	1670494325510	OK	 
REQUEST	PurchaseTickets_tx	bootstrap-table.css	1670494325251	1670494325502	OK	 
REQUEST	PurchaseTickets_tx	bootstrap.min.js	1670494325255	1670494325510	OK	 
REQUEST	PurchaseTickets_tx	bootstrap-table.css	1670494325228	1670494325511	OK	 
REQUEST	PurchaseTickets_tx	bootstrap-table.js	1670494325240	1670494325510	OK	 
GROUP	PurchaseTickets_tx	1670494324446	1670494325557	1015	OK
REQUEST	PurchaseTickets_tx	bootstrap.min.css	1670494325232	1670494325529	OK	 
REQUEST	PurchaseTickets_tx	bootstrap-table.js	1670494325237	1670494325528	OK	 
GROUP	PurchaseTickets_tx	1670494324440	1670494325566	1021	OK
GROUP	PurchaseTickets_tx	1670494324439	1670494325566	1052	OK
REQUEST	PurchaseTickets_tx	bootstrap.min.js	1670494325248	1670494325530	OK	 
REQUEST	PurchaseTickets_tx	bootstrap-table.js	1670494325287	1670494325548	OK	 
REQUEST	PurchaseTickets_tx	bootstrap.min.js	1670494325238	1670494325557	OK	 
REQUEST	PurchaseTickets_tx	bootstrap-table.css	1670494325290	1670494325580	OK	 
REQUEST	PurchaseTickets_tx	bootstrap-table.css	1670494325314	1670494325570	OK	 
REQUEST	PurchaseTickets_tx	bootstrap.min.css	1670494325250	1670494325568	OK	 
REQUEST	PurchaseTickets_tx	bootstrap.min.js	1670494325286	1670494325582	OK	 
REQUEST	PurchaseTickets_tx	bootstrap.min.css	1670494325240	1670494325583	OK	 
REQUEST	PurchaseTickets_tx	bootstrap-table.js	1670494325258	1670494325593	OK	 
REQUEST	PurchaseTickets_tx	bootstrap.min.css	1670494325289	1670494325596	OK	 
GROUP	PurchaseTickets_tx	1670494324446	1670494325604	1034	OK
GROUP	PurchaseTickets_tx	1670494324439	1670494325604	1069	OK
REQUEST	PurchaseTickets_tx	bootstrap-table.js	1670494325312	1670494325596	OK	 
REQUEST	PurchaseTickets_tx	bootstrap-table.js	1670494325249	1670494325596	OK	 
GROUP	PurchaseTickets_tx	1670494324439	1670494325610	1046	OK
REQUEST	PurchaseTickets_tx	bootstrap.min.js	1670494325334	1670494325603	OK	 
REQUEST	PurchaseTickets_tx	bootstrap-table.js	1670494325335	1670494325613	OK	 
REQUEST	PurchaseTickets_tx	bootstrap.min.js	1670494325311	1670494325611	OK	 
REQUEST	PurchaseTickets_tx	bootstrap.min.css	1670494325336	1670494325619	OK	 
REQUEST	PurchaseTickets_tx	bootstrap.min.css	1670494325313	1670494325620	OK	 
REQUEST	PurchaseTickets_tx	bootstrap-table.css	1670494325337	1670494325620	OK	 
GROUP	PurchaseTickets_tx	1670494324439	1670494325625	1034	OK
GROUP	PurchaseTickets_tx	1670494324444	1670494325625	1033	OK
REQUEST	PurchaseTickets_tx	bootstrap.min.css	1670494325260	1670494325701	OK	 
REQUEST	PurchaseTickets_tx	bootstrap-table.css	1670494325262	1670494325925	OK	 
GROUP	PurchaseTickets_tx	1670494324439	1670494325926	1389	OK
REQUEST	Homepage_tx	Homepage_request	1670494325611	1670494326025	OK	 
REQUEST	Homepage_tx	Homepage_request	1670494325626	1670494326046	OK	 
REQUEST	Homepage_tx	Homepage_request	1670494325542	1670494326118	OK	 
REQUEST	Homepage_tx	Homepage_request	1670494325626	1670494326160	OK	 
REQUEST	Homepage_tx	Homepage_request	1670494325567	1670494326259	OK	 
REQUEST	Homepage_tx	Homepage_request	1670494325582	1670494326279	OK	 
REQUEST	Homepage_tx	bootstrap-table.css	1670494326037	1670494326283	OK	 
REQUEST	Homepage_tx	bootstrap.min.js	1670494326033	1670494326310	OK	 
REQUEST	Homepage_tx	bootstrap-table.js	1670494326035	1670494326311	OK	 
REQUEST	Homepage_tx	bootstrap.min.css	1670494326036	1670494326313	OK	 
GROUP	Homepage_tx	1670494325611	1670494326314	696	OK
REQUEST	Homepage_tx	bootstrap-table.js	1670494326054	1670494326326	OK	 
REQUEST	Homepage_tx	bootstrap-table.css	1670494326056	1670494326327	OK	 
REQUEST	Homepage_tx	Homepage_request	1670494325581	1670494326326	OK	 
REQUEST	Homepage_tx	Homepage_request	1670494325611	1670494326327	OK	 
REQUEST	Homepage_tx	bootstrap.min.js	1670494326053	1670494326329	OK	 
REQUEST	Homepage_tx	Homepage_request	1670494325611	1670494326327	OK	 
REQUEST	Homepage_tx	bootstrap.min.css	1670494326055	1670494326353	OK	 
GROUP	Homepage_tx	1670494325625	1670494326354	722	OK
REQUEST	Homepage_tx	bootstrap-table.css	1670494326125	1670494326380	OK	 
REQUEST	Homepage_tx	bootstrap-table.js	1670494326123	1670494326386	OK	 
REQUEST	Homepage_tx	bootstrap.min.js	1670494326122	1670494326403	OK	 
REQUEST	Homepage_tx	bootstrap.min.css	1670494326124	1670494326405	OK	 
GROUP	Homepage_tx	1670494325541	1670494326406	860	OK
REQUEST	Homepage_tx	Homepage_request	1670494325927	1670494326409	OK	 
REQUEST	Homepage_tx	bootstrap-table.css	1670494326165	1670494326421	OK	 
REQUEST	Homepage_tx	bootstrap-table.js	1670494326164	1670494326429	OK	 
REQUEST	Homepage_tx	bootstrap.min.js	1670494326163	1670494326430	OK	 
REQUEST	Homepage_tx	bootstrap.min.css	1670494326164	1670494326498	OK	 
GROUP	Homepage_tx	1670494325625	1670494326499	871	OK
REQUEST	Homepage_tx	bootstrap-table.css	1670494326265	1670494326514	OK	 
REQUEST	Homepage_tx	bootstrap.min.js	1670494326263	1670494326518	OK	 
REQUEST	Homepage_tx	bootstrap.min.css	1670494326283	1670494326531	OK	 
REQUEST	Homepage_tx	bootstrap.min.css	1670494326265	1670494326538	OK	 
REQUEST	Homepage_tx	bootstrap-table.js	1670494326264	1670494326539	OK	 
GROUP	Homepage_tx	1670494325566	1670494326540	969	OK
REQUEST	Homepage_tx	bootstrap-table.css	1670494326284	1670494326549	OK	 
REQUEST	Homepage_tx	bootstrap-table.js	1670494326283	1670494326559	OK	 
REQUEST	Homepage_tx	bootstrap.min.js	1670494326282	1670494326560	OK	 
GROUP	Homepage_tx	1670494325580	1670494326561	977	OK
REQUEST	Homepage_tx	bootstrap.min.js	1670494326333	1670494326582	OK	 
REQUEST	Homepage_tx	bootstrap-table.css	1670494326335	1670494326591	OK	 
REQUEST	Homepage_tx	bootstrap.min.css	1670494326334	1670494326592	OK	 
REQUEST	Homepage_tx	bootstrap-table.js	1670494326333	1670494326597	OK	 
GROUP	Homepage_tx	1670494325580	1670494326598	1011	OK
REQUEST	Homepage_tx	bootstrap-table.js	1670494326344	1670494326602	OK	 
REQUEST	Homepage_tx	bootstrap-table.css	1670494326345	1670494326606	OK	 
REQUEST	Homepage_tx	bootstrap-table.css	1670494326359	1670494326610	OK	 
REQUEST	Homepage_tx	bootstrap.min.js	1670494326343	1670494326613	OK	 
REQUEST	Homepage_tx	bootstrap-table.js	1670494326356	1670494326613	OK	 
REQUEST	Homepage_tx	bootstrap.min.js	1670494326355	1670494326614	OK	 
REQUEST	Homepage_tx	bootstrap.min.css	1670494326358	1670494326615	OK	 
GROUP	Homepage_tx	1670494325611	1670494326616	977	OK
REQUEST	Homepage_tx	bootstrap.min.css	1670494326344	1670494326659	OK	 
GROUP	Homepage_tx	1670494325611	1670494326660	1034	OK
REQUEST	Homepage_tx	bootstrap-table.css	1670494326424	1670494326682	OK	 
REQUEST	Homepage_tx	bootstrap.min.js	1670494326420	1670494326684	OK	 
REQUEST	Homepage_tx	bootstrap.min.css	1670494326422	1670494326697	OK	 
REQUEST	Homepage_tx	bootstrap-table.js	1670494326421	1670494326743	OK	 
GROUP	Homepage_tx	1670494325927	1670494326744	808	OK
REQUEST	FindFlight_tx	FindFlightRequest	1670494331329	1670494331684	OK	 
REQUEST	FindFlight_tx	FindFlightRequest	1670494331361	1670494331736	OK	 
REQUEST	FindFlight_tx	FindFlightRequest	1670494331501	1670494331884	OK	 
REQUEST	FindFlight_tx	FindFlightRequest	1670494331548	1670494331935	OK	 
REQUEST	FindFlight_tx	bootstrap.min.css	1670494331695	1670494331954	OK	 
REQUEST	FindFlight_tx	bootstrap-table.css	1670494331696	1670494331956	OK	 
REQUEST	FindFlight_tx	FindFlightRequest	1670494331563	1670494331956	OK	 
REQUEST	FindFlight_tx	bootstrap.min.js	1670494331693	1670494331972	OK	 
REQUEST	FindFlight_tx	bootstrap-table.js	1670494331694	1670494331974	OK	 
GROUP	FindFlight_tx	1670494331329	1670494331975	637	OK
REQUEST	FindFlight_tx	bootstrap-table.js	1670494331745	1670494332006	OK	 
REQUEST	FindFlight_tx	FindFlightRequest	1670494331625	1670494332006	OK	 
REQUEST	FindFlight_tx	bootstrap.min.js	1670494331744	1670494332015	OK	 
REQUEST	FindFlight_tx	bootstrap-table.css	1670494331747	1670494332016	OK	 
REQUEST	FindFlight_tx	bootstrap.min.css	1670494331746	1670494332017	OK	 
GROUP	FindFlight_tx	1670494331360	1670494332024	655	OK
REQUEST	FindFlight_tx	bootstrap.min.js	1670494331889	1670494332146	OK	 
REQUEST	FindFlight_tx	bootstrap-table.js	1670494331890	1670494332149	OK	 
REQUEST	FindFlight_tx	FindFlightRequest	1670494331609	1670494332154	OK	 
REQUEST	FindFlight_tx	bootstrap.min.css	1670494331891	1670494332175	OK	 
REQUEST	FindFlight_tx	FindFlightRequest	1670494331672	1670494332152	OK	 
REQUEST	FindFlight_tx	bootstrap.min.js	1670494331940	1670494332198	OK	 
REQUEST	FindFlight_tx	bootstrap-table.css	1670494331891	1670494332195	OK	 
GROUP	FindFlight_tx	1670494331501	1670494332214	708	OK
REQUEST	FindFlight_tx	bootstrap.min.css	1670494331943	1670494332215	OK	 
REQUEST	FindFlight_tx	bootstrap-table.js	1670494331942	1670494332217	OK	 
REQUEST	FindFlight_tx	bootstrap-table.css	1670494331944	1670494332223	OK	 
GROUP	FindFlight_tx	1670494331547	1670494332225	672	OK
REQUEST	FindFlight_tx	bootstrap-table.css	1670494331970	1670494332227	OK	 
REQUEST	FindFlight_tx	bootstrap.min.js	1670494331966	1670494332229	OK	 
REQUEST	FindFlight_tx	bootstrap-table.js	1670494331968	1670494332242	OK	 
REQUEST	FindFlight_tx	bootstrap.min.css	1670494331969	1670494332245	OK	 
GROUP	FindFlight_tx	1670494331562	1670494332246	673	OK
REQUEST	FindFlight_tx	FindFlightRequest	1670494331752	1670494332249	OK	 
REQUEST	FindFlight_tx	bootstrap-table.css	1670494332017	1670494332265	OK	 
REQUEST	FindFlight_tx	bootstrap.min.css	1670494332017	1670494332279	OK	 
REQUEST	FindFlight_tx	bootstrap.min.js	1670494332015	1670494332281	OK	 
REQUEST	FindFlight_tx	bootstrap-table.js	1670494332016	1670494332317	OK	 
GROUP	FindFlight_tx	1670494331624	1670494332318	685	OK
REQUEST	FindFlight_tx	FindFlightRequest	1670494331407	1670494332351	OK	 
REQUEST	FindFlight_tx	bootstrap.min.js	1670494332170	1670494332432	OK	 
REQUEST	FindFlight_tx	bootstrap-table.css	1670494332174	1670494332434	OK	 
REQUEST	FindFlight_tx	bootstrap.min.css	1670494332173	1670494332443	OK	 
REQUEST	FindFlight_tx	bootstrap-table.js	1670494332172	1670494332447	OK	 
GROUP	FindFlight_tx	1670494331609	1670494332448	825	OK
REQUEST	FindFlight_tx	bootstrap.min.js	1670494332197	1670494332468	OK	 
REQUEST	FindFlight_tx	bootstrap-table.js	1670494332198	1670494332471	OK	 
REQUEST	FindFlight_tx	bootstrap-table.css	1670494332199	1670494332472	OK	 
REQUEST	FindFlight_tx	bootstrap.min.css	1670494332198	1670494332484	OK	 
GROUP	FindFlight_tx	1670494331671	1670494332485	768	OK
REQUEST	FindFlight_tx	bootstrap.min.js	1670494332260	1670494332535	OK	 
REQUEST	FindFlight_tx	bootstrap.min.css	1670494332284	1670494332544	OK	 
REQUEST	FindFlight_tx	bootstrap-table.css	1670494332284	1670494332545	OK	 
REQUEST	FindFlight_tx	bootstrap-table.js	1670494332282	1670494332549	OK	 
GROUP	FindFlight_tx	1670494331751	1670494332549	786	OK
REQUEST	FindFlight_tx	bootstrap-table.css	1670494332356	1670494332602	OK	 
REQUEST	FindFlight_tx	bootstrap.min.js	1670494332354	1670494332606	OK	 
REQUEST	FindFlight_tx	bootstrap-table.js	1670494332355	1670494332624	OK	 
REQUEST	FindFlight_tx	bootstrap.min.css	1670494332355	1670494332625	OK	 
GROUP	FindFlight_tx	1670494331407	1670494332626	1216	OK
REQUEST	SelectFlight_tx	SelectFlight_request	1670494337254	1670494337663	OK	 
REQUEST	SelectFlight_tx	SelectFlight_request	1670494337332	1670494337716	OK	 
REQUEST	SelectFlight_tx	SelectFlight_request	1670494336988	1670494337753	OK	 
REQUEST	SelectFlight_tx	SelectFlight_request	1670494337036	1670494337786	OK	 
REQUEST	SelectFlight_tx	SelectFlight_request	1670494337222	1670494337850	OK	 
REQUEST	SelectFlight_tx	SelectFlight_request	1670494337238	1670494337860	OK	 
REQUEST	SelectFlight_tx	bootstrap-table.css	1670494337669	1670494337923	OK	 
REQUEST	SelectFlight_tx	bootstrap.min.js	1670494337667	1670494337925	OK	 
REQUEST	SelectFlight_tx	bootstrap-table.js	1670494337668	1670494337939	OK	 
REQUEST	SelectFlight_tx	bootstrap.min.css	1670494337668	1670494337939	OK	 
GROUP	SelectFlight_tx	1670494337254	1670494337940	682	OK
REQUEST	SelectFlight_tx	SelectFlight_request	1670494337455	1670494337962	OK	 
REQUEST	SelectFlight_tx	bootstrap-table.css	1670494337724	1670494337993	OK	 
REQUEST	SelectFlight_tx	bootstrap.min.css	1670494337724	1670494337994	OK	 
REQUEST	SelectFlight_tx	bootstrap.min.js	1670494337722	1670494337995	OK	 
REQUEST	SelectFlight_tx	bootstrap-table.js	1670494337723	1670494337996	OK	 
GROUP	SelectFlight_tx	1670494337331	1670494337998	661	OK
REQUEST	SelectFlight_tx	bootstrap.min.js	1670494337759	1670494338010	OK	 
REQUEST	SelectFlight_tx	bootstrap.min.css	1670494337762	1670494338022	OK	 
REQUEST	SelectFlight_tx	bootstrap-table.css	1670494337762	1670494338027	OK	 
REQUEST	SelectFlight_tx	bootstrap-table.js	1670494337761	1670494338044	OK	 
GROUP	SelectFlight_tx	1670494336988	1670494338045	1052	OK
REQUEST	SelectFlight_tx	bootstrap.min.css	1670494337793	1670494338059	OK	 
REQUEST	SelectFlight_tx	bootstrap.min.js	1670494337791	1670494338061	OK	 
REQUEST	SelectFlight_tx	bootstrap-table.css	1670494337794	1670494338061	OK	 
REQUEST	SelectFlight_tx	bootstrap-table.js	1670494337792	1670494338062	OK	 
GROUP	SelectFlight_tx	1670494337036	1670494338062	1022	OK
REQUEST	SelectFlight_tx	SelectFlight_request	1670494337486	1670494338074	OK	 
REQUEST	SelectFlight_tx	SelectFlight_request	1670494337564	1670494338085	OK	 
REQUEST	SelectFlight_tx	bootstrap-table.css	1670494337869	1670494338125	OK	 
REQUEST	SelectFlight_tx	bootstrap-table.css	1670494337855	1670494338125	OK	 
REQUEST	SelectFlight_tx	bootstrap.min.css	1670494337854	1670494338127	OK	 
REQUEST	SelectFlight_tx	bootstrap-table.js	1670494337854	1670494338128	OK	 
REQUEST	SelectFlight_tx	bootstrap.min.js	1670494337853	1670494338138	OK	 
GROUP	SelectFlight_tx	1670494337222	1670494338139	914	OK
REQUEST	SelectFlight_tx	bootstrap.min.js	1670494337867	1670494338138	OK	 
REQUEST	SelectFlight_tx	bootstrap-table.js	1670494337868	1670494338141	OK	 
REQUEST	SelectFlight_tx	SelectFlight_request	1670494337640	1670494338139	OK	 
REQUEST	SelectFlight_tx	bootstrap.min.css	1670494337869	1670494338142	OK	 
GROUP	SelectFlight_tx	1670494337237	1670494338154	909	OK
REQUEST	SelectFlight_tx	bootstrap-table.css	1670494337968	1670494338226	OK	 
REQUEST	SelectFlight_tx	bootstrap-table.js	1670494337967	1670494338227	OK	 
REQUEST	SelectFlight_tx	bootstrap.min.css	1670494337967	1670494338248	OK	 
REQUEST	SelectFlight_tx	bootstrap.min.js	1670494337966	1670494338250	OK	 
GROUP	SelectFlight_tx	1670494337454	1670494338251	791	OK
REQUEST	SelectFlight_tx	bootstrap-table.js	1670494338077	1670494338336	OK	 
REQUEST	SelectFlight_tx	bootstrap-table.js	1670494338090	1670494338347	OK	 
REQUEST	SelectFlight_tx	bootstrap.min.js	1670494338076	1670494338347	OK	 
REQUEST	SelectFlight_tx	bootstrap.min.css	1670494338077	1670494338348	OK	 
REQUEST	SelectFlight_tx	bootstrap-table.css	1670494338077	1670494338349	OK	 
GROUP	SelectFlight_tx	1670494337486	1670494338350	862	OK
REQUEST	SelectFlight_tx	bootstrap.min.js	1670494338088	1670494338365	OK	 
REQUEST	SelectFlight_tx	bootstrap-table.css	1670494338091	1670494338366	OK	 
REQUEST	SelectFlight_tx	bootstrap.min.css	1670494338090	1670494338368	OK	 
GROUP	SelectFlight_tx	1670494337563	1670494338369	802	OK
REQUEST	SelectFlight_tx	bootstrap.min.js	1670494338158	1670494338413	OK	 
REQUEST	SelectFlight_tx	bootstrap-table.css	1670494338161	1670494338415	OK	 
REQUEST	SelectFlight_tx	bootstrap-table.js	1670494338159	1670494338424	OK	 
REQUEST	SelectFlight_tx	bootstrap.min.css	1670494338160	1670494338426	OK	 
GROUP	SelectFlight_tx	1670494337640	1670494338427	769	OK
REQUEST	PurchaseTickets_tx	purchaseTicket_request	1670494343001	1670494343564	OK	 
REQUEST	PurchaseTickets_tx	purchaseTicket_request	1670494342954	1670494343589	OK	 
REQUEST	PurchaseTickets_tx	purchaseTicket_request	1670494343047	1670494343680	OK	 
REQUEST	PurchaseTickets_tx	purchaseTicket_request	1670494343142	1670494343726	OK	 
REQUEST	PurchaseTickets_tx	purchaseTicket_request	1670494343158	1670494343804	OK	 
REQUEST	PurchaseTickets_tx	bootstrap-table.css	1670494343573	1670494343839	OK	 
REQUEST	PurchaseTickets_tx	purchaseTicket_request	1670494343267	1670494343839	OK	 
REQUEST	PurchaseTickets_tx	bootstrap-table.js	1670494343571	1670494343840	OK	 
REQUEST	PurchaseTickets_tx	bootstrap.min.css	1670494343572	1670494343841	OK	 
REQUEST	PurchaseTickets_tx	bootstrap.min.js	1670494343569	1670494343846	OK	 
REQUEST	PurchaseTickets_tx	bootstrap-table.css	1670494343598	1670494343853	OK	 
GROUP	PurchaseTickets_tx	1670494343001	1670494343859	853	OK
REQUEST	PurchaseTickets_tx	bootstrap.min.js	1670494343596	1670494343861	OK	 
REQUEST	PurchaseTickets_tx	bootstrap.min.css	1670494343598	1670494343867	OK	 
REQUEST	PurchaseTickets_tx	purchaseTicket_request	1670494343079	1670494343867	OK	 
REQUEST	PurchaseTickets_tx	bootstrap-table.js	1670494343597	1670494343896	OK	 
GROUP	PurchaseTickets_tx	1670494342953	1670494343910	950	OK
REQUEST	PurchaseTickets_tx	bootstrap-table.js	1670494343685	1670494343946	OK	 
REQUEST	PurchaseTickets_tx	bootstrap.min.js	1670494343685	1670494343948	OK	 
REQUEST	PurchaseTickets_tx	bootstrap-table.css	1670494343686	1670494343948	OK	 
REQUEST	PurchaseTickets_tx	bootstrap.min.css	1670494343686	1670494343956	OK	 
GROUP	PurchaseTickets_tx	1670494343047	1670494343957	906	OK
REQUEST	PurchaseTickets_tx	bootstrap-table.css	1670494343735	1670494343991	OK	 
REQUEST	PurchaseTickets_tx	bootstrap.min.css	1670494343734	1670494344004	OK	 
REQUEST	PurchaseTickets_tx	bootstrap.min.js	1670494343731	1670494344025	OK	 
REQUEST	PurchaseTickets_tx	purchaseTicket_request	1670494343361	1670494344026	OK	 
REQUEST	PurchaseTickets_tx	bootstrap-table.js	1670494343732	1670494344052	OK	 
GROUP	PurchaseTickets_tx	1670494343141	1670494344053	906	OK
REQUEST	PurchaseTickets_tx	bootstrap-table.css	1670494343812	1670494344067	OK	 
REQUEST	PurchaseTickets_tx	bootstrap.min.css	1670494343812	1670494344068	OK	 
REQUEST	PurchaseTickets_tx	bootstrap-table.js	1670494343811	1670494344088	OK	 
REQUEST	PurchaseTickets_tx	purchaseTicket_request	1670494343436	1670494344087	OK	 
REQUEST	PurchaseTickets_tx	bootstrap.min.js	1670494343810	1670494344089	OK	 
GROUP	PurchaseTickets_tx	1670494343158	1670494344090	926	OK
REQUEST	PurchaseTickets_tx	bootstrap.min.css	1670494343847	1670494344098	OK	 
REQUEST	PurchaseTickets_tx	bootstrap-table.css	1670494343847	1670494344107	OK	 
REQUEST	PurchaseTickets_tx	bootstrap.min.js	1670494343845	1670494344109	OK	 
REQUEST	PurchaseTickets_tx	bootstrap-table.js	1670494343846	1670494344124	OK	 
GROUP	PurchaseTickets_tx	1670494343266	1670494344125	852	OK
REQUEST	PurchaseTickets_tx	bootstrap-table.js	1670494343917	1670494344184	OK	 
REQUEST	PurchaseTickets_tx	bootstrap.min.js	1670494343916	1670494344185	OK	 
REQUEST	PurchaseTickets_tx	bootstrap.min.css	1670494343917	1670494344186	OK	 
REQUEST	PurchaseTickets_tx	bootstrap-table.css	1670494343918	1670494344193	OK	 
GROUP	PurchaseTickets_tx	1670494343078	1670494344193	1065	OK
REQUEST	PurchaseTickets_tx	bootstrap-table.css	1670494344032	1670494344294	OK	 
REQUEST	PurchaseTickets_tx	bootstrap.min.css	1670494344032	1670494344296	OK	 
REQUEST	PurchaseTickets_tx	bootstrap.min.js	1670494344031	1670494344317	OK	 
REQUEST	Homepage_tx	Homepage_request	1670494343860	1670494344330	OK	 
REQUEST	PurchaseTickets_tx	bootstrap.min.js	1670494344093	1670494344350	OK	 
REQUEST	PurchaseTickets_tx	bootstrap-table.js	1670494344094	1670494344356	OK	 
REQUEST	Homepage_tx	Homepage_request	1670494343912	1670494344358	OK	 
REQUEST	PurchaseTickets_tx	bootstrap-table.css	1670494344096	1670494344368	OK	 
REQUEST	PurchaseTickets_tx	bootstrap.min.css	1670494344095	1670494344369	OK	 
GROUP	PurchaseTickets_tx	1670494343435	1670494344369	927	OK
REQUEST	PurchaseTickets_tx	bootstrap-table.js	1670494344031	1670494344387	OK	 
GROUP	PurchaseTickets_tx	1670494343360	1670494344388	1023	OK
REQUEST	Homepage_tx	Homepage_request	1670494343959	1670494344445	OK	 
REQUEST	Homepage_tx	bootstrap.min.js	1670494344335	1670494344589	OK	 
REQUEST	Homepage_tx	bootstrap-table.css	1670494344338	1670494344599	OK	 
REQUEST	Homepage_tx	bootstrap.min.css	1670494344337	1670494344601	OK	 
REQUEST	Homepage_tx	bootstrap-table.js	1670494344336	1670494344612	OK	 
GROUP	Homepage_tx	1670494343860	1670494344613	748	OK
REQUEST	Homepage_tx	bootstrap-table.css	1670494344369	1670494344635	OK	 
REQUEST	Homepage_tx	bootstrap-table.js	1670494344368	1670494344636	OK	 
REQUEST	Homepage_tx	bootstrap.min.js	1670494344367	1670494344650	OK	 
REQUEST	Homepage_tx	bootstrap.min.css	1670494344368	1670494344654	OK	 
GROUP	Homepage_tx	1670494343912	1670494344656	735	OK
REQUEST	Homepage_tx	Homepage_request	1670494344055	1670494344653	OK	 
REQUEST	Homepage_tx	Homepage_request	1670494344091	1670494344673	OK	 
REQUEST	Homepage_tx	bootstrap-table.js	1670494344449	1670494344700	OK	 
REQUEST	Homepage_tx	bootstrap-table.css	1670494344450	1670494344711	OK	 
REQUEST	Homepage_tx	bootstrap.min.js	1670494344448	1670494344712	OK	 
REQUEST	Homepage_tx	bootstrap.min.css	1670494344449	1670494344722	OK	 
GROUP	Homepage_tx	1670494343959	1670494344722	760	OK
REQUEST	PurchaseTickets_tx	purchaseTicket_request	1670494343375	1670494344736	OK	 
REQUEST	Homepage_tx	Homepage_request	1670494344370	1670494344746	OK	 
REQUEST	Homepage_tx	Homepage_request	1670494344194	1670494344752	OK	 
REQUEST	Homepage_tx	Homepage_request	1670494344389	1670494344821	OK	 
REQUEST	Homepage_tx	bootstrap-table.js	1670494344661	1670494344920	OK	 
REQUEST	Homepage_tx	bootstrap.min.js	1670494344660	1670494344927	OK	 
REQUEST	Homepage_tx	bootstrap-table.css	1670494344665	1670494344936	OK	 
REQUEST	Homepage_tx	bootstrap-table.css	1670494344686	1670494344952	OK	 
REQUEST	Homepage_tx	bootstrap.min.css	1670494344662	1670494344952	OK	 
GROUP	Homepage_tx	1670494344054	1670494344952	891	OK
REQUEST	Homepage_tx	bootstrap.min.js	1670494344678	1670494344953	OK	 
REQUEST	Homepage_tx	bootstrap-table.js	1670494344683	1670494344957	OK	 
REQUEST	Homepage_tx	bootstrap.min.css	1670494344685	1670494344965	OK	 
GROUP	Homepage_tx	1670494344090	1670494344965	869	OK
REQUEST	Homepage_tx	Homepage_request	1670494344127	1670494344979	OK	 
REQUEST	Homepage_tx	bootstrap-table.css	1670494344751	1670494345004	OK	 
REQUEST	PurchaseTickets_tx	bootstrap.min.js	1670494344739	1670494345006	OK	 
REQUEST	Homepage_tx	bootstrap.min.js	1670494344757	1670494345017	OK	 
REQUEST	PurchaseTickets_tx	bootstrap-table.css	1670494344741	1670494345017	OK	 
REQUEST	Homepage_tx	bootstrap.min.js	1670494344750	1670494345017	OK	 
REQUEST	Homepage_tx	bootstrap-table.css	1670494344758	1670494345019	OK	 
REQUEST	PurchaseTickets_tx	bootstrap.min.css	1670494344741	1670494345019	OK	 
REQUEST	Homepage_tx	bootstrap-table.js	1670494344751	1670494345020	OK	 
REQUEST	Homepage_tx	bootstrap-table.js	1670494344757	1670494345027	OK	 
REQUEST	PurchaseTickets_tx	bootstrap-table.js	1670494344740	1670494345021	OK	 
GROUP	PurchaseTickets_tx	1670494343375	1670494345028	1650	OK
REQUEST	Homepage_tx	bootstrap.min.css	1670494344751	1670494345029	OK	 
GROUP	Homepage_tx	1670494344370	1670494345030	656	OK
REQUEST	Homepage_tx	bootstrap.min.css	1670494344758	1670494345029	OK	 
GROUP	Homepage_tx	1670494344194	1670494345049	851	OK
REQUEST	Homepage_tx	bootstrap.min.js	1670494344823	1670494345081	OK	 
REQUEST	Homepage_tx	bootstrap-table.css	1670494344824	1670494345089	OK	 
REQUEST	Homepage_tx	bootstrap-table.js	1670494344824	1670494345095	OK	 
REQUEST	Homepage_tx	bootstrap.min.css	1670494344824	1670494345104	OK	 
GROUP	Homepage_tx	1670494344388	1670494345105	714	OK
REQUEST	Homepage_tx	bootstrap.min.js	1670494344981	1670494345249	OK	 
REQUEST	Homepage_tx	bootstrap-table.js	1670494344981	1670494345250	OK	 
REQUEST	Homepage_tx	bootstrap.min.css	1670494344982	1670494345251	OK	 
REQUEST	Homepage_tx	bootstrap-table.css	1670494344982	1670494345252	OK	 
GROUP	Homepage_tx	1670494344126	1670494345253	1123	OK
REQUEST	Homepage_tx	Homepage_request	1670494345030	1670494345384	OK	 
REQUEST	Homepage_tx	bootstrap-table.js	1670494345388	1670494345648	OK	 
REQUEST	Homepage_tx	bootstrap.min.css	1670494345389	1670494345651	OK	 
REQUEST	Homepage_tx	bootstrap-table.css	1670494345390	1670494345654	OK	 
REQUEST	Homepage_tx	bootstrap.min.js	1670494345388	1670494345655	OK	 
GROUP	Homepage_tx	1670494345029	1670494345656	623	OK
REQUEST	FindFlight_tx	FindFlightRequest	1670494349728	1670494350094	OK	 
REQUEST	FindFlight_tx	FindFlightRequest	1670494349666	1670494350144	OK	 
REQUEST	FindFlight_tx	FindFlightRequest	1670494349619	1670494350153	OK	 
REQUEST	FindFlight_tx	FindFlightRequest	1670494349977	1670494350336	OK	 
REQUEST	FindFlight_tx	bootstrap-table.css	1670494350100	1670494350355	OK	 
REQUEST	FindFlight_tx	bootstrap.min.css	1670494350099	1670494350356	OK	 
REQUEST	FindFlight_tx	bootstrap.min.js	1670494350098	1670494350357	OK	 
REQUEST	FindFlight_tx	bootstrap-table.js	1670494350099	1670494350365	OK	 
GROUP	FindFlight_tx	1670494349728	1670494350366	634	OK
REQUEST	FindFlight_tx	FindFlightRequest	1670494349963	1670494350376	OK	 
REQUEST	FindFlight_tx	FindFlightRequest	1670494350039	1670494350396	OK	 
REQUEST	FindFlight_tx	bootstrap.min.js	1670494350161	1670494350407	OK	 
REQUEST	FindFlight_tx	bootstrap.min.js	1670494350149	1670494350414	OK	 
REQUEST	FindFlight_tx	bootstrap-table.css	1670494350151	1670494350419	OK	 
REQUEST	FindFlight_tx	bootstrap-table.css	1670494350163	1670494350419	OK	 
REQUEST	FindFlight_tx	bootstrap.min.css	1670494350150	1670494350426	OK	 
REQUEST	FindFlight_tx	bootstrap-table.js	1670494350162	1670494350425	OK	 
REQUEST	FindFlight_tx	bootstrap-table.js	1670494350150	1670494350427	OK	 
GROUP	FindFlight_tx	1670494349665	1670494350434	763	OK
REQUEST	FindFlight_tx	FindFlightRequest	1670494350054	1670494350428	OK	 
REQUEST	FindFlight_tx	bootstrap.min.css	1670494350162	1670494350433	OK	 
GROUP	FindFlight_tx	1670494349619	1670494350445	819	OK
REQUEST	FindFlight_tx	bootstrap-table.css	1670494350342	1670494350592	OK	 
REQUEST	FindFlight_tx	bootstrap.min.js	1670494350340	1670494350599	OK	 
REQUEST	FindFlight_tx	bootstrap.min.css	1670494350341	1670494350608	OK	 
REQUEST	FindFlight_tx	FindFlightRequest	1670494350115	1670494350613	OK	 
REQUEST	FindFlight_tx	bootstrap-table.js	1670494350341	1670494350618	OK	 
GROUP	FindFlight_tx	1670494349977	1670494350619	638	OK
REQUEST	FindFlight_tx	bootstrap-table.js	1670494350382	1670494350639	OK	 
REQUEST	FindFlight_tx	bootstrap.min.css	1670494350382	1670494350645	OK	 
REQUEST	FindFlight_tx	bootstrap-table.css	1670494350383	1670494350646	OK	 
REQUEST	FindFlight_tx	bootstrap.min.js	1670494350381	1670494350649	OK	 
GROUP	FindFlight_tx	1670494349961	1670494350649	681	OK
REQUEST	FindFlight_tx	bootstrap-table.js	1670494350403	1670494350663	OK	 
REQUEST	FindFlight_tx	bootstrap-table.css	1670494350404	1670494350664	OK	 
REQUEST	FindFlight_tx	FindFlightRequest	1670494350256	1670494350663	OK	 
REQUEST	FindFlight_tx	bootstrap.min.css	1670494350403	1670494350672	OK	 
REQUEST	FindFlight_tx	bootstrap.min.js	1670494350402	1670494350675	OK	 
GROUP	FindFlight_tx	1670494350038	1670494350676	631	OK
REQUEST	FindFlight_tx	bootstrap-table.css	1670494350452	1670494350707	OK	 
REQUEST	FindFlight_tx	bootstrap.min.css	1670494350452	1670494350714	OK	 
REQUEST	FindFlight_tx	bootstrap-table.js	1670494350451	1670494350716	OK	 
REQUEST	FindFlight_tx	bootstrap.min.js	1670494350450	1670494350720	OK	 
GROUP	FindFlight_tx	1670494350054	1670494350722	646	OK
REQUEST	FindFlight_tx	bootstrap.min.js	1670494350617	1670494350879	OK	 
REQUEST	FindFlight_tx	bootstrap-table.js	1670494350618	1670494350880	OK	 
REQUEST	FindFlight_tx	bootstrap-table.css	1670494350618	1670494350881	OK	 
REQUEST	FindFlight_tx	bootstrap.min.css	1670494350618	1670494350895	OK	 
GROUP	FindFlight_tx	1670494350115	1670494350896	777	OK
REQUEST	FindFlight_tx	bootstrap.min.js	1670494350667	1670494350921	OK	 
REQUEST	FindFlight_tx	bootstrap-table.css	1670494350668	1670494350931	OK	 
REQUEST	FindFlight_tx	bootstrap-table.js	1670494350668	1670494350949	OK	 
REQUEST	FindFlight_tx	bootstrap.min.css	1670494350668	1670494350951	OK	 
GROUP	FindFlight_tx	1670494350255	1670494350952	692	OK
REQUEST	FindFlight_tx	FindFlightRequest	1670494350670	1670494351182	OK	 
REQUEST	FindFlight_tx	bootstrap.min.css	1670494351191	1670494351462	OK	 
REQUEST	FindFlight_tx	bootstrap.min.js	1670494351189	1670494351463	OK	 
REQUEST	FindFlight_tx	bootstrap-table.js	1670494351190	1670494351466	OK	 
REQUEST	FindFlight_tx	bootstrap-table.css	1670494351192	1670494351468	OK	 
GROUP	FindFlight_tx	1670494350670	1670494351469	793	OK
REQUEST	SelectFlight_tx	SelectFlight_request	1670494355369	1670494355943	OK	 
REQUEST	SelectFlight_tx	SelectFlight_request	1670494355636	1670494355986	OK	 
REQUEST	SelectFlight_tx	SelectFlight_request	1670494355446	1670494356058	OK	 
REQUEST	SelectFlight_tx	SelectFlight_request	1670494355446	1670494356059	OK	 
REQUEST	SelectFlight_tx	SelectFlight_request	1670494355652	1670494356136	OK	 
REQUEST	SelectFlight_tx	SelectFlight_request	1670494355732	1670494356164	OK	 
REQUEST	SelectFlight_tx	bootstrap-table.css	1670494355946	1670494356203	OK	 
REQUEST	SelectFlight_tx	bootstrap.min.js	1670494355945	1670494356227	OK	 
REQUEST	SelectFlight_tx	bootstrap.min.css	1670494355945	1670494356230	OK	 
REQUEST	SelectFlight_tx	bootstrap-table.js	1670494355945	1670494356231	OK	 
GROUP	SelectFlight_tx	1670494355368	1670494356232	862	OK
REQUEST	SelectFlight_tx	bootstrap-table.css	1670494355993	1670494356247	OK	 
REQUEST	SelectFlight_tx	bootstrap.min.js	1670494355991	1670494356249	OK	 
REQUEST	SelectFlight_tx	bootstrap.min.css	1670494355993	1670494356259	OK	 
REQUEST	SelectFlight_tx	bootstrap-table.js	1670494355992	1670494356275	OK	 
GROUP	SelectFlight_tx	1670494355635	1670494356276	635	OK
REQUEST	SelectFlight_tx	SelectFlight_request	1670494355683	1670494356305	OK	 
REQUEST	SelectFlight_tx	bootstrap-table.css	1670494356063	1670494356320	OK	 
REQUEST	SelectFlight_tx	bootstrap.min.js	1670494356062	1670494356336	OK	 
REQUEST	SelectFlight_tx	bootstrap.min.css	1670494356063	1670494356337	OK	 
REQUEST	SelectFlight_tx	bootstrap.min.js	1670494356073	1670494356341	OK	 
REQUEST	SelectFlight_tx	bootstrap-table.js	1670494356062	1670494356345	OK	 
GROUP	SelectFlight_tx	1670494355446	1670494356346	897	OK
REQUEST	SelectFlight_tx	bootstrap.min.css	1670494356074	1670494356345	OK	 
REQUEST	SelectFlight_tx	bootstrap-table.css	1670494356075	1670494356352	OK	 
REQUEST	SelectFlight_tx	bootstrap-table.js	1670494356074	1670494356352	OK	 
GROUP	SelectFlight_tx	1670494355446	1670494356353	894	OK
REQUEST	SelectFlight_tx	SelectFlight_request	1670494355904	1670494356370	OK	 
REQUEST	SelectFlight_tx	bootstrap.min.css	1670494356140	1670494356404	OK	 
REQUEST	SelectFlight_tx	bootstrap-table.css	1670494356140	1670494356415	OK	 
REQUEST	SelectFlight_tx	bootstrap-table.js	1670494356139	1670494356416	OK	 
REQUEST	SelectFlight_tx	bootstrap.min.js	1670494356139	1670494356424	OK	 
GROUP	SelectFlight_tx	1670494355651	1670494356425	771	OK
REQUEST	SelectFlight_tx	bootstrap-table.css	1670494356169	1670494356424	OK	 
REQUEST	SelectFlight_tx	bootstrap.min.css	1670494356168	1670494356432	OK	 
REQUEST	SelectFlight_tx	bootstrap.min.js	1670494356167	1670494356434	OK	 
REQUEST	SelectFlight_tx	bootstrap-table.js	1670494356168	1670494356445	OK	 
GROUP	SelectFlight_tx	1670494355731	1670494356446	711	OK
REQUEST	SelectFlight_tx	SelectFlight_request	1670494355966	1670494356505	OK	 
REQUEST	SelectFlight_tx	bootstrap.min.js	1670494356312	1670494356566	OK	 
REQUEST	SelectFlight_tx	bootstrap.min.css	1670494356313	1670494356567	OK	 
REQUEST	SelectFlight_tx	bootstrap-table.css	1670494356314	1670494356585	OK	 
REQUEST	SelectFlight_tx	bootstrap-table.js	1670494356313	1670494356586	OK	 
GROUP	SelectFlight_tx	1670494355683	1670494356586	897	OK
REQUEST	SelectFlight_tx	bootstrap.min.js	1670494356373	1670494356643	OK	 
REQUEST	SelectFlight_tx	bootstrap-table.js	1670494356373	1670494356658	OK	 
REQUEST	SelectFlight_tx	bootstrap-table.css	1670494356374	1670494356667	OK	 
REQUEST	SelectFlight_tx	bootstrap.min.css	1670494356374	1670494356668	OK	 
GROUP	SelectFlight_tx	1670494355903	1670494356699	793	OK
REQUEST	SelectFlight_tx	bootstrap.min.js	1670494356508	1670494356784	OK	 
REQUEST	SelectFlight_tx	bootstrap-table.css	1670494356510	1670494356785	OK	 
REQUEST	SelectFlight_tx	bootstrap.min.css	1670494356509	1670494356785	OK	 
REQUEST	SelectFlight_tx	bootstrap-table.js	1670494356509	1670494356788	OK	 
GROUP	SelectFlight_tx	1670494355965	1670494356788	819	OK
REQUEST	SelectFlight_tx	SelectFlight_request	1670494356473	1670494356840	OK	 
REQUEST	SelectFlight_tx	bootstrap-table.css	1670494356843	1670494357105	OK	 
REQUEST	SelectFlight_tx	bootstrap.min.js	1670494356842	1670494357106	OK	 
REQUEST	SelectFlight_tx	bootstrap.min.css	1670494356843	1670494357109	OK	 
REQUEST	SelectFlight_tx	bootstrap-table.js	1670494356843	1670494357121	OK	 
GROUP	SelectFlight_tx	1670494356472	1670494357121	646	OK
REQUEST	PurchaseTickets_tx	purchaseTicket_request	1670494361236	1670494361656	OK	 
REQUEST	PurchaseTickets_tx	purchaseTicket_request	1670494361283	1670494361765	OK	 
REQUEST	PurchaseTickets_tx	bootstrap.min.js	1670494361658	1670494361923	OK	 
REQUEST	PurchaseTickets_tx	bootstrap-table.css	1670494361660	1670494361929	OK	 
REQUEST	PurchaseTickets_tx	bootstrap-table.js	1670494361659	1670494361930	OK	 
REQUEST	PurchaseTickets_tx	purchaseTicket_request	1670494361453	1670494361943	OK	 
REQUEST	PurchaseTickets_tx	bootstrap.min.css	1670494361660	1670494361952	OK	 
GROUP	PurchaseTickets_tx	1670494361236	1670494361953	715	OK
REQUEST	PurchaseTickets_tx	purchaseTicket_request	1670494361438	1670494361955	OK	 
REQUEST	PurchaseTickets_tx	purchaseTicket_request	1670494361360	1670494361965	OK	 
REQUEST	PurchaseTickets_tx	bootstrap-table.css	1670494361769	1670494362023	OK	 
REQUEST	PurchaseTickets_tx	purchaseTicket_request	1670494361360	1670494362027	OK	 
REQUEST	PurchaseTickets_tx	bootstrap.min.js	1670494361768	1670494362029	OK	 
REQUEST	PurchaseTickets_tx	bootstrap-table.js	1670494361768	1670494362033	OK	 
REQUEST	PurchaseTickets_tx	bootstrap.min.css	1670494361769	1670494362043	OK	 
GROUP	PurchaseTickets_tx	1670494361282	1670494362044	758	OK
REQUEST	PurchaseTickets_tx	purchaseTicket_request	1670494361595	1670494362044	OK	 
REQUEST	PurchaseTickets_tx	purchaseTicket_request	1670494361795	1670494362185	OK	 
REQUEST	PurchaseTickets_tx	bootstrap.min.css	1670494361944	1670494362219	OK	 
REQUEST	PurchaseTickets_tx	bootstrap-table.css	1670494361945	1670494362220	OK	 
REQUEST	PurchaseTickets_tx	bootstrap.min.js	1670494361958	1670494362220	OK	 
REQUEST	PurchaseTickets_tx	purchaseTicket_request	1670494361704	1670494362219	OK	 
REQUEST	PurchaseTickets_tx	bootstrap-table.js	1670494361944	1670494362221	OK	 
REQUEST	PurchaseTickets_tx	bootstrap-table.js	1670494361958	1670494362221	OK	 
REQUEST	PurchaseTickets_tx	bootstrap.min.js	1670494361944	1670494362222	OK	 
GROUP	PurchaseTickets_tx	1670494361453	1670494362235	780	OK
REQUEST	PurchaseTickets_tx	bootstrap-table.css	1670494361959	1670494362235	OK	 
REQUEST	PurchaseTickets_tx	bootstrap-table.css	1670494361968	1670494362237	OK	 
REQUEST	PurchaseTickets_tx	bootstrap.min.css	1670494361959	1670494362245	OK	 
GROUP	PurchaseTickets_tx	1670494361437	1670494362246	805	OK
REQUEST	PurchaseTickets_tx	bootstrap.min.js	1670494361966	1670494362246	OK	 
REQUEST	PurchaseTickets_tx	bootstrap-table.js	1670494361967	1670494362247	OK	 
REQUEST	PurchaseTickets_tx	bootstrap.min.css	1670494361968	1670494362260	OK	 
GROUP	PurchaseTickets_tx	1670494361359	1670494362260	899	OK
REQUEST	PurchaseTickets_tx	bootstrap-table.js	1670494362048	1670494362305	OK	 
REQUEST	PurchaseTickets_tx	bootstrap-table.css	1670494362031	1670494362305	OK	 
REQUEST	PurchaseTickets_tx	bootstrap.min.js	1670494362048	1670494362305	OK	 
REQUEST	PurchaseTickets_tx	bootstrap.min.css	1670494362031	1670494362306	OK	 
REQUEST	PurchaseTickets_tx	bootstrap-table.css	1670494362049	1670494362306	OK	 
REQUEST	PurchaseTickets_tx	bootstrap.min.js	1670494362030	1670494362307	OK	 
REQUEST	PurchaseTickets_tx	bootstrap-table.js	1670494362031	1670494362327	OK	 
GROUP	PurchaseTickets_tx	1670494361359	1670494362327	964	OK
REQUEST	PurchaseTickets_tx	bootstrap.min.css	1670494362049	1670494362327	OK	 
GROUP	PurchaseTickets_tx	1670494361594	1670494362327	729	OK
REQUEST	Homepage_tx	Homepage_request	1670494361954	1670494362364	OK	 
REQUEST	Homepage_tx	Homepage_request	1670494362044	1670494362385	OK	 
REQUEST	PurchaseTickets_tx	bootstrap.min.js	1670494362188	1670494362445	OK	 
REQUEST	PurchaseTickets_tx	bootstrap-table.js	1670494362189	1670494362449	OK	 
REQUEST	PurchaseTickets_tx	bootstrap-table.css	1670494362190	1670494362450	OK	 
REQUEST	PurchaseTickets_tx	bootstrap.min.css	1670494362189	1670494362457	OK	 
GROUP	PurchaseTickets_tx	1670494361795	1670494362458	660	OK
REQUEST	PurchaseTickets_tx	bootstrap-table.js	1670494362224	1670494362477	OK	 
REQUEST	PurchaseTickets_tx	bootstrap.min.js	1670494362224	1670494362495	OK	 
REQUEST	PurchaseTickets_tx	purchaseTicket_request	1670494362123	1670494362494	OK	 
REQUEST	PurchaseTickets_tx	bootstrap-table.css	1670494362225	1670494362496	OK	 
REQUEST	PurchaseTickets_tx	bootstrap.min.css	1670494362225	1670494362532	OK	 
GROUP	PurchaseTickets_tx	1670494361703	1670494362532	824	OK
REQUEST	Homepage_tx	bootstrap.min.js	1670494362367	1670494362626	OK	 
REQUEST	Homepage_tx	bootstrap-table.js	1670494362367	1670494362629	OK	 
REQUEST	Homepage_tx	bootstrap.min.css	1670494362367	1670494362629	OK	 
REQUEST	Homepage_tx	bootstrap-table.css	1670494362368	1670494362646	OK	 
GROUP	Homepage_tx	1670494361954	1670494362646	690	OK
REQUEST	Homepage_tx	bootstrap-table.js	1670494362388	1670494362648	OK	 
REQUEST	Homepage_tx	Homepage_request	1670494362261	1670494362647	OK	 
REQUEST	Homepage_tx	bootstrap-table.css	1670494362389	1670494362649	OK	 
REQUEST	Homepage_tx	bootstrap.min.js	1670494362388	1670494362657	OK	 
REQUEST	Homepage_tx	bootstrap.min.css	1670494362389	1670494362663	OK	 
GROUP	Homepage_tx	1670494362044	1670494362672	624	OK
REQUEST	PurchaseTickets_tx	bootstrap-table.css	1670494362500	1670494362766	OK	 
REQUEST	PurchaseTickets_tx	bootstrap-table.js	1670494362499	1670494362767	OK	 
REQUEST	Homepage_tx	Homepage_request	1670494362328	1670494362781	OK	 
REQUEST	PurchaseTickets_tx	bootstrap.min.js	1670494362499	1670494362787	OK	 
REQUEST	PurchaseTickets_tx	bootstrap.min.css	1670494362500	1670494362821	OK	 
GROUP	PurchaseTickets_tx	1670494362123	1670494362822	695	OK
REQUEST	Homepage_tx	Homepage_request	1670494362235	1670494362829	OK	 
REQUEST	Homepage_tx	Homepage_request	1670494362247	1670494362830	OK	 
REQUEST	Homepage_tx	Homepage_request	1670494362328	1670494362834	OK	 
REQUEST	Homepage_tx	bootstrap.min.js	1670494362652	1670494362907	OK	 
REQUEST	Homepage_tx	bootstrap-table.js	1670494362653	1670494362910	OK	 
REQUEST	Homepage_tx	Homepage_request	1670494362459	1670494362912	OK	 
REQUEST	Homepage_tx	bootstrap-table.css	1670494362654	1670494362917	OK	 
REQUEST	Homepage_tx	Homepage_request	1670494362533	1670494362917	OK	 
REQUEST	Homepage_tx	bootstrap.min.css	1670494362654	1670494362917	OK	 
GROUP	Homepage_tx	1670494362260	1670494362918	652	OK
REQUEST	Homepage_tx	bootstrap-table.css	1670494362787	1670494363044	OK	 
REQUEST	Homepage_tx	bootstrap-table.js	1670494362785	1670494363045	OK	 
REQUEST	Homepage_tx	bootstrap.min.css	1670494362786	1670494363067	OK	 
REQUEST	Homepage_tx	bootstrap.min.js	1670494362784	1670494363068	OK	 
GROUP	Homepage_tx	1670494362327	1670494363068	737	OK
REQUEST	Homepage_tx	bootstrap.min.css	1670494362836	1670494363094	OK	 
REQUEST	Homepage_tx	bootstrap.min.js	1670494362834	1670494363096	OK	 
REQUEST	Homepage_tx	bootstrap-table.css	1670494362836	1670494363096	OK	 
REQUEST	Homepage_tx	bootstrap-table.js	1670494362835	1670494363105	OK	 
GROUP	Homepage_tx	1670494362235	1670494363106	866	OK
REQUEST	Homepage_tx	bootstrap-table.css	1670494362852	1670494363114	OK	 
REQUEST	Homepage_tx	bootstrap-table.js	1670494362851	1670494363115	OK	 
REQUEST	Homepage_tx	bootstrap-table.js	1670494362861	1670494363121	OK	 
REQUEST	Homepage_tx	bootstrap.min.css	1670494362861	1670494363124	OK	 
REQUEST	Homepage_tx	bootstrap.min.js	1670494362849	1670494363126	OK	 
REQUEST	Homepage_tx	bootstrap-table.css	1670494362862	1670494363128	OK	 
REQUEST	Homepage_tx	bootstrap.min.js	1670494362860	1670494363136	OK	 
GROUP	Homepage_tx	1670494362327	1670494363136	783	OK
REQUEST	Homepage_tx	bootstrap.min.css	1670494362851	1670494363165	OK	 
GROUP	Homepage_tx	1670494362247	1670494363166	900	OK
REQUEST	Homepage_tx	bootstrap.min.css	1670494362916	1670494363170	OK	 
REQUEST	Homepage_tx	bootstrap.min.js	1670494362915	1670494363171	OK	 
REQUEST	Homepage_tx	bootstrap-table.js	1670494362916	1670494363173	OK	 
REQUEST	Homepage_tx	bootstrap-table.css	1670494362916	1670494363175	OK	 
GROUP	Homepage_tx	1670494362458	1670494363176	713	OK
REQUEST	Homepage_tx	bootstrap-table.css	1670494362922	1670494363185	OK	 
REQUEST	Homepage_tx	bootstrap-table.js	1670494362921	1670494363186	OK	 
REQUEST	Homepage_tx	bootstrap.min.js	1670494362920	1670494363186	OK	 
REQUEST	Homepage_tx	bootstrap.min.css	1670494362921	1670494363225	OK	 
GROUP	Homepage_tx	1670494362533	1670494363225	690	OK
REQUEST	Homepage_tx	Homepage_request	1670494362823	1670494363246	OK	 
REQUEST	Homepage_tx	bootstrap-table.css	1670494363252	1670494363543	OK	 
REQUEST	Homepage_tx	bootstrap-table.js	1670494363250	1670494363544	OK	 
REQUEST	Homepage_tx	bootstrap.min.js	1670494363250	1670494363545	OK	 
REQUEST	Homepage_tx	bootstrap.min.css	1670494363251	1670494363565	OK	 
GROUP	Homepage_tx	1670494362822	1670494363565	739	OK
