RUN	mysimulations.Gatling19	gatling19	1670407481154	 	3.6.1
USER	BlazeHomePage	START	1670407482847
REQUEST	Homepage_tx	Homepage_request	1670407482868	1670407483453	OK	 
REQUEST	Homepage_tx	jquery.min.js	1670407483523	1670407483870	OK	 
REQUEST	Homepage_tx	bootstrap.min.js	1670407483524	1670407483947	OK	 
REQUEST	Homepage_tx	bootstrap-table.js	1670407483525	1670407484407	OK	 
REQUEST	Homepage_tx	bootstrap.min.css	1670407483526	1670407484438	OK	 
REQUEST	Homepage_tx	bootstrap-table.css	1670407483527	1670407485037	OK	 
GROUP	Homepage_tx	1670407482851	1670407485039	2106	OK
REQUEST	FindFlight_tx	FindFlightRequest	1670407490068	1670407490430	OK	 
REQUEST	FindFlight_tx	bootstrap.min.js	1670407490464	1670407490747	OK	 
REQUEST	FindFlight_tx	bootstrap-table.js	1670407490465	1670407490749	OK	 
REQUEST	FindFlight_tx	bootstrap-table.css	1670407490467	1670407490750	OK	 
REQUEST	FindFlight_tx	bootstrap.min.css	1670407490466	1670407490751	OK	 
GROUP	FindFlight_tx	1670407490056	1670407490751	649	OK
REQUEST	selectFlight_tx	SelectFlight_request	1670407495760	1670407496148	OK	 
REQUEST	selectFlight_tx	bootstrap-table.css	1670407496157	1670407496430	OK	 
REQUEST	selectFlight_tx	bootstrap.min.css	1670407496155	1670407496432	OK	 
REQUEST	selectFlight_tx	bootstrap.min.js	1670407496153	1670407496433	OK	 
REQUEST	selectFlight_tx	bootstrap-table.js	1670407496154	1670407496435	OK	 
GROUP	selectFlight_tx	1670407495757	1670407496435	670	OK
REQUEST	purchaseTicket_tx	purchaseTicket_request	1670407501451	1670407501908	OK	 
REQUEST	purchaseTicket_tx	bootstrap.min.js	1670407501963	1670407502229	OK	 
REQUEST	purchaseTicket_tx	bootstrap.min.css	1670407501967	1670407502230	OK	 
REQUEST	purchaseTicket_tx	bootstrap-table.css	1670407501969	1670407502232	OK	 
REQUEST	purchaseTicket_tx	bootstrap-table.js	1670407501965	1670407502242	OK	 
GROUP	purchaseTicket_tx	1670407501449	1670407502244	739	OK
REQUEST	Homepage_tx	Homepage_request	1670407502250	1670407502607	OK	 
REQUEST	Homepage_tx	bootstrap.min.js	1670407502613	1670407502867	OK	 
REQUEST	Homepage_tx	bootstrap-table.js	1670407502614	1670407502886	OK	 
REQUEST	Homepage_tx	bootstrap-table.css	1670407502616	1670407502887	OK	 
REQUEST	Homepage_tx	bootstrap.min.css	1670407502616	1670407502887	OK	 
GROUP	Homepage_tx	1670407502249	1670407502888	633	OK
REQUEST	FindFlight_tx	FindFlightRequest	1670407507903	1670407508376	OK	 
REQUEST	FindFlight_tx	bootstrap.min.js	1670407508386	1670407508650	OK	 
REQUEST	FindFlight_tx	bootstrap-table.js	1670407508387	1670407508665	OK	 
REQUEST	FindFlight_tx	bootstrap.min.css	1670407508389	1670407508666	OK	 
REQUEST	FindFlight_tx	bootstrap-table.css	1670407508392	1670407508688	OK	 
GROUP	FindFlight_tx	1670407507902	1670407508689	777	OK
REQUEST	selectFlight_tx	SelectFlight_request	1670407513704	1670407514107	OK	 
REQUEST	selectFlight_tx	bootstrap-table.js	1670407514112	1670407514380	OK	 
REQUEST	selectFlight_tx	bootstrap.min.js	1670407514111	1670407514382	OK	 
REQUEST	selectFlight_tx	bootstrap.min.css	1670407514113	1670407514384	OK	 
REQUEST	selectFlight_tx	bootstrap-table.css	1670407514114	1670407514385	OK	 
GROUP	selectFlight_tx	1670407513703	1670407514386	679	OK
REQUEST	purchaseTicket_tx	purchaseTicket_request	1670407519402	1670407519827	OK	 
REQUEST	purchaseTicket_tx	bootstrap.min.css	1670407519842	1670407520111	OK	 
REQUEST	purchaseTicket_tx	bootstrap-table.css	1670407519845	1670407520112	OK	 
REQUEST	purchaseTicket_tx	bootstrap-table.js	1670407519840	1670407520114	OK	 
REQUEST	purchaseTicket_tx	bootstrap.min.js	1670407519838	1670407520115	OK	 
GROUP	purchaseTicket_tx	1670407519399	1670407520115	704	OK
USER	BlazeHomePage	END	1670407520123
